[0.104s] Invoking command in '/home/lunabotics/2025-tibalt-bot/build/realsense2_camera': AMENT_PREFIX_PATH=/home/lunabotics/2025-tibalt-bot/install/realsense2_camera_msgs:${AMENT_PREFIX_PATH} CMAKE_PREFIX_PATH=/home/lunabotics/2025-tibalt-bot/install/realsense2_camera_msgs:/opt/ros/humble LD_LIBRARY_PATH=/home/lunabotics/2025-tibalt-bot/install/realsense2_camera_msgs/lib:${LD_LIBRARY_PATH} PYTHONPATH=/home/lunabotics/2025-tibalt-bot/install/realsense2_camera_msgs/local/lib/python3.10/dist-packages:${PYTHONPATH} /usr/bin/cmake --build /home/lunabotics/2025-tibalt-bot/build/realsense2_camera -- -j6 -l6
[0.507s] [35m[1mConsolidate compiler generated dependencies of target gtest_main[0m
[0.579s] [35m[1mConsolidate compiler generated dependencies of target realsense2_camera[0m
[0.589s] [  9%] Built target gtest
[0.591s] [ 18%] Built target gtest_main
[0.619s] [ 27%] Built target realsense2_camera_node
[0.710s] [ 36%] Built target gtest_template
[0.925s] [ 40%] [32m[1mLinking CXX shared library librealsense2_camera.so[0m
[3.790s] [100%] Built target realsense2_camera
[3.831s] Invoked command in '/home/lunabotics/2025-tibalt-bot/build/realsense2_camera' returned '0': AMENT_PREFIX_PATH=/home/lunabotics/2025-tibalt-bot/install/realsense2_camera_msgs:${AMENT_PREFIX_PATH} CMAKE_PREFIX_PATH=/home/lunabotics/2025-tibalt-bot/install/realsense2_camera_msgs:/opt/ros/humble LD_LIBRARY_PATH=/home/lunabotics/2025-tibalt-bot/install/realsense2_camera_msgs/lib:${LD_LIBRARY_PATH} PYTHONPATH=/home/lunabotics/2025-tibalt-bot/install/realsense2_camera_msgs/local/lib/python3.10/dist-packages:${PYTHONPATH} /usr/bin/cmake --build /home/lunabotics/2025-tibalt-bot/build/realsense2_camera -- -j6 -l6
[3.837s] Invoking command in '/home/lunabotics/2025-tibalt-bot/build/realsense2_camera': AMENT_PREFIX_PATH=/home/lunabotics/2025-tibalt-bot/install/realsense2_camera_msgs:${AMENT_PREFIX_PATH} CMAKE_PREFIX_PATH=/home/lunabotics/2025-tibalt-bot/install/realsense2_camera_msgs:/opt/ros/humble LD_LIBRARY_PATH=/home/lunabotics/2025-tibalt-bot/install/realsense2_camera_msgs/lib:${LD_LIBRARY_PATH} PYTHONPATH=/home/lunabotics/2025-tibalt-bot/install/realsense2_camera_msgs/local/lib/python3.10/dist-packages:${PYTHONPATH} /usr/bin/cmake --install /home/lunabotics/2025-tibalt-bot/build/realsense2_camera
[3.859s] -- Install configuration: "Release"
[3.859s] -- Up-to-date: /home/lunabotics/2025-tibalt-bot/install/realsense2_camera/lib/realsense2_camera/realsense2_camera_node
[3.860s] -- Installing: /home/lunabotics/2025-tibalt-bot/install/realsense2_camera/lib/librealsense2_camera.so
[3.883s] -- Set runtime path of "/home/lunabotics/2025-tibalt-bot/install/realsense2_camera/lib/librealsense2_camera.so" to ""
[3.884s] -- Up-to-date: /home/lunabotics/2025-tibalt-bot/install/realsense2_camera/include
[3.884s] -- Up-to-date: /home/lunabotics/2025-tibalt-bot/install/realsense2_camera/include/ros_param_backend.h
[3.884s] -- Up-to-date: /home/lunabotics/2025-tibalt-bot/install/realsense2_camera/include/realsense_node_factory.h
[3.884s] -- Up-to-date: /home/lunabotics/2025-tibalt-bot/install/realsense2_camera/include/constants.h
[3.884s] -- Up-to-date: /home/lunabotics/2025-tibalt-bot/install/realsense2_camera/include/named_filter.h
[3.884s] -- Up-to-date: /home/lunabotics/2025-tibalt-bot/install/realsense2_camera/include/ros_sensor.h
[3.885s] -- Up-to-date: /home/lunabotics/2025-tibalt-bot/install/realsense2_camera/include/dynamic_params.h
[3.885s] -- Up-to-date: /home/lunabotics/2025-tibalt-bot/install/realsense2_camera/include/base_realsense_node.h
[3.885s] -- Up-to-date: /home/lunabotics/2025-tibalt-bot/install/realsense2_camera/include/image_publisher.h
[3.885s] -- Up-to-date: /home/lunabotics/2025-tibalt-bot/install/realsense2_camera/include/gl_window.h
[3.885s] -- Up-to-date: /home/lunabotics/2025-tibalt-bot/install/realsense2_camera/include/sensor_params.h
[3.885s] -- Up-to-date: /home/lunabotics/2025-tibalt-bot/install/realsense2_camera/include/ros_utils.h
[3.885s] -- Up-to-date: /home/lunabotics/2025-tibalt-bot/install/realsense2_camera/include/profile_manager.h
[3.886s] -- Up-to-date: /home/lunabotics/2025-tibalt-bot/install/realsense2_camera/share/realsense2_camera/launch
[3.886s] -- Up-to-date: /home/lunabotics/2025-tibalt-bot/install/realsense2_camera/share/realsense2_camera/launch/rs_multi_camera_launch.py
[3.886s] -- Up-to-date: /home/lunabotics/2025-tibalt-bot/install/realsense2_camera/share/realsense2_camera/launch/rs_intra_process_demo_launch.py
[3.886s] -- Up-to-date: /home/lunabotics/2025-tibalt-bot/install/realsense2_camera/share/realsense2_camera/launch/rs_launch.py
[3.886s] -- Up-to-date: /home/lunabotics/2025-tibalt-bot/install/realsense2_camera/share/realsense2_camera/launch/default.rviz
[3.886s] -- Up-to-date: /home/lunabotics/2025-tibalt-bot/install/realsense2_camera/share/realsense2_camera/examples
[3.887s] -- Up-to-date: /home/lunabotics/2025-tibalt-bot/install/realsense2_camera/share/realsense2_camera/examples/align_depth
[3.887s] -- Up-to-date: /home/lunabotics/2025-tibalt-bot/install/realsense2_camera/share/realsense2_camera/examples/align_depth/README.md
[3.887s] -- Up-to-date: /home/lunabotics/2025-tibalt-bot/install/realsense2_camera/share/realsense2_camera/examples/align_depth/rs_align_depth_launch.py
[3.887s] -- Up-to-date: /home/lunabotics/2025-tibalt-bot/install/realsense2_camera/share/realsense2_camera/examples/launch_from_rosbag
[3.887s] -- Up-to-date: /home/lunabotics/2025-tibalt-bot/install/realsense2_camera/share/realsense2_camera/examples/launch_from_rosbag/README.md
[3.887s] -- Up-to-date: /home/lunabotics/2025-tibalt-bot/install/realsense2_camera/share/realsense2_camera/examples/launch_from_rosbag/rs_launch_from_rosbag.py
[3.888s] -- Up-to-date: /home/lunabotics/2025-tibalt-bot/install/realsense2_camera/share/realsense2_camera/examples/launch_params_from_file
[3.888s] -- Up-to-date: /home/lunabotics/2025-tibalt-bot/install/realsense2_camera/share/realsense2_camera/examples/launch_params_from_file/rs_launch_get_params_from_yaml.py
[3.888s] -- Up-to-date: /home/lunabotics/2025-tibalt-bot/install/realsense2_camera/share/realsense2_camera/examples/launch_params_from_file/README.md
[3.888s] -- Up-to-date: /home/lunabotics/2025-tibalt-bot/install/realsense2_camera/share/realsense2_camera/examples/launch_params_from_file/config
[3.888s] -- Up-to-date: /home/lunabotics/2025-tibalt-bot/install/realsense2_camera/share/realsense2_camera/examples/launch_params_from_file/config/config.yaml
[3.888s] -- Up-to-date: /home/lunabotics/2025-tibalt-bot/install/realsense2_camera/share/realsense2_camera/examples/pointcloud
[3.889s] -- Up-to-date: /home/lunabotics/2025-tibalt-bot/install/realsense2_camera/share/realsense2_camera/examples/pointcloud/rviz
[3.889s] -- Up-to-date: /home/lunabotics/2025-tibalt-bot/install/realsense2_camera/share/realsense2_camera/examples/pointcloud/rviz/urdf_pointcloud.rviz
[3.889s] -- Up-to-date: /home/lunabotics/2025-tibalt-bot/install/realsense2_camera/share/realsense2_camera/examples/pointcloud/rviz/pointcloud.rviz
[3.889s] -- Up-to-date: /home/lunabotics/2025-tibalt-bot/install/realsense2_camera/share/realsense2_camera/examples/pointcloud/rs_d405_pointcloud_launch.py
[3.889s] -- Up-to-date: /home/lunabotics/2025-tibalt-bot/install/realsense2_camera/share/realsense2_camera/examples/pointcloud/README.md
[3.889s] -- Up-to-date: /home/lunabotics/2025-tibalt-bot/install/realsense2_camera/share/realsense2_camera/examples/pointcloud/rs_pointcloud_launch.py
[3.889s] -- Up-to-date: /home/lunabotics/2025-tibalt-bot/install/realsense2_camera/share/realsense2_camera/examples/pointcloud/rs_d455_pointcloud_launch.py
[3.890s] -- Up-to-date: /home/lunabotics/2025-tibalt-bot/install/realsense2_camera/share/realsense2_camera/examples/dual_camera
[3.890s] -- Up-to-date: /home/lunabotics/2025-tibalt-bot/install/realsense2_camera/share/realsense2_camera/examples/dual_camera/rviz
[3.890s] -- Up-to-date: /home/lunabotics/2025-tibalt-bot/install/realsense2_camera/share/realsense2_camera/examples/dual_camera/rviz/dual_camera_pointcloud.rviz
[3.890s] -- Up-to-date: /home/lunabotics/2025-tibalt-bot/install/realsense2_camera/share/realsense2_camera/examples/dual_camera/README.md
[3.890s] -- Up-to-date: /home/lunabotics/2025-tibalt-bot/install/realsense2_camera/share/realsense2_camera/examples/dual_camera/rs_dual_camera_launch.py
[3.890s] -- Up-to-date: /home/lunabotics/2025-tibalt-bot/install/realsense2_camera/share/realsense2_camera/environment/library_path.sh
[3.892s] -- Up-to-date: /home/lunabotics/2025-tibalt-bot/install/realsense2_camera/share/realsense2_camera/environment/library_path.dsv
[3.893s] -- Up-to-date: /home/lunabotics/2025-tibalt-bot/install/realsense2_camera/share/ament_index/resource_index/package_run_dependencies/realsense2_camera
[3.894s] -- Up-to-date: /home/lunabotics/2025-tibalt-bot/install/realsense2_camera/share/ament_index/resource_index/parent_prefix_path/realsense2_camera
[3.895s] -- Up-to-date: /home/lunabotics/2025-tibalt-bot/install/realsense2_camera/share/realsense2_camera/environment/ament_prefix_path.sh
[3.895s] -- Up-to-date: /home/lunabotics/2025-tibalt-bot/install/realsense2_camera/share/realsense2_camera/environment/ament_prefix_path.dsv
[3.895s] -- Up-to-date: /home/lunabotics/2025-tibalt-bot/install/realsense2_camera/share/realsense2_camera/environment/path.sh
[3.895s] -- Up-to-date: /home/lunabotics/2025-tibalt-bot/install/realsense2_camera/share/realsense2_camera/environment/path.dsv
[3.895s] -- Up-to-date: /home/lunabotics/2025-tibalt-bot/install/realsense2_camera/share/realsense2_camera/local_setup.bash
[3.896s] -- Up-to-date: /home/lunabotics/2025-tibalt-bot/install/realsense2_camera/share/realsense2_camera/local_setup.sh
[3.897s] -- Up-to-date: /home/lunabotics/2025-tibalt-bot/install/realsense2_camera/share/realsense2_camera/local_setup.zsh
[3.897s] -- Up-to-date: /home/lunabotics/2025-tibalt-bot/install/realsense2_camera/share/realsense2_camera/local_setup.dsv
[3.897s] -- Installing: /home/lunabotics/2025-tibalt-bot/install/realsense2_camera/share/realsense2_camera/package.dsv
[3.898s] -- Up-to-date: /home/lunabotics/2025-tibalt-bot/install/realsense2_camera/share/ament_index/resource_index/packages/realsense2_camera
[3.898s] -- Up-to-date: /home/lunabotics/2025-tibalt-bot/install/realsense2_camera/share/ament_index/resource_index/rclcpp_components/realsense2_camera
[3.898s] -- Up-to-date: /home/lunabotics/2025-tibalt-bot/install/realsense2_camera/share/realsense2_camera/cmake/ament_cmake_export_include_directories-extras.cmake
[3.898s] -- Up-to-date: /home/lunabotics/2025-tibalt-bot/install/realsense2_camera/share/realsense2_camera/cmake/ament_cmake_export_libraries-extras.cmake
[3.898s] -- Up-to-date: /home/lunabotics/2025-tibalt-bot/install/realsense2_camera/share/realsense2_camera/cmake/ament_cmake_export_dependencies-extras.cmake
[3.898s] -- Up-to-date: /home/lunabotics/2025-tibalt-bot/install/realsense2_camera/share/realsense2_camera/cmake/realsense2_cameraConfig.cmake
[3.899s] -- Up-to-date: /home/lunabotics/2025-tibalt-bot/install/realsense2_camera/share/realsense2_camera/cmake/realsense2_cameraConfig-version.cmake
[3.899s] -- Up-to-date: /home/lunabotics/2025-tibalt-bot/install/realsense2_camera/share/realsense2_camera/package.xml
[3.906s] Invoked command in '/home/lunabotics/2025-tibalt-bot/build/realsense2_camera' returned '0': AMENT_PREFIX_PATH=/home/lunabotics/2025-tibalt-bot/install/realsense2_camera_msgs:${AMENT_PREFIX_PATH} CMAKE_PREFIX_PATH=/home/lunabotics/2025-tibalt-bot/install/realsense2_camera_msgs:/opt/ros/humble LD_LIBRARY_PATH=/home/lunabotics/2025-tibalt-bot/install/realsense2_camera_msgs/lib:${LD_LIBRARY_PATH} PYTHONPATH=/home/lunabotics/2025-tibalt-bot/install/realsense2_camera_msgs/local/lib/python3.10/dist-packages:${PYTHONPATH} /usr/bin/cmake --install /home/lunabotics/2025-tibalt-bot/build/realsense2_camera
