[35m[1mConsolidate compiler generated dependencies of target realsense2_camera_msgs__rosidl_generator_c[0m
[  1%] Built target realsense2_camera_msgs__cpp
[  1%] Built target ament_cmake_python_copy_realsense2_camera_msgs
[35m[1mConsolidate compiler generated dependencies of target realsense2_camera_msgs__rosidl_typesupport_introspection_cpp[0m
[ 12%] Built target realsense2_camera_msgs__rosidl_generator_c
[ 23%] Built target realsense2_camera_msgs__rosidl_typesupport_cpp
[ 34%] Built target realsense2_camera_msgs__rosidl_typesupport_fastrtps_cpp
[35m[1mConsolidate compiler generated dependencies of target realsense2_camera_msgs__rosidl_typesupport_fastrtps_c[0m
[ 46%] Built target realsense2_camera_msgs__rosidl_typesupport_introspection_cpp
[35m[1mConsolidate compiler generated dependencies of target realsense2_camera_msgs__rosidl_typesupport_c[0m
[ 57%] Built target realsense2_camera_msgs__rosidl_typesupport_introspection_c
[ 68%] Built target realsense2_camera_msgs__rosidl_typesupport_c
[ 79%] Built target realsense2_camera_msgs__rosidl_typesupport_fastrtps_c
[ 79%] Built target realsense2_camera_msgs
[ 80%] Built target realsense2_camera_msgs__py
[35m[1mConsolidate compiler generated dependencies of target realsense2_camera_msgs__rosidl_generator_py[0m
running egg_info
[ 90%] Built target realsense2_camera_msgs__rosidl_generator_py
writing realsense2_camera_msgs.egg-info/PKG-INFO
writing dependency_links to realsense2_camera_msgs.egg-info/dependency_links.txt
writing top-level names to realsense2_camera_msgs.egg-info/top_level.txt
reading manifest file 'realsense2_camera_msgs.egg-info/SOURCES.txt'
writing manifest file 'realsense2_camera_msgs.egg-info/SOURCES.txt'
[35m[1mConsolidate compiler generated dependencies of target realsense2_camera_msgs__rosidl_typesupport_fastrtps_c__pyext[0m
[ 90%] Built target ament_cmake_python_build_realsense2_camera_msgs_egg
[ 93%] Built target realsense2_camera_msgs__rosidl_typesupport_introspection_c__pyext
[ 96%] Built target realsense2_camera_msgs__rosidl_typesupport_c__pyext
[100%] Built target realsense2_camera_msgs__rosidl_typesupport_fastrtps_c__pyext
