[1.423s] Invoking command in '/home/lunabotics/2025-tibalt-bot/src/rover_control': PYTHONPATH=/home/lunabotics/2025-tibalt-bot/build/rover_control/prefix_override:/usr/lib/python3/dist-packages/colcon_core/task/python/colcon_distutils_commands:/home/lunabotics/2025-tibalt-bot/install/rover_control/lib/python3.10/site-packages:${PYTHONPATH} /usr/bin/python3 -W ignore:setup.py install is deprecated -W ignore:easy_install command is deprecated setup.py egg_info --egg-base ../../build/rover_control build --build-base /home/lunabotics/2025-tibalt-bot/build/rover_control/build install --record /home/lunabotics/2025-tibalt-bot/build/rover_control/install.log --single-version-externally-managed install_data
[1.873s] running egg_info
[1.874s] writing ../../build/rover_control/rover_control.egg-info/PKG-INFO
[1.875s] writing dependency_links to ../../build/rover_control/rover_control.egg-info/dependency_links.txt
[1.876s] writing entry points to ../../build/rover_control/rover_control.egg-info/entry_points.txt
[1.876s] writing requirements to ../../build/rover_control/rover_control.egg-info/requires.txt
[1.876s] writing top-level names to ../../build/rover_control/rover_control.egg-info/top_level.txt
[1.881s] reading manifest file '../../build/rover_control/rover_control.egg-info/SOURCES.txt'
[1.882s] writing manifest file '../../build/rover_control/rover_control.egg-info/SOURCES.txt'
[1.883s] running build
[1.883s] running build_py
[1.883s] copying mainControlCode/tibalt_control.py -> /home/lunabotics/2025-tibalt-bot/build/rover_control/build/lib/mainControlCode
[1.884s] running install
[1.885s] running install_lib
[1.887s] copying /home/lunabotics/2025-tibalt-bot/build/rover_control/build/lib/mainControlCode/tibalt_control.py -> /home/lunabotics/2025-tibalt-bot/install/rover_control/lib/python3.10/site-packages/mainControlCode
[1.889s] byte-compiling /home/lunabotics/2025-tibalt-bot/install/rover_control/lib/python3.10/site-packages/mainControlCode/tibalt_control.py to tibalt_control.cpython-310.pyc
[1.892s] running install_data
[1.892s] running install_egg_info
[1.896s] removing '/home/lunabotics/2025-tibalt-bot/install/rover_control/lib/python3.10/site-packages/rover_control-0.0.0-py3.10.egg-info' (and everything under it)
[1.897s] Copying ../../build/rover_control/rover_control.egg-info to /home/lunabotics/2025-tibalt-bot/install/rover_control/lib/python3.10/site-packages/rover_control-0.0.0-py3.10.egg-info
[1.899s] running install_scripts
[1.953s] Installing joystick_pipeline script to /home/lunabotics/2025-tibalt-bot/install/rover_control/lib/rover_control
[1.953s] Installing tibalt_control script to /home/lunabotics/2025-tibalt-bot/install/rover_control/lib/rover_control
[1.954s] writing list of installed files to '/home/lunabotics/2025-tibalt-bot/build/rover_control/install.log'
[2.062s] Invoked command in '/home/lunabotics/2025-tibalt-bot/src/rover_control' returned '0': PYTHONPATH=/home/lunabotics/2025-tibalt-bot/build/rover_control/prefix_override:/usr/lib/python3/dist-packages/colcon_core/task/python/colcon_distutils_commands:/home/lunabotics/2025-tibalt-bot/install/rover_control/lib/python3.10/site-packages:${PYTHONPATH} /usr/bin/python3 -W ignore:setup.py install is deprecated -W ignore:easy_install command is deprecated setup.py egg_info --egg-base ../../build/rover_control build --build-base /home/lunabotics/2025-tibalt-bot/build/rover_control/build install --record /home/lunabotics/2025-tibalt-bot/build/rover_control/install.log --single-version-externally-managed install_data
