gmake: Warning: File 'Makefile' has modification time 341 s in the future
gmake[2]: Warning: File 'CMakeFiles/realsense2_camera_node.dir/flags.make' has modification time 320 s in the future
gmake[2]: Warning: File 'CMakeFiles/realsense2_camera.dir/flags.make' has modification time 320 s in the future
gmake[2]: Warning: File 'gtest/CMakeFiles/gtest.dir/flags.make' has modification time 320 s in the future
gmake[2]: Warning: File 'gtest/CMakeFiles/gtest_main.dir/flags.make' has modification time 320 s in the future
gmake[2]: warning:  Clock skew detected.  Your build may be incomplete.
gmake[2]: warning:  Clock skew detected.  Your build may be incomplete.
gmake[2]: Warning: File 'gtest/CMakeFiles/gtest_main.dir/flags.make' has modification time 320 s in the future
gmake[2]: warning:  Clock skew detected.  Your build may be incomplete.
gmake[2]: Warning: File 'gtest/CMakeFiles/gtest.dir/flags.make' has modification time 320 s in the future
gmake[2]: warning:  Clock skew detected.  Your build may be incomplete.
gmake[2]: Warning: File 'CMakeFiles/realsense2_camera_node.dir/flags.make' has modification time 320 s in the future
gmake[2]: warning:  Clock skew detected.  Your build may be incomplete.
gmake[2]: Warning: File 'CMakeFiles/gtest_template.dir/flags.make' has modification time 320 s in the future
gmake[2]: warning:  Clock skew detected.  Your build may be incomplete.
gmake[2]: Warning: File 'CMakeFiles/gtest_template.dir/flags.make' has modification time 320 s in the future
gmake[2]: warning:  Clock skew detected.  Your build may be incomplete.
gmake[2]: Warning: File 'CMakeFiles/realsense2_camera.dir/flags.make' has modification time 320 s in the future
gmake[2]: warning:  Clock skew detected.  Your build may be incomplete.
gmake[2]: warning:  Clock skew detected.  Your build may be incomplete.
gmake[2]: warning:  Clock skew detected.  Your build may be incomplete.
gmake: warning:  Clock skew detected.  Your build may be incomplete.
