[0.040s] Invoking command in '/home/lunabotics/2025-tibalt-bot/build/realsense2_camera': AMENT_PREFIX_PATH=/home/lunabotics/2025-tibalt-bot/install/realsense2_camera_msgs:${AMENT_PREFIX_PATH} CMAKE_PREFIX_PATH=/home/lunabotics/2025-tibalt-bot/install/realsense2_camera_msgs:/opt/ros/humble LD_LIBRARY_PATH=/home/lunabotics/2025-tibalt-bot/install/realsense2_camera_msgs/lib:${LD_LIBRARY_PATH} PYTHONPATH=/home/lunabotics/2025-tibalt-bot/install/realsense2_camera_msgs/local/lib/python3.10/dist-packages:${PYTHONPATH} /usr/bin/cmake --build /home/lunabotics/2025-tibalt-bot/build/realsense2_camera -- -j6 -l6
[0.068s] gmake: Warning: File 'Makefile' has modification time 341 s in the future
[0.176s] -- Create Release Build.
[0.177s] -- Found ament_cmake: 1.3.11 (/opt/ros/humble/share/ament_cmake/cmake)
[0.563s] -- Found builtin_interfaces: 1.2.1 (/opt/ros/humble/share/builtin_interfaces/cmake)
[0.621s] -- Found rosidl_generator_c: 3.1.6 (/opt/ros/humble/share/rosidl_generator_c/cmake)
[0.626s] -- Found rosidl_adapter: 3.1.6 (/opt/ros/humble/share/rosidl_adapter/cmake)
[0.641s] -- Found rosidl_generator_cpp: 3.1.6 (/opt/ros/humble/share/rosidl_generator_cpp/cmake)
[0.665s] -- Using all available rosidl_typesupport_c: rosidl_typesupport_fastrtps_c;rosidl_typesupport_introspection_c
[0.699s] -- Using all available rosidl_typesupport_cpp: rosidl_typesupport_fastrtps_cpp;rosidl_typesupport_introspection_cpp
[0.727s] -- Found cv_bridge: 3.2.1 (/opt/ros/humble/share/cv_bridge/cmake)
[0.860s] -- Found image_transport: 3.1.11 (/opt/ros/humble/share/image_transport/cmake)
[1.005s] -- Found rmw_implementation_cmake: 6.1.2 (/opt/ros/humble/share/rmw_implementation_cmake/cmake)
[1.012s] -- Found rmw_fastrtps_cpp: 6.2.7 (/opt/ros/humble/share/rmw_fastrtps_cpp/cmake)
[1.293s] -- Using RMW implementation 'rmw_fastrtps_cpp' as default
[1.480s] -- Found rclcpp_components: 16.0.12 (/opt/ros/humble/share/rclcpp_components/cmake)
[1.544s] -- Found realsense2_camera_msgs: 4.55.1 (/home/lunabotics/2025-tibalt-bot/install/realsense2_camera_msgs/share/realsense2_camera_msgs/cmake)
[1.595s] -- Found nav_msgs: 4.8.0 (/opt/ros/humble/share/nav_msgs/cmake)
[1.647s] -- Found tf2_ros: 0.25.12 (/opt/ros/humble/share/tf2_ros/cmake)
[1.866s] -- Found diagnostic_updater: 4.0.3 (/opt/ros/humble/share/diagnostic_updater/cmake)
[1.925s] -- Build for ROS2 Humble
[1.939s] -- Found ament_cmake_gtest: 1.3.11 (/opt/ros/humble/share/ament_cmake_gtest/cmake)
[1.940s] -- Found gtest sources under '/opt/ros/humble/src/gtest_vendor': C++ tests using 'Google Test' will be built
[1.958s] -- Found ament_cmake_pytest: 1.3.11 (/opt/ros/humble/share/ament_cmake_pytest/cmake)
[11.770s] -- rs_device_info:
[11.770s] -- Device Name                   Serial Number       Firmware Version    
[11.770s] Intel RealSense D435I         033322071026        05.16.00.01         
[11.771s] 
[11.771s] -- D455 device found
[20.216s] -- Configuring done
[20.365s] -- Generating done
[20.404s] -- Build files have been written to: /home/lunabotics/2025-tibalt-bot/build/realsense2_camera
[20.501s] gmake[2]: Warning: File 'CMakeFiles/realsense2_camera_node.dir/flags.make' has modification time 320 s in the future
[20.502s] gmake[2]: Warning: File 'CMakeFiles/realsense2_camera.dir/flags.make' has modification time 320 s in the future
[20.504s] gmake[2]: Warning: File 'gtest/CMakeFiles/gtest.dir/flags.make' has modification time 320 s in the future
[20.506s] gmake[2]: Warning: File 'gtest/CMakeFiles/gtest_main.dir/flags.make' has modification time 320 s in the future
[20.530s] [35m[1mConsolidate compiler generated dependencies of target gtest_main[0m
[20.531s] [35m[1mConsolidate compiler generated dependencies of target gtest[0m
[20.535s] [35m[1mConsolidate compiler generated dependencies of target realsense2_camera_node[0m
[20.537s] gmake[2]: warning:  Clock skew detected.  Your build may be incomplete.
[20.540s] gmake[2]: warning:  Clock skew detected.  Your build may be incomplete.
[20.547s] gmake[2]: Warning: File 'gtest/CMakeFiles/gtest_main.dir/flags.make' has modification time 320 s in the future
[20.548s] gmake[2]: warning:  Clock skew detected.  Your build may be incomplete.
[20.549s] gmake[2]: Warning: File 'gtest/CMakeFiles/gtest.dir/flags.make' has modification time 320 s in the future
[20.555s] gmake[2]: warning:  Clock skew detected.  Your build may be incomplete.
[20.558s] gmake[2]: Warning: File 'CMakeFiles/realsense2_camera_node.dir/flags.make' has modification time 320 s in the future
[20.561s] gmake[2]: warning:  Clock skew detected.  Your build may be incomplete.
[20.594s] [  9%] Built target gtest_main
[20.595s] [ 18%] Built target gtest
[20.596s] [35m[1mConsolidate compiler generated dependencies of target realsense2_camera[0m
[20.605s] gmake[2]: Warning: File 'CMakeFiles/gtest_template.dir/flags.make' has modification time 320 s in the future
[20.641s] [35m[1mConsolidate compiler generated dependencies of target gtest_template[0m
[20.651s] gmake[2]: warning:  Clock skew detected.  Your build may be incomplete.
[20.651s] [ 22%] [32mBuilding CXX object CMakeFiles/realsense2_camera_node.dir/rclcpp_components/node_main_realsense2_camera_node.cpp.o[0m
[20.656s] gmake[2]: Warning: File 'CMakeFiles/gtest_template.dir/flags.make' has modification time 320 s in the future
[20.681s] [ 27%] [32mBuilding CXX object CMakeFiles/gtest_template.dir/test/gtest_template.cpp.o[0m
[20.702s] gmake[2]: warning:  Clock skew detected.  Your build may be incomplete.
[20.730s] gmake[2]: Warning: File 'CMakeFiles/realsense2_camera.dir/flags.make' has modification time 320 s in the future
[20.827s] [ 31%] [32mBuilding CXX object CMakeFiles/realsense2_camera.dir/src/realsense_node_factory.cpp.o[0m
[20.850s] [ 36%] [32mBuilding CXX object CMakeFiles/realsense2_camera.dir/src/base_realsense_node.cpp.o[0m
[20.877s] [ 40%] [32mBuilding CXX object CMakeFiles/realsense2_camera.dir/src/rs_node_setup.cpp.o[0m
[20.900s] [ 45%] [32mBuilding CXX object CMakeFiles/realsense2_camera.dir/src/parameters.cpp.o[0m
[25.077s] gmake[2]: warning:  Clock skew detected.  Your build may be incomplete.
[25.172s] [ 50%] Built target gtest_template
[25.233s] [ 54%] [32mBuilding CXX object CMakeFiles/realsense2_camera.dir/src/ros_sensor.cpp.o[0m
[35.580s] gmake[2]: warning:  Clock skew detected.  Your build may be incomplete.
[35.608s] [ 59%] Built target realsense2_camera_node
[35.655s] [ 63%] [32mBuilding CXX object CMakeFiles/realsense2_camera.dir/src/ros_utils.cpp.o[0m
[46.133s] [ 68%] [32mBuilding CXX object CMakeFiles/realsense2_camera.dir/src/dynamic_params.cpp.o[0m
[47.055s] [ 72%] [32mBuilding CXX object CMakeFiles/realsense2_camera.dir/src/sensor_params.cpp.o[0m
[61.886s] [ 77%] [32mBuilding CXX object CMakeFiles/realsense2_camera.dir/src/profile_manager.cpp.o[0m
[62.974s] [ 81%] [32mBuilding CXX object CMakeFiles/realsense2_camera.dir/src/named_filter.cpp.o[0m
[64.459s] [ 86%] [32mBuilding CXX object CMakeFiles/realsense2_camera.dir/src/image_publisher.cpp.o[0m
[66.869s] [ 90%] [32mBuilding CXX object CMakeFiles/realsense2_camera.dir/src/tfs.cpp.o[0m
[68.443s] [ 95%] [32mBuilding CXX object CMakeFiles/realsense2_camera.dir/src/ros_param_backend.cpp.o[0m
[101.166s] gmake[2]: warning:  Clock skew detected.  Your build may be incomplete.
[101.192s] [100%] Built target realsense2_camera
[101.219s] gmake: warning:  Clock skew detected.  Your build may be incomplete.
[101.226s] Invoked command in '/home/lunabotics/2025-tibalt-bot/build/realsense2_camera' returned '0': AMENT_PREFIX_PATH=/home/lunabotics/2025-tibalt-bot/install/realsense2_camera_msgs:${AMENT_PREFIX_PATH} CMAKE_PREFIX_PATH=/home/lunabotics/2025-tibalt-bot/install/realsense2_camera_msgs:/opt/ros/humble LD_LIBRARY_PATH=/home/lunabotics/2025-tibalt-bot/install/realsense2_camera_msgs/lib:${LD_LIBRARY_PATH} PYTHONPATH=/home/lunabotics/2025-tibalt-bot/install/realsense2_camera_msgs/local/lib/python3.10/dist-packages:${PYTHONPATH} /usr/bin/cmake --build /home/lunabotics/2025-tibalt-bot/build/realsense2_camera -- -j6 -l6
[101.232s] Invoking command in '/home/lunabotics/2025-tibalt-bot/build/realsense2_camera': AMENT_PREFIX_PATH=/home/lunabotics/2025-tibalt-bot/install/realsense2_camera_msgs:${AMENT_PREFIX_PATH} CMAKE_PREFIX_PATH=/home/lunabotics/2025-tibalt-bot/install/realsense2_camera_msgs:/opt/ros/humble LD_LIBRARY_PATH=/home/lunabotics/2025-tibalt-bot/install/realsense2_camera_msgs/lib:${LD_LIBRARY_PATH} PYTHONPATH=/home/lunabotics/2025-tibalt-bot/install/realsense2_camera_msgs/local/lib/python3.10/dist-packages:${PYTHONPATH} /usr/bin/cmake --install /home/lunabotics/2025-tibalt-bot/build/realsense2_camera
[101.255s] -- Install configuration: "Release"
[101.273s] -- Up-to-date: /home/lunabotics/2025-tibalt-bot/install/realsense2_camera/lib/realsense2_camera/realsense2_camera_node
[101.276s] -- Up-to-date: /home/lunabotics/2025-tibalt-bot/install/realsense2_camera/lib/librealsense2_camera.so
[101.277s] -- Up-to-date: /home/lunabotics/2025-tibalt-bot/install/realsense2_camera/include
[101.277s] -- Up-to-date: /home/lunabotics/2025-tibalt-bot/install/realsense2_camera/include/ros_param_backend.h
[101.277s] -- Up-to-date: /home/lunabotics/2025-tibalt-bot/install/realsense2_camera/include/realsense_node_factory.h
[101.278s] -- Up-to-date: /home/lunabotics/2025-tibalt-bot/install/realsense2_camera/include/constants.h
[101.278s] -- Up-to-date: /home/lunabotics/2025-tibalt-bot/install/realsense2_camera/include/named_filter.h
[101.278s] -- Up-to-date: /home/lunabotics/2025-tibalt-bot/install/realsense2_camera/include/ros_sensor.h
[101.279s] -- Up-to-date: /home/lunabotics/2025-tibalt-bot/install/realsense2_camera/include/dynamic_params.h
[101.280s] -- Up-to-date: /home/lunabotics/2025-tibalt-bot/install/realsense2_camera/include/base_realsense_node.h
[101.280s] -- Up-to-date: /home/lunabotics/2025-tibalt-bot/install/realsense2_camera/include/image_publisher.h
[101.281s] -- Up-to-date: /home/lunabotics/2025-tibalt-bot/install/realsense2_camera/include/gl_window.h
[101.281s] -- Up-to-date: /home/lunabotics/2025-tibalt-bot/install/realsense2_camera/include/sensor_params.h
[101.281s] -- Up-to-date: /home/lunabotics/2025-tibalt-bot/install/realsense2_camera/include/ros_utils.h
[101.282s] -- Up-to-date: /home/lunabotics/2025-tibalt-bot/install/realsense2_camera/include/profile_manager.h
[101.282s] -- Up-to-date: /home/lunabotics/2025-tibalt-bot/install/realsense2_camera/share/realsense2_camera/launch
[101.282s] -- Up-to-date: /home/lunabotics/2025-tibalt-bot/install/realsense2_camera/share/realsense2_camera/launch/rs_multi_camera_launch.py
[101.283s] -- Up-to-date: /home/lunabotics/2025-tibalt-bot/install/realsense2_camera/share/realsense2_camera/launch/rs_intra_process_demo_launch.py
[101.283s] -- Up-to-date: /home/lunabotics/2025-tibalt-bot/install/realsense2_camera/share/realsense2_camera/launch/rs_launch.py
[101.283s] -- Up-to-date: /home/lunabotics/2025-tibalt-bot/install/realsense2_camera/share/realsense2_camera/launch/default.rviz
[101.283s] -- Up-to-date: /home/lunabotics/2025-tibalt-bot/install/realsense2_camera/share/realsense2_camera/examples
[101.284s] -- Up-to-date: /home/lunabotics/2025-tibalt-bot/install/realsense2_camera/share/realsense2_camera/examples/align_depth
[101.284s] -- Up-to-date: /home/lunabotics/2025-tibalt-bot/install/realsense2_camera/share/realsense2_camera/examples/align_depth/README.md
[101.284s] -- Up-to-date: /home/lunabotics/2025-tibalt-bot/install/realsense2_camera/share/realsense2_camera/examples/align_depth/rs_align_depth_launch.py
[101.284s] -- Up-to-date: /home/lunabotics/2025-tibalt-bot/install/realsense2_camera/share/realsense2_camera/examples/launch_from_rosbag
[101.284s] -- Up-to-date: /home/lunabotics/2025-tibalt-bot/install/realsense2_camera/share/realsense2_camera/examples/launch_from_rosbag/README.md
[101.285s] -- Up-to-date: /home/lunabotics/2025-tibalt-bot/install/realsense2_camera/share/realsense2_camera/examples/launch_from_rosbag/rs_launch_from_rosbag.py
[101.285s] -- Up-to-date: /home/lunabotics/2025-tibalt-bot/install/realsense2_camera/share/realsense2_camera/examples/launch_params_from_file
[101.285s] -- Up-to-date: /home/lunabotics/2025-tibalt-bot/install/realsense2_camera/share/realsense2_camera/examples/launch_params_from_file/rs_launch_get_params_from_yaml.py
[101.285s] -- Up-to-date: /home/lunabotics/2025-tibalt-bot/install/realsense2_camera/share/realsense2_camera/examples/launch_params_from_file/README.md
[101.285s] -- Up-to-date: /home/lunabotics/2025-tibalt-bot/install/realsense2_camera/share/realsense2_camera/examples/launch_params_from_file/config
[101.286s] -- Up-to-date: /home/lunabotics/2025-tibalt-bot/install/realsense2_camera/share/realsense2_camera/examples/launch_params_from_file/config/config.yaml
[101.286s] -- Up-to-date: /home/lunabotics/2025-tibalt-bot/install/realsense2_camera/share/realsense2_camera/examples/pointcloud
[101.286s] -- Up-to-date: /home/lunabotics/2025-tibalt-bot/install/realsense2_camera/share/realsense2_camera/examples/pointcloud/rviz
[101.286s] -- Up-to-date: /home/lunabotics/2025-tibalt-bot/install/realsense2_camera/share/realsense2_camera/examples/pointcloud/rviz/urdf_pointcloud.rviz
[101.286s] -- Up-to-date: /home/lunabotics/2025-tibalt-bot/install/realsense2_camera/share/realsense2_camera/examples/pointcloud/rviz/pointcloud.rviz
[101.287s] -- Up-to-date: /home/lunabotics/2025-tibalt-bot/install/realsense2_camera/share/realsense2_camera/examples/pointcloud/rs_d405_pointcloud_launch.py
[101.287s] -- Up-to-date: /home/lunabotics/2025-tibalt-bot/install/realsense2_camera/share/realsense2_camera/examples/pointcloud/README.md
[101.287s] -- Up-to-date: /home/lunabotics/2025-tibalt-bot/install/realsense2_camera/share/realsense2_camera/examples/pointcloud/rs_pointcloud_launch.py
[101.287s] -- Up-to-date: /home/lunabotics/2025-tibalt-bot/install/realsense2_camera/share/realsense2_camera/examples/pointcloud/rs_d455_pointcloud_launch.py
[101.288s] -- Up-to-date: /home/lunabotics/2025-tibalt-bot/install/realsense2_camera/share/realsense2_camera/examples/dual_camera
[101.288s] -- Up-to-date: /home/lunabotics/2025-tibalt-bot/install/realsense2_camera/share/realsense2_camera/examples/dual_camera/rviz
[101.288s] -- Up-to-date: /home/lunabotics/2025-tibalt-bot/install/realsense2_camera/share/realsense2_camera/examples/dual_camera/rviz/dual_camera_pointcloud.rviz
[101.288s] -- Up-to-date: /home/lunabotics/2025-tibalt-bot/install/realsense2_camera/share/realsense2_camera/examples/dual_camera/README.md
[101.289s] -- Up-to-date: /home/lunabotics/2025-tibalt-bot/install/realsense2_camera/share/realsense2_camera/examples/dual_camera/rs_dual_camera_launch.py
[101.289s] -- Installing: /home/lunabotics/2025-tibalt-bot/install/realsense2_camera/share/realsense2_camera/environment/library_path.sh
[101.289s] -- Installing: /home/lunabotics/2025-tibalt-bot/install/realsense2_camera/share/realsense2_camera/environment/library_path.dsv
[101.289s] -- Up-to-date: /home/lunabotics/2025-tibalt-bot/install/realsense2_camera/share/ament_index/resource_index/package_run_dependencies/realsense2_camera
[101.290s] -- Up-to-date: /home/lunabotics/2025-tibalt-bot/install/realsense2_camera/share/ament_index/resource_index/parent_prefix_path/realsense2_camera
[101.290s] -- Installing: /home/lunabotics/2025-tibalt-bot/install/realsense2_camera/share/realsense2_camera/environment/ament_prefix_path.sh
[101.290s] -- Installing: /home/lunabotics/2025-tibalt-bot/install/realsense2_camera/share/realsense2_camera/environment/ament_prefix_path.dsv
[101.290s] -- Installing: /home/lunabotics/2025-tibalt-bot/install/realsense2_camera/share/realsense2_camera/environment/path.sh
[101.291s] -- Installing: /home/lunabotics/2025-tibalt-bot/install/realsense2_camera/share/realsense2_camera/environment/path.dsv
[101.291s] -- Up-to-date: /home/lunabotics/2025-tibalt-bot/install/realsense2_camera/share/realsense2_camera/local_setup.bash
[101.291s] -- Up-to-date: /home/lunabotics/2025-tibalt-bot/install/realsense2_camera/share/realsense2_camera/local_setup.sh
[101.291s] -- Up-to-date: /home/lunabotics/2025-tibalt-bot/install/realsense2_camera/share/realsense2_camera/local_setup.zsh
[101.291s] -- Installing: /home/lunabotics/2025-tibalt-bot/install/realsense2_camera/share/realsense2_camera/local_setup.dsv
[101.291s] -- Installing: /home/lunabotics/2025-tibalt-bot/install/realsense2_camera/share/realsense2_camera/package.dsv
[101.292s] -- Up-to-date: /home/lunabotics/2025-tibalt-bot/install/realsense2_camera/share/ament_index/resource_index/packages/realsense2_camera
[101.292s] -- Up-to-date: /home/lunabotics/2025-tibalt-bot/install/realsense2_camera/share/ament_index/resource_index/rclcpp_components/realsense2_camera
[101.292s] -- Up-to-date: /home/lunabotics/2025-tibalt-bot/install/realsense2_camera/share/realsense2_camera/cmake/ament_cmake_export_include_directories-extras.cmake
[101.292s] -- Up-to-date: /home/lunabotics/2025-tibalt-bot/install/realsense2_camera/share/realsense2_camera/cmake/ament_cmake_export_libraries-extras.cmake
[101.292s] -- Up-to-date: /home/lunabotics/2025-tibalt-bot/install/realsense2_camera/share/realsense2_camera/cmake/ament_cmake_export_dependencies-extras.cmake
[101.292s] -- Up-to-date: /home/lunabotics/2025-tibalt-bot/install/realsense2_camera/share/realsense2_camera/cmake/realsense2_cameraConfig.cmake
[101.293s] -- Up-to-date: /home/lunabotics/2025-tibalt-bot/install/realsense2_camera/share/realsense2_camera/cmake/realsense2_cameraConfig-version.cmake
[101.293s] -- Up-to-date: /home/lunabotics/2025-tibalt-bot/install/realsense2_camera/share/realsense2_camera/package.xml
[101.301s] Invoked command in '/home/lunabotics/2025-tibalt-bot/build/realsense2_camera' returned '0': AMENT_PREFIX_PATH=/home/lunabotics/2025-tibalt-bot/install/realsense2_camera_msgs:${AMENT_PREFIX_PATH} CMAKE_PREFIX_PATH=/home/lunabotics/2025-tibalt-bot/install/realsense2_camera_msgs:/opt/ros/humble LD_LIBRARY_PATH=/home/lunabotics/2025-tibalt-bot/install/realsense2_camera_msgs/lib:${LD_LIBRARY_PATH} PYTHONPATH=/home/lunabotics/2025-tibalt-bot/install/realsense2_camera_msgs/local/lib/python3.10/dist-packages:${PYTHONPATH} /usr/bin/cmake --install /home/lunabotics/2025-tibalt-bot/build/realsense2_camera
