[0.082s] Invoking command in '/home/lunabotics/2025-tibalt-bot/build/realsense2_camera_msgs': CMAKE_PREFIX_PATH=/opt/ros/humble /usr/bin/cmake --build /home/lunabotics/2025-tibalt-bot/build/realsense2_camera_msgs -- -j6 -l6
[1.054s] [  1%] Built target realsense2_camera_msgs__cpp
[1.063s] [  1%] Built target ament_cmake_python_copy_realsense2_camera_msgs
[1.395s] [ 12%] Built target realsense2_camera_msgs__rosidl_generator_c
[1.419s] [ 23%] Built target realsense2_camera_msgs__rosidl_typesupport_cpp
[1.423s] [ 34%] Built target realsense2_camera_msgs__rosidl_typesupport_fastrtps_cpp
[1.451s] [ 46%] Built target realsense2_camera_msgs__rosidl_typesupport_introspection_cpp
[1.658s] [ 57%] Built target realsense2_camera_msgs__rosidl_typesupport_fastrtps_c
[1.673s] [ 68%] Built target realsense2_camera_msgs__rosidl_typesupport_introspection_c
[1.702s] [ 79%] Built target realsense2_camera_msgs__rosidl_typesupport_c
[1.823s] [ 79%] Built target realsense2_camera_msgs
[1.988s] [ 80%] Built target realsense2_camera_msgs__py
[2.161s] running egg_info
[2.165s] writing realsense2_camera_msgs.egg-info/PKG-INFO
[2.166s] writing dependency_links to realsense2_camera_msgs.egg-info/dependency_links.txt
[2.167s] writing top-level names to realsense2_camera_msgs.egg-info/top_level.txt
[2.184s] reading manifest file 'realsense2_camera_msgs.egg-info/SOURCES.txt'
[2.184s] [ 90%] Built target realsense2_camera_msgs__rosidl_generator_py
[2.187s] writing manifest file 'realsense2_camera_msgs.egg-info/SOURCES.txt'
[2.310s] [ 93%] Built target realsense2_camera_msgs__rosidl_typesupport_c__pyext
[2.311s] [ 96%] Built target realsense2_camera_msgs__rosidl_typesupport_fastrtps_c__pyext
[2.326s] [100%] Built target realsense2_camera_msgs__rosidl_typesupport_introspection_c__pyext
[2.364s] [100%] Built target ament_cmake_python_build_realsense2_camera_msgs_egg
[2.419s] Invoked command in '/home/lunabotics/2025-tibalt-bot/build/realsense2_camera_msgs' returned '0': CMAKE_PREFIX_PATH=/opt/ros/humble /usr/bin/cmake --build /home/lunabotics/2025-tibalt-bot/build/realsense2_camera_msgs -- -j6 -l6
[2.477s] Invoking command in '/home/lunabotics/2025-tibalt-bot/build/realsense2_camera_msgs': CMAKE_PREFIX_PATH=/opt/ros/humble /usr/bin/cmake --install /home/lunabotics/2025-tibalt-bot/build/realsense2_camera_msgs
[2.501s] -- Install configuration: ""
[2.502s] -- Up-to-date: /home/lunabotics/2025-tibalt-bot/install/realsense2_camera_msgs/share/ament_index/resource_index/rosidl_interfaces/realsense2_camera_msgs
[2.502s] -- Up-to-date: /home/lunabotics/2025-tibalt-bot/install/realsense2_camera_msgs/include/realsense2_camera_msgs/realsense2_camera_msgs
[2.502s] -- Up-to-date: /home/lunabotics/2025-tibalt-bot/install/realsense2_camera_msgs/include/realsense2_camera_msgs/realsense2_camera_msgs/msg
[2.502s] -- Up-to-date: /home/lunabotics/2025-tibalt-bot/install/realsense2_camera_msgs/include/realsense2_camera_msgs/realsense2_camera_msgs/msg/rosidl_generator_c__visibility_control.h
[2.502s] -- Up-to-date: /home/lunabotics/2025-tibalt-bot/install/realsense2_camera_msgs/include/realsense2_camera_msgs/realsense2_camera_msgs/msg/rgbd.h
[2.503s] -- Up-to-date: /home/lunabotics/2025-tibalt-bot/install/realsense2_camera_msgs/include/realsense2_camera_msgs/realsense2_camera_msgs/msg/imu_info.h
[2.503s] -- Up-to-date: /home/lunabotics/2025-tibalt-bot/install/realsense2_camera_msgs/include/realsense2_camera_msgs/realsense2_camera_msgs/msg/metadata.h
[2.503s] -- Up-to-date: /home/lunabotics/2025-tibalt-bot/install/realsense2_camera_msgs/include/realsense2_camera_msgs/realsense2_camera_msgs/msg/extrinsics.h
[2.503s] -- Up-to-date: /home/lunabotics/2025-tibalt-bot/install/realsense2_camera_msgs/include/realsense2_camera_msgs/realsense2_camera_msgs/msg/detail
[2.503s] -- Up-to-date: /home/lunabotics/2025-tibalt-bot/install/realsense2_camera_msgs/include/realsense2_camera_msgs/realsense2_camera_msgs/msg/detail/imu_info__functions.h
[2.503s] -- Up-to-date: /home/lunabotics/2025-tibalt-bot/install/realsense2_camera_msgs/include/realsense2_camera_msgs/realsense2_camera_msgs/msg/detail/extrinsics__functions.h
[2.504s] -- Up-to-date: /home/lunabotics/2025-tibalt-bot/install/realsense2_camera_msgs/include/realsense2_camera_msgs/realsense2_camera_msgs/msg/detail/rgbd__struct.h
[2.504s] -- Up-to-date: /home/lunabotics/2025-tibalt-bot/install/realsense2_camera_msgs/include/realsense2_camera_msgs/realsense2_camera_msgs/msg/detail/metadata__type_support.h
[2.504s] -- Up-to-date: /home/lunabotics/2025-tibalt-bot/install/realsense2_camera_msgs/include/realsense2_camera_msgs/realsense2_camera_msgs/msg/detail/extrinsics__type_support.h
[2.504s] -- Up-to-date: /home/lunabotics/2025-tibalt-bot/install/realsense2_camera_msgs/include/realsense2_camera_msgs/realsense2_camera_msgs/msg/detail/imu_info__functions.c
[2.504s] -- Up-to-date: /home/lunabotics/2025-tibalt-bot/install/realsense2_camera_msgs/include/realsense2_camera_msgs/realsense2_camera_msgs/msg/detail/imu_info__type_support.h
[2.504s] -- Up-to-date: /home/lunabotics/2025-tibalt-bot/install/realsense2_camera_msgs/include/realsense2_camera_msgs/realsense2_camera_msgs/msg/detail/rgbd__type_support.h
[2.506s] -- Up-to-date: /home/lunabotics/2025-tibalt-bot/install/realsense2_camera_msgs/include/realsense2_camera_msgs/realsense2_camera_msgs/msg/detail/rgbd__functions.c
[2.507s] -- Up-to-date: /home/lunabotics/2025-tibalt-bot/install/realsense2_camera_msgs/include/realsense2_camera_msgs/realsense2_camera_msgs/msg/detail/rgbd__functions.h
[2.507s] -- Up-to-date: /home/lunabotics/2025-tibalt-bot/install/realsense2_camera_msgs/include/realsense2_camera_msgs/realsense2_camera_msgs/msg/detail/imu_info__struct.h
[2.527s] -- Up-to-date: /home/lunabotics/2025-tibalt-bot/install/realsense2_camera_msgs/include/realsense2_camera_msgs/realsense2_camera_msgs/msg/detail/extrinsics__functions.c
[2.529s] -- Up-to-date: /home/lunabotics/2025-tibalt-bot/install/realsense2_camera_msgs/include/realsense2_camera_msgs/realsense2_camera_msgs/msg/detail/extrinsics__struct.h
[2.529s] -- Up-to-date: /home/lunabotics/2025-tibalt-bot/install/realsense2_camera_msgs/include/realsense2_camera_msgs/realsense2_camera_msgs/msg/detail/metadata__functions.c
[2.530s] -- Up-to-date: /home/lunabotics/2025-tibalt-bot/install/realsense2_camera_msgs/include/realsense2_camera_msgs/realsense2_camera_msgs/msg/detail/metadata__functions.h
[2.530s] -- Up-to-date: /home/lunabotics/2025-tibalt-bot/install/realsense2_camera_msgs/include/realsense2_camera_msgs/realsense2_camera_msgs/msg/detail/metadata__struct.h
[2.530s] -- Up-to-date: /home/lunabotics/2025-tibalt-bot/install/realsense2_camera_msgs/include/realsense2_camera_msgs/realsense2_camera_msgs/srv
[2.530s] -- Up-to-date: /home/lunabotics/2025-tibalt-bot/install/realsense2_camera_msgs/include/realsense2_camera_msgs/realsense2_camera_msgs/srv/detail
[2.530s] -- Up-to-date: /home/lunabotics/2025-tibalt-bot/install/realsense2_camera_msgs/include/realsense2_camera_msgs/realsense2_camera_msgs/srv/detail/device_info__functions.c
[2.530s] -- Up-to-date: /home/lunabotics/2025-tibalt-bot/install/realsense2_camera_msgs/include/realsense2_camera_msgs/realsense2_camera_msgs/srv/detail/device_info__type_support.h
[2.531s] -- Up-to-date: /home/lunabotics/2025-tibalt-bot/install/realsense2_camera_msgs/include/realsense2_camera_msgs/realsense2_camera_msgs/srv/detail/device_info__functions.h
[2.531s] -- Up-to-date: /home/lunabotics/2025-tibalt-bot/install/realsense2_camera_msgs/include/realsense2_camera_msgs/realsense2_camera_msgs/srv/detail/device_info__struct.h
[2.531s] -- Up-to-date: /home/lunabotics/2025-tibalt-bot/install/realsense2_camera_msgs/include/realsense2_camera_msgs/realsense2_camera_msgs/srv/device_info.h
[2.531s] -- Up-to-date: /home/lunabotics/2025-tibalt-bot/install/realsense2_camera_msgs/share/realsense2_camera_msgs/environment/library_path.sh
[2.531s] -- Up-to-date: /home/lunabotics/2025-tibalt-bot/install/realsense2_camera_msgs/share/realsense2_camera_msgs/environment/library_path.dsv
[2.532s] -- Up-to-date: /home/lunabotics/2025-tibalt-bot/install/realsense2_camera_msgs/lib/librealsense2_camera_msgs__rosidl_generator_c.so
[2.532s] -- Up-to-date: /home/lunabotics/2025-tibalt-bot/install/realsense2_camera_msgs/include/realsense2_camera_msgs/realsense2_camera_msgs
[2.532s] -- Up-to-date: /home/lunabotics/2025-tibalt-bot/install/realsense2_camera_msgs/include/realsense2_camera_msgs/realsense2_camera_msgs/msg
[2.532s] -- Up-to-date: /home/lunabotics/2025-tibalt-bot/install/realsense2_camera_msgs/include/realsense2_camera_msgs/realsense2_camera_msgs/msg/detail
[2.532s] -- Up-to-date: /home/lunabotics/2025-tibalt-bot/install/realsense2_camera_msgs/include/realsense2_camera_msgs/realsense2_camera_msgs/msg/detail/imu_info__rosidl_typesupport_fastrtps_c.h
[2.532s] -- Up-to-date: /home/lunabotics/2025-tibalt-bot/install/realsense2_camera_msgs/include/realsense2_camera_msgs/realsense2_camera_msgs/msg/detail/metadata__rosidl_typesupport_fastrtps_c.h
[2.533s] -- Up-to-date: /home/lunabotics/2025-tibalt-bot/install/realsense2_camera_msgs/include/realsense2_camera_msgs/realsense2_camera_msgs/msg/detail/extrinsics__rosidl_typesupport_fastrtps_c.h
[2.533s] -- Up-to-date: /home/lunabotics/2025-tibalt-bot/install/realsense2_camera_msgs/include/realsense2_camera_msgs/realsense2_camera_msgs/msg/detail/rgbd__rosidl_typesupport_fastrtps_c.h
[2.549s] -- Up-to-date: /home/lunabotics/2025-tibalt-bot/install/realsense2_camera_msgs/include/realsense2_camera_msgs/realsense2_camera_msgs/msg/rosidl_typesupport_fastrtps_c__visibility_control.h
[2.550s] -- Up-to-date: /home/lunabotics/2025-tibalt-bot/install/realsense2_camera_msgs/include/realsense2_camera_msgs/realsense2_camera_msgs/srv
[2.550s] -- Up-to-date: /home/lunabotics/2025-tibalt-bot/install/realsense2_camera_msgs/include/realsense2_camera_msgs/realsense2_camera_msgs/srv/detail
[2.550s] -- Up-to-date: /home/lunabotics/2025-tibalt-bot/install/realsense2_camera_msgs/include/realsense2_camera_msgs/realsense2_camera_msgs/srv/detail/device_info__rosidl_typesupport_fastrtps_c.h
[2.551s] -- Up-to-date: /home/lunabotics/2025-tibalt-bot/install/realsense2_camera_msgs/lib/librealsense2_camera_msgs__rosidl_typesupport_fastrtps_c.so
[2.551s] -- Up-to-date: /home/lunabotics/2025-tibalt-bot/install/realsense2_camera_msgs/include/realsense2_camera_msgs/realsense2_camera_msgs
[2.551s] -- Up-to-date: /home/lunabotics/2025-tibalt-bot/install/realsense2_camera_msgs/include/realsense2_camera_msgs/realsense2_camera_msgs/msg
[2.551s] -- Up-to-date: /home/lunabotics/2025-tibalt-bot/install/realsense2_camera_msgs/include/realsense2_camera_msgs/realsense2_camera_msgs/msg/detail
[2.551s] -- Up-to-date: /home/lunabotics/2025-tibalt-bot/install/realsense2_camera_msgs/include/realsense2_camera_msgs/realsense2_camera_msgs/msg/detail/imu_info__rosidl_typesupport_introspection_c.h
[2.551s] -- Up-to-date: /home/lunabotics/2025-tibalt-bot/install/realsense2_camera_msgs/include/realsense2_camera_msgs/realsense2_camera_msgs/msg/detail/extrinsics__type_support.c
[2.551s] -- Up-to-date: /home/lunabotics/2025-tibalt-bot/install/realsense2_camera_msgs/include/realsense2_camera_msgs/realsense2_camera_msgs/msg/detail/metadata__type_support.c
[2.552s] -- Up-to-date: /home/lunabotics/2025-tibalt-bot/install/realsense2_camera_msgs/include/realsense2_camera_msgs/realsense2_camera_msgs/msg/detail/imu_info__type_support.c
[2.552s] -- Up-to-date: /home/lunabotics/2025-tibalt-bot/install/realsense2_camera_msgs/include/realsense2_camera_msgs/realsense2_camera_msgs/msg/detail/rgbd__type_support.c
[2.552s] -- Up-to-date: /home/lunabotics/2025-tibalt-bot/install/realsense2_camera_msgs/include/realsense2_camera_msgs/realsense2_camera_msgs/msg/detail/extrinsics__rosidl_typesupport_introspection_c.h
[2.552s] -- Up-to-date: /home/lunabotics/2025-tibalt-bot/install/realsense2_camera_msgs/include/realsense2_camera_msgs/realsense2_camera_msgs/msg/detail/rgbd__rosidl_typesupport_introspection_c.h
[2.552s] -- Up-to-date: /home/lunabotics/2025-tibalt-bot/install/realsense2_camera_msgs/include/realsense2_camera_msgs/realsense2_camera_msgs/msg/detail/metadata__rosidl_typesupport_introspection_c.h
[2.552s] -- Up-to-date: /home/lunabotics/2025-tibalt-bot/install/realsense2_camera_msgs/include/realsense2_camera_msgs/realsense2_camera_msgs/msg/rosidl_typesupport_introspection_c__visibility_control.h
[2.553s] -- Up-to-date: /home/lunabotics/2025-tibalt-bot/install/realsense2_camera_msgs/include/realsense2_camera_msgs/realsense2_camera_msgs/srv
[2.553s] -- Up-to-date: /home/lunabotics/2025-tibalt-bot/install/realsense2_camera_msgs/include/realsense2_camera_msgs/realsense2_camera_msgs/srv/detail
[2.553s] -- Up-to-date: /home/lunabotics/2025-tibalt-bot/install/realsense2_camera_msgs/include/realsense2_camera_msgs/realsense2_camera_msgs/srv/detail/device_info__type_support.c
[2.553s] -- Up-to-date: /home/lunabotics/2025-tibalt-bot/install/realsense2_camera_msgs/include/realsense2_camera_msgs/realsense2_camera_msgs/srv/detail/device_info__rosidl_typesupport_introspection_c.h
[2.553s] -- Up-to-date: /home/lunabotics/2025-tibalt-bot/install/realsense2_camera_msgs/lib/librealsense2_camera_msgs__rosidl_typesupport_introspection_c.so
[2.554s] -- Up-to-date: /home/lunabotics/2025-tibalt-bot/install/realsense2_camera_msgs/lib/librealsense2_camera_msgs__rosidl_typesupport_c.so
[2.554s] -- Up-to-date: /home/lunabotics/2025-tibalt-bot/install/realsense2_camera_msgs/include/realsense2_camera_msgs/realsense2_camera_msgs
[2.554s] -- Up-to-date: /home/lunabotics/2025-tibalt-bot/install/realsense2_camera_msgs/include/realsense2_camera_msgs/realsense2_camera_msgs/msg
[2.554s] -- Up-to-date: /home/lunabotics/2025-tibalt-bot/install/realsense2_camera_msgs/include/realsense2_camera_msgs/realsense2_camera_msgs/msg/extrinsics.hpp
[2.554s] -- Up-to-date: /home/lunabotics/2025-tibalt-bot/install/realsense2_camera_msgs/include/realsense2_camera_msgs/realsense2_camera_msgs/msg/imu_info.hpp
[2.554s] -- Up-to-date: /home/lunabotics/2025-tibalt-bot/install/realsense2_camera_msgs/include/realsense2_camera_msgs/realsense2_camera_msgs/msg/rosidl_generator_cpp__visibility_control.hpp
[2.554s] -- Up-to-date: /home/lunabotics/2025-tibalt-bot/install/realsense2_camera_msgs/include/realsense2_camera_msgs/realsense2_camera_msgs/msg/rgbd.hpp
[2.555s] -- Up-to-date: /home/lunabotics/2025-tibalt-bot/install/realsense2_camera_msgs/include/realsense2_camera_msgs/realsense2_camera_msgs/msg/detail
[2.555s] -- Up-to-date: /home/lunabotics/2025-tibalt-bot/install/realsense2_camera_msgs/include/realsense2_camera_msgs/realsense2_camera_msgs/msg/detail/imu_info__type_support.hpp
[2.555s] -- Up-to-date: /home/lunabotics/2025-tibalt-bot/install/realsense2_camera_msgs/include/realsense2_camera_msgs/realsense2_camera_msgs/msg/detail/metadata__struct.hpp
[2.555s] -- Up-to-date: /home/lunabotics/2025-tibalt-bot/install/realsense2_camera_msgs/include/realsense2_camera_msgs/realsense2_camera_msgs/msg/detail/extrinsics__struct.hpp
[2.555s] -- Up-to-date: /home/lunabotics/2025-tibalt-bot/install/realsense2_camera_msgs/include/realsense2_camera_msgs/realsense2_camera_msgs/msg/detail/extrinsics__builder.hpp
[2.555s] -- Up-to-date: /home/lunabotics/2025-tibalt-bot/install/realsense2_camera_msgs/include/realsense2_camera_msgs/realsense2_camera_msgs/msg/detail/rgbd__type_support.hpp
[2.556s] -- Up-to-date: /home/lunabotics/2025-tibalt-bot/install/realsense2_camera_msgs/include/realsense2_camera_msgs/realsense2_camera_msgs/msg/detail/metadata__type_support.hpp
[2.556s] -- Up-to-date: /home/lunabotics/2025-tibalt-bot/install/realsense2_camera_msgs/include/realsense2_camera_msgs/realsense2_camera_msgs/msg/detail/rgbd__builder.hpp
[2.556s] -- Up-to-date: /home/lunabotics/2025-tibalt-bot/install/realsense2_camera_msgs/include/realsense2_camera_msgs/realsense2_camera_msgs/msg/detail/metadata__traits.hpp
[2.556s] -- Up-to-date: /home/lunabotics/2025-tibalt-bot/install/realsense2_camera_msgs/include/realsense2_camera_msgs/realsense2_camera_msgs/msg/detail/rgbd__traits.hpp
[2.556s] -- Up-to-date: /home/lunabotics/2025-tibalt-bot/install/realsense2_camera_msgs/include/realsense2_camera_msgs/realsense2_camera_msgs/msg/detail/rgbd__struct.hpp
[2.556s] -- Up-to-date: /home/lunabotics/2025-tibalt-bot/install/realsense2_camera_msgs/include/realsense2_camera_msgs/realsense2_camera_msgs/msg/detail/imu_info__struct.hpp
[2.556s] -- Up-to-date: /home/lunabotics/2025-tibalt-bot/install/realsense2_camera_msgs/include/realsense2_camera_msgs/realsense2_camera_msgs/msg/detail/imu_info__builder.hpp
[2.557s] -- Up-to-date: /home/lunabotics/2025-tibalt-bot/install/realsense2_camera_msgs/include/realsense2_camera_msgs/realsense2_camera_msgs/msg/detail/metadata__builder.hpp
[2.557s] -- Up-to-date: /home/lunabotics/2025-tibalt-bot/install/realsense2_camera_msgs/include/realsense2_camera_msgs/realsense2_camera_msgs/msg/detail/extrinsics__type_support.hpp
[2.557s] -- Up-to-date: /home/lunabotics/2025-tibalt-bot/install/realsense2_camera_msgs/include/realsense2_camera_msgs/realsense2_camera_msgs/msg/detail/extrinsics__traits.hpp
[2.557s] -- Up-to-date: /home/lunabotics/2025-tibalt-bot/install/realsense2_camera_msgs/include/realsense2_camera_msgs/realsense2_camera_msgs/msg/detail/imu_info__traits.hpp
[2.557s] -- Up-to-date: /home/lunabotics/2025-tibalt-bot/install/realsense2_camera_msgs/include/realsense2_camera_msgs/realsense2_camera_msgs/msg/metadata.hpp
[2.557s] -- Up-to-date: /home/lunabotics/2025-tibalt-bot/install/realsense2_camera_msgs/include/realsense2_camera_msgs/realsense2_camera_msgs/srv
[2.558s] -- Up-to-date: /home/lunabotics/2025-tibalt-bot/install/realsense2_camera_msgs/include/realsense2_camera_msgs/realsense2_camera_msgs/srv/detail
[2.558s] -- Up-to-date: /home/lunabotics/2025-tibalt-bot/install/realsense2_camera_msgs/include/realsense2_camera_msgs/realsense2_camera_msgs/srv/detail/device_info__builder.hpp
[2.558s] -- Up-to-date: /home/lunabotics/2025-tibalt-bot/install/realsense2_camera_msgs/include/realsense2_camera_msgs/realsense2_camera_msgs/srv/detail/device_info__type_support.hpp
[2.558s] -- Up-to-date: /home/lunabotics/2025-tibalt-bot/install/realsense2_camera_msgs/include/realsense2_camera_msgs/realsense2_camera_msgs/srv/detail/device_info__traits.hpp
[2.558s] -- Up-to-date: /home/lunabotics/2025-tibalt-bot/install/realsense2_camera_msgs/include/realsense2_camera_msgs/realsense2_camera_msgs/srv/detail/device_info__struct.hpp
[2.558s] -- Up-to-date: /home/lunabotics/2025-tibalt-bot/install/realsense2_camera_msgs/include/realsense2_camera_msgs/realsense2_camera_msgs/srv/device_info.hpp
[2.559s] -- Up-to-date: /home/lunabotics/2025-tibalt-bot/install/realsense2_camera_msgs/include/realsense2_camera_msgs/realsense2_camera_msgs
[2.559s] -- Up-to-date: /home/lunabotics/2025-tibalt-bot/install/realsense2_camera_msgs/include/realsense2_camera_msgs/realsense2_camera_msgs/msg
[2.559s] -- Up-to-date: /home/lunabotics/2025-tibalt-bot/install/realsense2_camera_msgs/include/realsense2_camera_msgs/realsense2_camera_msgs/msg/detail
[2.559s] -- Up-to-date: /home/lunabotics/2025-tibalt-bot/install/realsense2_camera_msgs/include/realsense2_camera_msgs/realsense2_camera_msgs/msg/detail/dds_fastrtps
[2.559s] -- Up-to-date: /home/lunabotics/2025-tibalt-bot/install/realsense2_camera_msgs/include/realsense2_camera_msgs/realsense2_camera_msgs/msg/detail/extrinsics__rosidl_typesupport_fastrtps_cpp.hpp
[2.559s] -- Up-to-date: /home/lunabotics/2025-tibalt-bot/install/realsense2_camera_msgs/include/realsense2_camera_msgs/realsense2_camera_msgs/msg/detail/imu_info__rosidl_typesupport_fastrtps_cpp.hpp
[2.559s] -- Up-to-date: /home/lunabotics/2025-tibalt-bot/install/realsense2_camera_msgs/include/realsense2_camera_msgs/realsense2_camera_msgs/msg/detail/rgbd__rosidl_typesupport_fastrtps_cpp.hpp
[2.560s] -- Up-to-date: /home/lunabotics/2025-tibalt-bot/install/realsense2_camera_msgs/include/realsense2_camera_msgs/realsense2_camera_msgs/msg/detail/metadata__rosidl_typesupport_fastrtps_cpp.hpp
[2.560s] -- Up-to-date: /home/lunabotics/2025-tibalt-bot/install/realsense2_camera_msgs/include/realsense2_camera_msgs/realsense2_camera_msgs/msg/rosidl_typesupport_fastrtps_cpp__visibility_control.h
[2.560s] -- Up-to-date: /home/lunabotics/2025-tibalt-bot/install/realsense2_camera_msgs/include/realsense2_camera_msgs/realsense2_camera_msgs/srv
[2.560s] -- Up-to-date: /home/lunabotics/2025-tibalt-bot/install/realsense2_camera_msgs/include/realsense2_camera_msgs/realsense2_camera_msgs/srv/detail
[2.560s] -- Up-to-date: /home/lunabotics/2025-tibalt-bot/install/realsense2_camera_msgs/include/realsense2_camera_msgs/realsense2_camera_msgs/srv/detail/dds_fastrtps
[2.560s] -- Up-to-date: /home/lunabotics/2025-tibalt-bot/install/realsense2_camera_msgs/include/realsense2_camera_msgs/realsense2_camera_msgs/srv/detail/device_info__rosidl_typesupport_fastrtps_cpp.hpp
[2.561s] -- Up-to-date: /home/lunabotics/2025-tibalt-bot/install/realsense2_camera_msgs/lib/librealsense2_camera_msgs__rosidl_typesupport_fastrtps_cpp.so
[2.574s] -- Up-to-date: /home/lunabotics/2025-tibalt-bot/install/realsense2_camera_msgs/include/realsense2_camera_msgs/realsense2_camera_msgs
[2.574s] -- Up-to-date: /home/lunabotics/2025-tibalt-bot/install/realsense2_camera_msgs/include/realsense2_camera_msgs/realsense2_camera_msgs/msg
[2.574s] -- Up-to-date: /home/lunabotics/2025-tibalt-bot/install/realsense2_camera_msgs/include/realsense2_camera_msgs/realsense2_camera_msgs/msg/detail
[2.574s] -- Up-to-date: /home/lunabotics/2025-tibalt-bot/install/realsense2_camera_msgs/include/realsense2_camera_msgs/realsense2_camera_msgs/msg/detail/extrinsics__rosidl_typesupport_introspection_cpp.hpp
[2.574s] -- Up-to-date: /home/lunabotics/2025-tibalt-bot/install/realsense2_camera_msgs/include/realsense2_camera_msgs/realsense2_camera_msgs/msg/detail/imu_info__rosidl_typesupport_introspection_cpp.hpp
[2.575s] -- Up-to-date: /home/lunabotics/2025-tibalt-bot/install/realsense2_camera_msgs/include/realsense2_camera_msgs/realsense2_camera_msgs/msg/detail/rgbd__rosidl_typesupport_introspection_cpp.hpp
[2.575s] -- Up-to-date: /home/lunabotics/2025-tibalt-bot/install/realsense2_camera_msgs/include/realsense2_camera_msgs/realsense2_camera_msgs/msg/detail/metadata__type_support.cpp
[2.575s] -- Up-to-date: /home/lunabotics/2025-tibalt-bot/install/realsense2_camera_msgs/include/realsense2_camera_msgs/realsense2_camera_msgs/msg/detail/imu_info__type_support.cpp
[2.575s] -- Up-to-date: /home/lunabotics/2025-tibalt-bot/install/realsense2_camera_msgs/include/realsense2_camera_msgs/realsense2_camera_msgs/msg/detail/rgbd__type_support.cpp
[2.575s] -- Up-to-date: /home/lunabotics/2025-tibalt-bot/install/realsense2_camera_msgs/include/realsense2_camera_msgs/realsense2_camera_msgs/msg/detail/extrinsics__type_support.cpp
[2.575s] -- Up-to-date: /home/lunabotics/2025-tibalt-bot/install/realsense2_camera_msgs/include/realsense2_camera_msgs/realsense2_camera_msgs/msg/detail/metadata__rosidl_typesupport_introspection_cpp.hpp
[2.576s] -- Up-to-date: /home/lunabotics/2025-tibalt-bot/install/realsense2_camera_msgs/include/realsense2_camera_msgs/realsense2_camera_msgs/srv
[2.576s] -- Up-to-date: /home/lunabotics/2025-tibalt-bot/install/realsense2_camera_msgs/include/realsense2_camera_msgs/realsense2_camera_msgs/srv/detail
[2.576s] -- Up-to-date: /home/lunabotics/2025-tibalt-bot/install/realsense2_camera_msgs/include/realsense2_camera_msgs/realsense2_camera_msgs/srv/detail/device_info__type_support.cpp
[2.576s] -- Up-to-date: /home/lunabotics/2025-tibalt-bot/install/realsense2_camera_msgs/include/realsense2_camera_msgs/realsense2_camera_msgs/srv/detail/device_info__rosidl_typesupport_introspection_cpp.hpp
[2.576s] -- Up-to-date: /home/lunabotics/2025-tibalt-bot/install/realsense2_camera_msgs/lib/librealsense2_camera_msgs__rosidl_typesupport_introspection_cpp.so
[2.577s] -- Up-to-date: /home/lunabotics/2025-tibalt-bot/install/realsense2_camera_msgs/lib/librealsense2_camera_msgs__rosidl_typesupport_cpp.so
[2.577s] -- Up-to-date: /home/lunabotics/2025-tibalt-bot/install/realsense2_camera_msgs/share/realsense2_camera_msgs/environment/pythonpath.sh
[2.577s] -- Up-to-date: /home/lunabotics/2025-tibalt-bot/install/realsense2_camera_msgs/share/realsense2_camera_msgs/environment/pythonpath.dsv
[2.577s] -- Up-to-date: /home/lunabotics/2025-tibalt-bot/install/realsense2_camera_msgs/local/lib/python3.10/dist-packages/realsense2_camera_msgs-4.55.1-py3.10.egg-info
[2.577s] -- Installing: /home/lunabotics/2025-tibalt-bot/install/realsense2_camera_msgs/local/lib/python3.10/dist-packages/realsense2_camera_msgs-4.55.1-py3.10.egg-info/top_level.txt
[2.577s] -- Installing: /home/lunabotics/2025-tibalt-bot/install/realsense2_camera_msgs/local/lib/python3.10/dist-packages/realsense2_camera_msgs-4.55.1-py3.10.egg-info/SOURCES.txt
[2.578s] -- Installing: /home/lunabotics/2025-tibalt-bot/install/realsense2_camera_msgs/local/lib/python3.10/dist-packages/realsense2_camera_msgs-4.55.1-py3.10.egg-info/PKG-INFO
[2.578s] -- Installing: /home/lunabotics/2025-tibalt-bot/install/realsense2_camera_msgs/local/lib/python3.10/dist-packages/realsense2_camera_msgs-4.55.1-py3.10.egg-info/dependency_links.txt
[2.578s] -- Up-to-date: /home/lunabotics/2025-tibalt-bot/install/realsense2_camera_msgs/local/lib/python3.10/dist-packages/realsense2_camera_msgs
[2.578s] -- Up-to-date: /home/lunabotics/2025-tibalt-bot/install/realsense2_camera_msgs/local/lib/python3.10/dist-packages/realsense2_camera_msgs/realsense2_camera_msgs_s__rosidl_typesupport_introspection_c.cpython-310-aarch64-linux-gnu.so
[2.578s] -- Up-to-date: /home/lunabotics/2025-tibalt-bot/install/realsense2_camera_msgs/local/lib/python3.10/dist-packages/realsense2_camera_msgs/realsense2_camera_msgs_s__rosidl_typesupport_c.cpython-310-aarch64-linux-gnu.so
[2.578s] -- Up-to-date: /home/lunabotics/2025-tibalt-bot/install/realsense2_camera_msgs/local/lib/python3.10/dist-packages/realsense2_camera_msgs/librealsense2_camera_msgs__rosidl_generator_py.so
[2.578s] -- Up-to-date: /home/lunabotics/2025-tibalt-bot/install/realsense2_camera_msgs/local/lib/python3.10/dist-packages/realsense2_camera_msgs/realsense2_camera_msgs_s__rosidl_typesupport_fastrtps_c.cpython-310-aarch64-linux-gnu.so
[2.579s] -- Up-to-date: /home/lunabotics/2025-tibalt-bot/install/realsense2_camera_msgs/local/lib/python3.10/dist-packages/realsense2_camera_msgs/_realsense2_camera_msgs_s.ep.rosidl_typesupport_fastrtps_c.c
[2.579s] -- Up-to-date: /home/lunabotics/2025-tibalt-bot/install/realsense2_camera_msgs/local/lib/python3.10/dist-packages/realsense2_camera_msgs/_realsense2_camera_msgs_s.ep.rosidl_typesupport_introspection_c.c
[2.579s] -- Up-to-date: /home/lunabotics/2025-tibalt-bot/install/realsense2_camera_msgs/local/lib/python3.10/dist-packages/realsense2_camera_msgs/msg
[2.579s] -- Up-to-date: /home/lunabotics/2025-tibalt-bot/install/realsense2_camera_msgs/local/lib/python3.10/dist-packages/realsense2_camera_msgs/msg/_rgbd_s.c
[2.579s] -- Up-to-date: /home/lunabotics/2025-tibalt-bot/install/realsense2_camera_msgs/local/lib/python3.10/dist-packages/realsense2_camera_msgs/msg/_rgbd.py
[2.579s] -- Up-to-date: /home/lunabotics/2025-tibalt-bot/install/realsense2_camera_msgs/local/lib/python3.10/dist-packages/realsense2_camera_msgs/msg/_extrinsics_s.c
[2.580s] -- Up-to-date: /home/lunabotics/2025-tibalt-bot/install/realsense2_camera_msgs/local/lib/python3.10/dist-packages/realsense2_camera_msgs/msg/_extrinsics.py
[2.580s] -- Up-to-date: /home/lunabotics/2025-tibalt-bot/install/realsense2_camera_msgs/local/lib/python3.10/dist-packages/realsense2_camera_msgs/msg/_imu_info.py
[2.580s] -- Up-to-date: /home/lunabotics/2025-tibalt-bot/install/realsense2_camera_msgs/local/lib/python3.10/dist-packages/realsense2_camera_msgs/msg/_metadata_s.c
[2.580s] -- Up-to-date: /home/lunabotics/2025-tibalt-bot/install/realsense2_camera_msgs/local/lib/python3.10/dist-packages/realsense2_camera_msgs/msg/_metadata.py
[2.580s] -- Up-to-date: /home/lunabotics/2025-tibalt-bot/install/realsense2_camera_msgs/local/lib/python3.10/dist-packages/realsense2_camera_msgs/msg/__init__.py
[2.580s] -- Up-to-date: /home/lunabotics/2025-tibalt-bot/install/realsense2_camera_msgs/local/lib/python3.10/dist-packages/realsense2_camera_msgs/msg/_imu_info_s.c
[2.580s] -- Up-to-date: /home/lunabotics/2025-tibalt-bot/install/realsense2_camera_msgs/local/lib/python3.10/dist-packages/realsense2_camera_msgs/srv
[2.581s] -- Up-to-date: /home/lunabotics/2025-tibalt-bot/install/realsense2_camera_msgs/local/lib/python3.10/dist-packages/realsense2_camera_msgs/srv/_device_info.py
[2.581s] -- Up-to-date: /home/lunabotics/2025-tibalt-bot/install/realsense2_camera_msgs/local/lib/python3.10/dist-packages/realsense2_camera_msgs/srv/_device_info_s.c
[2.581s] -- Up-to-date: /home/lunabotics/2025-tibalt-bot/install/realsense2_camera_msgs/local/lib/python3.10/dist-packages/realsense2_camera_msgs/srv/__init__.py
[2.581s] -- Up-to-date: /home/lunabotics/2025-tibalt-bot/install/realsense2_camera_msgs/local/lib/python3.10/dist-packages/realsense2_camera_msgs/__init__.py
[2.581s] -- Up-to-date: /home/lunabotics/2025-tibalt-bot/install/realsense2_camera_msgs/local/lib/python3.10/dist-packages/realsense2_camera_msgs/_realsense2_camera_msgs_s.ep.rosidl_typesupport_c.c
[2.659s] Listing '/home/lunabotics/2025-tibalt-bot/install/realsense2_camera_msgs/local/lib/python3.10/dist-packages/realsense2_camera_msgs'...
[2.659s] Compiling '/home/lunabotics/2025-tibalt-bot/install/realsense2_camera_msgs/local/lib/python3.10/dist-packages/realsense2_camera_msgs/__init__.py'...
[2.659s] Listing '/home/lunabotics/2025-tibalt-bot/install/realsense2_camera_msgs/local/lib/python3.10/dist-packages/realsense2_camera_msgs/msg'...
[2.660s] Compiling '/home/lunabotics/2025-tibalt-bot/install/realsense2_camera_msgs/local/lib/python3.10/dist-packages/realsense2_camera_msgs/msg/__init__.py'...
[2.660s] Compiling '/home/lunabotics/2025-tibalt-bot/install/realsense2_camera_msgs/local/lib/python3.10/dist-packages/realsense2_camera_msgs/msg/_extrinsics.py'...
[2.660s] Compiling '/home/lunabotics/2025-tibalt-bot/install/realsense2_camera_msgs/local/lib/python3.10/dist-packages/realsense2_camera_msgs/msg/_imu_info.py'...
[2.660s] Compiling '/home/lunabotics/2025-tibalt-bot/install/realsense2_camera_msgs/local/lib/python3.10/dist-packages/realsense2_camera_msgs/msg/_metadata.py'...
[2.660s] Compiling '/home/lunabotics/2025-tibalt-bot/install/realsense2_camera_msgs/local/lib/python3.10/dist-packages/realsense2_camera_msgs/msg/_rgbd.py'...
[2.661s] Listing '/home/lunabotics/2025-tibalt-bot/install/realsense2_camera_msgs/local/lib/python3.10/dist-packages/realsense2_camera_msgs/srv'...
[2.661s] Compiling '/home/lunabotics/2025-tibalt-bot/install/realsense2_camera_msgs/local/lib/python3.10/dist-packages/realsense2_camera_msgs/srv/__init__.py'...
[2.661s] Compiling '/home/lunabotics/2025-tibalt-bot/install/realsense2_camera_msgs/local/lib/python3.10/dist-packages/realsense2_camera_msgs/srv/_device_info.py'...
[2.686s] -- Up-to-date: /home/lunabotics/2025-tibalt-bot/install/realsense2_camera_msgs/local/lib/python3.10/dist-packages/realsense2_camera_msgs/realsense2_camera_msgs_s__rosidl_typesupport_fastrtps_c.cpython-310-aarch64-linux-gnu.so
[2.687s] -- Up-to-date: /home/lunabotics/2025-tibalt-bot/install/realsense2_camera_msgs/local/lib/python3.10/dist-packages/realsense2_camera_msgs/realsense2_camera_msgs_s__rosidl_typesupport_introspection_c.cpython-310-aarch64-linux-gnu.so
[2.689s] -- Up-to-date: /home/lunabotics/2025-tibalt-bot/install/realsense2_camera_msgs/local/lib/python3.10/dist-packages/realsense2_camera_msgs/realsense2_camera_msgs_s__rosidl_typesupport_c.cpython-310-aarch64-linux-gnu.so
[2.689s] -- Up-to-date: /home/lunabotics/2025-tibalt-bot/install/realsense2_camera_msgs/lib/librealsense2_camera_msgs__rosidl_generator_py.so
[2.690s] -- Up-to-date: /home/lunabotics/2025-tibalt-bot/install/realsense2_camera_msgs/share/realsense2_camera_msgs/msg/IMUInfo.idl
[2.691s] -- Up-to-date: /home/lunabotics/2025-tibalt-bot/install/realsense2_camera_msgs/share/realsense2_camera_msgs/msg/Extrinsics.idl
[2.691s] -- Up-to-date: /home/lunabotics/2025-tibalt-bot/install/realsense2_camera_msgs/share/realsense2_camera_msgs/msg/Metadata.idl
[2.691s] -- Up-to-date: /home/lunabotics/2025-tibalt-bot/install/realsense2_camera_msgs/share/realsense2_camera_msgs/msg/RGBD.idl
[2.691s] -- Up-to-date: /home/lunabotics/2025-tibalt-bot/install/realsense2_camera_msgs/share/realsense2_camera_msgs/srv/DeviceInfo.idl
[2.692s] -- Up-to-date: /home/lunabotics/2025-tibalt-bot/install/realsense2_camera_msgs/share/realsense2_camera_msgs/msg/IMUInfo.msg
[2.692s] -- Up-to-date: /home/lunabotics/2025-tibalt-bot/install/realsense2_camera_msgs/share/realsense2_camera_msgs/msg/Extrinsics.msg
[2.692s] -- Up-to-date: /home/lunabotics/2025-tibalt-bot/install/realsense2_camera_msgs/share/realsense2_camera_msgs/msg/Metadata.msg
[2.692s] -- Up-to-date: /home/lunabotics/2025-tibalt-bot/install/realsense2_camera_msgs/share/realsense2_camera_msgs/msg/RGBD.msg
[2.693s] -- Up-to-date: /home/lunabotics/2025-tibalt-bot/install/realsense2_camera_msgs/share/realsense2_camera_msgs/srv/DeviceInfo.srv
[2.693s] -- Up-to-date: /home/lunabotics/2025-tibalt-bot/install/realsense2_camera_msgs/share/realsense2_camera_msgs/srv/DeviceInfo_Request.msg
[2.693s] -- Up-to-date: /home/lunabotics/2025-tibalt-bot/install/realsense2_camera_msgs/share/realsense2_camera_msgs/srv/DeviceInfo_Response.msg
[2.693s] -- Up-to-date: /home/lunabotics/2025-tibalt-bot/install/realsense2_camera_msgs/share/ament_index/resource_index/package_run_dependencies/realsense2_camera_msgs
[2.693s] -- Up-to-date: /home/lunabotics/2025-tibalt-bot/install/realsense2_camera_msgs/share/ament_index/resource_index/parent_prefix_path/realsense2_camera_msgs
[2.694s] -- Up-to-date: /home/lunabotics/2025-tibalt-bot/install/realsense2_camera_msgs/share/realsense2_camera_msgs/environment/ament_prefix_path.sh
[2.694s] -- Up-to-date: /home/lunabotics/2025-tibalt-bot/install/realsense2_camera_msgs/share/realsense2_camera_msgs/environment/ament_prefix_path.dsv
[2.694s] -- Up-to-date: /home/lunabotics/2025-tibalt-bot/install/realsense2_camera_msgs/share/realsense2_camera_msgs/environment/path.sh
[2.695s] -- Up-to-date: /home/lunabotics/2025-tibalt-bot/install/realsense2_camera_msgs/share/realsense2_camera_msgs/environment/path.dsv
[2.695s] -- Up-to-date: /home/lunabotics/2025-tibalt-bot/install/realsense2_camera_msgs/share/realsense2_camera_msgs/local_setup.bash
[2.695s] -- Up-to-date: /home/lunabotics/2025-tibalt-bot/install/realsense2_camera_msgs/share/realsense2_camera_msgs/local_setup.sh
[2.695s] -- Up-to-date: /home/lunabotics/2025-tibalt-bot/install/realsense2_camera_msgs/share/realsense2_camera_msgs/local_setup.zsh
[2.695s] -- Up-to-date: /home/lunabotics/2025-tibalt-bot/install/realsense2_camera_msgs/share/realsense2_camera_msgs/local_setup.dsv
[2.695s] -- Installing: /home/lunabotics/2025-tibalt-bot/install/realsense2_camera_msgs/share/realsense2_camera_msgs/package.dsv
[2.697s] -- Up-to-date: /home/lunabotics/2025-tibalt-bot/install/realsense2_camera_msgs/share/ament_index/resource_index/packages/realsense2_camera_msgs
[2.697s] -- Up-to-date: /home/lunabotics/2025-tibalt-bot/install/realsense2_camera_msgs/share/realsense2_camera_msgs/cmake/export_realsense2_camera_msgs__rosidl_generator_cExport.cmake
[2.698s] -- Up-to-date: /home/lunabotics/2025-tibalt-bot/install/realsense2_camera_msgs/share/realsense2_camera_msgs/cmake/export_realsense2_camera_msgs__rosidl_generator_cExport-noconfig.cmake
[2.698s] -- Up-to-date: /home/lunabotics/2025-tibalt-bot/install/realsense2_camera_msgs/share/realsense2_camera_msgs/cmake/export_realsense2_camera_msgs__rosidl_typesupport_fastrtps_cExport.cmake
[2.699s] -- Up-to-date: /home/lunabotics/2025-tibalt-bot/install/realsense2_camera_msgs/share/realsense2_camera_msgs/cmake/export_realsense2_camera_msgs__rosidl_typesupport_fastrtps_cExport-noconfig.cmake
[2.699s] -- Up-to-date: /home/lunabotics/2025-tibalt-bot/install/realsense2_camera_msgs/share/realsense2_camera_msgs/cmake/realsense2_camera_msgs__rosidl_typesupport_introspection_cExport.cmake
[2.701s] -- Up-to-date: /home/lunabotics/2025-tibalt-bot/install/realsense2_camera_msgs/share/realsense2_camera_msgs/cmake/realsense2_camera_msgs__rosidl_typesupport_introspection_cExport-noconfig.cmake
[2.701s] -- Up-to-date: /home/lunabotics/2025-tibalt-bot/install/realsense2_camera_msgs/share/realsense2_camera_msgs/cmake/realsense2_camera_msgs__rosidl_typesupport_cExport.cmake
[2.701s] -- Up-to-date: /home/lunabotics/2025-tibalt-bot/install/realsense2_camera_msgs/share/realsense2_camera_msgs/cmake/realsense2_camera_msgs__rosidl_typesupport_cExport-noconfig.cmake
[2.702s] -- Up-to-date: /home/lunabotics/2025-tibalt-bot/install/realsense2_camera_msgs/share/realsense2_camera_msgs/cmake/export_realsense2_camera_msgs__rosidl_generator_cppExport.cmake
[2.702s] -- Up-to-date: /home/lunabotics/2025-tibalt-bot/install/realsense2_camera_msgs/share/realsense2_camera_msgs/cmake/export_realsense2_camera_msgs__rosidl_typesupport_fastrtps_cppExport.cmake
[2.702s] -- Up-to-date: /home/lunabotics/2025-tibalt-bot/install/realsense2_camera_msgs/share/realsense2_camera_msgs/cmake/export_realsense2_camera_msgs__rosidl_typesupport_fastrtps_cppExport-noconfig.cmake
[2.702s] -- Up-to-date: /home/lunabotics/2025-tibalt-bot/install/realsense2_camera_msgs/share/realsense2_camera_msgs/cmake/realsense2_camera_msgs__rosidl_typesupport_introspection_cppExport.cmake
[2.703s] -- Up-to-date: /home/lunabotics/2025-tibalt-bot/install/realsense2_camera_msgs/share/realsense2_camera_msgs/cmake/realsense2_camera_msgs__rosidl_typesupport_introspection_cppExport-noconfig.cmake
[2.703s] -- Up-to-date: /home/lunabotics/2025-tibalt-bot/install/realsense2_camera_msgs/share/realsense2_camera_msgs/cmake/realsense2_camera_msgs__rosidl_typesupport_cppExport.cmake
[2.703s] -- Up-to-date: /home/lunabotics/2025-tibalt-bot/install/realsense2_camera_msgs/share/realsense2_camera_msgs/cmake/realsense2_camera_msgs__rosidl_typesupport_cppExport-noconfig.cmake
[2.703s] -- Up-to-date: /home/lunabotics/2025-tibalt-bot/install/realsense2_camera_msgs/share/realsense2_camera_msgs/cmake/export_realsense2_camera_msgs__rosidl_generator_pyExport.cmake
[2.704s] -- Up-to-date: /home/lunabotics/2025-tibalt-bot/install/realsense2_camera_msgs/share/realsense2_camera_msgs/cmake/export_realsense2_camera_msgs__rosidl_generator_pyExport-noconfig.cmake
[2.705s] -- Up-to-date: /home/lunabotics/2025-tibalt-bot/install/realsense2_camera_msgs/share/realsense2_camera_msgs/cmake/rosidl_cmake-extras.cmake
[2.705s] -- Up-to-date: /home/lunabotics/2025-tibalt-bot/install/realsense2_camera_msgs/share/realsense2_camera_msgs/cmake/ament_cmake_export_dependencies-extras.cmake
[2.705s] -- Up-to-date: /home/lunabotics/2025-tibalt-bot/install/realsense2_camera_msgs/share/realsense2_camera_msgs/cmake/ament_cmake_export_include_directories-extras.cmake
[2.705s] -- Up-to-date: /home/lunabotics/2025-tibalt-bot/install/realsense2_camera_msgs/share/realsense2_camera_msgs/cmake/ament_cmake_export_libraries-extras.cmake
[2.705s] -- Up-to-date: /home/lunabotics/2025-tibalt-bot/install/realsense2_camera_msgs/share/realsense2_camera_msgs/cmake/ament_cmake_export_targets-extras.cmake
[2.705s] -- Up-to-date: /home/lunabotics/2025-tibalt-bot/install/realsense2_camera_msgs/share/realsense2_camera_msgs/cmake/rosidl_cmake_export_typesupport_targets-extras.cmake
[2.706s] -- Up-to-date: /home/lunabotics/2025-tibalt-bot/install/realsense2_camera_msgs/share/realsense2_camera_msgs/cmake/rosidl_cmake_export_typesupport_libraries-extras.cmake
[2.706s] -- Up-to-date: /home/lunabotics/2025-tibalt-bot/install/realsense2_camera_msgs/share/realsense2_camera_msgs/cmake/realsense2_camera_msgsConfig.cmake
[2.706s] -- Up-to-date: /home/lunabotics/2025-tibalt-bot/install/realsense2_camera_msgs/share/realsense2_camera_msgs/cmake/realsense2_camera_msgsConfig-version.cmake
[2.706s] -- Up-to-date: /home/lunabotics/2025-tibalt-bot/install/realsense2_camera_msgs/share/realsense2_camera_msgs/package.xml
[2.717s] Invoked command in '/home/lunabotics/2025-tibalt-bot/build/realsense2_camera_msgs' returned '0': CMAKE_PREFIX_PATH=/opt/ros/humble /usr/bin/cmake --install /home/lunabotics/2025-tibalt-bot/build/realsense2_camera_msgs
