[1.621s] Invoking command in '/home/lunabotics/2025-tibalt-bot/src/rover_control': PYTHONPATH=/home/lunabotics/2025-tibalt-bot/build/rover_control/prefix_override:/usr/lib/python3/dist-packages/colcon_core/task/python/colcon_distutils_commands:/home/lunabotics/2025-tibalt-bot/install/rover_control/lib/python3.10/site-packages:${PYTHONPATH} /usr/bin/python3 -W ignore:setup.py install is deprecated -W ignore:easy_install command is deprecated setup.py egg_info --egg-base ../../build/rover_control build --build-base /home/lunabotics/2025-tibalt-bot/build/rover_control/build install --record /home/lunabotics/2025-tibalt-bot/build/rover_control/install.log --single-version-externally-managed install_data
[2.206s] running egg_info
[2.207s] writing ../../build/rover_control/rover_control.egg-info/PKG-INFO
[2.208s] writing dependency_links to ../../build/rover_control/rover_control.egg-info/dependency_links.txt
[2.209s] writing entry points to ../../build/rover_control/rover_control.egg-info/entry_points.txt
[2.209s] writing requirements to ../../build/rover_control/rover_control.egg-info/requires.txt
[2.209s] writing top-level names to ../../build/rover_control/rover_control.egg-info/top_level.txt
[2.214s] reading manifest file '../../build/rover_control/rover_control.egg-info/SOURCES.txt'
[2.216s] writing manifest file '../../build/rover_control/rover_control.egg-info/SOURCES.txt'
[2.216s] running build
[2.216s] running build_py
[2.217s] running install
[2.218s] running install_lib
[2.222s] running install_data
[2.222s] copying launch/topics_launch.py -> /home/lunabotics/2025-tibalt-bot/install/rover_control/share/rover_control
[2.223s] copying launch/joystick_launch.py -> /home/lunabotics/2025-tibalt-bot/install/rover_control/share/rover_control
[2.223s] running install_egg_info
[2.230s] removing '/home/lunabotics/2025-tibalt-bot/install/rover_control/lib/python3.10/site-packages/rover_control-0.0.0-py3.10.egg-info' (and everything under it)
[2.231s] Copying ../../build/rover_control/rover_control.egg-info to /home/lunabotics/2025-tibalt-bot/install/rover_control/lib/python3.10/site-packages/rover_control-0.0.0-py3.10.egg-info
[2.233s] running install_scripts
[2.288s] writing list of installed files to '/home/lunabotics/2025-tibalt-bot/build/rover_control/install.log'
[2.402s] Invoked command in '/home/lunabotics/2025-tibalt-bot/src/rover_control' returned '0': PYTHONPATH=/home/lunabotics/2025-tibalt-bot/build/rover_control/prefix_override:/usr/lib/python3/dist-packages/colcon_core/task/python/colcon_distutils_commands:/home/lunabotics/2025-tibalt-bot/install/rover_control/lib/python3.10/site-packages:${PYTHONPATH} /usr/bin/python3 -W ignore:setup.py install is deprecated -W ignore:easy_install command is deprecated setup.py egg_info --egg-base ../../build/rover_control build --build-base /home/lunabotics/2025-tibalt-bot/build/rover_control/build install --record /home/lunabotics/2025-tibalt-bot/build/rover_control/install.log --single-version-externally-managed install_data
