[0.034s] Invoking command in '/home/lunabotics/2025-tibalt-bot/build/micro_ros_msgs': /usr/bin/cmake --build /home/lunabotics/2025-tibalt-bot/build/micro_ros_msgs -- -j6 -l6
[0.173s] [  4%] Built target micro_ros_msgs__cpp
[0.174s] [ 12%] Built target micro_ros_msgs__rosidl_generator_c
[0.233s] [ 12%] Built target ament_cmake_python_symlink_micro_ros_msgs
[0.251s] [ 34%] Built target micro_ros_msgs__rosidl_typesupport_cpp
[0.252s] [ 34%] Built target micro_ros_msgs__rosidl_typesupport_fastrtps_cpp
[0.268s] [ 44%] Built target micro_ros_msgs__rosidl_typesupport_introspection_cpp
[0.295s] gmake[2]: Warning: File 'libmicro_ros_msgs__rosidl_typesupport_fastrtps_c.so' has modification time 265 s in the future
[0.295s] gmake[2]: warning:  Clock skew detected.  Your build may be incomplete.
[0.300s] [ 55%] Built target micro_ros_msgs__rosidl_typesupport_c
[0.315s] [ 65%] Built target micro_ros_msgs__rosidl_typesupport_introspection_c
[0.324s] [ 76%] Built target micro_ros_msgs__rosidl_typesupport_fastrtps_c
[0.380s] [ 76%] Built target micro_ros_msgs
[0.442s] [ 78%] Built target micro_ros_msgs__py
[0.503s] [ 87%] Built target micro_ros_msgs__rosidl_generator_py
[0.543s] gmake[2]: Warning: File 'libmicro_ros_msgs__rosidl_typesupport_fastrtps_c.so' has modification time 265 s in the future
[0.563s] [ 91%] [32m[1mLinking C shared library rosidl_generator_py/micro_ros_msgs/micro_ros_msgs_s__rosidl_typesupport_fastrtps_c.cpython-310-aarch64-linux-gnu.so[0m
[0.564s] [ 93%] Built target micro_ros_msgs__rosidl_typesupport_introspection_c__pyext
[0.599s] [ 97%] Built target micro_ros_msgs__rosidl_typesupport_c__pyext
[0.652s] gmake[2]: warning:  Clock skew detected.  Your build may be incomplete.
[0.675s] [100%] Built target micro_ros_msgs__rosidl_typesupport_fastrtps_c__pyext
[0.763s] running egg_info
[0.765s] writing micro_ros_msgs.egg-info/PKG-INFO
[0.766s] writing dependency_links to micro_ros_msgs.egg-info/dependency_links.txt
[0.766s] writing top-level names to micro_ros_msgs.egg-info/top_level.txt
[0.776s] reading manifest file 'micro_ros_msgs.egg-info/SOURCES.txt'
[0.777s] writing manifest file 'micro_ros_msgs.egg-info/SOURCES.txt'
[0.895s] [100%] Built target ament_cmake_python_build_micro_ros_msgs_egg
[0.932s] Invoked command in '/home/lunabotics/2025-tibalt-bot/build/micro_ros_msgs' returned '0': /usr/bin/cmake --build /home/lunabotics/2025-tibalt-bot/build/micro_ros_msgs -- -j6 -l6
[1.160s] Invoking command in '/home/lunabotics/2025-tibalt-bot/build/micro_ros_msgs': /usr/bin/cmake --install /home/lunabotics/2025-tibalt-bot/build/micro_ros_msgs
[1.183s] -- Install configuration: ""
[1.184s] -- Execute custom install script
[1.185s] -- Up-to-date symlink: /home/lunabotics/2025-tibalt-bot/install/micro_ros_msgs/share/ament_index/resource_index/rosidl_interfaces/micro_ros_msgs
[1.186s] -- Up-to-date symlink: /home/lunabotics/2025-tibalt-bot/install/micro_ros_msgs/include/micro_ros_msgs/micro_ros_msgs/msg/detail/entity__functions.h
[1.186s] -- Up-to-date symlink: /home/lunabotics/2025-tibalt-bot/install/micro_ros_msgs/include/micro_ros_msgs/micro_ros_msgs/msg/detail/entity__struct.h
[1.187s] -- Up-to-date symlink: /home/lunabotics/2025-tibalt-bot/install/micro_ros_msgs/include/micro_ros_msgs/micro_ros_msgs/msg/detail/entity__type_support.h
[1.187s] -- Up-to-date symlink: /home/lunabotics/2025-tibalt-bot/install/micro_ros_msgs/include/micro_ros_msgs/micro_ros_msgs/msg/detail/graph__functions.h
[1.188s] -- Up-to-date symlink: /home/lunabotics/2025-tibalt-bot/install/micro_ros_msgs/include/micro_ros_msgs/micro_ros_msgs/msg/detail/graph__struct.h
[1.189s] -- Up-to-date symlink: /home/lunabotics/2025-tibalt-bot/install/micro_ros_msgs/include/micro_ros_msgs/micro_ros_msgs/msg/detail/graph__type_support.h
[1.189s] -- Up-to-date symlink: /home/lunabotics/2025-tibalt-bot/install/micro_ros_msgs/include/micro_ros_msgs/micro_ros_msgs/msg/detail/node__functions.h
[1.189s] -- Up-to-date symlink: /home/lunabotics/2025-tibalt-bot/install/micro_ros_msgs/include/micro_ros_msgs/micro_ros_msgs/msg/detail/node__struct.h
[1.189s] -- Up-to-date symlink: /home/lunabotics/2025-tibalt-bot/install/micro_ros_msgs/include/micro_ros_msgs/micro_ros_msgs/msg/detail/node__type_support.h
[1.189s] -- Up-to-date symlink: /home/lunabotics/2025-tibalt-bot/install/micro_ros_msgs/include/micro_ros_msgs/micro_ros_msgs/msg/entity.h
[1.189s] -- Up-to-date symlink: /home/lunabotics/2025-tibalt-bot/install/micro_ros_msgs/include/micro_ros_msgs/micro_ros_msgs/msg/graph.h
[1.190s] -- Up-to-date symlink: /home/lunabotics/2025-tibalt-bot/install/micro_ros_msgs/include/micro_ros_msgs/micro_ros_msgs/msg/node.h
[1.190s] -- Up-to-date symlink: /home/lunabotics/2025-tibalt-bot/install/micro_ros_msgs/include/micro_ros_msgs/micro_ros_msgs/msg/rosidl_generator_c__visibility_control.h
[1.191s] -- Up-to-date symlink: /home/lunabotics/2025-tibalt-bot/install/micro_ros_msgs/share/micro_ros_msgs/environment/library_path.sh
[1.191s] -- Up-to-date symlink: /home/lunabotics/2025-tibalt-bot/install/micro_ros_msgs/share/micro_ros_msgs/environment/library_path.dsv
[1.192s] -- Up-to-date symlink: /home/lunabotics/2025-tibalt-bot/install/micro_ros_msgs/include/micro_ros_msgs/micro_ros_msgs/msg/detail/entity__rosidl_typesupport_fastrtps_c.h
[1.193s] -- Up-to-date symlink: /home/lunabotics/2025-tibalt-bot/install/micro_ros_msgs/include/micro_ros_msgs/micro_ros_msgs/msg/detail/graph__rosidl_typesupport_fastrtps_c.h
[1.193s] -- Up-to-date symlink: /home/lunabotics/2025-tibalt-bot/install/micro_ros_msgs/include/micro_ros_msgs/micro_ros_msgs/msg/detail/node__rosidl_typesupport_fastrtps_c.h
[1.193s] -- Up-to-date symlink: /home/lunabotics/2025-tibalt-bot/install/micro_ros_msgs/include/micro_ros_msgs/micro_ros_msgs/msg/rosidl_typesupport_fastrtps_c__visibility_control.h
[1.193s] -- Up-to-date symlink: /home/lunabotics/2025-tibalt-bot/install/micro_ros_msgs/include/micro_ros_msgs/micro_ros_msgs/msg/detail/entity__rosidl_typesupport_introspection_c.h
[1.193s] -- Up-to-date symlink: /home/lunabotics/2025-tibalt-bot/install/micro_ros_msgs/include/micro_ros_msgs/micro_ros_msgs/msg/detail/graph__rosidl_typesupport_introspection_c.h
[1.193s] -- Up-to-date symlink: /home/lunabotics/2025-tibalt-bot/install/micro_ros_msgs/include/micro_ros_msgs/micro_ros_msgs/msg/detail/node__rosidl_typesupport_introspection_c.h
[1.194s] -- Up-to-date symlink: /home/lunabotics/2025-tibalt-bot/install/micro_ros_msgs/include/micro_ros_msgs/micro_ros_msgs/msg/rosidl_typesupport_introspection_c__visibility_control.h
[1.194s] -- Up-to-date symlink: /home/lunabotics/2025-tibalt-bot/install/micro_ros_msgs/include/micro_ros_msgs/micro_ros_msgs/msg/detail/entity__builder.hpp
[1.195s] -- Up-to-date symlink: /home/lunabotics/2025-tibalt-bot/install/micro_ros_msgs/include/micro_ros_msgs/micro_ros_msgs/msg/detail/entity__struct.hpp
[1.196s] -- Up-to-date symlink: /home/lunabotics/2025-tibalt-bot/install/micro_ros_msgs/include/micro_ros_msgs/micro_ros_msgs/msg/detail/entity__traits.hpp
[1.196s] -- Up-to-date symlink: /home/lunabotics/2025-tibalt-bot/install/micro_ros_msgs/include/micro_ros_msgs/micro_ros_msgs/msg/detail/entity__type_support.hpp
[1.196s] -- Up-to-date symlink: /home/lunabotics/2025-tibalt-bot/install/micro_ros_msgs/include/micro_ros_msgs/micro_ros_msgs/msg/detail/graph__builder.hpp
[1.196s] -- Up-to-date symlink: /home/lunabotics/2025-tibalt-bot/install/micro_ros_msgs/include/micro_ros_msgs/micro_ros_msgs/msg/detail/graph__struct.hpp
[1.196s] -- Up-to-date symlink: /home/lunabotics/2025-tibalt-bot/install/micro_ros_msgs/include/micro_ros_msgs/micro_ros_msgs/msg/detail/graph__traits.hpp
[1.197s] -- Up-to-date symlink: /home/lunabotics/2025-tibalt-bot/install/micro_ros_msgs/include/micro_ros_msgs/micro_ros_msgs/msg/detail/graph__type_support.hpp
[1.197s] -- Up-to-date symlink: /home/lunabotics/2025-tibalt-bot/install/micro_ros_msgs/include/micro_ros_msgs/micro_ros_msgs/msg/detail/node__builder.hpp
[1.197s] -- Up-to-date symlink: /home/lunabotics/2025-tibalt-bot/install/micro_ros_msgs/include/micro_ros_msgs/micro_ros_msgs/msg/detail/node__struct.hpp
[1.197s] -- Up-to-date symlink: /home/lunabotics/2025-tibalt-bot/install/micro_ros_msgs/include/micro_ros_msgs/micro_ros_msgs/msg/detail/node__traits.hpp
[1.198s] -- Up-to-date symlink: /home/lunabotics/2025-tibalt-bot/install/micro_ros_msgs/include/micro_ros_msgs/micro_ros_msgs/msg/detail/node__type_support.hpp
[1.198s] -- Up-to-date symlink: /home/lunabotics/2025-tibalt-bot/install/micro_ros_msgs/include/micro_ros_msgs/micro_ros_msgs/msg/entity.hpp
[1.198s] -- Up-to-date symlink: /home/lunabotics/2025-tibalt-bot/install/micro_ros_msgs/include/micro_ros_msgs/micro_ros_msgs/msg/graph.hpp
[1.200s] -- Up-to-date symlink: /home/lunabotics/2025-tibalt-bot/install/micro_ros_msgs/include/micro_ros_msgs/micro_ros_msgs/msg/node.hpp
[1.203s] -- Up-to-date symlink: /home/lunabotics/2025-tibalt-bot/install/micro_ros_msgs/include/micro_ros_msgs/micro_ros_msgs/msg/rosidl_generator_cpp__visibility_control.hpp
[1.203s] -- Up-to-date symlink: /home/lunabotics/2025-tibalt-bot/install/micro_ros_msgs/include/micro_ros_msgs/micro_ros_msgs/msg/detail/entity__rosidl_typesupport_fastrtps_cpp.hpp
[1.203s] -- Up-to-date symlink: /home/lunabotics/2025-tibalt-bot/install/micro_ros_msgs/include/micro_ros_msgs/micro_ros_msgs/msg/detail/graph__rosidl_typesupport_fastrtps_cpp.hpp
[1.204s] -- Up-to-date symlink: /home/lunabotics/2025-tibalt-bot/install/micro_ros_msgs/include/micro_ros_msgs/micro_ros_msgs/msg/detail/node__rosidl_typesupport_fastrtps_cpp.hpp
[1.204s] -- Up-to-date symlink: /home/lunabotics/2025-tibalt-bot/install/micro_ros_msgs/include/micro_ros_msgs/micro_ros_msgs/msg/rosidl_typesupport_fastrtps_cpp__visibility_control.h
[1.204s] -- Up-to-date symlink: /home/lunabotics/2025-tibalt-bot/install/micro_ros_msgs/include/micro_ros_msgs/micro_ros_msgs/msg/detail/entity__rosidl_typesupport_introspection_cpp.hpp
[1.204s] -- Up-to-date symlink: /home/lunabotics/2025-tibalt-bot/install/micro_ros_msgs/include/micro_ros_msgs/micro_ros_msgs/msg/detail/graph__rosidl_typesupport_introspection_cpp.hpp
[1.204s] -- Up-to-date symlink: /home/lunabotics/2025-tibalt-bot/install/micro_ros_msgs/include/micro_ros_msgs/micro_ros_msgs/msg/detail/node__rosidl_typesupport_introspection_cpp.hpp
[1.204s] -- Up-to-date symlink: /home/lunabotics/2025-tibalt-bot/install/micro_ros_msgs/share/micro_ros_msgs/environment/pythonpath.sh
[1.205s] -- Up-to-date symlink: /home/lunabotics/2025-tibalt-bot/install/micro_ros_msgs/share/micro_ros_msgs/environment/pythonpath.dsv
[1.205s] -- Up-to-date symlink: /home/lunabotics/2025-tibalt-bot/install/micro_ros_msgs/local/lib/python3.10/dist-packages/micro_ros_msgs-5.0.2-py3.10.egg-info/PKG-INFO
[1.205s] -- Up-to-date symlink: /home/lunabotics/2025-tibalt-bot/install/micro_ros_msgs/local/lib/python3.10/dist-packages/micro_ros_msgs-5.0.2-py3.10.egg-info/SOURCES.txt
[1.205s] -- Up-to-date symlink: /home/lunabotics/2025-tibalt-bot/install/micro_ros_msgs/local/lib/python3.10/dist-packages/micro_ros_msgs-5.0.2-py3.10.egg-info/dependency_links.txt
[1.206s] -- Up-to-date symlink: /home/lunabotics/2025-tibalt-bot/install/micro_ros_msgs/local/lib/python3.10/dist-packages/micro_ros_msgs-5.0.2-py3.10.egg-info/top_level.txt
[1.207s] -- Up-to-date symlink: /home/lunabotics/2025-tibalt-bot/install/micro_ros_msgs/local/lib/python3.10/dist-packages/micro_ros_msgs/__init__.py
[1.208s] -- Up-to-date symlink: /home/lunabotics/2025-tibalt-bot/install/micro_ros_msgs/local/lib/python3.10/dist-packages/micro_ros_msgs/_micro_ros_msgs_s.ep.rosidl_typesupport_c.c
[1.208s] -- Up-to-date symlink: /home/lunabotics/2025-tibalt-bot/install/micro_ros_msgs/local/lib/python3.10/dist-packages/micro_ros_msgs/_micro_ros_msgs_s.ep.rosidl_typesupport_fastrtps_c.c
[1.208s] -- Up-to-date symlink: /home/lunabotics/2025-tibalt-bot/install/micro_ros_msgs/local/lib/python3.10/dist-packages/micro_ros_msgs/_micro_ros_msgs_s.ep.rosidl_typesupport_introspection_c.c
[1.208s] -- Up-to-date symlink: /home/lunabotics/2025-tibalt-bot/install/micro_ros_msgs/local/lib/python3.10/dist-packages/micro_ros_msgs/libmicro_ros_msgs__rosidl_generator_py.so
[1.208s] -- Up-to-date symlink: /home/lunabotics/2025-tibalt-bot/install/micro_ros_msgs/local/lib/python3.10/dist-packages/micro_ros_msgs/micro_ros_msgs_s__rosidl_typesupport_c.cpython-310-aarch64-linux-gnu.so
[1.209s] -- Up-to-date symlink: /home/lunabotics/2025-tibalt-bot/install/micro_ros_msgs/local/lib/python3.10/dist-packages/micro_ros_msgs/micro_ros_msgs_s__rosidl_typesupport_fastrtps_c.cpython-310-aarch64-linux-gnu.so
[1.209s] -- Up-to-date symlink: /home/lunabotics/2025-tibalt-bot/install/micro_ros_msgs/local/lib/python3.10/dist-packages/micro_ros_msgs/micro_ros_msgs_s__rosidl_typesupport_introspection_c.cpython-310-aarch64-linux-gnu.so
[1.209s] -- Up-to-date symlink: /home/lunabotics/2025-tibalt-bot/install/micro_ros_msgs/local/lib/python3.10/dist-packages/micro_ros_msgs/msg/__init__.py
[1.209s] -- Up-to-date symlink: /home/lunabotics/2025-tibalt-bot/install/micro_ros_msgs/local/lib/python3.10/dist-packages/micro_ros_msgs/msg/_entity.py
[1.209s] -- Up-to-date symlink: /home/lunabotics/2025-tibalt-bot/install/micro_ros_msgs/local/lib/python3.10/dist-packages/micro_ros_msgs/msg/_entity_s.c
[1.213s] -- Up-to-date symlink: /home/lunabotics/2025-tibalt-bot/install/micro_ros_msgs/local/lib/python3.10/dist-packages/micro_ros_msgs/msg/_graph.py
[1.214s] -- Up-to-date symlink: /home/lunabotics/2025-tibalt-bot/install/micro_ros_msgs/local/lib/python3.10/dist-packages/micro_ros_msgs/msg/_graph_s.c
[1.215s] -- Up-to-date symlink: /home/lunabotics/2025-tibalt-bot/install/micro_ros_msgs/local/lib/python3.10/dist-packages/micro_ros_msgs/msg/_node.py
[1.216s] -- Up-to-date symlink: /home/lunabotics/2025-tibalt-bot/install/micro_ros_msgs/local/lib/python3.10/dist-packages/micro_ros_msgs/msg/_node_s.c
[1.217s] -- Up-to-date symlink: /home/lunabotics/2025-tibalt-bot/install/micro_ros_msgs/local/lib/python3.10/dist-packages/micro_ros_msgs/micro_ros_msgs_s__rosidl_typesupport_fastrtps_c.cpython-310-aarch64-linux-gnu.so
[1.217s] -- Up-to-date symlink: /home/lunabotics/2025-tibalt-bot/install/micro_ros_msgs/local/lib/python3.10/dist-packages/micro_ros_msgs/micro_ros_msgs_s__rosidl_typesupport_introspection_c.cpython-310-aarch64-linux-gnu.so
[1.217s] -- Up-to-date symlink: /home/lunabotics/2025-tibalt-bot/install/micro_ros_msgs/local/lib/python3.10/dist-packages/micro_ros_msgs/micro_ros_msgs_s__rosidl_typesupport_c.cpython-310-aarch64-linux-gnu.so
[1.217s] -- Up-to-date symlink: /home/lunabotics/2025-tibalt-bot/install/micro_ros_msgs/share/micro_ros_msgs/msg/Graph.idl
[1.217s] -- Up-to-date symlink: /home/lunabotics/2025-tibalt-bot/install/micro_ros_msgs/share/micro_ros_msgs/msg/Node.idl
[1.217s] -- Up-to-date symlink: /home/lunabotics/2025-tibalt-bot/install/micro_ros_msgs/share/micro_ros_msgs/msg/Entity.idl
[1.218s] -- Up-to-date symlink: /home/lunabotics/2025-tibalt-bot/install/micro_ros_msgs/share/micro_ros_msgs/msg/Graph.msg
[1.218s] -- Up-to-date symlink: /home/lunabotics/2025-tibalt-bot/install/micro_ros_msgs/share/micro_ros_msgs/msg/Node.msg
[1.218s] -- Up-to-date symlink: /home/lunabotics/2025-tibalt-bot/install/micro_ros_msgs/share/micro_ros_msgs/msg/Entity.msg
[1.218s] -- Up-to-date symlink: /home/lunabotics/2025-tibalt-bot/install/micro_ros_msgs/share/ament_index/resource_index/package_run_dependencies/micro_ros_msgs
[1.218s] -- Up-to-date symlink: /home/lunabotics/2025-tibalt-bot/install/micro_ros_msgs/share/ament_index/resource_index/parent_prefix_path/micro_ros_msgs
[1.218s] -- Up-to-date symlink: /home/lunabotics/2025-tibalt-bot/install/micro_ros_msgs/share/micro_ros_msgs/environment/ament_prefix_path.sh
[1.218s] -- Up-to-date symlink: /home/lunabotics/2025-tibalt-bot/install/micro_ros_msgs/share/micro_ros_msgs/environment/ament_prefix_path.dsv
[1.219s] -- Up-to-date symlink: /home/lunabotics/2025-tibalt-bot/install/micro_ros_msgs/share/micro_ros_msgs/environment/path.sh
[1.219s] -- Up-to-date symlink: /home/lunabotics/2025-tibalt-bot/install/micro_ros_msgs/share/micro_ros_msgs/environment/path.dsv
[1.219s] -- Up-to-date symlink: /home/lunabotics/2025-tibalt-bot/install/micro_ros_msgs/share/micro_ros_msgs/local_setup.bash
[1.219s] -- Up-to-date symlink: /home/lunabotics/2025-tibalt-bot/install/micro_ros_msgs/share/micro_ros_msgs/local_setup.sh
[1.219s] -- Up-to-date symlink: /home/lunabotics/2025-tibalt-bot/install/micro_ros_msgs/share/micro_ros_msgs/local_setup.zsh
[1.219s] -- Up-to-date symlink: /home/lunabotics/2025-tibalt-bot/install/micro_ros_msgs/share/micro_ros_msgs/local_setup.dsv
[1.219s] -- Symlinking: /home/lunabotics/2025-tibalt-bot/install/micro_ros_msgs/share/micro_ros_msgs/package.dsv
[1.242s] -- Up-to-date symlink: /home/lunabotics/2025-tibalt-bot/install/micro_ros_msgs/share/ament_index/resource_index/packages/micro_ros_msgs
[1.243s] -- Up-to-date symlink: /home/lunabotics/2025-tibalt-bot/install/micro_ros_msgs/share/micro_ros_msgs/cmake/rosidl_cmake-extras.cmake
[1.243s] -- Up-to-date symlink: /home/lunabotics/2025-tibalt-bot/install/micro_ros_msgs/share/micro_ros_msgs/cmake/ament_cmake_export_include_directories-extras.cmake
[1.243s] -- Up-to-date symlink: /home/lunabotics/2025-tibalt-bot/install/micro_ros_msgs/share/micro_ros_msgs/cmake/ament_cmake_export_libraries-extras.cmake
[1.243s] -- Up-to-date symlink: /home/lunabotics/2025-tibalt-bot/install/micro_ros_msgs/share/micro_ros_msgs/cmake/ament_cmake_export_targets-extras.cmake
[1.244s] -- Up-to-date symlink: /home/lunabotics/2025-tibalt-bot/install/micro_ros_msgs/share/micro_ros_msgs/cmake/rosidl_cmake_export_typesupport_targets-extras.cmake
[1.244s] -- Up-to-date symlink: /home/lunabotics/2025-tibalt-bot/install/micro_ros_msgs/share/micro_ros_msgs/cmake/ament_cmake_export_dependencies-extras.cmake
[1.244s] -- Up-to-date symlink: /home/lunabotics/2025-tibalt-bot/install/micro_ros_msgs/share/micro_ros_msgs/cmake/rosidl_cmake_export_typesupport_libraries-extras.cmake
[1.245s] -- Up-to-date symlink: /home/lunabotics/2025-tibalt-bot/install/micro_ros_msgs/share/micro_ros_msgs/cmake/micro_ros_msgsConfig.cmake
[1.245s] -- Up-to-date symlink: /home/lunabotics/2025-tibalt-bot/install/micro_ros_msgs/share/micro_ros_msgs/cmake/micro_ros_msgsConfig-version.cmake
[1.245s] -- Up-to-date symlink: /home/lunabotics/2025-tibalt-bot/install/micro_ros_msgs/share/micro_ros_msgs/package.xml
[1.246s] -- Up-to-date: /home/lunabotics/2025-tibalt-bot/install/micro_ros_msgs/lib/libmicro_ros_msgs__rosidl_generator_c.so
[1.247s] -- Up-to-date: /home/lunabotics/2025-tibalt-bot/install/micro_ros_msgs/lib/libmicro_ros_msgs__rosidl_typesupport_fastrtps_c.so
[1.247s] -- Up-to-date: /home/lunabotics/2025-tibalt-bot/install/micro_ros_msgs/lib/libmicro_ros_msgs__rosidl_typesupport_introspection_c.so
[1.247s] -- Up-to-date: /home/lunabotics/2025-tibalt-bot/install/micro_ros_msgs/lib/libmicro_ros_msgs__rosidl_typesupport_c.so
[1.248s] -- Up-to-date: /home/lunabotics/2025-tibalt-bot/install/micro_ros_msgs/lib/libmicro_ros_msgs__rosidl_typesupport_fastrtps_cpp.so
[1.249s] -- Up-to-date: /home/lunabotics/2025-tibalt-bot/install/micro_ros_msgs/lib/libmicro_ros_msgs__rosidl_typesupport_introspection_cpp.so
[1.249s] -- Up-to-date: /home/lunabotics/2025-tibalt-bot/install/micro_ros_msgs/lib/libmicro_ros_msgs__rosidl_typesupport_cpp.so
[1.343s] Listing '/home/lunabotics/2025-tibalt-bot/install/micro_ros_msgs/local/lib/python3.10/dist-packages/micro_ros_msgs'...
[1.343s] Listing '/home/lunabotics/2025-tibalt-bot/install/micro_ros_msgs/local/lib/python3.10/dist-packages/micro_ros_msgs/msg'...
[1.361s] -- Up-to-date: /home/lunabotics/2025-tibalt-bot/install/micro_ros_msgs/lib/libmicro_ros_msgs__rosidl_generator_py.so
[1.362s] -- Up-to-date: /home/lunabotics/2025-tibalt-bot/install/micro_ros_msgs/share/micro_ros_msgs/cmake/export_micro_ros_msgs__rosidl_generator_cExport.cmake
[1.362s] -- Up-to-date: /home/lunabotics/2025-tibalt-bot/install/micro_ros_msgs/share/micro_ros_msgs/cmake/export_micro_ros_msgs__rosidl_generator_cExport-noconfig.cmake
[1.362s] -- Up-to-date: /home/lunabotics/2025-tibalt-bot/install/micro_ros_msgs/share/micro_ros_msgs/cmake/export_micro_ros_msgs__rosidl_typesupport_fastrtps_cExport.cmake
[1.363s] -- Up-to-date: /home/lunabotics/2025-tibalt-bot/install/micro_ros_msgs/share/micro_ros_msgs/cmake/export_micro_ros_msgs__rosidl_typesupport_fastrtps_cExport-noconfig.cmake
[1.363s] -- Up-to-date: /home/lunabotics/2025-tibalt-bot/install/micro_ros_msgs/share/micro_ros_msgs/cmake/micro_ros_msgs__rosidl_typesupport_introspection_cExport.cmake
[1.363s] -- Up-to-date: /home/lunabotics/2025-tibalt-bot/install/micro_ros_msgs/share/micro_ros_msgs/cmake/micro_ros_msgs__rosidl_typesupport_introspection_cExport-noconfig.cmake
[1.363s] -- Up-to-date: /home/lunabotics/2025-tibalt-bot/install/micro_ros_msgs/share/micro_ros_msgs/cmake/micro_ros_msgs__rosidl_typesupport_cExport.cmake
[1.364s] -- Up-to-date: /home/lunabotics/2025-tibalt-bot/install/micro_ros_msgs/share/micro_ros_msgs/cmake/micro_ros_msgs__rosidl_typesupport_cExport-noconfig.cmake
[1.364s] -- Up-to-date: /home/lunabotics/2025-tibalt-bot/install/micro_ros_msgs/share/micro_ros_msgs/cmake/export_micro_ros_msgs__rosidl_generator_cppExport.cmake
[1.364s] -- Up-to-date: /home/lunabotics/2025-tibalt-bot/install/micro_ros_msgs/share/micro_ros_msgs/cmake/export_micro_ros_msgs__rosidl_typesupport_fastrtps_cppExport.cmake
[1.364s] -- Up-to-date: /home/lunabotics/2025-tibalt-bot/install/micro_ros_msgs/share/micro_ros_msgs/cmake/export_micro_ros_msgs__rosidl_typesupport_fastrtps_cppExport-noconfig.cmake
[1.364s] -- Up-to-date: /home/lunabotics/2025-tibalt-bot/install/micro_ros_msgs/share/micro_ros_msgs/cmake/micro_ros_msgs__rosidl_typesupport_introspection_cppExport.cmake
[1.365s] -- Up-to-date: /home/lunabotics/2025-tibalt-bot/install/micro_ros_msgs/share/micro_ros_msgs/cmake/micro_ros_msgs__rosidl_typesupport_introspection_cppExport-noconfig.cmake
[1.365s] -- Up-to-date: /home/lunabotics/2025-tibalt-bot/install/micro_ros_msgs/share/micro_ros_msgs/cmake/micro_ros_msgs__rosidl_typesupport_cppExport.cmake
[1.365s] -- Up-to-date: /home/lunabotics/2025-tibalt-bot/install/micro_ros_msgs/share/micro_ros_msgs/cmake/micro_ros_msgs__rosidl_typesupport_cppExport-noconfig.cmake
[1.365s] -- Up-to-date: /home/lunabotics/2025-tibalt-bot/install/micro_ros_msgs/share/micro_ros_msgs/cmake/export_micro_ros_msgs__rosidl_generator_pyExport.cmake
[1.365s] -- Up-to-date: /home/lunabotics/2025-tibalt-bot/install/micro_ros_msgs/share/micro_ros_msgs/cmake/export_micro_ros_msgs__rosidl_generator_pyExport-noconfig.cmake
[1.372s] Invoked command in '/home/lunabotics/2025-tibalt-bot/build/micro_ros_msgs' returned '0': /usr/bin/cmake --install /home/lunabotics/2025-tibalt-bot/build/micro_ros_msgs
