[1.579s] Invoking command in '/home/lunabotics/2025-tibalt-bot/build/rover_control': PYTHONPATH=/home/lunabotics/2025-tibalt-bot/build/rover_control/prefix_override:/usr/lib/python3/dist-packages/colcon_core/task/python/colcon_distutils_commands:/home/lunabotics/2025-tibalt-bot/install/rover_control/lib/python3.10/site-packages:${PYTHONPATH} /usr/bin/python3 -W ignore:setup.py install is deprecated -W ignore:easy_install command is deprecated setup.py develop --editable --build-directory /home/lunabotics/2025-tibalt-bot/build/rover_control/build --no-deps symlink_data
[2.213s] running develop
[2.592s] running egg_info
[2.592s] creating rover_control.egg-info
[2.592s] writing rover_control.egg-info/PKG-INFO
[2.593s] writing dependency_links to rover_control.egg-info/dependency_links.txt
[2.594s] writing entry points to rover_control.egg-info/entry_points.txt
[2.594s] writing requirements to rover_control.egg-info/requires.txt
[2.594s] writing top-level names to rover_control.egg-info/top_level.txt
[2.595s] writing manifest file 'rover_control.egg-info/SOURCES.txt'
[2.601s] reading manifest file 'rover_control.egg-info/SOURCES.txt'
[2.602s] writing manifest file 'rover_control.egg-info/SOURCES.txt'
[2.606s] running build_ext
[2.607s] Creating /home/lunabotics/2025-tibalt-bot/install/rover_control/lib/python3.10/site-packages/rover-control.egg-link (link to .)
[2.610s] Installing joystick_pipeline script to /home/lunabotics/2025-tibalt-bot/install/rover_control/lib/rover_control
[2.610s] Installing tibalt_control script to /home/lunabotics/2025-tibalt-bot/install/rover_control/lib/rover_control
[2.611s] 
[2.611s] Installed /home/lunabotics/2025-tibalt-bot/build/rover_control
[2.611s] running symlink_data
[2.611s] symbolically linking /home/lunabotics/2025-tibalt-bot/build/rover_control/package.xml -> /home/lunabotics/2025-tibalt-bot/install/rover_control/share/rover_control
[2.611s] creating /home/lunabotics/2025-tibalt-bot/install/rover_control/share/rover_control/launch
[2.612s] symbolically linking /home/lunabotics/2025-tibalt-bot/build/rover_control/launch/topics_launch.py -> /home/lunabotics/2025-tibalt-bot/install/rover_control/share/rover_control/launch
[2.612s] symbolically linking /home/lunabotics/2025-tibalt-bot/build/rover_control/launch/joystick_launch.py -> /home/lunabotics/2025-tibalt-bot/install/rover_control/share/rover_control/launch
[2.612s] creating /home/lunabotics/2025-tibalt-bot/install/rover_control/share/rover_control/config
[2.612s] creating /home/lunabotics/2025-tibalt-bot/install/rover_control/share/rover_control/urdf
[2.768s] Invoked command in '/home/lunabotics/2025-tibalt-bot/build/rover_control' returned '0': PYTHONPATH=/home/lunabotics/2025-tibalt-bot/build/rover_control/prefix_override:/usr/lib/python3/dist-packages/colcon_core/task/python/colcon_distutils_commands:/home/lunabotics/2025-tibalt-bot/install/rover_control/lib/python3.10/site-packages:${PYTHONPATH} /usr/bin/python3 -W ignore:setup.py install is deprecated -W ignore:easy_install command is deprecated setup.py develop --editable --build-directory /home/lunabotics/2025-tibalt-bot/build/rover_control/build --no-deps symlink_data
