[0.039s] Invoking command in '/home/lunabotics/2025-tibalt-bot/build/micro_ros_msgs': CMAKE_PREFIX_PATH=${CMAKE_PREFIX_PATH}:/opt/ros/humble:/home/lunabotics/2025-tibalt-bot/install/rover_control /usr/bin/cmake /home/lunabotics/2025-tibalt-bot/src/micro_ros_msgs -DCMAKE_INSTALL_PREFIX=/home/lunabotics/2025-tibalt-bot/install/micro_ros_msgs
[0.071s] -- Found ament_cmake: 1.3.11 (/opt/ros/humble/share/ament_cmake/cmake)
[0.401s] -- Override CMake install command with custom implementation using symlinks instead of copying resources
[0.428s] -- Found rosidl_default_generators: 1.2.0 (/opt/ros/humble/share/rosidl_default_generators/cmake)
[0.435s] -- Using all available rosidl_typesupport_c: rosidl_typesupport_fastrtps_c;rosidl_typesupport_introspection_c
[0.445s] -- Found rosidl_adapter: 3.1.6 (/opt/ros/humble/share/rosidl_adapter/cmake)
[0.516s] -- Using all available rosidl_typesupport_cpp: rosidl_typesupport_fastrtps_cpp;rosidl_typesupport_introspection_cpp
[0.570s] -- Found ament_lint_auto: 0.12.12 (/opt/ros/humble/share/ament_lint_auto/cmake)
[1.247s] -- Found ament_cmake_ros: 0.10.0 (/opt/ros/humble/share/ament_cmake_ros/cmake)
[1.744s] -- Using all available rosidl_typesupport_c: rosidl_typesupport_fastrtps_c;rosidl_typesupport_introspection_c
[2.377s] -- Using all available rosidl_typesupport_cpp: rosidl_typesupport_fastrtps_cpp;rosidl_typesupport_introspection_cpp
[2.437s] -- Found python_cmake_module: 0.10.0 (/opt/ros/humble/share/python_cmake_module/cmake)
[2.498s] -- Using PYTHON_EXECUTABLE: /usr/bin/python3
[2.498s] -- Using PYTHON_INCLUDE_DIRS: /usr/include/python3.10
[2.499s] -- Using PYTHON_LIBRARIES: /usr/lib/aarch64-linux-gnu/libpython3.10.so
[2.553s] -- Added test 'copyright' to check source files copyright and LICENSE
[2.558s] -- Added test 'lint_cmake' to check CMake code style
[2.561s] -- Added test 'xmllint' to check XML markup files
[2.572s] -- Configuring done
[2.649s] -- Generating done
[2.676s] -- Build files have been written to: /home/lunabotics/2025-tibalt-bot/build/micro_ros_msgs
[2.705s] Invoked command in '/home/lunabotics/2025-tibalt-bot/build/micro_ros_msgs' returned '0': CMAKE_PREFIX_PATH=${CMAKE_PREFIX_PATH}:/opt/ros/humble:/home/lunabotics/2025-tibalt-bot/install/rover_control /usr/bin/cmake /home/lunabotics/2025-tibalt-bot/src/micro_ros_msgs -DCMAKE_INSTALL_PREFIX=/home/lunabotics/2025-tibalt-bot/install/micro_ros_msgs
[2.708s] Invoking command in '/home/lunabotics/2025-tibalt-bot/build/micro_ros_msgs': CMAKE_PREFIX_PATH=${CMAKE_PREFIX_PATH}:/opt/ros/humble:/home/lunabotics/2025-tibalt-bot/install/rover_control /usr/bin/cmake --build /home/lunabotics/2025-tibalt-bot/build/micro_ros_msgs -- -j6 -l6
[2.815s] [35m[1mConsolidate compiler generated dependencies of target micro_ros_msgs__rosidl_generator_c[0m
[2.840s] [  2%] Built target micro_ros_msgs__cpp
[2.856s] [ 12%] Built target micro_ros_msgs__rosidl_generator_c
[2.865s] [ 12%] Built target ament_cmake_python_symlink_micro_ros_msgs
[2.874s] [35m[1mConsolidate compiler generated dependencies of target micro_ros_msgs__rosidl_typesupport_cpp[0m
[2.874s] [35m[1mConsolidate compiler generated dependencies of target micro_ros_msgs__rosidl_typesupport_fastrtps_cpp[0m
[2.887s] [35m[1mConsolidate compiler generated dependencies of target micro_ros_msgs__rosidl_typesupport_fastrtps_c[0m
[2.888s] [35m[1mConsolidate compiler generated dependencies of target micro_ros_msgs__rosidl_typesupport_introspection_cpp[0m
[2.896s] [35m[1mConsolidate compiler generated dependencies of target micro_ros_msgs__rosidl_typesupport_introspection_c[0m
[2.906s] [35m[1mConsolidate compiler generated dependencies of target micro_ros_msgs__rosidl_typesupport_c[0m
[2.918s] [ 23%] Built target micro_ros_msgs__rosidl_typesupport_cpp
[2.923s] [ 34%] Built target micro_ros_msgs__rosidl_typesupport_fastrtps_cpp
[2.929s] [ 44%] Built target micro_ros_msgs__rosidl_typesupport_introspection_cpp
[2.931s] [ 55%] Built target micro_ros_msgs__rosidl_typesupport_fastrtps_c
[2.932s] [ 65%] Built target micro_ros_msgs__rosidl_typesupport_introspection_c
[2.953s] [ 76%] Built target micro_ros_msgs__rosidl_typesupport_c
[3.009s] [ 76%] Built target micro_ros_msgs
[3.068s] [ 78%] Built target micro_ros_msgs__py
[3.096s] [35m[1mConsolidate compiler generated dependencies of target micro_ros_msgs__rosidl_generator_py[0m
[3.134s] [ 87%] Built target micro_ros_msgs__rosidl_generator_py
[3.164s] [35m[1mConsolidate compiler generated dependencies of target micro_ros_msgs__rosidl_typesupport_introspection_c__pyext[0m
[3.164s] [35m[1mConsolidate compiler generated dependencies of target micro_ros_msgs__rosidl_typesupport_fastrtps_c__pyext[0m
[3.168s] [35m[1mConsolidate compiler generated dependencies of target micro_ros_msgs__rosidl_typesupport_c__pyext[0m
[3.198s] [ 95%] Built target micro_ros_msgs__rosidl_typesupport_fastrtps_c__pyext
[3.199s] [ 95%] Built target micro_ros_msgs__rosidl_typesupport_introspection_c__pyext
[3.200s] [100%] Built target micro_ros_msgs__rosidl_typesupport_c__pyext
[3.536s] running egg_info
[3.537s] writing micro_ros_msgs.egg-info/PKG-INFO
[3.538s] writing dependency_links to micro_ros_msgs.egg-info/dependency_links.txt
[3.539s] writing top-level names to micro_ros_msgs.egg-info/top_level.txt
[3.545s] reading manifest file 'micro_ros_msgs.egg-info/SOURCES.txt'
[3.547s] writing manifest file 'micro_ros_msgs.egg-info/SOURCES.txt'
[3.670s] [100%] Built target ament_cmake_python_build_micro_ros_msgs_egg
[3.703s] Invoked command in '/home/lunabotics/2025-tibalt-bot/build/micro_ros_msgs' returned '0': CMAKE_PREFIX_PATH=${CMAKE_PREFIX_PATH}:/opt/ros/humble:/home/lunabotics/2025-tibalt-bot/install/rover_control /usr/bin/cmake --build /home/lunabotics/2025-tibalt-bot/build/micro_ros_msgs -- -j6 -l6
[3.732s] Invoking command in '/home/lunabotics/2025-tibalt-bot/build/micro_ros_msgs': CMAKE_PREFIX_PATH=${CMAKE_PREFIX_PATH}:/opt/ros/humble:/home/lunabotics/2025-tibalt-bot/install/rover_control /usr/bin/cmake --install /home/lunabotics/2025-tibalt-bot/build/micro_ros_msgs
[3.755s] -- Install configuration: ""
[3.755s] -- Execute custom install script
[3.756s] -- Up-to-date symlink: /home/lunabotics/2025-tibalt-bot/install/micro_ros_msgs/share/ament_index/resource_index/rosidl_interfaces/micro_ros_msgs
[3.757s] -- Up-to-date symlink: /home/lunabotics/2025-tibalt-bot/install/micro_ros_msgs/include/micro_ros_msgs/micro_ros_msgs/msg/detail/entity__functions.h
[3.758s] -- Up-to-date symlink: /home/lunabotics/2025-tibalt-bot/install/micro_ros_msgs/include/micro_ros_msgs/micro_ros_msgs/msg/detail/entity__struct.h
[3.758s] -- Up-to-date symlink: /home/lunabotics/2025-tibalt-bot/install/micro_ros_msgs/include/micro_ros_msgs/micro_ros_msgs/msg/detail/entity__type_support.h
[3.758s] -- Up-to-date symlink: /home/lunabotics/2025-tibalt-bot/install/micro_ros_msgs/include/micro_ros_msgs/micro_ros_msgs/msg/detail/graph__functions.h
[3.759s] -- Up-to-date symlink: /home/lunabotics/2025-tibalt-bot/install/micro_ros_msgs/include/micro_ros_msgs/micro_ros_msgs/msg/detail/graph__struct.h
[3.759s] -- Up-to-date symlink: /home/lunabotics/2025-tibalt-bot/install/micro_ros_msgs/include/micro_ros_msgs/micro_ros_msgs/msg/detail/graph__type_support.h
[3.760s] -- Up-to-date symlink: /home/lunabotics/2025-tibalt-bot/install/micro_ros_msgs/include/micro_ros_msgs/micro_ros_msgs/msg/detail/node__functions.h
[3.760s] -- Up-to-date symlink: /home/lunabotics/2025-tibalt-bot/install/micro_ros_msgs/include/micro_ros_msgs/micro_ros_msgs/msg/detail/node__struct.h
[3.760s] -- Up-to-date symlink: /home/lunabotics/2025-tibalt-bot/install/micro_ros_msgs/include/micro_ros_msgs/micro_ros_msgs/msg/detail/node__type_support.h
[3.761s] -- Up-to-date symlink: /home/lunabotics/2025-tibalt-bot/install/micro_ros_msgs/include/micro_ros_msgs/micro_ros_msgs/msg/entity.h
[3.761s] -- Up-to-date symlink: /home/lunabotics/2025-tibalt-bot/install/micro_ros_msgs/include/micro_ros_msgs/micro_ros_msgs/msg/graph.h
[3.761s] -- Up-to-date symlink: /home/lunabotics/2025-tibalt-bot/install/micro_ros_msgs/include/micro_ros_msgs/micro_ros_msgs/msg/node.h
[3.761s] -- Up-to-date symlink: /home/lunabotics/2025-tibalt-bot/install/micro_ros_msgs/include/micro_ros_msgs/micro_ros_msgs/msg/rosidl_generator_c__visibility_control.h
[3.762s] -- Up-to-date symlink: /home/lunabotics/2025-tibalt-bot/install/micro_ros_msgs/share/micro_ros_msgs/environment/library_path.sh
[3.762s] -- Up-to-date symlink: /home/lunabotics/2025-tibalt-bot/install/micro_ros_msgs/share/micro_ros_msgs/environment/library_path.dsv
[3.762s] -- Up-to-date symlink: /home/lunabotics/2025-tibalt-bot/install/micro_ros_msgs/include/micro_ros_msgs/micro_ros_msgs/msg/detail/entity__rosidl_typesupport_fastrtps_c.h
[3.762s] -- Up-to-date symlink: /home/lunabotics/2025-tibalt-bot/install/micro_ros_msgs/include/micro_ros_msgs/micro_ros_msgs/msg/detail/graph__rosidl_typesupport_fastrtps_c.h
[3.762s] -- Up-to-date symlink: /home/lunabotics/2025-tibalt-bot/install/micro_ros_msgs/include/micro_ros_msgs/micro_ros_msgs/msg/detail/node__rosidl_typesupport_fastrtps_c.h
[3.763s] -- Up-to-date symlink: /home/lunabotics/2025-tibalt-bot/install/micro_ros_msgs/include/micro_ros_msgs/micro_ros_msgs/msg/rosidl_typesupport_fastrtps_c__visibility_control.h
[3.763s] -- Up-to-date symlink: /home/lunabotics/2025-tibalt-bot/install/micro_ros_msgs/include/micro_ros_msgs/micro_ros_msgs/msg/detail/entity__rosidl_typesupport_introspection_c.h
[3.763s] -- Up-to-date symlink: /home/lunabotics/2025-tibalt-bot/install/micro_ros_msgs/include/micro_ros_msgs/micro_ros_msgs/msg/detail/graph__rosidl_typesupport_introspection_c.h
[3.764s] -- Up-to-date symlink: /home/lunabotics/2025-tibalt-bot/install/micro_ros_msgs/include/micro_ros_msgs/micro_ros_msgs/msg/detail/node__rosidl_typesupport_introspection_c.h
[3.764s] -- Up-to-date symlink: /home/lunabotics/2025-tibalt-bot/install/micro_ros_msgs/include/micro_ros_msgs/micro_ros_msgs/msg/rosidl_typesupport_introspection_c__visibility_control.h
[3.765s] -- Up-to-date symlink: /home/lunabotics/2025-tibalt-bot/install/micro_ros_msgs/include/micro_ros_msgs/micro_ros_msgs/msg/detail/entity__builder.hpp
[3.765s] -- Up-to-date symlink: /home/lunabotics/2025-tibalt-bot/install/micro_ros_msgs/include/micro_ros_msgs/micro_ros_msgs/msg/detail/entity__struct.hpp
[3.766s] -- Up-to-date symlink: /home/lunabotics/2025-tibalt-bot/install/micro_ros_msgs/include/micro_ros_msgs/micro_ros_msgs/msg/detail/entity__traits.hpp
[3.766s] -- Up-to-date symlink: /home/lunabotics/2025-tibalt-bot/install/micro_ros_msgs/include/micro_ros_msgs/micro_ros_msgs/msg/detail/entity__type_support.hpp
[3.766s] -- Up-to-date symlink: /home/lunabotics/2025-tibalt-bot/install/micro_ros_msgs/include/micro_ros_msgs/micro_ros_msgs/msg/detail/graph__builder.hpp
[3.767s] -- Up-to-date symlink: /home/lunabotics/2025-tibalt-bot/install/micro_ros_msgs/include/micro_ros_msgs/micro_ros_msgs/msg/detail/graph__struct.hpp
[3.767s] -- Up-to-date symlink: /home/lunabotics/2025-tibalt-bot/install/micro_ros_msgs/include/micro_ros_msgs/micro_ros_msgs/msg/detail/graph__traits.hpp
[3.767s] -- Up-to-date symlink: /home/lunabotics/2025-tibalt-bot/install/micro_ros_msgs/include/micro_ros_msgs/micro_ros_msgs/msg/detail/graph__type_support.hpp
[3.767s] -- Up-to-date symlink: /home/lunabotics/2025-tibalt-bot/install/micro_ros_msgs/include/micro_ros_msgs/micro_ros_msgs/msg/detail/node__builder.hpp
[3.768s] -- Up-to-date symlink: /home/lunabotics/2025-tibalt-bot/install/micro_ros_msgs/include/micro_ros_msgs/micro_ros_msgs/msg/detail/node__struct.hpp
[3.768s] -- Up-to-date symlink: /home/lunabotics/2025-tibalt-bot/install/micro_ros_msgs/include/micro_ros_msgs/micro_ros_msgs/msg/detail/node__traits.hpp
[3.768s] -- Up-to-date symlink: /home/lunabotics/2025-tibalt-bot/install/micro_ros_msgs/include/micro_ros_msgs/micro_ros_msgs/msg/detail/node__type_support.hpp
[3.768s] -- Up-to-date symlink: /home/lunabotics/2025-tibalt-bot/install/micro_ros_msgs/include/micro_ros_msgs/micro_ros_msgs/msg/entity.hpp
[3.769s] -- Up-to-date symlink: /home/lunabotics/2025-tibalt-bot/install/micro_ros_msgs/include/micro_ros_msgs/micro_ros_msgs/msg/graph.hpp
[3.769s] -- Up-to-date symlink: /home/lunabotics/2025-tibalt-bot/install/micro_ros_msgs/include/micro_ros_msgs/micro_ros_msgs/msg/node.hpp
[3.769s] -- Up-to-date symlink: /home/lunabotics/2025-tibalt-bot/install/micro_ros_msgs/include/micro_ros_msgs/micro_ros_msgs/msg/rosidl_generator_cpp__visibility_control.hpp
[3.770s] -- Up-to-date symlink: /home/lunabotics/2025-tibalt-bot/install/micro_ros_msgs/include/micro_ros_msgs/micro_ros_msgs/msg/detail/entity__rosidl_typesupport_fastrtps_cpp.hpp
[3.770s] -- Up-to-date symlink: /home/lunabotics/2025-tibalt-bot/install/micro_ros_msgs/include/micro_ros_msgs/micro_ros_msgs/msg/detail/graph__rosidl_typesupport_fastrtps_cpp.hpp
[3.770s] -- Up-to-date symlink: /home/lunabotics/2025-tibalt-bot/install/micro_ros_msgs/include/micro_ros_msgs/micro_ros_msgs/msg/detail/node__rosidl_typesupport_fastrtps_cpp.hpp
[3.771s] -- Up-to-date symlink: /home/lunabotics/2025-tibalt-bot/install/micro_ros_msgs/include/micro_ros_msgs/micro_ros_msgs/msg/rosidl_typesupport_fastrtps_cpp__visibility_control.h
[3.771s] -- Up-to-date symlink: /home/lunabotics/2025-tibalt-bot/install/micro_ros_msgs/include/micro_ros_msgs/micro_ros_msgs/msg/detail/entity__rosidl_typesupport_introspection_cpp.hpp
[3.772s] -- Up-to-date symlink: /home/lunabotics/2025-tibalt-bot/install/micro_ros_msgs/include/micro_ros_msgs/micro_ros_msgs/msg/detail/graph__rosidl_typesupport_introspection_cpp.hpp
[3.772s] -- Up-to-date symlink: /home/lunabotics/2025-tibalt-bot/install/micro_ros_msgs/include/micro_ros_msgs/micro_ros_msgs/msg/detail/node__rosidl_typesupport_introspection_cpp.hpp
[3.772s] -- Up-to-date symlink: /home/lunabotics/2025-tibalt-bot/install/micro_ros_msgs/share/micro_ros_msgs/environment/pythonpath.sh
[3.772s] -- Up-to-date symlink: /home/lunabotics/2025-tibalt-bot/install/micro_ros_msgs/share/micro_ros_msgs/environment/pythonpath.dsv
[3.773s] -- Up-to-date symlink: /home/lunabotics/2025-tibalt-bot/install/micro_ros_msgs/local/lib/python3.10/dist-packages/micro_ros_msgs-5.0.2-py3.10.egg-info/PKG-INFO
[3.773s] -- Up-to-date symlink: /home/lunabotics/2025-tibalt-bot/install/micro_ros_msgs/local/lib/python3.10/dist-packages/micro_ros_msgs-5.0.2-py3.10.egg-info/SOURCES.txt
[3.774s] -- Up-to-date symlink: /home/lunabotics/2025-tibalt-bot/install/micro_ros_msgs/local/lib/python3.10/dist-packages/micro_ros_msgs-5.0.2-py3.10.egg-info/dependency_links.txt
[3.774s] -- Up-to-date symlink: /home/lunabotics/2025-tibalt-bot/install/micro_ros_msgs/local/lib/python3.10/dist-packages/micro_ros_msgs-5.0.2-py3.10.egg-info/top_level.txt
[3.775s] -- Up-to-date symlink: /home/lunabotics/2025-tibalt-bot/install/micro_ros_msgs/local/lib/python3.10/dist-packages/micro_ros_msgs/__init__.py
[3.775s] -- Up-to-date symlink: /home/lunabotics/2025-tibalt-bot/install/micro_ros_msgs/local/lib/python3.10/dist-packages/micro_ros_msgs/_micro_ros_msgs_s.ep.rosidl_typesupport_c.c
[3.775s] -- Up-to-date symlink: /home/lunabotics/2025-tibalt-bot/install/micro_ros_msgs/local/lib/python3.10/dist-packages/micro_ros_msgs/_micro_ros_msgs_s.ep.rosidl_typesupport_fastrtps_c.c
[3.776s] -- Up-to-date symlink: /home/lunabotics/2025-tibalt-bot/install/micro_ros_msgs/local/lib/python3.10/dist-packages/micro_ros_msgs/_micro_ros_msgs_s.ep.rosidl_typesupport_introspection_c.c
[3.776s] -- Up-to-date symlink: /home/lunabotics/2025-tibalt-bot/install/micro_ros_msgs/local/lib/python3.10/dist-packages/micro_ros_msgs/libmicro_ros_msgs__rosidl_generator_py.so
[3.776s] -- Up-to-date symlink: /home/lunabotics/2025-tibalt-bot/install/micro_ros_msgs/local/lib/python3.10/dist-packages/micro_ros_msgs/micro_ros_msgs_s__rosidl_typesupport_c.cpython-310-aarch64-linux-gnu.so
[3.777s] -- Up-to-date symlink: /home/lunabotics/2025-tibalt-bot/install/micro_ros_msgs/local/lib/python3.10/dist-packages/micro_ros_msgs/micro_ros_msgs_s__rosidl_typesupport_fastrtps_c.cpython-310-aarch64-linux-gnu.so
[3.777s] -- Up-to-date symlink: /home/lunabotics/2025-tibalt-bot/install/micro_ros_msgs/local/lib/python3.10/dist-packages/micro_ros_msgs/micro_ros_msgs_s__rosidl_typesupport_introspection_c.cpython-310-aarch64-linux-gnu.so
[3.777s] -- Up-to-date symlink: /home/lunabotics/2025-tibalt-bot/install/micro_ros_msgs/local/lib/python3.10/dist-packages/micro_ros_msgs/msg/__init__.py
[3.777s] -- Up-to-date symlink: /home/lunabotics/2025-tibalt-bot/install/micro_ros_msgs/local/lib/python3.10/dist-packages/micro_ros_msgs/msg/_entity.py
[3.778s] -- Up-to-date symlink: /home/lunabotics/2025-tibalt-bot/install/micro_ros_msgs/local/lib/python3.10/dist-packages/micro_ros_msgs/msg/_entity_s.c
[3.778s] -- Up-to-date symlink: /home/lunabotics/2025-tibalt-bot/install/micro_ros_msgs/local/lib/python3.10/dist-packages/micro_ros_msgs/msg/_graph.py
[3.778s] -- Up-to-date symlink: /home/lunabotics/2025-tibalt-bot/install/micro_ros_msgs/local/lib/python3.10/dist-packages/micro_ros_msgs/msg/_graph_s.c
[3.778s] -- Up-to-date symlink: /home/lunabotics/2025-tibalt-bot/install/micro_ros_msgs/local/lib/python3.10/dist-packages/micro_ros_msgs/msg/_node.py
[3.779s] -- Up-to-date symlink: /home/lunabotics/2025-tibalt-bot/install/micro_ros_msgs/local/lib/python3.10/dist-packages/micro_ros_msgs/msg/_node_s.c
[3.779s] -- Up-to-date symlink: /home/lunabotics/2025-tibalt-bot/install/micro_ros_msgs/local/lib/python3.10/dist-packages/micro_ros_msgs/micro_ros_msgs_s__rosidl_typesupport_fastrtps_c.cpython-310-aarch64-linux-gnu.so
[3.779s] -- Up-to-date symlink: /home/lunabotics/2025-tibalt-bot/install/micro_ros_msgs/local/lib/python3.10/dist-packages/micro_ros_msgs/micro_ros_msgs_s__rosidl_typesupport_introspection_c.cpython-310-aarch64-linux-gnu.so
[3.780s] -- Up-to-date symlink: /home/lunabotics/2025-tibalt-bot/install/micro_ros_msgs/local/lib/python3.10/dist-packages/micro_ros_msgs/micro_ros_msgs_s__rosidl_typesupport_c.cpython-310-aarch64-linux-gnu.so
[3.780s] -- Up-to-date symlink: /home/lunabotics/2025-tibalt-bot/install/micro_ros_msgs/share/micro_ros_msgs/msg/Graph.idl
[3.780s] -- Up-to-date symlink: /home/lunabotics/2025-tibalt-bot/install/micro_ros_msgs/share/micro_ros_msgs/msg/Node.idl
[3.781s] -- Up-to-date symlink: /home/lunabotics/2025-tibalt-bot/install/micro_ros_msgs/share/micro_ros_msgs/msg/Entity.idl
[3.781s] -- Up-to-date symlink: /home/lunabotics/2025-tibalt-bot/install/micro_ros_msgs/share/micro_ros_msgs/msg/Graph.msg
[3.781s] -- Up-to-date symlink: /home/lunabotics/2025-tibalt-bot/install/micro_ros_msgs/share/micro_ros_msgs/msg/Node.msg
[3.782s] -- Up-to-date symlink: /home/lunabotics/2025-tibalt-bot/install/micro_ros_msgs/share/micro_ros_msgs/msg/Entity.msg
[3.782s] -- Up-to-date symlink: /home/lunabotics/2025-tibalt-bot/install/micro_ros_msgs/share/ament_index/resource_index/package_run_dependencies/micro_ros_msgs
[3.782s] -- Up-to-date symlink: /home/lunabotics/2025-tibalt-bot/install/micro_ros_msgs/share/ament_index/resource_index/parent_prefix_path/micro_ros_msgs
[3.783s] -- Up-to-date symlink: /home/lunabotics/2025-tibalt-bot/install/micro_ros_msgs/share/micro_ros_msgs/environment/ament_prefix_path.sh
[3.783s] -- Up-to-date symlink: /home/lunabotics/2025-tibalt-bot/install/micro_ros_msgs/share/micro_ros_msgs/environment/ament_prefix_path.dsv
[3.783s] -- Up-to-date symlink: /home/lunabotics/2025-tibalt-bot/install/micro_ros_msgs/share/micro_ros_msgs/environment/path.sh
[3.784s] -- Up-to-date symlink: /home/lunabotics/2025-tibalt-bot/install/micro_ros_msgs/share/micro_ros_msgs/environment/path.dsv
[3.784s] -- Up-to-date symlink: /home/lunabotics/2025-tibalt-bot/install/micro_ros_msgs/share/micro_ros_msgs/local_setup.bash
[3.784s] -- Up-to-date symlink: /home/lunabotics/2025-tibalt-bot/install/micro_ros_msgs/share/micro_ros_msgs/local_setup.sh
[3.784s] -- Up-to-date symlink: /home/lunabotics/2025-tibalt-bot/install/micro_ros_msgs/share/micro_ros_msgs/local_setup.zsh
[3.785s] -- Up-to-date symlink: /home/lunabotics/2025-tibalt-bot/install/micro_ros_msgs/share/micro_ros_msgs/local_setup.dsv
[3.785s] -- Symlinking: /home/lunabotics/2025-tibalt-bot/install/micro_ros_msgs/share/micro_ros_msgs/package.dsv
[3.808s] -- Up-to-date symlink: /home/lunabotics/2025-tibalt-bot/install/micro_ros_msgs/share/ament_index/resource_index/packages/micro_ros_msgs
[3.808s] -- Up-to-date symlink: /home/lunabotics/2025-tibalt-bot/install/micro_ros_msgs/share/micro_ros_msgs/cmake/rosidl_cmake-extras.cmake
[3.809s] -- Up-to-date symlink: /home/lunabotics/2025-tibalt-bot/install/micro_ros_msgs/share/micro_ros_msgs/cmake/ament_cmake_export_include_directories-extras.cmake
[3.809s] -- Up-to-date symlink: /home/lunabotics/2025-tibalt-bot/install/micro_ros_msgs/share/micro_ros_msgs/cmake/ament_cmake_export_libraries-extras.cmake
[3.809s] -- Up-to-date symlink: /home/lunabotics/2025-tibalt-bot/install/micro_ros_msgs/share/micro_ros_msgs/cmake/ament_cmake_export_targets-extras.cmake
[3.810s] -- Up-to-date symlink: /home/lunabotics/2025-tibalt-bot/install/micro_ros_msgs/share/micro_ros_msgs/cmake/rosidl_cmake_export_typesupport_targets-extras.cmake
[3.810s] -- Up-to-date symlink: /home/lunabotics/2025-tibalt-bot/install/micro_ros_msgs/share/micro_ros_msgs/cmake/ament_cmake_export_dependencies-extras.cmake
[3.810s] -- Up-to-date symlink: /home/lunabotics/2025-tibalt-bot/install/micro_ros_msgs/share/micro_ros_msgs/cmake/rosidl_cmake_export_typesupport_libraries-extras.cmake
[3.811s] -- Up-to-date symlink: /home/lunabotics/2025-tibalt-bot/install/micro_ros_msgs/share/micro_ros_msgs/cmake/micro_ros_msgsConfig.cmake
[3.811s] -- Up-to-date symlink: /home/lunabotics/2025-tibalt-bot/install/micro_ros_msgs/share/micro_ros_msgs/cmake/micro_ros_msgsConfig-version.cmake
[3.811s] -- Up-to-date symlink: /home/lunabotics/2025-tibalt-bot/install/micro_ros_msgs/share/micro_ros_msgs/package.xml
[3.812s] -- Up-to-date: /home/lunabotics/2025-tibalt-bot/install/micro_ros_msgs/lib/libmicro_ros_msgs__rosidl_generator_c.so
[3.812s] -- Up-to-date: /home/lunabotics/2025-tibalt-bot/install/micro_ros_msgs/lib/libmicro_ros_msgs__rosidl_typesupport_fastrtps_c.so
[3.813s] -- Up-to-date: /home/lunabotics/2025-tibalt-bot/install/micro_ros_msgs/lib/libmicro_ros_msgs__rosidl_typesupport_introspection_c.so
[3.813s] -- Up-to-date: /home/lunabotics/2025-tibalt-bot/install/micro_ros_msgs/lib/libmicro_ros_msgs__rosidl_typesupport_c.so
[3.814s] -- Up-to-date: /home/lunabotics/2025-tibalt-bot/install/micro_ros_msgs/lib/libmicro_ros_msgs__rosidl_typesupport_fastrtps_cpp.so
[3.814s] -- Up-to-date: /home/lunabotics/2025-tibalt-bot/install/micro_ros_msgs/lib/libmicro_ros_msgs__rosidl_typesupport_introspection_cpp.so
[3.815s] -- Up-to-date: /home/lunabotics/2025-tibalt-bot/install/micro_ros_msgs/lib/libmicro_ros_msgs__rosidl_typesupport_cpp.so
[3.896s] Listing '/home/lunabotics/2025-tibalt-bot/install/micro_ros_msgs/local/lib/python3.10/dist-packages/micro_ros_msgs'...
[3.897s] Compiling '/home/lunabotics/2025-tibalt-bot/install/micro_ros_msgs/local/lib/python3.10/dist-packages/micro_ros_msgs/__init__.py'...
[3.897s] Listing '/home/lunabotics/2025-tibalt-bot/install/micro_ros_msgs/local/lib/python3.10/dist-packages/micro_ros_msgs/msg'...
[3.912s] -- Up-to-date: /home/lunabotics/2025-tibalt-bot/install/micro_ros_msgs/lib/libmicro_ros_msgs__rosidl_generator_py.so
[3.913s] -- Up-to-date: /home/lunabotics/2025-tibalt-bot/install/micro_ros_msgs/share/micro_ros_msgs/cmake/export_micro_ros_msgs__rosidl_generator_cExport.cmake
[3.913s] -- Up-to-date: /home/lunabotics/2025-tibalt-bot/install/micro_ros_msgs/share/micro_ros_msgs/cmake/export_micro_ros_msgs__rosidl_generator_cExport-noconfig.cmake
[3.914s] -- Up-to-date: /home/lunabotics/2025-tibalt-bot/install/micro_ros_msgs/share/micro_ros_msgs/cmake/export_micro_ros_msgs__rosidl_typesupport_fastrtps_cExport.cmake
[3.914s] -- Up-to-date: /home/lunabotics/2025-tibalt-bot/install/micro_ros_msgs/share/micro_ros_msgs/cmake/export_micro_ros_msgs__rosidl_typesupport_fastrtps_cExport-noconfig.cmake
[3.914s] -- Up-to-date: /home/lunabotics/2025-tibalt-bot/install/micro_ros_msgs/share/micro_ros_msgs/cmake/micro_ros_msgs__rosidl_typesupport_introspection_cExport.cmake
[3.915s] -- Up-to-date: /home/lunabotics/2025-tibalt-bot/install/micro_ros_msgs/share/micro_ros_msgs/cmake/micro_ros_msgs__rosidl_typesupport_introspection_cExport-noconfig.cmake
[3.915s] -- Up-to-date: /home/lunabotics/2025-tibalt-bot/install/micro_ros_msgs/share/micro_ros_msgs/cmake/micro_ros_msgs__rosidl_typesupport_cExport.cmake
[3.915s] -- Up-to-date: /home/lunabotics/2025-tibalt-bot/install/micro_ros_msgs/share/micro_ros_msgs/cmake/micro_ros_msgs__rosidl_typesupport_cExport-noconfig.cmake
[3.916s] -- Up-to-date: /home/lunabotics/2025-tibalt-bot/install/micro_ros_msgs/share/micro_ros_msgs/cmake/export_micro_ros_msgs__rosidl_generator_cppExport.cmake
[3.916s] -- Up-to-date: /home/lunabotics/2025-tibalt-bot/install/micro_ros_msgs/share/micro_ros_msgs/cmake/export_micro_ros_msgs__rosidl_typesupport_fastrtps_cppExport.cmake
[3.916s] -- Up-to-date: /home/lunabotics/2025-tibalt-bot/install/micro_ros_msgs/share/micro_ros_msgs/cmake/export_micro_ros_msgs__rosidl_typesupport_fastrtps_cppExport-noconfig.cmake
[3.917s] -- Up-to-date: /home/lunabotics/2025-tibalt-bot/install/micro_ros_msgs/share/micro_ros_msgs/cmake/micro_ros_msgs__rosidl_typesupport_introspection_cppExport.cmake
[3.917s] -- Up-to-date: /home/lunabotics/2025-tibalt-bot/install/micro_ros_msgs/share/micro_ros_msgs/cmake/micro_ros_msgs__rosidl_typesupport_introspection_cppExport-noconfig.cmake
[3.917s] -- Up-to-date: /home/lunabotics/2025-tibalt-bot/install/micro_ros_msgs/share/micro_ros_msgs/cmake/micro_ros_msgs__rosidl_typesupport_cppExport.cmake
[3.917s] -- Up-to-date: /home/lunabotics/2025-tibalt-bot/install/micro_ros_msgs/share/micro_ros_msgs/cmake/micro_ros_msgs__rosidl_typesupport_cppExport-noconfig.cmake
[3.917s] -- Up-to-date: /home/lunabotics/2025-tibalt-bot/install/micro_ros_msgs/share/micro_ros_msgs/cmake/export_micro_ros_msgs__rosidl_generator_pyExport.cmake
[3.918s] -- Up-to-date: /home/lunabotics/2025-tibalt-bot/install/micro_ros_msgs/share/micro_ros_msgs/cmake/export_micro_ros_msgs__rosidl_generator_pyExport-noconfig.cmake
[3.927s] Invoked command in '/home/lunabotics/2025-tibalt-bot/build/micro_ros_msgs' returned '0': CMAKE_PREFIX_PATH=${CMAKE_PREFIX_PATH}:/opt/ros/humble:/home/lunabotics/2025-tibalt-bot/install/rover_control /usr/bin/cmake --install /home/lunabotics/2025-tibalt-bot/build/micro_ros_msgs
