[1.594s] Invoking command in '/home/lunabotics/2025-tibalt-bot/build/rover_control': PYTHONPATH=/home/lunabotics/2025-tibalt-bot/build/rover_control/prefix_override:/usr/lib/python3/dist-packages/colcon_core/task/python/colcon_distutils_commands:/home/lunabotics/2025-tibalt-bot/install/rover_control/lib/python3.10/site-packages:${PYTHONPATH} /usr/bin/python3 -W ignore:setup.py install is deprecated -W ignore:easy_install command is deprecated setup.py develop --uninstall --editable --build-directory /home/lunabotics/2025-tibalt-bot/build/rover_control/build
[2.240s] running develop
[2.623s] Removing /home/lunabotics/2025-tibalt-bot/install/rover_control/lib/python3.10/site-packages/rover-control.egg-link (link to .)
[2.755s] Invoked command in '/home/lunabotics/2025-tibalt-bot/build/rover_control' returned '0': PYTHONPATH=/home/lunabotics/2025-tibalt-bot/build/rover_control/prefix_override:/usr/lib/python3/dist-packages/colcon_core/task/python/colcon_distutils_commands:/home/lunabotics/2025-tibalt-bot/install/rover_control/lib/python3.10/site-packages:${PYTHONPATH} /usr/bin/python3 -W ignore:setup.py install is deprecated -W ignore:easy_install command is deprecated setup.py develop --uninstall --editable --build-directory /home/lunabotics/2025-tibalt-bot/build/rover_control/build
[2.761s] Invoking command in '/home/lunabotics/2025-tibalt-bot/src/rover_control': PYTHONPATH=/home/lunabotics/2025-tibalt-bot/build/rover_control/prefix_override:/usr/lib/python3/dist-packages/colcon_core/task/python/colcon_distutils_commands:/home/lunabotics/2025-tibalt-bot/install/rover_control/lib/python3.10/site-packages:${PYTHONPATH} /usr/bin/python3 -W ignore:setup.py install is deprecated -W ignore:easy_install command is deprecated setup.py egg_info --egg-base ../../build/rover_control build --build-base /home/lunabotics/2025-tibalt-bot/build/rover_control/build install --record /home/lunabotics/2025-tibalt-bot/build/rover_control/install.log --single-version-externally-managed install_data --force
[3.373s] running egg_info
[3.374s] writing ../../build/rover_control/rover_control.egg-info/PKG-INFO
[3.376s] writing dependency_links to ../../build/rover_control/rover_control.egg-info/dependency_links.txt
[3.376s] writing entry points to ../../build/rover_control/rover_control.egg-info/entry_points.txt
[3.377s] writing requirements to ../../build/rover_control/rover_control.egg-info/requires.txt
[3.377s] writing top-level names to ../../build/rover_control/rover_control.egg-info/top_level.txt
[3.381s] reading manifest file '../../build/rover_control/rover_control.egg-info/SOURCES.txt'
[3.383s] writing manifest file '../../build/rover_control/rover_control.egg-info/SOURCES.txt'
[3.383s] running build
[3.384s] running build_py
[3.384s] creating /home/lunabotics/2025-tibalt-bot/build/rover_control/build
[3.384s] creating /home/lunabotics/2025-tibalt-bot/build/rover_control/build/lib
[3.384s] creating /home/lunabotics/2025-tibalt-bot/build/rover_control/build/lib/rover_control
[3.384s] copying rover_control/gui.py -> /home/lunabotics/2025-tibalt-bot/build/rover_control/build/lib/rover_control
[3.385s] copying rover_control/tibalt_control.py -> /home/lunabotics/2025-tibalt-bot/build/rover_control/build/lib/rover_control
[3.385s] copying rover_control/__init__.py -> /home/lunabotics/2025-tibalt-bot/build/rover_control/build/lib/rover_control
[3.385s] running install
[3.386s] running install_lib
[3.388s] creating /home/lunabotics/2025-tibalt-bot/install/rover_control/lib/python3.10/site-packages/rover_control
[3.388s] copying /home/lunabotics/2025-tibalt-bot/build/rover_control/build/lib/rover_control/gui.py -> /home/lunabotics/2025-tibalt-bot/install/rover_control/lib/python3.10/site-packages/rover_control
[3.388s] copying /home/lunabotics/2025-tibalt-bot/build/rover_control/build/lib/rover_control/tibalt_control.py -> /home/lunabotics/2025-tibalt-bot/install/rover_control/lib/python3.10/site-packages/rover_control
[3.389s] copying /home/lunabotics/2025-tibalt-bot/build/rover_control/build/lib/rover_control/__init__.py -> /home/lunabotics/2025-tibalt-bot/install/rover_control/lib/python3.10/site-packages/rover_control
[3.390s] byte-compiling /home/lunabotics/2025-tibalt-bot/install/rover_control/lib/python3.10/site-packages/rover_control/gui.py to gui.cpython-310.pyc
[3.396s] byte-compiling /home/lunabotics/2025-tibalt-bot/install/rover_control/lib/python3.10/site-packages/rover_control/tibalt_control.py to tibalt_control.cpython-310.pyc
[3.397s] byte-compiling /home/lunabotics/2025-tibalt-bot/install/rover_control/lib/python3.10/site-packages/rover_control/__init__.py to __init__.cpython-310.pyc
[3.398s] running install_data
[3.398s] copying package.xml -> /home/lunabotics/2025-tibalt-bot/install/rover_control/share/rover_control
[3.399s] copying launch/topics_launch.py -> /home/lunabotics/2025-tibalt-bot/install/rover_control/share/rover_control/launch
[3.399s] copying launch/joystick_launch.py -> /home/lunabotics/2025-tibalt-bot/install/rover_control/share/rover_control/launch
[3.399s] running install_egg_info
[3.407s] Copying ../../build/rover_control/rover_control.egg-info to /home/lunabotics/2025-tibalt-bot/install/rover_control/lib/python3.10/site-packages/rover_control-0.0.0-py3.10.egg-info
[3.410s] running install_scripts
[3.463s] Installing tibalt_control script to /home/lunabotics/2025-tibalt-bot/install/rover_control/lib/rover_control
[3.464s] writing list of installed files to '/home/lunabotics/2025-tibalt-bot/build/rover_control/install.log'
[3.579s] Invoked command in '/home/lunabotics/2025-tibalt-bot/src/rover_control' returned '0': PYTHONPATH=/home/lunabotics/2025-tibalt-bot/build/rover_control/prefix_override:/usr/lib/python3/dist-packages/colcon_core/task/python/colcon_distutils_commands:/home/lunabotics/2025-tibalt-bot/install/rover_control/lib/python3.10/site-packages:${PYTHONPATH} /usr/bin/python3 -W ignore:setup.py install is deprecated -W ignore:easy_install command is deprecated setup.py egg_info --egg-base ../../build/rover_control build --build-base /home/lunabotics/2025-tibalt-bot/build/rover_control/build install --record /home/lunabotics/2025-tibalt-bot/build/rover_control/install.log --single-version-externally-managed install_data --force
