[1.744s] Invoking command in '/home/lunabotics/2025-tibalt-bot/src/rover_control': PYTHONPATH=/home/lunabotics/2025-tibalt-bot/build/rover_control/prefix_override:/usr/lib/python3/dist-packages/colcon_core/task/python/colcon_distutils_commands:/home/lunabotics/2025-tibalt-bot/install/rover_control/lib/python3.10/site-packages:${PYTHONPATH} /usr/bin/python3 -W ignore:setup.py install is deprecated -W ignore:easy_install command is deprecated setup.py egg_info --egg-base ../../build/rover_control build --build-base /home/lunabotics/2025-tibalt-bot/build/rover_control/build install --record /home/lunabotics/2025-tibalt-bot/build/rover_control/install.log --single-version-externally-managed install_data
[2.343s] running egg_info
[2.344s] writing ../../build/rover_control/rover_control.egg-info/PKG-INFO
[2.345s] writing dependency_links to ../../build/rover_control/rover_control.egg-info/dependency_links.txt
[2.346s] writing entry points to ../../build/rover_control/rover_control.egg-info/entry_points.txt
[2.347s] writing requirements to ../../build/rover_control/rover_control.egg-info/requires.txt
[2.347s] writing top-level names to ../../build/rover_control/rover_control.egg-info/top_level.txt
[2.352s] reading manifest file '../../build/rover_control/rover_control.egg-info/SOURCES.txt'
[2.354s] writing manifest file '../../build/rover_control/rover_control.egg-info/SOURCES.txt'
[2.354s] running build
[2.355s] running build_py
[2.355s] running install
[2.356s] running install_lib
[2.360s] running install_data
[2.360s] running install_egg_info
[2.365s] removing '/home/lunabotics/2025-tibalt-bot/install/rover_control/lib/python3.10/site-packages/rover_control-0.0.0-py3.10.egg-info' (and everything under it)
[2.366s] Copying ../../build/rover_control/rover_control.egg-info to /home/lunabotics/2025-tibalt-bot/install/rover_control/lib/python3.10/site-packages/rover_control-0.0.0-py3.10.egg-info
[2.368s] running install_scripts
[2.431s] Installing tibalt_control script to /home/lunabotics/2025-tibalt-bot/install/rover_control/lib/rover_control
[2.432s] writing list of installed files to '/home/lunabotics/2025-tibalt-bot/build/rover_control/install.log'
[2.549s] Invoked command in '/home/lunabotics/2025-tibalt-bot/src/rover_control' returned '0': PYTHONPATH=/home/lunabotics/2025-tibalt-bot/build/rover_control/prefix_override:/usr/lib/python3/dist-packages/colcon_core/task/python/colcon_distutils_commands:/home/lunabotics/2025-tibalt-bot/install/rover_control/lib/python3.10/site-packages:${PYTHONPATH} /usr/bin/python3 -W ignore:setup.py install is deprecated -W ignore:easy_install command is deprecated setup.py egg_info --egg-base ../../build/rover_control build --build-base /home/lunabotics/2025-tibalt-bot/build/rover_control/build install --record /home/lunabotics/2025-tibalt-bot/build/rover_control/install.log --single-version-externally-managed install_data
