running egg_info
creating ../../build/rover_control/rover_control.egg-info
writing ../../build/rover_control/rover_control.egg-info/PKG-INFO
writing dependency_links to ../../build/rover_control/rover_control.egg-info/dependency_links.txt
writing entry points to ../../build/rover_control/rover_control.egg-info/entry_points.txt
writing requirements to ../../build/rover_control/rover_control.egg-info/requires.txt
writing top-level names to ../../build/rover_control/rover_control.egg-info/top_level.txt
writing manifest file '../../build/rover_control/rover_control.egg-info/SOURCES.txt'
reading manifest file '../../build/rover_control/rover_control.egg-info/SOURCES.txt'
writing manifest file '../../build/rover_control/rover_control.egg-info/SOURCES.txt'
running build
running build_py
creating /home/lunabotics/2025-tibalt-bot/build/rover_control/build
creating /home/lunabotics/2025-tibalt-bot/build/rover_control/build/lib
creating /home/lunabotics/2025-tibalt-bot/build/rover_control/build/lib/mainControlCode
copying mainControlCode/gui.py -> /home/lunabotics/2025-tibalt-bot/build/rover_control/build/lib/mainControlCode
copying mainControlCode/joystick_pipeline.py -> /home/lunabotics/2025-tibalt-bot/build/rover_control/build/lib/mainControlCode
copying mainControlCode/tibalt_control.py -> /home/lunabotics/2025-tibalt-bot/build/rover_control/build/lib/mainControlCode
copying mainControlCode/__init__.py -> /home/lunabotics/2025-tibalt-bot/build/rover_control/build/lib/mainControlCode
running install
running install_lib
creating /home/lunabotics/2025-tibalt-bot/install/rover_control/lib/python3.10/site-packages/mainControlCode
copying /home/lunabotics/2025-tibalt-bot/build/rover_control/build/lib/mainControlCode/gui.py -> /home/lunabotics/2025-tibalt-bot/install/rover_control/lib/python3.10/site-packages/mainControlCode
copying /home/lunabotics/2025-tibalt-bot/build/rover_control/build/lib/mainControlCode/joystick_pipeline.py -> /home/lunabotics/2025-tibalt-bot/install/rover_control/lib/python3.10/site-packages/mainControlCode
copying /home/lunabotics/2025-tibalt-bot/build/rover_control/build/lib/mainControlCode/tibalt_control.py -> /home/lunabotics/2025-tibalt-bot/install/rover_control/lib/python3.10/site-packages/mainControlCode
copying /home/lunabotics/2025-tibalt-bot/build/rover_control/build/lib/mainControlCode/__init__.py -> /home/lunabotics/2025-tibalt-bot/install/rover_control/lib/python3.10/site-packages/mainControlCode
byte-compiling /home/lunabotics/2025-tibalt-bot/install/rover_control/lib/python3.10/site-packages/mainControlCode/gui.py to gui.cpython-310.pyc
byte-compiling /home/lunabotics/2025-tibalt-bot/install/rover_control/lib/python3.10/site-packages/mainControlCode/joystick_pipeline.py to joystick_pipeline.cpython-310.pyc
byte-compiling /home/lunabotics/2025-tibalt-bot/install/rover_control/lib/python3.10/site-packages/mainControlCode/tibalt_control.py to tibalt_control.cpython-310.pyc
byte-compiling /home/lunabotics/2025-tibalt-bot/install/rover_control/lib/python3.10/site-packages/mainControlCode/__init__.py to __init__.cpython-310.pyc
running install_data
creating /home/lunabotics/2025-tibalt-bot/install/rover_control/share/ament_index
creating /home/lunabotics/2025-tibalt-bot/install/rover_control/share/ament_index/resource_index
creating /home/lunabotics/2025-tibalt-bot/install/rover_control/share/ament_index/resource_index/packages
copying resource/rover_control -> /home/lunabotics/2025-tibalt-bot/install/rover_control/share/ament_index/resource_index/packages
copying package.xml -> /home/lunabotics/2025-tibalt-bot/install/rover_control/share/rover_control
running install_egg_info
Copying ../../build/rover_control/rover_control.egg-info to /home/lunabotics/2025-tibalt-bot/install/rover_control/lib/python3.10/site-packages/rover_control-0.0.0-py3.10.egg-info
running install_scripts
writing list of installed files to '/home/lunabotics/2025-tibalt-bot/build/rover_control/install.log'
