[1.601s] Invoking command in '/home/lunabotics/2025-tibalt-bot/src/rover_control': PYTHONPATH=/home/lunabotics/2025-tibalt-bot/build/rover_control/prefix_override:/usr/lib/python3/dist-packages/colcon_core/task/python/colcon_distutils_commands:/home/lunabotics/2025-tibalt-bot/install/rover_control/lib/python3.10/site-packages:${PYTHONPATH} /usr/bin/python3 -W ignore:setup.py install is deprecated -W ignore:easy_install command is deprecated setup.py egg_info --egg-base ../../build/rover_control build --build-base /home/lunabotics/2025-tibalt-bot/build/rover_control/build install --record /home/lunabotics/2025-tibalt-bot/build/rover_control/install.log --single-version-externally-managed install_data
[2.182s] running egg_info
[2.183s] creating ../../build/rover_control/rover_control.egg-info
[2.184s] writing ../../build/rover_control/rover_control.egg-info/PKG-INFO
[2.184s] writing dependency_links to ../../build/rover_control/rover_control.egg-info/dependency_links.txt
[2.185s] writing entry points to ../../build/rover_control/rover_control.egg-info/entry_points.txt
[2.185s] writing requirements to ../../build/rover_control/rover_control.egg-info/requires.txt
[2.185s] writing top-level names to ../../build/rover_control/rover_control.egg-info/top_level.txt
[2.186s] writing manifest file '../../build/rover_control/rover_control.egg-info/SOURCES.txt'
[2.190s] reading manifest file '../../build/rover_control/rover_control.egg-info/SOURCES.txt'
[2.191s] writing manifest file '../../build/rover_control/rover_control.egg-info/SOURCES.txt'
[2.192s] running build
[2.192s] running build_py
[2.192s] creating /home/lunabotics/2025-tibalt-bot/build/rover_control/build
[2.192s] creating /home/lunabotics/2025-tibalt-bot/build/rover_control/build/lib
[2.193s] creating /home/lunabotics/2025-tibalt-bot/build/rover_control/build/lib/mainControlCode
[2.193s] copying mainControlCode/gui.py -> /home/lunabotics/2025-tibalt-bot/build/rover_control/build/lib/mainControlCode
[2.193s] copying mainControlCode/joystick_pipeline.py -> /home/lunabotics/2025-tibalt-bot/build/rover_control/build/lib/mainControlCode
[2.193s] copying mainControlCode/tibalt_control.py -> /home/lunabotics/2025-tibalt-bot/build/rover_control/build/lib/mainControlCode
[2.194s] copying mainControlCode/__init__.py -> /home/lunabotics/2025-tibalt-bot/build/rover_control/build/lib/mainControlCode
[2.195s] running install
[2.195s] running install_lib
[2.197s] creating /home/lunabotics/2025-tibalt-bot/install/rover_control/lib/python3.10/site-packages/mainControlCode
[2.197s] copying /home/lunabotics/2025-tibalt-bot/build/rover_control/build/lib/mainControlCode/gui.py -> /home/lunabotics/2025-tibalt-bot/install/rover_control/lib/python3.10/site-packages/mainControlCode
[2.198s] copying /home/lunabotics/2025-tibalt-bot/build/rover_control/build/lib/mainControlCode/joystick_pipeline.py -> /home/lunabotics/2025-tibalt-bot/install/rover_control/lib/python3.10/site-packages/mainControlCode
[2.198s] copying /home/lunabotics/2025-tibalt-bot/build/rover_control/build/lib/mainControlCode/tibalt_control.py -> /home/lunabotics/2025-tibalt-bot/install/rover_control/lib/python3.10/site-packages/mainControlCode
[2.198s] copying /home/lunabotics/2025-tibalt-bot/build/rover_control/build/lib/mainControlCode/__init__.py -> /home/lunabotics/2025-tibalt-bot/install/rover_control/lib/python3.10/site-packages/mainControlCode
[2.200s] byte-compiling /home/lunabotics/2025-tibalt-bot/install/rover_control/lib/python3.10/site-packages/mainControlCode/gui.py to gui.cpython-310.pyc
[2.205s] byte-compiling /home/lunabotics/2025-tibalt-bot/install/rover_control/lib/python3.10/site-packages/mainControlCode/joystick_pipeline.py to joystick_pipeline.cpython-310.pyc
[2.206s] byte-compiling /home/lunabotics/2025-tibalt-bot/install/rover_control/lib/python3.10/site-packages/mainControlCode/tibalt_control.py to tibalt_control.cpython-310.pyc
[2.208s] byte-compiling /home/lunabotics/2025-tibalt-bot/install/rover_control/lib/python3.10/site-packages/mainControlCode/__init__.py to __init__.cpython-310.pyc
[2.208s] running install_data
[2.209s] creating /home/lunabotics/2025-tibalt-bot/install/rover_control/share/ament_index
[2.209s] creating /home/lunabotics/2025-tibalt-bot/install/rover_control/share/ament_index/resource_index
[2.209s] creating /home/lunabotics/2025-tibalt-bot/install/rover_control/share/ament_index/resource_index/packages
[2.209s] copying resource/rover_control -> /home/lunabotics/2025-tibalt-bot/install/rover_control/share/ament_index/resource_index/packages
[2.209s] copying package.xml -> /home/lunabotics/2025-tibalt-bot/install/rover_control/share/rover_control
[2.210s] running install_egg_info
[2.215s] Copying ../../build/rover_control/rover_control.egg-info to /home/lunabotics/2025-tibalt-bot/install/rover_control/lib/python3.10/site-packages/rover_control-0.0.0-py3.10.egg-info
[2.217s] running install_scripts
[2.275s] writing list of installed files to '/home/lunabotics/2025-tibalt-bot/build/rover_control/install.log'
[2.387s] Invoked command in '/home/lunabotics/2025-tibalt-bot/src/rover_control' returned '0': PYTHONPATH=/home/lunabotics/2025-tibalt-bot/build/rover_control/prefix_override:/usr/lib/python3/dist-packages/colcon_core/task/python/colcon_distutils_commands:/home/lunabotics/2025-tibalt-bot/install/rover_control/lib/python3.10/site-packages:${PYTHONPATH} /usr/bin/python3 -W ignore:setup.py install is deprecated -W ignore:easy_install command is deprecated setup.py egg_info --egg-base ../../build/rover_control build --build-base /home/lunabotics/2025-tibalt-bot/build/rover_control/build install --record /home/lunabotics/2025-tibalt-bot/build/rover_control/install.log --single-version-externally-managed install_data
