[0.032s] Invoking command in '/home/lunabotics/2025-tibalt-bot/build/realsense2_camera_msgs': /usr/bin/cmake /home/lunabotics/2025-tibalt-bot/src/realsense-ros-4.55.1/realsense2_camera_msgs -DCMAKE_INSTALL_PREFIX=/home/lunabotics/2025-tibalt-bot/install/realsense2_camera_msgs
[0.174s] -- The C compiler identification is GNU 11.4.0
[0.309s] -- The CXX compiler identification is GNU 11.4.0
[0.326s] -- Detecting C compiler ABI info
[0.501s] -- Detecting C compiler ABI info - done
[0.523s] -- Check for working C compiler: /usr/bin/cc - skipped
[0.523s] -- Detecting C compile features
[0.524s] -- Detecting C compile features - done
[0.535s] -- Detecting CXX compiler ABI info
[0.740s] -- Detecting CXX compiler ABI info - done
[0.761s] -- Check for working CXX compiler: /usr/bin/c++ - skipped
[0.762s] -- Detecting CXX compile features
[0.764s] -- Detecting CXX compile features - done
[0.792s] [31mCMake Error at CMakeLists.txt:27 (find_package):
[0.792s]   By not providing "Findament_cmake.cmake" in CMAKE_MODULE_PATH this project
[0.792s]   has asked CMake to find a package configuration file provided by
[0.792s]   "ament_cmake", but CMake did not find one.
[0.792s] 
[0.793s]   Could not find a package configuration file provided by "ament_cmake" with
[0.793s]   any of the following names:
[0.793s] 
[0.793s]     ament_cmakeConfig.cmake
[0.793s]     ament_cmake-config.cmake
[0.793s] 
[0.793s]   Add the installation prefix of "ament_cmake" to CMAKE_PREFIX_PATH or set
[0.794s]   "ament_cmake_DIR" to a directory containing one of the above files.  If
[0.794s]   "ament_cmake" provides a separate development package or SDK, be sure it
[0.794s]   has been installed.
[0.794s] 
[0.794s] [0m
[0.794s] -- Configuring incomplete, errors occurred!
[0.794s] See also "/home/lunabotics/2025-tibalt-bot/build/realsense2_camera_msgs/CMakeFiles/CMakeOutput.log".
[0.808s] Invoked command in '/home/lunabotics/2025-tibalt-bot/build/realsense2_camera_msgs' returned '1': /usr/bin/cmake /home/lunabotics/2025-tibalt-bot/src/realsense-ros-4.55.1/realsense2_camera_msgs -DCMAKE_INSTALL_PREFIX=/home/lunabotics/2025-tibalt-bot/install/realsense2_camera_msgs
