[0.045s] Invoking command in '/home/lunabotics/2025-tibalt-bot/build/micro_ros_msgs': CMAKE_PREFIX_PATH=${CMAKE_PREFIX_PATH}:/home/lunabotics/2025-tibalt-bot/install/rover_control:/home/lunabotics/2025-terrence-bot/install/control_topic:/opt/ros/humble /usr/bin/cmake --build /home/lunabotics/2025-tibalt-bot/build/micro_ros_msgs -- -j6 -l6
[0.183s] [  6%] Built target micro_ros_msgs__cpp
[0.184s] [ 12%] Built target micro_ros_msgs__rosidl_generator_c
[0.212s] [ 12%] Built target ament_cmake_python_copy_micro_ros_msgs
[0.245s] [ 23%] Built target micro_ros_msgs__rosidl_typesupport_cpp
[0.258s] [ 34%] Built target micro_ros_msgs__rosidl_typesupport_introspection_cpp
[0.273s] [ 65%] Built target micro_ros_msgs__rosidl_typesupport_introspection_c
[0.274s] [ 65%] Built target micro_ros_msgs__rosidl_typesupport_fastrtps_cpp
[0.274s] [ 65%] Built target micro_ros_msgs__rosidl_typesupport_fastrtps_c
[0.285s] [ 76%] Built target micro_ros_msgs__rosidl_typesupport_c
[0.342s] [ 76%] Built target micro_ros_msgs
[0.398s] [ 78%] Built target micro_ros_msgs__py
[0.461s] [ 87%] Built target micro_ros_msgs__rosidl_generator_py
[0.525s] [100%] Built target micro_ros_msgs__rosidl_typesupport_introspection_c__pyext
[0.526s] [100%] Built target micro_ros_msgs__rosidl_typesupport_c__pyext
[0.526s] [100%] Built target micro_ros_msgs__rosidl_typesupport_fastrtps_c__pyext
[0.879s] running egg_info
[0.881s] writing micro_ros_msgs.egg-info/PKG-INFO
[0.881s] writing dependency_links to micro_ros_msgs.egg-info/dependency_links.txt
[0.882s] writing top-level names to micro_ros_msgs.egg-info/top_level.txt
[0.888s] reading manifest file 'micro_ros_msgs.egg-info/SOURCES.txt'
[0.889s] writing manifest file 'micro_ros_msgs.egg-info/SOURCES.txt'
[1.001s] [100%] Built target ament_cmake_python_build_micro_ros_msgs_egg
[1.039s] Invoked command in '/home/lunabotics/2025-tibalt-bot/build/micro_ros_msgs' returned '0': CMAKE_PREFIX_PATH=${CMAKE_PREFIX_PATH}:/home/lunabotics/2025-tibalt-bot/install/rover_control:/home/lunabotics/2025-terrence-bot/install/control_topic:/opt/ros/humble /usr/bin/cmake --build /home/lunabotics/2025-tibalt-bot/build/micro_ros_msgs -- -j6 -l6
[1.066s] Invoking command in '/home/lunabotics/2025-tibalt-bot/build/micro_ros_msgs': CMAKE_PREFIX_PATH=${CMAKE_PREFIX_PATH}:/home/lunabotics/2025-tibalt-bot/install/rover_control:/home/lunabotics/2025-terrence-bot/install/control_topic:/opt/ros/humble /usr/bin/cmake --install /home/lunabotics/2025-tibalt-bot/build/micro_ros_msgs
[1.088s] -- Install configuration: ""
[1.089s] -- Up-to-date: /home/lunabotics/2025-tibalt-bot/install/micro_ros_msgs/share/ament_index/resource_index/rosidl_interfaces/micro_ros_msgs
[1.089s] -- Up-to-date: /home/lunabotics/2025-tibalt-bot/install/micro_ros_msgs/include/micro_ros_msgs/micro_ros_msgs
[1.089s] -- Up-to-date: /home/lunabotics/2025-tibalt-bot/install/micro_ros_msgs/include/micro_ros_msgs/micro_ros_msgs/msg
[1.089s] -- Up-to-date: /home/lunabotics/2025-tibalt-bot/install/micro_ros_msgs/include/micro_ros_msgs/micro_ros_msgs/msg/rosidl_generator_c__visibility_control.h
[1.089s] -- Up-to-date: /home/lunabotics/2025-tibalt-bot/install/micro_ros_msgs/include/micro_ros_msgs/micro_ros_msgs/msg/entity.h
[1.090s] -- Up-to-date: /home/lunabotics/2025-tibalt-bot/install/micro_ros_msgs/include/micro_ros_msgs/micro_ros_msgs/msg/detail
[1.090s] -- Up-to-date: /home/lunabotics/2025-tibalt-bot/install/micro_ros_msgs/include/micro_ros_msgs/micro_ros_msgs/msg/detail/entity__functions.h
[1.090s] -- Up-to-date: /home/lunabotics/2025-tibalt-bot/install/micro_ros_msgs/include/micro_ros_msgs/micro_ros_msgs/msg/detail/entity__struct.h
[1.090s] -- Up-to-date: /home/lunabotics/2025-tibalt-bot/install/micro_ros_msgs/include/micro_ros_msgs/micro_ros_msgs/msg/detail/graph__functions.c
[1.090s] -- Up-to-date: /home/lunabotics/2025-tibalt-bot/install/micro_ros_msgs/include/micro_ros_msgs/micro_ros_msgs/msg/detail/entity__functions.c
[1.091s] -- Up-to-date: /home/lunabotics/2025-tibalt-bot/install/micro_ros_msgs/include/micro_ros_msgs/micro_ros_msgs/msg/detail/node__type_support.h
[1.091s] -- Up-to-date: /home/lunabotics/2025-tibalt-bot/install/micro_ros_msgs/include/micro_ros_msgs/micro_ros_msgs/msg/detail/entity__type_support.h
[1.091s] -- Up-to-date: /home/lunabotics/2025-tibalt-bot/install/micro_ros_msgs/include/micro_ros_msgs/micro_ros_msgs/msg/detail/graph__struct.h
[1.091s] -- Up-to-date: /home/lunabotics/2025-tibalt-bot/install/micro_ros_msgs/include/micro_ros_msgs/micro_ros_msgs/msg/detail/graph__functions.h
[1.091s] -- Up-to-date: /home/lunabotics/2025-tibalt-bot/install/micro_ros_msgs/include/micro_ros_msgs/micro_ros_msgs/msg/detail/node__functions.c
[1.091s] -- Up-to-date: /home/lunabotics/2025-tibalt-bot/install/micro_ros_msgs/include/micro_ros_msgs/micro_ros_msgs/msg/detail/graph__type_support.h
[1.092s] -- Up-to-date: /home/lunabotics/2025-tibalt-bot/install/micro_ros_msgs/include/micro_ros_msgs/micro_ros_msgs/msg/detail/node__functions.h
[1.092s] -- Up-to-date: /home/lunabotics/2025-tibalt-bot/install/micro_ros_msgs/include/micro_ros_msgs/micro_ros_msgs/msg/detail/node__struct.h
[1.092s] -- Up-to-date: /home/lunabotics/2025-tibalt-bot/install/micro_ros_msgs/include/micro_ros_msgs/micro_ros_msgs/msg/node.h
[1.092s] -- Up-to-date: /home/lunabotics/2025-tibalt-bot/install/micro_ros_msgs/include/micro_ros_msgs/micro_ros_msgs/msg/graph.h
[1.092s] -- Up-to-date: /home/lunabotics/2025-tibalt-bot/install/micro_ros_msgs/share/micro_ros_msgs/environment/library_path.sh
[1.093s] -- Up-to-date: /home/lunabotics/2025-tibalt-bot/install/micro_ros_msgs/share/micro_ros_msgs/environment/library_path.dsv
[1.093s] -- Up-to-date: /home/lunabotics/2025-tibalt-bot/install/micro_ros_msgs/lib/libmicro_ros_msgs__rosidl_generator_c.so
[1.094s] -- Up-to-date: /home/lunabotics/2025-tibalt-bot/install/micro_ros_msgs/include/micro_ros_msgs/micro_ros_msgs
[1.094s] -- Up-to-date: /home/lunabotics/2025-tibalt-bot/install/micro_ros_msgs/include/micro_ros_msgs/micro_ros_msgs/msg
[1.094s] -- Up-to-date: /home/lunabotics/2025-tibalt-bot/install/micro_ros_msgs/include/micro_ros_msgs/micro_ros_msgs/msg/detail
[1.094s] -- Up-to-date: /home/lunabotics/2025-tibalt-bot/install/micro_ros_msgs/include/micro_ros_msgs/micro_ros_msgs/msg/detail/entity__rosidl_typesupport_fastrtps_c.h
[1.094s] -- Up-to-date: /home/lunabotics/2025-tibalt-bot/install/micro_ros_msgs/include/micro_ros_msgs/micro_ros_msgs/msg/detail/node__rosidl_typesupport_fastrtps_c.h
[1.095s] -- Up-to-date: /home/lunabotics/2025-tibalt-bot/install/micro_ros_msgs/include/micro_ros_msgs/micro_ros_msgs/msg/detail/graph__rosidl_typesupport_fastrtps_c.h
[1.095s] -- Up-to-date: /home/lunabotics/2025-tibalt-bot/install/micro_ros_msgs/include/micro_ros_msgs/micro_ros_msgs/msg/rosidl_typesupport_fastrtps_c__visibility_control.h
[1.095s] -- Up-to-date: /home/lunabotics/2025-tibalt-bot/install/micro_ros_msgs/lib/libmicro_ros_msgs__rosidl_typesupport_fastrtps_c.so
[1.095s] -- Up-to-date: /home/lunabotics/2025-tibalt-bot/install/micro_ros_msgs/include/micro_ros_msgs/micro_ros_msgs
[1.095s] -- Up-to-date: /home/lunabotics/2025-tibalt-bot/install/micro_ros_msgs/include/micro_ros_msgs/micro_ros_msgs/msg
[1.096s] -- Up-to-date: /home/lunabotics/2025-tibalt-bot/install/micro_ros_msgs/include/micro_ros_msgs/micro_ros_msgs/msg/detail
[1.096s] -- Up-to-date: /home/lunabotics/2025-tibalt-bot/install/micro_ros_msgs/include/micro_ros_msgs/micro_ros_msgs/msg/detail/node__type_support.c
[1.096s] -- Up-to-date: /home/lunabotics/2025-tibalt-bot/install/micro_ros_msgs/include/micro_ros_msgs/micro_ros_msgs/msg/detail/graph__rosidl_typesupport_introspection_c.h
[1.096s] -- Up-to-date: /home/lunabotics/2025-tibalt-bot/install/micro_ros_msgs/include/micro_ros_msgs/micro_ros_msgs/msg/detail/graph__type_support.c
[1.096s] -- Up-to-date: /home/lunabotics/2025-tibalt-bot/install/micro_ros_msgs/include/micro_ros_msgs/micro_ros_msgs/msg/detail/entity__type_support.c
[1.096s] -- Up-to-date: /home/lunabotics/2025-tibalt-bot/install/micro_ros_msgs/include/micro_ros_msgs/micro_ros_msgs/msg/detail/entity__rosidl_typesupport_introspection_c.h
[1.096s] -- Up-to-date: /home/lunabotics/2025-tibalt-bot/install/micro_ros_msgs/include/micro_ros_msgs/micro_ros_msgs/msg/detail/node__rosidl_typesupport_introspection_c.h
[1.097s] -- Up-to-date: /home/lunabotics/2025-tibalt-bot/install/micro_ros_msgs/include/micro_ros_msgs/micro_ros_msgs/msg/rosidl_typesupport_introspection_c__visibility_control.h
[1.097s] -- Up-to-date: /home/lunabotics/2025-tibalt-bot/install/micro_ros_msgs/lib/libmicro_ros_msgs__rosidl_typesupport_introspection_c.so
[1.097s] -- Up-to-date: /home/lunabotics/2025-tibalt-bot/install/micro_ros_msgs/lib/libmicro_ros_msgs__rosidl_typesupport_c.so
[1.097s] -- Up-to-date: /home/lunabotics/2025-tibalt-bot/install/micro_ros_msgs/include/micro_ros_msgs/micro_ros_msgs
[1.097s] -- Up-to-date: /home/lunabotics/2025-tibalt-bot/install/micro_ros_msgs/include/micro_ros_msgs/micro_ros_msgs/msg
[1.097s] -- Up-to-date: /home/lunabotics/2025-tibalt-bot/install/micro_ros_msgs/include/micro_ros_msgs/micro_ros_msgs/msg/entity.hpp
[1.098s] -- Up-to-date: /home/lunabotics/2025-tibalt-bot/install/micro_ros_msgs/include/micro_ros_msgs/micro_ros_msgs/msg/graph.hpp
[1.098s] -- Up-to-date: /home/lunabotics/2025-tibalt-bot/install/micro_ros_msgs/include/micro_ros_msgs/micro_ros_msgs/msg/node.hpp
[1.098s] -- Up-to-date: /home/lunabotics/2025-tibalt-bot/install/micro_ros_msgs/include/micro_ros_msgs/micro_ros_msgs/msg/rosidl_generator_cpp__visibility_control.hpp
[1.098s] -- Up-to-date: /home/lunabotics/2025-tibalt-bot/install/micro_ros_msgs/include/micro_ros_msgs/micro_ros_msgs/msg/detail
[1.098s] -- Up-to-date: /home/lunabotics/2025-tibalt-bot/install/micro_ros_msgs/include/micro_ros_msgs/micro_ros_msgs/msg/detail/node__struct.hpp
[1.098s] -- Up-to-date: /home/lunabotics/2025-tibalt-bot/install/micro_ros_msgs/include/micro_ros_msgs/micro_ros_msgs/msg/detail/graph__struct.hpp
[1.099s] -- Up-to-date: /home/lunabotics/2025-tibalt-bot/install/micro_ros_msgs/include/micro_ros_msgs/micro_ros_msgs/msg/detail/graph__traits.hpp
[1.099s] -- Up-to-date: /home/lunabotics/2025-tibalt-bot/install/micro_ros_msgs/include/micro_ros_msgs/micro_ros_msgs/msg/detail/node__type_support.hpp
[1.099s] -- Up-to-date: /home/lunabotics/2025-tibalt-bot/install/micro_ros_msgs/include/micro_ros_msgs/micro_ros_msgs/msg/detail/entity__traits.hpp
[1.099s] -- Up-to-date: /home/lunabotics/2025-tibalt-bot/install/micro_ros_msgs/include/micro_ros_msgs/micro_ros_msgs/msg/detail/node__traits.hpp
[1.099s] -- Up-to-date: /home/lunabotics/2025-tibalt-bot/install/micro_ros_msgs/include/micro_ros_msgs/micro_ros_msgs/msg/detail/graph__builder.hpp
[1.100s] -- Up-to-date: /home/lunabotics/2025-tibalt-bot/install/micro_ros_msgs/include/micro_ros_msgs/micro_ros_msgs/msg/detail/entity__builder.hpp
[1.100s] -- Up-to-date: /home/lunabotics/2025-tibalt-bot/install/micro_ros_msgs/include/micro_ros_msgs/micro_ros_msgs/msg/detail/graph__type_support.hpp
[1.100s] -- Up-to-date: /home/lunabotics/2025-tibalt-bot/install/micro_ros_msgs/include/micro_ros_msgs/micro_ros_msgs/msg/detail/entity__type_support.hpp
[1.100s] -- Up-to-date: /home/lunabotics/2025-tibalt-bot/install/micro_ros_msgs/include/micro_ros_msgs/micro_ros_msgs/msg/detail/node__builder.hpp
[1.100s] -- Up-to-date: /home/lunabotics/2025-tibalt-bot/install/micro_ros_msgs/include/micro_ros_msgs/micro_ros_msgs/msg/detail/entity__struct.hpp
[1.100s] -- Up-to-date: /home/lunabotics/2025-tibalt-bot/install/micro_ros_msgs/include/micro_ros_msgs/micro_ros_msgs
[1.100s] -- Up-to-date: /home/lunabotics/2025-tibalt-bot/install/micro_ros_msgs/include/micro_ros_msgs/micro_ros_msgs/msg
[1.100s] -- Up-to-date: /home/lunabotics/2025-tibalt-bot/install/micro_ros_msgs/include/micro_ros_msgs/micro_ros_msgs/msg/detail
[1.101s] -- Up-to-date: /home/lunabotics/2025-tibalt-bot/install/micro_ros_msgs/include/micro_ros_msgs/micro_ros_msgs/msg/detail/dds_fastrtps
[1.101s] -- Up-to-date: /home/lunabotics/2025-tibalt-bot/install/micro_ros_msgs/include/micro_ros_msgs/micro_ros_msgs/msg/detail/node__rosidl_typesupport_fastrtps_cpp.hpp
[1.101s] -- Up-to-date: /home/lunabotics/2025-tibalt-bot/install/micro_ros_msgs/include/micro_ros_msgs/micro_ros_msgs/msg/detail/entity__rosidl_typesupport_fastrtps_cpp.hpp
[1.101s] -- Up-to-date: /home/lunabotics/2025-tibalt-bot/install/micro_ros_msgs/include/micro_ros_msgs/micro_ros_msgs/msg/detail/graph__rosidl_typesupport_fastrtps_cpp.hpp
[1.101s] -- Up-to-date: /home/lunabotics/2025-tibalt-bot/install/micro_ros_msgs/include/micro_ros_msgs/micro_ros_msgs/msg/rosidl_typesupport_fastrtps_cpp__visibility_control.h
[1.101s] -- Up-to-date: /home/lunabotics/2025-tibalt-bot/install/micro_ros_msgs/lib/libmicro_ros_msgs__rosidl_typesupport_fastrtps_cpp.so
[1.102s] -- Up-to-date: /home/lunabotics/2025-tibalt-bot/install/micro_ros_msgs/include/micro_ros_msgs/micro_ros_msgs
[1.102s] -- Up-to-date: /home/lunabotics/2025-tibalt-bot/install/micro_ros_msgs/include/micro_ros_msgs/micro_ros_msgs/msg
[1.102s] -- Up-to-date: /home/lunabotics/2025-tibalt-bot/install/micro_ros_msgs/include/micro_ros_msgs/micro_ros_msgs/msg/detail
[1.102s] -- Up-to-date: /home/lunabotics/2025-tibalt-bot/install/micro_ros_msgs/include/micro_ros_msgs/micro_ros_msgs/msg/detail/graph__rosidl_typesupport_introspection_cpp.hpp
[1.102s] -- Up-to-date: /home/lunabotics/2025-tibalt-bot/install/micro_ros_msgs/include/micro_ros_msgs/micro_ros_msgs/msg/detail/entity__type_support.cpp
[1.103s] -- Up-to-date: /home/lunabotics/2025-tibalt-bot/install/micro_ros_msgs/include/micro_ros_msgs/micro_ros_msgs/msg/detail/graph__type_support.cpp
[1.103s] -- Up-to-date: /home/lunabotics/2025-tibalt-bot/install/micro_ros_msgs/include/micro_ros_msgs/micro_ros_msgs/msg/detail/entity__rosidl_typesupport_introspection_cpp.hpp
[1.103s] -- Up-to-date: /home/lunabotics/2025-tibalt-bot/install/micro_ros_msgs/include/micro_ros_msgs/micro_ros_msgs/msg/detail/node__rosidl_typesupport_introspection_cpp.hpp
[1.103s] -- Up-to-date: /home/lunabotics/2025-tibalt-bot/install/micro_ros_msgs/include/micro_ros_msgs/micro_ros_msgs/msg/detail/node__type_support.cpp
[1.103s] -- Up-to-date: /home/lunabotics/2025-tibalt-bot/install/micro_ros_msgs/lib/libmicro_ros_msgs__rosidl_typesupport_introspection_cpp.so
[1.103s] -- Up-to-date: /home/lunabotics/2025-tibalt-bot/install/micro_ros_msgs/lib/libmicro_ros_msgs__rosidl_typesupport_cpp.so
[1.103s] -- Up-to-date: /home/lunabotics/2025-tibalt-bot/install/micro_ros_msgs/share/micro_ros_msgs/environment/pythonpath.sh
[1.103s] -- Up-to-date: /home/lunabotics/2025-tibalt-bot/install/micro_ros_msgs/share/micro_ros_msgs/environment/pythonpath.dsv
[1.104s] -- Up-to-date: /home/lunabotics/2025-tibalt-bot/install/micro_ros_msgs/local/lib/python3.10/dist-packages/micro_ros_msgs-5.0.2-py3.10.egg-info
[1.104s] -- Installing: /home/lunabotics/2025-tibalt-bot/install/micro_ros_msgs/local/lib/python3.10/dist-packages/micro_ros_msgs-5.0.2-py3.10.egg-info/top_level.txt
[1.104s] -- Installing: /home/lunabotics/2025-tibalt-bot/install/micro_ros_msgs/local/lib/python3.10/dist-packages/micro_ros_msgs-5.0.2-py3.10.egg-info/SOURCES.txt
[1.104s] -- Installing: /home/lunabotics/2025-tibalt-bot/install/micro_ros_msgs/local/lib/python3.10/dist-packages/micro_ros_msgs-5.0.2-py3.10.egg-info/PKG-INFO
[1.104s] -- Installing: /home/lunabotics/2025-tibalt-bot/install/micro_ros_msgs/local/lib/python3.10/dist-packages/micro_ros_msgs-5.0.2-py3.10.egg-info/dependency_links.txt
[1.104s] -- Up-to-date: /home/lunabotics/2025-tibalt-bot/install/micro_ros_msgs/local/lib/python3.10/dist-packages/micro_ros_msgs
[1.104s] -- Up-to-date: /home/lunabotics/2025-tibalt-bot/install/micro_ros_msgs/local/lib/python3.10/dist-packages/micro_ros_msgs/_micro_ros_msgs_s.ep.rosidl_typesupport_fastrtps_c.c
[1.105s] -- Up-to-date: /home/lunabotics/2025-tibalt-bot/install/micro_ros_msgs/local/lib/python3.10/dist-packages/micro_ros_msgs/libmicro_ros_msgs__rosidl_generator_py.so
[1.105s] -- Up-to-date: /home/lunabotics/2025-tibalt-bot/install/micro_ros_msgs/local/lib/python3.10/dist-packages/micro_ros_msgs/micro_ros_msgs_s__rosidl_typesupport_c.cpython-310-aarch64-linux-gnu.so
[1.105s] -- Up-to-date: /home/lunabotics/2025-tibalt-bot/install/micro_ros_msgs/local/lib/python3.10/dist-packages/micro_ros_msgs/_micro_ros_msgs_s.ep.rosidl_typesupport_introspection_c.c
[1.105s] -- Up-to-date: /home/lunabotics/2025-tibalt-bot/install/micro_ros_msgs/local/lib/python3.10/dist-packages/micro_ros_msgs/msg
[1.105s] -- Up-to-date: /home/lunabotics/2025-tibalt-bot/install/micro_ros_msgs/local/lib/python3.10/dist-packages/micro_ros_msgs/msg/_entity_s.c
[1.105s] -- Up-to-date: /home/lunabotics/2025-tibalt-bot/install/micro_ros_msgs/local/lib/python3.10/dist-packages/micro_ros_msgs/msg/_node.py
[1.105s] -- Up-to-date: /home/lunabotics/2025-tibalt-bot/install/micro_ros_msgs/local/lib/python3.10/dist-packages/micro_ros_msgs/msg/_node_s.c
[1.105s] -- Up-to-date: /home/lunabotics/2025-tibalt-bot/install/micro_ros_msgs/local/lib/python3.10/dist-packages/micro_ros_msgs/msg/_graph.py
[1.106s] -- Up-to-date: /home/lunabotics/2025-tibalt-bot/install/micro_ros_msgs/local/lib/python3.10/dist-packages/micro_ros_msgs/msg/_entity.py
[1.106s] -- Up-to-date: /home/lunabotics/2025-tibalt-bot/install/micro_ros_msgs/local/lib/python3.10/dist-packages/micro_ros_msgs/msg/_graph_s.c
[1.106s] -- Up-to-date: /home/lunabotics/2025-tibalt-bot/install/micro_ros_msgs/local/lib/python3.10/dist-packages/micro_ros_msgs/msg/__init__.py
[1.106s] -- Up-to-date: /home/lunabotics/2025-tibalt-bot/install/micro_ros_msgs/local/lib/python3.10/dist-packages/micro_ros_msgs/_micro_ros_msgs_s.ep.rosidl_typesupport_c.c
[1.106s] -- Up-to-date: /home/lunabotics/2025-tibalt-bot/install/micro_ros_msgs/local/lib/python3.10/dist-packages/micro_ros_msgs/micro_ros_msgs_s__rosidl_typesupport_introspection_c.cpython-310-aarch64-linux-gnu.so
[1.106s] -- Up-to-date: /home/lunabotics/2025-tibalt-bot/install/micro_ros_msgs/local/lib/python3.10/dist-packages/micro_ros_msgs/micro_ros_msgs_s__rosidl_typesupport_fastrtps_c.cpython-310-aarch64-linux-gnu.so
[1.106s] -- Up-to-date: /home/lunabotics/2025-tibalt-bot/install/micro_ros_msgs/local/lib/python3.10/dist-packages/micro_ros_msgs/__init__.py
[1.179s] Listing '/home/lunabotics/2025-tibalt-bot/install/micro_ros_msgs/local/lib/python3.10/dist-packages/micro_ros_msgs'...
[1.180s] Listing '/home/lunabotics/2025-tibalt-bot/install/micro_ros_msgs/local/lib/python3.10/dist-packages/micro_ros_msgs/msg'...
[1.195s] -- Up-to-date: /home/lunabotics/2025-tibalt-bot/install/micro_ros_msgs/local/lib/python3.10/dist-packages/micro_ros_msgs/micro_ros_msgs_s__rosidl_typesupport_fastrtps_c.cpython-310-aarch64-linux-gnu.so
[1.196s] -- Up-to-date: /home/lunabotics/2025-tibalt-bot/install/micro_ros_msgs/local/lib/python3.10/dist-packages/micro_ros_msgs/micro_ros_msgs_s__rosidl_typesupport_introspection_c.cpython-310-aarch64-linux-gnu.so
[1.196s] -- Up-to-date: /home/lunabotics/2025-tibalt-bot/install/micro_ros_msgs/local/lib/python3.10/dist-packages/micro_ros_msgs/micro_ros_msgs_s__rosidl_typesupport_c.cpython-310-aarch64-linux-gnu.so
[1.197s] -- Up-to-date: /home/lunabotics/2025-tibalt-bot/install/micro_ros_msgs/lib/libmicro_ros_msgs__rosidl_generator_py.so
[1.197s] -- Up-to-date: /home/lunabotics/2025-tibalt-bot/install/micro_ros_msgs/share/micro_ros_msgs/msg/Graph.idl
[1.197s] -- Up-to-date: /home/lunabotics/2025-tibalt-bot/install/micro_ros_msgs/share/micro_ros_msgs/msg/Node.idl
[1.197s] -- Up-to-date: /home/lunabotics/2025-tibalt-bot/install/micro_ros_msgs/share/micro_ros_msgs/msg/Entity.idl
[1.198s] -- Up-to-date: /home/lunabotics/2025-tibalt-bot/install/micro_ros_msgs/share/micro_ros_msgs/msg/Graph.msg
[1.198s] -- Up-to-date: /home/lunabotics/2025-tibalt-bot/install/micro_ros_msgs/share/micro_ros_msgs/msg/Node.msg
[1.198s] -- Up-to-date: /home/lunabotics/2025-tibalt-bot/install/micro_ros_msgs/share/micro_ros_msgs/msg/Entity.msg
[1.198s] -- Up-to-date: /home/lunabotics/2025-tibalt-bot/install/micro_ros_msgs/share/ament_index/resource_index/package_run_dependencies/micro_ros_msgs
[1.198s] -- Up-to-date: /home/lunabotics/2025-tibalt-bot/install/micro_ros_msgs/share/ament_index/resource_index/parent_prefix_path/micro_ros_msgs
[1.199s] -- Up-to-date: /home/lunabotics/2025-tibalt-bot/install/micro_ros_msgs/share/micro_ros_msgs/environment/ament_prefix_path.sh
[1.199s] -- Up-to-date: /home/lunabotics/2025-tibalt-bot/install/micro_ros_msgs/share/micro_ros_msgs/environment/ament_prefix_path.dsv
[1.199s] -- Up-to-date: /home/lunabotics/2025-tibalt-bot/install/micro_ros_msgs/share/micro_ros_msgs/environment/path.sh
[1.199s] -- Up-to-date: /home/lunabotics/2025-tibalt-bot/install/micro_ros_msgs/share/micro_ros_msgs/environment/path.dsv
[1.199s] -- Up-to-date: /home/lunabotics/2025-tibalt-bot/install/micro_ros_msgs/share/micro_ros_msgs/local_setup.bash
[1.199s] -- Up-to-date: /home/lunabotics/2025-tibalt-bot/install/micro_ros_msgs/share/micro_ros_msgs/local_setup.sh
[1.199s] -- Up-to-date: /home/lunabotics/2025-tibalt-bot/install/micro_ros_msgs/share/micro_ros_msgs/local_setup.zsh
[1.200s] -- Up-to-date: /home/lunabotics/2025-tibalt-bot/install/micro_ros_msgs/share/micro_ros_msgs/local_setup.dsv
[1.200s] -- Installing: /home/lunabotics/2025-tibalt-bot/install/micro_ros_msgs/share/micro_ros_msgs/package.dsv
[1.200s] -- Up-to-date: /home/lunabotics/2025-tibalt-bot/install/micro_ros_msgs/share/ament_index/resource_index/packages/micro_ros_msgs
[1.200s] -- Up-to-date: /home/lunabotics/2025-tibalt-bot/install/micro_ros_msgs/share/micro_ros_msgs/cmake/export_micro_ros_msgs__rosidl_generator_cExport.cmake
[1.200s] -- Up-to-date: /home/lunabotics/2025-tibalt-bot/install/micro_ros_msgs/share/micro_ros_msgs/cmake/export_micro_ros_msgs__rosidl_generator_cExport-noconfig.cmake
[1.201s] -- Up-to-date: /home/lunabotics/2025-tibalt-bot/install/micro_ros_msgs/share/micro_ros_msgs/cmake/export_micro_ros_msgs__rosidl_typesupport_fastrtps_cExport.cmake
[1.201s] -- Up-to-date: /home/lunabotics/2025-tibalt-bot/install/micro_ros_msgs/share/micro_ros_msgs/cmake/export_micro_ros_msgs__rosidl_typesupport_fastrtps_cExport-noconfig.cmake
[1.201s] -- Up-to-date: /home/lunabotics/2025-tibalt-bot/install/micro_ros_msgs/share/micro_ros_msgs/cmake/micro_ros_msgs__rosidl_typesupport_introspection_cExport.cmake
[1.201s] -- Up-to-date: /home/lunabotics/2025-tibalt-bot/install/micro_ros_msgs/share/micro_ros_msgs/cmake/micro_ros_msgs__rosidl_typesupport_introspection_cExport-noconfig.cmake
[1.201s] -- Up-to-date: /home/lunabotics/2025-tibalt-bot/install/micro_ros_msgs/share/micro_ros_msgs/cmake/micro_ros_msgs__rosidl_typesupport_cExport.cmake
[1.202s] -- Up-to-date: /home/lunabotics/2025-tibalt-bot/install/micro_ros_msgs/share/micro_ros_msgs/cmake/micro_ros_msgs__rosidl_typesupport_cExport-noconfig.cmake
[1.202s] -- Up-to-date: /home/lunabotics/2025-tibalt-bot/install/micro_ros_msgs/share/micro_ros_msgs/cmake/export_micro_ros_msgs__rosidl_generator_cppExport.cmake
[1.202s] -- Up-to-date: /home/lunabotics/2025-tibalt-bot/install/micro_ros_msgs/share/micro_ros_msgs/cmake/export_micro_ros_msgs__rosidl_typesupport_fastrtps_cppExport.cmake
[1.203s] -- Up-to-date: /home/lunabotics/2025-tibalt-bot/install/micro_ros_msgs/share/micro_ros_msgs/cmake/export_micro_ros_msgs__rosidl_typesupport_fastrtps_cppExport-noconfig.cmake
[1.203s] -- Up-to-date: /home/lunabotics/2025-tibalt-bot/install/micro_ros_msgs/share/micro_ros_msgs/cmake/micro_ros_msgs__rosidl_typesupport_introspection_cppExport.cmake
[1.203s] -- Up-to-date: /home/lunabotics/2025-tibalt-bot/install/micro_ros_msgs/share/micro_ros_msgs/cmake/micro_ros_msgs__rosidl_typesupport_introspection_cppExport-noconfig.cmake
[1.203s] -- Up-to-date: /home/lunabotics/2025-tibalt-bot/install/micro_ros_msgs/share/micro_ros_msgs/cmake/micro_ros_msgs__rosidl_typesupport_cppExport.cmake
[1.203s] -- Up-to-date: /home/lunabotics/2025-tibalt-bot/install/micro_ros_msgs/share/micro_ros_msgs/cmake/micro_ros_msgs__rosidl_typesupport_cppExport-noconfig.cmake
[1.203s] -- Up-to-date: /home/lunabotics/2025-tibalt-bot/install/micro_ros_msgs/share/micro_ros_msgs/cmake/export_micro_ros_msgs__rosidl_generator_pyExport.cmake
[1.203s] -- Up-to-date: /home/lunabotics/2025-tibalt-bot/install/micro_ros_msgs/share/micro_ros_msgs/cmake/export_micro_ros_msgs__rosidl_generator_pyExport-noconfig.cmake
[1.204s] -- Up-to-date: /home/lunabotics/2025-tibalt-bot/install/micro_ros_msgs/share/micro_ros_msgs/cmake/rosidl_cmake-extras.cmake
[1.204s] -- Up-to-date: /home/lunabotics/2025-tibalt-bot/install/micro_ros_msgs/share/micro_ros_msgs/cmake/ament_cmake_export_include_directories-extras.cmake
[1.204s] -- Up-to-date: /home/lunabotics/2025-tibalt-bot/install/micro_ros_msgs/share/micro_ros_msgs/cmake/ament_cmake_export_libraries-extras.cmake
[1.204s] -- Up-to-date: /home/lunabotics/2025-tibalt-bot/install/micro_ros_msgs/share/micro_ros_msgs/cmake/ament_cmake_export_targets-extras.cmake
[1.204s] -- Up-to-date: /home/lunabotics/2025-tibalt-bot/install/micro_ros_msgs/share/micro_ros_msgs/cmake/rosidl_cmake_export_typesupport_targets-extras.cmake
[1.204s] -- Up-to-date: /home/lunabotics/2025-tibalt-bot/install/micro_ros_msgs/share/micro_ros_msgs/cmake/ament_cmake_export_dependencies-extras.cmake
[1.204s] -- Up-to-date: /home/lunabotics/2025-tibalt-bot/install/micro_ros_msgs/share/micro_ros_msgs/cmake/rosidl_cmake_export_typesupport_libraries-extras.cmake
[1.205s] -- Up-to-date: /home/lunabotics/2025-tibalt-bot/install/micro_ros_msgs/share/micro_ros_msgs/cmake/micro_ros_msgsConfig.cmake
[1.205s] -- Up-to-date: /home/lunabotics/2025-tibalt-bot/install/micro_ros_msgs/share/micro_ros_msgs/cmake/micro_ros_msgsConfig-version.cmake
[1.205s] -- Up-to-date: /home/lunabotics/2025-tibalt-bot/install/micro_ros_msgs/share/micro_ros_msgs/package.xml
[1.211s] Invoked command in '/home/lunabotics/2025-tibalt-bot/build/micro_ros_msgs' returned '0': CMAKE_PREFIX_PATH=${CMAKE_PREFIX_PATH}:/home/lunabotics/2025-tibalt-bot/install/rover_control:/home/lunabotics/2025-terrence-bot/install/control_topic:/opt/ros/humble /usr/bin/cmake --install /home/lunabotics/2025-tibalt-bot/build/micro_ros_msgs
