gmake: Warning: File 'Makefile' has modification time 353 s in the future
gmake[2]: Warning: File 'CMakeFiles/realsense2_camera_msgs__rosidl_generator_c.dir/flags.make' has modification time 348 s in the future
gmake[2]: Warning: File 'CMakeFiles/realsense2_camera_msgs__cpp.dir/compiler_depend.make' has modification time 348 s in the future
gmake[2]: Warning: File 'CMakeFiles/ament_cmake_python_copy_realsense2_camera_msgs.dir/compiler_depend.make' has modification time 348 s in the future
gmake[2]: warning:  Clock skew detected.  Your build may be incomplete.
gmake[2]: warning:  Clock skew detected.  Your build may be incomplete.
gmake[2]: Warning: File 'CMakeFiles/ament_cmake_python_copy_realsense2_camera_msgs.dir/compiler_depend.make' has modification time 348 s in the future
gmake[2]: Warning: File 'CMakeFiles/realsense2_camera_msgs__cpp.dir/compiler_depend.make' has modification time 348 s in the future
gmake[2]: warning:  Clock skew detected.  Your build may be incomplete.
gmake[2]: Warning: File 'CMakeFiles/realsense2_camera_msgs__rosidl_typesupport_cpp.dir/flags.make' has modification time 348 s in the future
gmake[2]: Warning: File 'CMakeFiles/realsense2_camera_msgs__rosidl_typesupport_fastrtps_cpp.dir/flags.make' has modification time 348 s in the future
gmake[2]: Warning: File 'CMakeFiles/realsense2_camera_msgs__rosidl_typesupport_introspection_cpp.dir/flags.make' has modification time 348 s in the future
gmake[2]: warning:  Clock skew detected.  Your build may be incomplete.
gmake[2]: warning:  Clock skew detected.  Your build may be incomplete.
gmake[2]: warning:  Clock skew detected.  Your build may be incomplete.
gmake[2]: Warning: File 'CMakeFiles/ament_cmake_python_build_realsense2_camera_msgs_egg.dir/compiler_depend.make' has modification time 348 s in the future
gmake[2]: Warning: File 'CMakeFiles/realsense2_camera_msgs__rosidl_generator_c.dir/flags.make' has modification time 348 s in the future
gmake[2]: warning:  Clock skew detected.  Your build may be incomplete.
gmake[2]: warning:  Clock skew detected.  Your build may be incomplete.
gmake[2]: Warning: File 'CMakeFiles/realsense2_camera_msgs__rosidl_typesupport_cpp.dir/flags.make' has modification time 348 s in the future
gmake[2]: Warning: File 'CMakeFiles/realsense2_camera_msgs__rosidl_typesupport_fastrtps_cpp.dir/flags.make' has modification time 348 s in the future
gmake[2]: Warning: File 'CMakeFiles/realsense2_camera_msgs__rosidl_typesupport_introspection_cpp.dir/flags.make' has modification time 348 s in the future
gmake[2]: warning:  Clock skew detected.  Your build may be incomplete.
gmake[2]: Warning: File 'CMakeFiles/ament_cmake_python_build_realsense2_camera_msgs_egg.dir/compiler_depend.make' has modification time 348 s in the future
gmake[2]: warning:  Clock skew detected.  Your build may be incomplete.
gmake[2]: warning:  Clock skew detected.  Your build may be incomplete.
gmake[2]: Warning: File 'CMakeFiles/realsense2_camera_msgs__rosidl_typesupport_fastrtps_c.dir/flags.make' has modification time 346 s in the future
gmake[2]: warning:  Clock skew detected.  Your build may be incomplete.
gmake[2]: Warning: File 'CMakeFiles/realsense2_camera_msgs__rosidl_typesupport_fastrtps_c.dir/flags.make' has modification time 346 s in the future
gmake[2]: warning:  Clock skew detected.  Your build may be incomplete.
gmake[2]: Warning: File 'CMakeFiles/realsense2_camera_msgs__rosidl_typesupport_introspection_c.dir/flags.make' has modification time 345 s in the future
gmake[2]: warning:  Clock skew detected.  Your build may be incomplete.
gmake[2]: Warning: File 'CMakeFiles/realsense2_camera_msgs__rosidl_typesupport_introspection_c.dir/flags.make' has modification time 345 s in the future
gmake[2]: warning:  Clock skew detected.  Your build may be incomplete.
gmake[2]: Warning: File 'CMakeFiles/realsense2_camera_msgs__rosidl_typesupport_c.dir/flags.make' has modification time 344 s in the future
gmake[2]: warning:  Clock skew detected.  Your build may be incomplete.
gmake[2]: Warning: File 'CMakeFiles/realsense2_camera_msgs__rosidl_typesupport_c.dir/flags.make' has modification time 344 s in the future
gmake[2]: warning:  Clock skew detected.  Your build may be incomplete.
gmake[2]: warning:  Clock skew detected.  Your build may be incomplete.
gmake[2]: warning:  Clock skew detected.  Your build may be incomplete.
gmake[2]: warning:  Clock skew detected.  Your build may be incomplete.
gmake[2]: Warning: File 'CMakeFiles/realsense2_camera_msgs.dir/compiler_depend.make' has modification time 342 s in the future
gmake[2]: warning:  Clock skew detected.  Your build may be incomplete.
gmake[2]: Warning: File 'CMakeFiles/realsense2_camera_msgs.dir/compiler_depend.make' has modification time 342 s in the future
gmake[2]: warning:  Clock skew detected.  Your build may be incomplete.
gmake[2]: Warning: File 'realsense2_camera_msgs__py/CMakeFiles/realsense2_camera_msgs__py.dir/compiler_depend.make' has modification time 342 s in the future
gmake[2]: warning:  Clock skew detected.  Your build may be incomplete.
gmake[2]: Warning: File 'realsense2_camera_msgs__py/CMakeFiles/realsense2_camera_msgs__py.dir/compiler_depend.make' has modification time 342 s in the future
gmake[2]: warning:  Clock skew detected.  Your build may be incomplete.
gmake[2]: Warning: File 'CMakeFiles/realsense2_camera_msgs__rosidl_generator_py.dir/flags.make' has modification time 342 s in the future
gmake[2]: warning:  Clock skew detected.  Your build may be incomplete.
gmake[2]: Warning: File 'CMakeFiles/realsense2_camera_msgs__rosidl_generator_py.dir/flags.make' has modification time 342 s in the future
gmake[2]: warning:  Clock skew detected.  Your build may be incomplete.
gmake[2]: Warning: File 'CMakeFiles/realsense2_camera_msgs__rosidl_typesupport_fastrtps_c__pyext.dir/flags.make' has modification time 342 s in the future
gmake[2]: Warning: File 'CMakeFiles/realsense2_camera_msgs__rosidl_typesupport_introspection_c__pyext.dir/flags.make' has modification time 342 s in the future
gmake[2]: Warning: File 'CMakeFiles/realsense2_camera_msgs__rosidl_typesupport_c__pyext.dir/flags.make' has modification time 342 s in the future
gmake[2]: warning:  Clock skew detected.  Your build may be incomplete.
gmake[2]: warning:  Clock skew detected.  Your build may be incomplete.
gmake[2]: warning:  Clock skew detected.  Your build may be incomplete.
gmake[2]: Warning: File 'CMakeFiles/realsense2_camera_msgs__rosidl_typesupport_c__pyext.dir/flags.make' has modification time 341 s in the future
gmake[2]: Warning: File 'CMakeFiles/realsense2_camera_msgs__rosidl_typesupport_introspection_c__pyext.dir/flags.make' has modification time 341 s in the future
gmake[2]: Warning: File 'CMakeFiles/realsense2_camera_msgs__rosidl_typesupport_fastrtps_c__pyext.dir/flags.make' has modification time 341 s in the future
gmake[2]: warning:  Clock skew detected.  Your build may be incomplete.
gmake[2]: warning:  Clock skew detected.  Your build may be incomplete.
gmake[2]: warning:  Clock skew detected.  Your build may be incomplete.
gmake: warning:  Clock skew detected.  Your build may be incomplete.
