[1.677s] Invoking command in '/home/lunabotics/2025-tibalt-bot/src/rover_control': PYTHONPATH=/home/lunabotics/2025-tibalt-bot/build/rover_control/prefix_override:/usr/lib/python3/dist-packages/colcon_core/task/python/colcon_distutils_commands:/home/lunabotics/2025-tibalt-bot/install/rover_control/lib/python3.10/site-packages:${PYTHONPATH} /usr/bin/python3 -W ignore:setup.py install is deprecated -W ignore:easy_install command is deprecated setup.py egg_info --egg-base ../../build/rover_control build --build-base /home/lunabotics/2025-tibalt-bot/build/rover_control/build install --record /home/lunabotics/2025-tibalt-bot/build/rover_control/install.log --single-version-externally-managed install_data
[2.276s] running egg_info
[2.277s] writing ../../build/rover_control/rover_control.egg-info/PKG-INFO
[2.278s] writing dependency_links to ../../build/rover_control/rover_control.egg-info/dependency_links.txt
[2.278s] writing entry points to ../../build/rover_control/rover_control.egg-info/entry_points.txt
[2.279s] writing requirements to ../../build/rover_control/rover_control.egg-info/requires.txt
[2.279s] writing top-level names to ../../build/rover_control/rover_control.egg-info/top_level.txt
[2.284s] reading manifest file '../../build/rover_control/rover_control.egg-info/SOURCES.txt'
[2.286s] writing manifest file '../../build/rover_control/rover_control.egg-info/SOURCES.txt'
[2.286s] running build
[2.286s] running build_py
[2.287s] copying rover_control/tibalt_control.py -> /home/lunabotics/2025-tibalt-bot/build/rover_control/build/lib/rover_control
[2.288s] running install
[2.289s] running install_lib
[2.290s] copying /home/lunabotics/2025-tibalt-bot/build/rover_control/build/lib/rover_control/tibalt_control.py -> /home/lunabotics/2025-tibalt-bot/install/rover_control/lib/python3.10/site-packages/rover_control
[2.292s] byte-compiling /home/lunabotics/2025-tibalt-bot/install/rover_control/lib/python3.10/site-packages/rover_control/tibalt_control.py to tibalt_control.cpython-310.pyc
[2.295s] running install_data
[2.296s] running install_egg_info
[2.300s] removing '/home/lunabotics/2025-tibalt-bot/install/rover_control/lib/python3.10/site-packages/rover_control-0.0.0-py3.10.egg-info' (and everything under it)
[2.301s] Copying ../../build/rover_control/rover_control.egg-info to /home/lunabotics/2025-tibalt-bot/install/rover_control/lib/python3.10/site-packages/rover_control-0.0.0-py3.10.egg-info
[2.304s] running install_scripts
[2.364s] Installing tibalt_control script to /home/lunabotics/2025-tibalt-bot/install/rover_control/lib/rover_control
[2.365s] writing list of installed files to '/home/lunabotics/2025-tibalt-bot/build/rover_control/install.log'
[2.479s] Invoked command in '/home/lunabotics/2025-tibalt-bot/src/rover_control' returned '0': PYTHONPATH=/home/lunabotics/2025-tibalt-bot/build/rover_control/prefix_override:/usr/lib/python3/dist-packages/colcon_core/task/python/colcon_distutils_commands:/home/lunabotics/2025-tibalt-bot/install/rover_control/lib/python3.10/site-packages:${PYTHONPATH} /usr/bin/python3 -W ignore:setup.py install is deprecated -W ignore:easy_install command is deprecated setup.py egg_info --egg-base ../../build/rover_control build --build-base /home/lunabotics/2025-tibalt-bot/build/rover_control/build install --record /home/lunabotics/2025-tibalt-bot/build/rover_control/install.log --single-version-externally-managed install_data
