[0.085s] Invoking command in '/home/lunabotics/2025-tibalt-bot/build/realsense2_description': AMENT_PREFIX_PATH=/home/lunabotics/2025-tibalt-bot/install/realsense2_camera_msgs:${AMENT_PREFIX_PATH} CMAKE_PREFIX_PATH=/home/lunabotics/2025-tibalt-bot/install/realsense2_camera_msgs:/home/lunabotics/2025-tibalt-bot/install/micro_ros_agent:/home/lunabotics/2025-tibalt-bot/install/micro_ros_msgs:/opt/ros/humble:/home/lunabotics/2025-tibalt-bot/install/rover_control LD_LIBRARY_PATH=/home/lunabotics/2025-tibalt-bot/install/realsense2_camera_msgs/lib:${LD_LIBRARY_PATH} PYTHONPATH=/home/lunabotics/2025-tibalt-bot/install/realsense2_camera_msgs/local/lib/python3.10/dist-packages:${PYTHONPATH} /usr/bin/cmake /home/lunabotics/2025-tibalt-bot/src/realsense2_camera/realsense2_description -DCMAKE_INSTALL_PREFIX=/home/lunabotics/2025-tibalt-bot/install/realsense2_description
[0.470s] -- The C compiler identification is GNU 11.4.0
[0.714s] -- The CXX compiler identification is GNU 11.4.0
[0.762s] -- Detecting C compiler ABI info
[1.376s] -- Detecting C compiler ABI info - done
[1.405s] -- Check for working C compiler: /usr/bin/cc - skipped
[1.405s] -- Detecting C compile features
[1.420s] -- Detecting C compile features - done
[1.430s] -- Detecting CXX compiler ABI info
[2.093s] -- Detecting CXX compiler ABI info - done
[2.122s] -- Check for working CXX compiler: /usr/bin/c++ - skipped
[2.137s] -- Detecting CXX compile features
[2.138s] -- Detecting CXX compile features - done
[2.147s] -- Found ament_cmake: 1.3.11 (/opt/ros/humble/share/ament_cmake/cmake)
[2.969s] -- Found Python3: /usr/bin/python3 (found version "3.10.12") found components: Interpreter 
[3.884s] -- Configuring done
[3.919s] -- Generating done
[3.923s] -- Build files have been written to: /home/lunabotics/2025-tibalt-bot/build/realsense2_description
[3.963s] Invoked command in '/home/lunabotics/2025-tibalt-bot/build/realsense2_description' returned '0': AMENT_PREFIX_PATH=/home/lunabotics/2025-tibalt-bot/install/realsense2_camera_msgs:${AMENT_PREFIX_PATH} CMAKE_PREFIX_PATH=/home/lunabotics/2025-tibalt-bot/install/realsense2_camera_msgs:/home/lunabotics/2025-tibalt-bot/install/micro_ros_agent:/home/lunabotics/2025-tibalt-bot/install/micro_ros_msgs:/opt/ros/humble:/home/lunabotics/2025-tibalt-bot/install/rover_control LD_LIBRARY_PATH=/home/lunabotics/2025-tibalt-bot/install/realsense2_camera_msgs/lib:${LD_LIBRARY_PATH} PYTHONPATH=/home/lunabotics/2025-tibalt-bot/install/realsense2_camera_msgs/local/lib/python3.10/dist-packages:${PYTHONPATH} /usr/bin/cmake /home/lunabotics/2025-tibalt-bot/src/realsense2_camera/realsense2_description -DCMAKE_INSTALL_PREFIX=/home/lunabotics/2025-tibalt-bot/install/realsense2_description
[3.965s] Invoking command in '/home/lunabotics/2025-tibalt-bot/build/realsense2_description': AMENT_PREFIX_PATH=/home/lunabotics/2025-tibalt-bot/install/realsense2_camera_msgs:${AMENT_PREFIX_PATH} CMAKE_PREFIX_PATH=/home/lunabotics/2025-tibalt-bot/install/realsense2_camera_msgs:/home/lunabotics/2025-tibalt-bot/install/micro_ros_agent:/home/lunabotics/2025-tibalt-bot/install/micro_ros_msgs:/opt/ros/humble:/home/lunabotics/2025-tibalt-bot/install/rover_control LD_LIBRARY_PATH=/home/lunabotics/2025-tibalt-bot/install/realsense2_camera_msgs/lib:${LD_LIBRARY_PATH} PYTHONPATH=/home/lunabotics/2025-tibalt-bot/install/realsense2_camera_msgs/local/lib/python3.10/dist-packages:${PYTHONPATH} /usr/bin/cmake --build /home/lunabotics/2025-tibalt-bot/build/realsense2_description -- -j6 -l6
[4.461s] Invoked command in '/home/lunabotics/2025-tibalt-bot/build/realsense2_description' returned '0': AMENT_PREFIX_PATH=/home/lunabotics/2025-tibalt-bot/install/realsense2_camera_msgs:${AMENT_PREFIX_PATH} CMAKE_PREFIX_PATH=/home/lunabotics/2025-tibalt-bot/install/realsense2_camera_msgs:/home/lunabotics/2025-tibalt-bot/install/micro_ros_agent:/home/lunabotics/2025-tibalt-bot/install/micro_ros_msgs:/opt/ros/humble:/home/lunabotics/2025-tibalt-bot/install/rover_control LD_LIBRARY_PATH=/home/lunabotics/2025-tibalt-bot/install/realsense2_camera_msgs/lib:${LD_LIBRARY_PATH} PYTHONPATH=/home/lunabotics/2025-tibalt-bot/install/realsense2_camera_msgs/local/lib/python3.10/dist-packages:${PYTHONPATH} /usr/bin/cmake --build /home/lunabotics/2025-tibalt-bot/build/realsense2_description -- -j6 -l6
[4.462s] Invoking command in '/home/lunabotics/2025-tibalt-bot/build/realsense2_description': AMENT_PREFIX_PATH=/home/lunabotics/2025-tibalt-bot/install/realsense2_camera_msgs:${AMENT_PREFIX_PATH} CMAKE_PREFIX_PATH=/home/lunabotics/2025-tibalt-bot/install/realsense2_camera_msgs:/home/lunabotics/2025-tibalt-bot/install/micro_ros_agent:/home/lunabotics/2025-tibalt-bot/install/micro_ros_msgs:/opt/ros/humble:/home/lunabotics/2025-tibalt-bot/install/rover_control LD_LIBRARY_PATH=/home/lunabotics/2025-tibalt-bot/install/realsense2_camera_msgs/lib:${LD_LIBRARY_PATH} PYTHONPATH=/home/lunabotics/2025-tibalt-bot/install/realsense2_camera_msgs/local/lib/python3.10/dist-packages:${PYTHONPATH} /usr/bin/cmake --install /home/lunabotics/2025-tibalt-bot/build/realsense2_description
[4.527s] -- Install configuration: ""
[4.528s] -- Installing: /home/lunabotics/2025-tibalt-bot/install/realsense2_description/share/realsense2_description/launch
[4.528s] -- Installing: /home/lunabotics/2025-tibalt-bot/install/realsense2_description/share/realsense2_description/launch/launch_utils.py
[4.528s] -- Installing: /home/lunabotics/2025-tibalt-bot/install/realsense2_description/share/realsense2_description/launch/view_model.launch.py
[4.528s] -- Installing: /home/lunabotics/2025-tibalt-bot/install/realsense2_description/share/realsense2_description/meshes
[4.528s] -- Installing: /home/lunabotics/2025-tibalt-bot/install/realsense2_description/share/realsense2_description/meshes/plug_collision.stl
[4.529s] -- Installing: /home/lunabotics/2025-tibalt-bot/install/realsense2_description/share/realsense2_description/meshes/d405.stl
[4.540s] -- Installing: /home/lunabotics/2025-tibalt-bot/install/realsense2_description/share/realsense2_description/meshes/d415.stl
[4.715s] -- Installing: /home/lunabotics/2025-tibalt-bot/install/realsense2_description/share/realsense2_description/meshes/d435.dae
[4.846s] -- Installing: /home/lunabotics/2025-tibalt-bot/install/realsense2_description/share/realsense2_description/meshes/d455.stl
[4.870s] -- Installing: /home/lunabotics/2025-tibalt-bot/install/realsense2_description/share/realsense2_description/meshes/plug.stl
[4.886s] -- Installing: /home/lunabotics/2025-tibalt-bot/install/realsense2_description/share/realsense2_description/meshes/l515.dae
[5.053s] -- Installing: /home/lunabotics/2025-tibalt-bot/install/realsense2_description/share/realsense2_description/rviz
[5.056s] -- Installing: /home/lunabotics/2025-tibalt-bot/install/realsense2_description/share/realsense2_description/rviz/urdf.rviz
[5.063s] -- Installing: /home/lunabotics/2025-tibalt-bot/install/realsense2_description/share/realsense2_description/urdf
[5.064s] -- Installing: /home/lunabotics/2025-tibalt-bot/install/realsense2_description/share/realsense2_description/urdf/test_d435_multiple_cameras.urdf.xacro
[5.065s] -- Installing: /home/lunabotics/2025-tibalt-bot/install/realsense2_description/share/realsense2_description/urdf/_d455.urdf.xacro
[5.066s] -- Installing: /home/lunabotics/2025-tibalt-bot/install/realsense2_description/share/realsense2_description/urdf/_materials.urdf.xacro
[5.067s] -- Installing: /home/lunabotics/2025-tibalt-bot/install/realsense2_description/share/realsense2_description/urdf/test_r410_camera.urdf.xacro
[5.068s] -- Installing: /home/lunabotics/2025-tibalt-bot/install/realsense2_description/share/realsense2_description/urdf/_usb_plug.urdf.xacro
[5.069s] -- Installing: /home/lunabotics/2025-tibalt-bot/install/realsense2_description/share/realsense2_description/urdf/_r410.urdf.xacro
[5.075s] -- Installing: /home/lunabotics/2025-tibalt-bot/install/realsense2_description/share/realsense2_description/urdf/test_d435i_camera.urdf.xacro
[5.077s] -- Installing: /home/lunabotics/2025-tibalt-bot/install/realsense2_description/share/realsense2_description/urdf/_d415.urdf.xacro
[5.077s] -- Installing: /home/lunabotics/2025-tibalt-bot/install/realsense2_description/share/realsense2_description/urdf/_r430.urdf.xacro
[5.078s] -- Installing: /home/lunabotics/2025-tibalt-bot/install/realsense2_description/share/realsense2_description/urdf/test_d455_camera.urdf.xacro
[5.079s] -- Installing: /home/lunabotics/2025-tibalt-bot/install/realsense2_description/share/realsense2_description/urdf/test_d415_camera.urdf.xacro
[5.080s] -- Installing: /home/lunabotics/2025-tibalt-bot/install/realsense2_description/share/realsense2_description/urdf/_d435i_imu_modules.urdf.xacro
[5.080s] -- Installing: /home/lunabotics/2025-tibalt-bot/install/realsense2_description/share/realsense2_description/urdf/_d435.urdf.xacro
[5.081s] -- Installing: /home/lunabotics/2025-tibalt-bot/install/realsense2_description/share/realsense2_description/urdf/_d405.urdf.xacro
[5.082s] -- Installing: /home/lunabotics/2025-tibalt-bot/install/realsense2_description/share/realsense2_description/urdf/test_d405_camera.urdf.xacro
[5.083s] -- Installing: /home/lunabotics/2025-tibalt-bot/install/realsense2_description/share/realsense2_description/urdf/test_r430_camera.urdf.xacro
[5.095s] -- Installing: /home/lunabotics/2025-tibalt-bot/install/realsense2_description/share/realsense2_description/urdf/test_d435_camera.urdf.xacro
[5.096s] -- Installing: /home/lunabotics/2025-tibalt-bot/install/realsense2_description/share/realsense2_description/urdf/_d435i.urdf.xacro
[5.098s] -- Installing: /home/lunabotics/2025-tibalt-bot/install/realsense2_description/share/ament_index/resource_index/package_run_dependencies/realsense2_description
[5.099s] -- Installing: /home/lunabotics/2025-tibalt-bot/install/realsense2_description/share/ament_index/resource_index/parent_prefix_path/realsense2_description
[5.100s] -- Installing: /home/lunabotics/2025-tibalt-bot/install/realsense2_description/share/realsense2_description/environment/ament_prefix_path.sh
[5.101s] -- Installing: /home/lunabotics/2025-tibalt-bot/install/realsense2_description/share/realsense2_description/environment/ament_prefix_path.dsv
[5.102s] -- Installing: /home/lunabotics/2025-tibalt-bot/install/realsense2_description/share/realsense2_description/environment/path.sh
[5.103s] -- Installing: /home/lunabotics/2025-tibalt-bot/install/realsense2_description/share/realsense2_description/environment/path.dsv
[5.104s] -- Installing: /home/lunabotics/2025-tibalt-bot/install/realsense2_description/share/realsense2_description/local_setup.bash
[5.105s] -- Installing: /home/lunabotics/2025-tibalt-bot/install/realsense2_description/share/realsense2_description/local_setup.sh
[5.106s] -- Installing: /home/lunabotics/2025-tibalt-bot/install/realsense2_description/share/realsense2_description/local_setup.zsh
[5.107s] -- Installing: /home/lunabotics/2025-tibalt-bot/install/realsense2_description/share/realsense2_description/local_setup.dsv
[5.108s] -- Installing: /home/lunabotics/2025-tibalt-bot/install/realsense2_description/share/realsense2_description/package.dsv
[5.109s] -- Installing: /home/lunabotics/2025-tibalt-bot/install/realsense2_description/share/ament_index/resource_index/packages/realsense2_description
[5.110s] -- Installing: /home/lunabotics/2025-tibalt-bot/install/realsense2_description/share/realsense2_description/cmake/realsense2_descriptionConfig.cmake
[5.130s] -- Installing: /home/lunabotics/2025-tibalt-bot/install/realsense2_description/share/realsense2_description/cmake/realsense2_descriptionConfig-version.cmake
[5.136s] -- Installing: /home/lunabotics/2025-tibalt-bot/install/realsense2_description/share/realsense2_description/package.xml
[5.151s] Invoked command in '/home/lunabotics/2025-tibalt-bot/build/realsense2_description' returned '0': AMENT_PREFIX_PATH=/home/lunabotics/2025-tibalt-bot/install/realsense2_camera_msgs:${AMENT_PREFIX_PATH} CMAKE_PREFIX_PATH=/home/lunabotics/2025-tibalt-bot/install/realsense2_camera_msgs:/home/lunabotics/2025-tibalt-bot/install/micro_ros_agent:/home/lunabotics/2025-tibalt-bot/install/micro_ros_msgs:/opt/ros/humble:/home/lunabotics/2025-tibalt-bot/install/rover_control LD_LIBRARY_PATH=/home/lunabotics/2025-tibalt-bot/install/realsense2_camera_msgs/lib:${LD_LIBRARY_PATH} PYTHONPATH=/home/lunabotics/2025-tibalt-bot/install/realsense2_camera_msgs/local/lib/python3.10/dist-packages:${PYTHONPATH} /usr/bin/cmake --install /home/lunabotics/2025-tibalt-bot/build/realsense2_description
