[1.762s] Invoking command in '/home/lunabotics/2025-tibalt-bot/src/rover_control': PYTHONPATH=/home/lunabotics/2025-tibalt-bot/build/rover_control/prefix_override:/usr/lib/python3/dist-packages/colcon_core/task/python/colcon_distutils_commands:/home/lunabotics/2025-tibalt-bot/install/rover_control/lib/python3.10/site-packages:${PYTHONPATH} /usr/bin/python3 -W ignore:setup.py install is deprecated -W ignore:easy_install command is deprecated setup.py egg_info --egg-base ../../build/rover_control build --build-base /home/lunabotics/2025-tibalt-bot/build/rover_control/build install --record /home/lunabotics/2025-tibalt-bot/build/rover_control/install.log --single-version-externally-managed install_data
[2.358s] running egg_info
[2.360s] creating ../../build/rover_control/rover_control.egg-info
[2.360s] writing ../../build/rover_control/rover_control.egg-info/PKG-INFO
[2.361s] writing dependency_links to ../../build/rover_control/rover_control.egg-info/dependency_links.txt
[2.361s] writing entry points to ../../build/rover_control/rover_control.egg-info/entry_points.txt
[2.362s] writing requirements to ../../build/rover_control/rover_control.egg-info/requires.txt
[2.362s] writing top-level names to ../../build/rover_control/rover_control.egg-info/top_level.txt
[2.362s] writing manifest file '../../build/rover_control/rover_control.egg-info/SOURCES.txt'
[2.367s] reading manifest file '../../build/rover_control/rover_control.egg-info/SOURCES.txt'
[2.368s] writing manifest file '../../build/rover_control/rover_control.egg-info/SOURCES.txt'
[2.369s] running build
[2.369s] running build_py
[2.369s] creating /home/lunabotics/2025-tibalt-bot/build/rover_control/build
[2.370s] creating /home/lunabotics/2025-tibalt-bot/build/rover_control/build/lib
[2.370s] creating /home/lunabotics/2025-tibalt-bot/build/rover_control/build/lib/rover_control
[2.370s] copying rover_control/gui.py -> /home/lunabotics/2025-tibalt-bot/build/rover_control/build/lib/rover_control
[2.370s] copying rover_control/tibalt_control.py -> /home/lunabotics/2025-tibalt-bot/build/rover_control/build/lib/rover_control
[2.370s] copying rover_control/__init__.py -> /home/lunabotics/2025-tibalt-bot/build/rover_control/build/lib/rover_control
[2.371s] running install
[2.372s] running install_lib
[2.374s] creating /home/lunabotics/2025-tibalt-bot/install/rover_control/lib/python3.10/site-packages/rover_control
[2.374s] copying /home/lunabotics/2025-tibalt-bot/build/rover_control/build/lib/rover_control/gui.py -> /home/lunabotics/2025-tibalt-bot/install/rover_control/lib/python3.10/site-packages/rover_control
[2.374s] copying /home/lunabotics/2025-tibalt-bot/build/rover_control/build/lib/rover_control/tibalt_control.py -> /home/lunabotics/2025-tibalt-bot/install/rover_control/lib/python3.10/site-packages/rover_control
[2.375s] copying /home/lunabotics/2025-tibalt-bot/build/rover_control/build/lib/rover_control/__init__.py -> /home/lunabotics/2025-tibalt-bot/install/rover_control/lib/python3.10/site-packages/rover_control
[2.376s] byte-compiling /home/lunabotics/2025-tibalt-bot/install/rover_control/lib/python3.10/site-packages/rover_control/gui.py to gui.cpython-310.pyc
[2.382s] byte-compiling /home/lunabotics/2025-tibalt-bot/install/rover_control/lib/python3.10/site-packages/rover_control/tibalt_control.py to tibalt_control.cpython-310.pyc
[2.384s] byte-compiling /home/lunabotics/2025-tibalt-bot/install/rover_control/lib/python3.10/site-packages/rover_control/__init__.py to __init__.cpython-310.pyc
[2.384s] running install_data
[2.384s] copying package.xml -> /home/lunabotics/2025-tibalt-bot/install/rover_control/share/rover_control
[2.385s] creating /home/lunabotics/2025-tibalt-bot/install/rover_control/share/rover_control/launch
[2.385s] copying launch/topics_launch.py -> /home/lunabotics/2025-tibalt-bot/install/rover_control/share/rover_control/launch
[2.385s] copying launch/joystick_launch.py -> /home/lunabotics/2025-tibalt-bot/install/rover_control/share/rover_control/launch
[2.385s] creating /home/lunabotics/2025-tibalt-bot/install/rover_control/share/rover_control/config
[2.386s] creating /home/lunabotics/2025-tibalt-bot/install/rover_control/share/rover_control/urdf
[2.386s] running install_egg_info
[2.395s] Copying ../../build/rover_control/rover_control.egg-info to /home/lunabotics/2025-tibalt-bot/install/rover_control/lib/python3.10/site-packages/rover_control-0.0.0-py3.10.egg-info
[2.397s] running install_scripts
[2.453s] Installing tibalt_control script to /home/lunabotics/2025-tibalt-bot/install/rover_control/lib/rover_control
[2.454s] writing list of installed files to '/home/lunabotics/2025-tibalt-bot/build/rover_control/install.log'
[2.570s] Invoked command in '/home/lunabotics/2025-tibalt-bot/src/rover_control' returned '0': PYTHONPATH=/home/lunabotics/2025-tibalt-bot/build/rover_control/prefix_override:/usr/lib/python3/dist-packages/colcon_core/task/python/colcon_distutils_commands:/home/lunabotics/2025-tibalt-bot/install/rover_control/lib/python3.10/site-packages:${PYTHONPATH} /usr/bin/python3 -W ignore:setup.py install is deprecated -W ignore:easy_install command is deprecated setup.py egg_info --egg-base ../../build/rover_control build --build-base /home/lunabotics/2025-tibalt-bot/build/rover_control/build install --record /home/lunabotics/2025-tibalt-bot/build/rover_control/install.log --single-version-externally-managed install_data
