[0.052s] Invoking command in '/home/lunabotics/2025-tibalt-bot/build/realsense2_camera': AMENT_PREFIX_PATH=/home/lunabotics/2025-tibalt-bot/install/realsense2_camera_msgs:${AMENT_PREFIX_PATH} CMAKE_PREFIX_PATH=/home/lunabotics/2025-tibalt-bot/install/realsense2_camera_msgs:/home/lunabotics/2025-tibalt-bot/install/micro_ros_agent:/home/lunabotics/2025-tibalt-bot/install/micro_ros_msgs:/opt/ros/humble:/home/lunabotics/2025-tibalt-bot/install/rover_control LD_LIBRARY_PATH=/home/lunabotics/2025-tibalt-bot/install/realsense2_camera_msgs/lib:${LD_LIBRARY_PATH} PYTHONPATH=/home/lunabotics/2025-tibalt-bot/install/realsense2_camera_msgs/local/lib/python3.10/dist-packages:${PYTHONPATH} /usr/bin/cmake /home/lunabotics/2025-tibalt-bot/src/realsense2_camera/realsense2_camera -DCMAKE_INSTALL_PREFIX=/home/lunabotics/2025-tibalt-bot/install/realsense2_camera
[0.305s] -- The C compiler identification is GNU 11.4.0
[0.556s] -- The CXX compiler identification is GNU 11.4.0
[0.581s] -- Detecting C compiler ABI info
[1.001s] -- Detecting C compiler ABI info - done
[1.025s] -- Check for working C compiler: /usr/bin/cc - skipped
[1.037s] -- Detecting C compile features
[1.039s] -- Detecting C compile features - done
[1.051s] -- Detecting CXX compiler ABI info
[1.621s] -- Detecting CXX compiler ABI info - done
[1.650s] -- Check for working CXX compiler: /usr/bin/c++ - skipped
[1.660s] -- Detecting CXX compile features
[1.660s] -- Detecting CXX compile features - done
[1.673s] -- Create Release Build.
[1.679s] -- Found ament_cmake: 1.3.11 (/opt/ros/humble/share/ament_cmake/cmake)
[2.868s] -- Found Python3: /usr/bin/python3 (found version "3.10.12") found components: Interpreter 
[3.394s] -- Found builtin_interfaces: 1.2.1 (/opt/ros/humble/share/builtin_interfaces/cmake)
[3.878s] -- Found rosidl_generator_c: 3.1.6 (/opt/ros/humble/share/rosidl_generator_c/cmake)
[3.929s] -- Found rosidl_adapter: 3.1.6 (/opt/ros/humble/share/rosidl_adapter/cmake)
[3.975s] -- Found rosidl_generator_cpp: 3.1.6 (/opt/ros/humble/share/rosidl_generator_cpp/cmake)
[4.043s] -- Using all available rosidl_typesupport_c: rosidl_typesupport_fastrtps_c;rosidl_typesupport_introspection_c
[4.151s] -- Using all available rosidl_typesupport_cpp: rosidl_typesupport_fastrtps_cpp;rosidl_typesupport_introspection_cpp
[4.227s] -- Found cv_bridge: 3.2.1 (/opt/ros/humble/share/cv_bridge/cmake)
[4.548s] -- Found image_transport: 3.1.11 (/opt/ros/humble/share/image_transport/cmake)
[4.819s] -- Found rmw_implementation_cmake: 6.1.2 (/opt/ros/humble/share/rmw_implementation_cmake/cmake)
[4.836s] -- Found rmw_fastrtps_cpp: 6.2.7 (/opt/ros/humble/share/rmw_fastrtps_cpp/cmake)
[5.595s] -- Found OpenSSL: /usr/lib/aarch64-linux-gnu/libcrypto.so (found version "3.0.2")  
[5.712s] -- Found FastRTPS: /opt/ros/humble/include  
[5.856s] -- Using RMW implementation 'rmw_fastrtps_cpp' as default
[5.902s] -- Looking for pthread.h
[6.450s] -- Looking for pthread.h - found
[6.452s] -- Performing Test CMAKE_HAVE_LIBC_PTHREAD
[7.061s] -- Performing Test CMAKE_HAVE_LIBC_PTHREAD - Success
[7.063s] -- Found Threads: TRUE  
[7.447s] -- Found rclcpp_action: 16.0.12 (/opt/ros/humble/share/rclcpp_action/cmake)
[7.621s] -- Found rclcpp_components: 16.0.12 (/opt/ros/humble/share/rclcpp_components/cmake)
[7.677s] -- Found realsense2_camera_msgs: 4.55.1 (/home/lunabotics/2025-tibalt-bot/install/realsense2_camera_msgs/share/realsense2_camera_msgs/cmake)
[9.283s] -- Found std_srvs: 4.8.0 (/opt/ros/humble/share/std_srvs/cmake)
[9.334s] -- Found nav_msgs: 4.8.0 (/opt/ros/humble/share/nav_msgs/cmake)
[9.427s] -- Found tf2_ros: 0.25.12 (/opt/ros/humble/share/tf2_ros/cmake)
[9.590s] -- Found diagnostic_updater: 4.0.3 (/opt/ros/humble/share/diagnostic_updater/cmake)
[9.717s] -- Found OpenCV: /usr (found version "4.8.0") found components: core 
[9.744s] [33mCMake Warning at CMakeLists.txt:124 (find_package):
[9.744s]   Could not find a configuration file for package "realsense2" that is
[9.744s]   compatible with requested version "2.56.0".
[9.744s] 
[9.744s]   The following configuration files were considered but not accepted:
[9.745s] 
[9.745s]     /usr/lib/aarch64-linux-gnu/cmake/realsense2/realsense2Config.cmake, version: 2.55.1
[9.745s]     /lib/aarch64-linux-gnu/cmake/realsense2/realsense2Config.cmake, version: 2.55.1
[9.745s] 
[9.745s] 
[9.745s] [0m
[9.745s] -- Configuring incomplete, errors occurred!
[9.746s] See also "/home/lunabotics/2025-tibalt-bot/build/realsense2_camera/CMakeFiles/CMakeOutput.log".
[9.749s] [31mCMake Error at CMakeLists.txt:129 (message):
[9.749s]   
[9.749s] 
[9.749s]   
[9.749s] 
[9.749s]    Intel RealSense SDK 2.0 is missing, please install it from https://github.com/IntelRealSense/librealsense/releases
[9.749s] 
[9.750s]   
[9.750s] 
[9.750s] 
[9.750s] [0m
[9.816s] Invoked command in '/home/lunabotics/2025-tibalt-bot/build/realsense2_camera' returned '1': AMENT_PREFIX_PATH=/home/lunabotics/2025-tibalt-bot/install/realsense2_camera_msgs:${AMENT_PREFIX_PATH} CMAKE_PREFIX_PATH=/home/lunabotics/2025-tibalt-bot/install/realsense2_camera_msgs:/home/lunabotics/2025-tibalt-bot/install/micro_ros_agent:/home/lunabotics/2025-tibalt-bot/install/micro_ros_msgs:/opt/ros/humble:/home/lunabotics/2025-tibalt-bot/install/rover_control LD_LIBRARY_PATH=/home/lunabotics/2025-tibalt-bot/install/realsense2_camera_msgs/lib:${LD_LIBRARY_PATH} PYTHONPATH=/home/lunabotics/2025-tibalt-bot/install/realsense2_camera_msgs/local/lib/python3.10/dist-packages:${PYTHONPATH} /usr/bin/cmake /home/lunabotics/2025-tibalt-bot/src/realsense2_camera/realsense2_camera -DCMAKE_INSTALL_PREFIX=/home/lunabotics/2025-tibalt-bot/install/realsense2_camera
