[0.044s] Invoking command in '/home/lunabotics/2025-tibalt-bot/build/micro_ros_msgs': CMAKE_PREFIX_PATH=${CMAKE_PREFIX_PATH}:/home/lunabotics/2025-tibalt-bot/install/rover_control:/home/lunabotics/2025-terrence-bot/install/control_topic:/opt/ros/humble /usr/bin/cmake --build /home/lunabotics/2025-tibalt-bot/build/micro_ros_msgs -- -j6 -l6
[0.186s] [  2%] Built target micro_ros_msgs__cpp
[0.189s] [ 12%] Built target micro_ros_msgs__rosidl_generator_c
[0.217s] [ 12%] Built target ament_cmake_python_copy_micro_ros_msgs
[0.252s] [ 25%] Built target micro_ros_msgs__rosidl_typesupport_introspection_c
[0.253s] [ 34%] Built target micro_ros_msgs__rosidl_typesupport_introspection_cpp
[0.258s] [ 44%] Built target micro_ros_msgs__rosidl_typesupport_fastrtps_c
[0.270s] [ 65%] Built target micro_ros_msgs__rosidl_typesupport_fastrtps_cpp
[0.271s] [ 65%] Built target micro_ros_msgs__rosidl_typesupport_cpp
[0.282s] [ 76%] Built target micro_ros_msgs__rosidl_typesupport_c
[0.339s] [ 76%] Built target micro_ros_msgs
[0.392s] [ 78%] Built target micro_ros_msgs__py
[0.457s] [ 87%] Built target micro_ros_msgs__rosidl_generator_py
[0.518s] [100%] Built target micro_ros_msgs__rosidl_typesupport_c__pyext
[0.518s] [100%] Built target micro_ros_msgs__rosidl_typesupport_fastrtps_c__pyext
[0.518s] [100%] Built target micro_ros_msgs__rosidl_typesupport_introspection_c__pyext
[0.871s] running egg_info
[0.873s] writing micro_ros_msgs.egg-info/PKG-INFO
[0.873s] writing dependency_links to micro_ros_msgs.egg-info/dependency_links.txt
[0.874s] writing top-level names to micro_ros_msgs.egg-info/top_level.txt
[0.880s] reading manifest file 'micro_ros_msgs.egg-info/SOURCES.txt'
[0.881s] writing manifest file 'micro_ros_msgs.egg-info/SOURCES.txt'
[0.988s] [100%] Built target ament_cmake_python_build_micro_ros_msgs_egg
