-- Using CMake version 3.22.1
-- curl version=[8.12.1]
-- The C compiler identification is GNU 11.4.0
-- Detecting C compiler ABI info
-- Detecting C compiler ABI info - done
-- Check for working C compiler: /usr/bin/cc - skipped
-- Detecting C compile features
-- Detecting C compile features - done
-- CMake platform flags: UNIX GCC
-- Picky compiler options: -Werror-implicit-function-declaration -W -Wall -pedantic -Wbad-function-cast -Wconversion -Wmissing-declarations -Wmissing-prototypes -Wnested-externs -Wno-long-long -Wno-multichar -Wpointer-arith -Wshadow -Wsign-compare -Wundef -Wunused -Wwrite-strings -Waddress -Wattributes -Wcast-align -Wdeclaration-after-statement -Wdiv-by-zero -Wempty-body -Wendif-labels -Wfloat-equal -Wformat-security -Wignored-qualifiers -Wmissing-field-initializers -Wmissing-noreturn -Wno-format-nonliteral -Wno-sign-conversion -Wno-system-headers -Wold-style-definition -Wredundant-decls -Wstrict-prototypes -Wtype-limits -Wunreachable-code -Wunused-parameter -Wvla -Wclobbered -Wmissing-parameter-type -Wold-style-declaration -Wpragmas -Wstrict-aliasing=3 -Wdouble-promotion -Wformat=2 -Wtrampolines -Warray-bounds=2 -ftree-vrp -Wduplicated-cond -Wnull-dereference -fdelete-null-pointer-checks -Wshift-negative-value -Wshift-overflow=2 -Wunused-const-variable -Walloc-zero -Wduplicated-branches -Wformat-truncation=2 -Wimplicit-fallthrough -Wrestrict -Warith-conversion -Wenum-conversion
-- Found Perl: /usr/bin/perl (found version "5.34.0") 
-- Looking for pthread.h
-- Looking for pthread.h - found
-- Performing Test CMAKE_HAVE_LIBC_PTHREAD
-- Performing Test CMAKE_HAVE_LIBC_PTHREAD - Success
-- Found Threads: TRUE  
-- Looking for connect in socket
-- Looking for connect in socket - not found
-- Performing Test HAVE_SOCKADDR_IN6_SIN6_ADDR
-- Performing Test HAVE_SOCKADDR_IN6_SIN6_ADDR - Success
-- Performing Test HAVE_SOCKADDR_IN6_SIN6_SCOPE_ID
-- Performing Test HAVE_SOCKADDR_IN6_SIN6_SCOPE_ID - Success
-- Found OpenSSL: /usr/lib/aarch64-linux-gnu/libcrypto.so (found version "3.0.2")  
-- Looking for OPENSSL_IS_BORINGSSL
-- Looking for OPENSSL_IS_BORINGSSL - not found
-- Looking for OPENSSL_IS_AWSLC
-- Looking for OPENSSL_IS_AWSLC - not found
-- Looking for LIBRESSL_VERSION_NUMBER
-- Looking for LIBRESSL_VERSION_NUMBER - not found
-- Found ZLIB: /usr/lib/aarch64-linux-gnu/libz.so (found version "1.2.11") 
-- Checking for module 'libbrotlicommon'
--   Found libbrotlicommon, version 1.0.9
-- Checking for module 'libbrotlidec'
--   Found libbrotlidec, version 1.0.9
-- Found Brotli (via pkg-config):  (found version "1.0.9")
-- Checking for module 'libzstd'
--   Found libzstd, version 1.4.8
-- Found Zstd (via pkg-config):  (found version "1.4.8")
-- Looking for SSL_set0_wbio
-- Looking for SSL_set0_wbio - found
-- Looking for SSL_CTX_set_srp_username
-- Looking for SSL_CTX_set_srp_username - found
-- Checking for module 'libnghttp2'
--   No package 'libnghttp2' found
-- Could NOT find NGHTTP2 (missing: NGHTTP2_INCLUDE_DIR NGHTTP2_LIBRARY) 
-- Checking for module 'ldap'
--   No package 'ldap' found
-- Checking for module 'lber'
--   No package 'lber' found
-- Could NOT find LDAP (missing: LDAP_INCLUDE_DIR LDAP_LIBRARY LDAP_LBER_LIBRARY) 
-- LDAP not found. CURL_DISABLE_LDAP set ON
-- LDAP needs to be enabled to support LDAPS
-- Checking for module 'libidn2'
--   No package 'libidn2' found
-- Could NOT find Libidn2 (missing: LIBIDN2_INCLUDE_DIR LIBIDN2_LIBRARY) 
-- Checking for module 'libpsl'
--   No package 'libpsl' found
-- Configuring incomplete, errors occurred!
See also "/home/lunabotics/2025-tibalt-bot/build/CURL/CMakeFiles/CMakeOutput.log".
See also "/home/lunabotics/2025-tibalt-bot/build/CURL/CMakeFiles/CMakeError.log".
