[0.103s] Invoking command in '/home/lunabotics/2025-tibalt-bot/build/CURL': /usr/bin/cmake /home/lunabotics/2025-tibalt-bot/arduino/tibaltArduino/teensy/rygel/vendor/curl -DCMAKE_INSTALL_PREFIX=/home/lunabotics/2025-tibalt-bot/install/CURL
[0.240s] -- Using CMake version 3.22.1
[0.283s] -- curl version=[8.12.1]
[1.346s] -- The C compiler identification is GNU 11.4.0
[1.505s] -- Detecting C compiler ABI info
[2.331s] -- Detecting C compiler ABI info - done
[2.403s] -- Check for working C compiler: /usr/bin/cc - skipped
[2.404s] -- Detecting C compile features
[2.408s] -- Detecting C compile features - done
[2.413s] -- CMake platform flags: UNIX GCC
[2.416s] -- Picky compiler options: -Werror-implicit-function-declaration -W -Wall -pedantic -Wbad-function-cast -Wconversion -Wmissing-declarations -Wmissing-prototypes -Wnested-externs -Wno-long-long -Wno-multichar -Wpointer-arith -Wshadow -Wsign-compare -Wundef -Wunused -Wwrite-strings -Waddress -Wattributes -Wcast-align -Wdeclaration-after-statement -Wdiv-by-zero -Wempty-body -Wendif-labels -Wfloat-equal -Wformat-security -Wignored-qualifiers -Wmissing-field-initializers -Wmissing-noreturn -Wno-format-nonliteral -Wno-sign-conversion -Wno-system-headers -Wold-style-definition -Wredundant-decls -Wstrict-prototypes -Wtype-limits -Wunreachable-code -Wunused-parameter -Wvla -Wclobbered -Wmissing-parameter-type -Wold-style-declaration -Wpragmas -Wstrict-aliasing=3 -Wdouble-promotion -Wformat=2 -Wtrampolines -Warray-bounds=2 -ftree-vrp -Wduplicated-cond -Wnull-dereference -fdelete-null-pointer-checks -Wshift-negative-value -Wshift-overflow=2 -Wunused-const-variable -Walloc-zero -Wduplicated-branches -Wformat-truncation=2 -Wimplicit-fallthrough -Wrestrict -Warith-conversion -Wenum-conversion
[2.588s] -- Found Perl: /usr/bin/perl (found version "5.34.0") 
[2.603s] -- Looking for pthread.h
[3.275s] -- Looking for pthread.h - found
[3.277s] -- Performing Test CMAKE_HAVE_LIBC_PTHREAD
[3.639s] -- Performing Test CMAKE_HAVE_LIBC_PTHREAD - Success
[3.641s] -- Found Threads: TRUE  
[3.641s] -- Looking for connect in socket
[3.916s] -- Looking for connect in socket - not found
[3.924s] -- Performing Test HAVE_SOCKADDR_IN6_SIN6_ADDR
[4.270s] -- Performing Test HAVE_SOCKADDR_IN6_SIN6_ADDR - Success
[4.273s] -- Performing Test HAVE_SOCKADDR_IN6_SIN6_SCOPE_ID
[4.618s] -- Performing Test HAVE_SOCKADDR_IN6_SIN6_SCOPE_ID - Success
[4.871s] -- Found OpenSSL: /usr/lib/aarch64-linux-gnu/libcrypto.so (found version "3.0.2")  
[4.877s] -- Looking for OPENSSL_IS_BORINGSSL
[4.962s] -- Looking for OPENSSL_IS_BORINGSSL - not found
[4.963s] -- Looking for OPENSSL_IS_AWSLC
[5.165s] -- Looking for OPENSSL_IS_AWSLC - not found
[5.166s] -- Looking for LIBRESSL_VERSION_NUMBER
[5.345s] -- Looking for LIBRESSL_VERSION_NUMBER - not found
[5.411s] -- Found ZLIB: /usr/lib/aarch64-linux-gnu/libz.so (found version "1.2.11") 
[5.443s] -- Checking for module 'libbrotlicommon'
[5.521s] --   Found libbrotlicommon, version 1.0.9
[5.659s] -- Checking for module 'libbrotlidec'
[5.696s] --   Found libbrotlidec, version 1.0.9
[5.815s] -- Found Brotli (via pkg-config):  (found version "1.0.9")
[5.832s] -- Checking for module 'libzstd'
[5.919s] --   Found libzstd, version 1.4.8
[6.069s] -- Found Zstd (via pkg-config):  (found version "1.4.8")
[6.073s] -- Looking for SSL_set0_wbio
[6.752s] -- Looking for SSL_set0_wbio - found
[6.754s] -- Looking for SSL_CTX_set_srp_username
[7.216s] -- Looking for SSL_CTX_set_srp_username - found
[7.231s] -- Checking for module 'libnghttp2'
[7.239s] --   No package 'libnghttp2' found
[7.262s] -- Could NOT find NGHTTP2 (missing: NGHTTP2_INCLUDE_DIR NGHTTP2_LIBRARY) 
[7.277s] -- Checking for module 'ldap'
[7.283s] --   No package 'ldap' found
[7.285s] -- Checking for module 'lber'
[7.291s] --   No package 'lber' found
[7.303s] -- Could NOT find LDAP (missing: LDAP_INCLUDE_DIR LDAP_LIBRARY LDAP_LBER_LIBRARY) 
[7.304s] -- LDAP not found. CURL_DISABLE_LDAP set ON
[7.304s] -- LDAP needs to be enabled to support LDAPS
[7.316s] -- Checking for module 'libidn2'
[7.322s] --   No package 'libidn2' found
[7.341s] -- Could NOT find Libidn2 (missing: LIBIDN2_INCLUDE_DIR LIBIDN2_LIBRARY) 
[7.355s] -- Checking for module 'libpsl'
[7.363s] --   No package 'libpsl' found
[7.378s] [31mCMake Error at /usr/share/cmake-3.22/Modules/FindPackageHandleStandardArgs.cmake:230 (message):
[7.378s]   Could NOT find Libpsl (missing: LIBPSL_INCLUDE_DIR LIBPSL_LIBRARY)
[7.378s] Call Stack (most recent call first):
[7.379s]   /usr/share/cmake-3.22/Modules/FindPackageHandleStandardArgs.cmake:594 (_FPHSA_FAILURE_MESSAGE)
[7.379s]   CMake/FindLibpsl.cmake:69 (find_package_handle_standard_args)
[7.379s]   CMakeLists.txt:1295 (find_package)
[7.379s] 
[7.380s] [0m
[7.381s] -- Configuring incomplete, errors occurred!
[7.382s] See also "/home/lunabotics/2025-tibalt-bot/build/CURL/CMakeFiles/CMakeOutput.log".
[7.382s] See also "/home/lunabotics/2025-tibalt-bot/build/CURL/CMakeFiles/CMakeError.log".
