[0.057s] Invoking command in '/home/lunabotics/2025-tibalt-bot/build/realsense2_camera': CMAKE_PREFIX_PATH=/home/lunabotics/2025-tibalt-bot/install/realsense2_camera_msgs:/home/lunabotics/2025-tibalt-bot/install/realsense2_description:/home/lunabotics/2025-tibalt-bot/install/realsense2_camera:/home/lunabotics/2025-tibalt-bot/install/micro_ros_agent:/home/lunabotics/2025-tibalt-bot/install/micro_ros_msgs:/home/lunabotics/2025-tibalt-bot/install/rover_control LD_LIBRARY_PATH=/home/lunabotics/2025-tibalt-bot/install/realsense2_camera_msgs/lib:/home/lunabotics/2025-tibalt-bot/install/realsense2_camera/lib:/home/lunabotics/2025-tibalt-bot/install/micro_ros_agent/lib:/home/lunabotics/2025-tibalt-bot/install/micro_ros_msgs/lib /usr/bin/cmake --build /home/lunabotics/2025-tibalt-bot/build/realsense2_camera -- -j6 -l6
[0.286s] [  9%] Built target realsense2_camera_node
[0.291s] [ 18%] Built target gtest
[0.300s] [ 27%] Built target gtest_main
[0.359s] [ 90%] Built target realsense2_camera
[0.394s] [100%] Built target gtest_template
[0.441s] Invoked command in '/home/lunabotics/2025-tibalt-bot/build/realsense2_camera' returned '0': CMAKE_PREFIX_PATH=/home/lunabotics/2025-tibalt-bot/install/realsense2_camera_msgs:/home/lunabotics/2025-tibalt-bot/install/realsense2_description:/home/lunabotics/2025-tibalt-bot/install/realsense2_camera:/home/lunabotics/2025-tibalt-bot/install/micro_ros_agent:/home/lunabotics/2025-tibalt-bot/install/micro_ros_msgs:/home/lunabotics/2025-tibalt-bot/install/rover_control LD_LIBRARY_PATH=/home/lunabotics/2025-tibalt-bot/install/realsense2_camera_msgs/lib:/home/lunabotics/2025-tibalt-bot/install/realsense2_camera/lib:/home/lunabotics/2025-tibalt-bot/install/micro_ros_agent/lib:/home/lunabotics/2025-tibalt-bot/install/micro_ros_msgs/lib /usr/bin/cmake --build /home/lunabotics/2025-tibalt-bot/build/realsense2_camera -- -j6 -l6
[0.442s] Invoking command in '/home/lunabotics/2025-tibalt-bot/build/realsense2_camera': CMAKE_PREFIX_PATH=/home/lunabotics/2025-tibalt-bot/install/realsense2_camera_msgs:/home/lunabotics/2025-tibalt-bot/install/realsense2_description:/home/lunabotics/2025-tibalt-bot/install/realsense2_camera:/home/lunabotics/2025-tibalt-bot/install/micro_ros_agent:/home/lunabotics/2025-tibalt-bot/install/micro_ros_msgs:/home/lunabotics/2025-tibalt-bot/install/rover_control LD_LIBRARY_PATH=/home/lunabotics/2025-tibalt-bot/install/realsense2_camera_msgs/lib:/home/lunabotics/2025-tibalt-bot/install/realsense2_camera/lib:/home/lunabotics/2025-tibalt-bot/install/micro_ros_agent/lib:/home/lunabotics/2025-tibalt-bot/install/micro_ros_msgs/lib /usr/bin/cmake --install /home/lunabotics/2025-tibalt-bot/build/realsense2_camera
[0.487s] -- Install configuration: "Release"
[0.488s] -- Up-to-date: /home/lunabotics/2025-tibalt-bot/install/realsense2_camera/lib/realsense2_camera/realsense2_camera_node
[0.488s] -- Up-to-date: /home/lunabotics/2025-tibalt-bot/install/realsense2_camera/lib/librealsense2_camera.so
[0.488s] -- Up-to-date: /home/lunabotics/2025-tibalt-bot/install/realsense2_camera/include
[0.492s] -- Up-to-date: /home/lunabotics/2025-tibalt-bot/install/realsense2_camera/include/ros_param_backend.h
[0.492s] -- Up-to-date: /home/lunabotics/2025-tibalt-bot/install/realsense2_camera/include/realsense_node_factory.h
[0.493s] -- Up-to-date: /home/lunabotics/2025-tibalt-bot/install/realsense2_camera/include/constants.h
[0.493s] -- Up-to-date: /home/lunabotics/2025-tibalt-bot/install/realsense2_camera/include/named_filter.h
[0.493s] -- Up-to-date: /home/lunabotics/2025-tibalt-bot/install/realsense2_camera/include/ros_sensor.h
[0.493s] -- Up-to-date: /home/lunabotics/2025-tibalt-bot/install/realsense2_camera/include/dynamic_params.h
[0.493s] -- Up-to-date: /home/lunabotics/2025-tibalt-bot/install/realsense2_camera/include/base_realsense_node.h
[0.494s] -- Up-to-date: /home/lunabotics/2025-tibalt-bot/install/realsense2_camera/include/image_publisher.h
[0.494s] -- Up-to-date: /home/lunabotics/2025-tibalt-bot/install/realsense2_camera/include/gl_window.h
[0.494s] -- Up-to-date: /home/lunabotics/2025-tibalt-bot/install/realsense2_camera/include/sensor_params.h
[0.494s] -- Up-to-date: /home/lunabotics/2025-tibalt-bot/install/realsense2_camera/include/ros_utils.h
[0.494s] -- Up-to-date: /home/lunabotics/2025-tibalt-bot/install/realsense2_camera/include/profile_manager.h
[0.494s] -- Up-to-date: /home/lunabotics/2025-tibalt-bot/install/realsense2_camera/share/realsense2_camera/launch
[0.495s] -- Up-to-date: /home/lunabotics/2025-tibalt-bot/install/realsense2_camera/share/realsense2_camera/launch/rs_multi_camera_launch.py
[0.495s] -- Up-to-date: /home/lunabotics/2025-tibalt-bot/install/realsense2_camera/share/realsense2_camera/launch/rs_intra_process_demo_launch.py
[0.495s] -- Up-to-date: /home/lunabotics/2025-tibalt-bot/install/realsense2_camera/share/realsense2_camera/launch/rs_launch.py
[0.495s] -- Up-to-date: /home/lunabotics/2025-tibalt-bot/install/realsense2_camera/share/realsense2_camera/launch/default.rviz
[0.495s] -- Up-to-date: /home/lunabotics/2025-tibalt-bot/install/realsense2_camera/share/realsense2_camera/examples
[0.498s] -- Up-to-date: /home/lunabotics/2025-tibalt-bot/install/realsense2_camera/share/realsense2_camera/examples/align_depth
[0.498s] -- Up-to-date: /home/lunabotics/2025-tibalt-bot/install/realsense2_camera/share/realsense2_camera/examples/align_depth/README.md
[0.498s] -- Up-to-date: /home/lunabotics/2025-tibalt-bot/install/realsense2_camera/share/realsense2_camera/examples/align_depth/rs_align_depth_launch.py
[0.498s] -- Up-to-date: /home/lunabotics/2025-tibalt-bot/install/realsense2_camera/share/realsense2_camera/examples/launch_from_rosbag
[0.498s] -- Up-to-date: /home/lunabotics/2025-tibalt-bot/install/realsense2_camera/share/realsense2_camera/examples/launch_from_rosbag/README.md
[0.499s] -- Up-to-date: /home/lunabotics/2025-tibalt-bot/install/realsense2_camera/share/realsense2_camera/examples/launch_from_rosbag/rs_launch_from_rosbag.py
[0.499s] -- Up-to-date: /home/lunabotics/2025-tibalt-bot/install/realsense2_camera/share/realsense2_camera/examples/launch_params_from_file
[0.499s] -- Up-to-date: /home/lunabotics/2025-tibalt-bot/install/realsense2_camera/share/realsense2_camera/examples/launch_params_from_file/rs_launch_get_params_from_yaml.py
[0.499s] -- Up-to-date: /home/lunabotics/2025-tibalt-bot/install/realsense2_camera/share/realsense2_camera/examples/launch_params_from_file/README.md
[0.499s] -- Up-to-date: /home/lunabotics/2025-tibalt-bot/install/realsense2_camera/share/realsense2_camera/examples/launch_params_from_file/config
[0.499s] -- Up-to-date: /home/lunabotics/2025-tibalt-bot/install/realsense2_camera/share/realsense2_camera/examples/launch_params_from_file/config/config.yaml
[0.500s] -- Up-to-date: /home/lunabotics/2025-tibalt-bot/install/realsense2_camera/share/realsense2_camera/examples/pointcloud
[0.500s] -- Up-to-date: /home/lunabotics/2025-tibalt-bot/install/realsense2_camera/share/realsense2_camera/examples/pointcloud/rviz
[0.500s] -- Up-to-date: /home/lunabotics/2025-tibalt-bot/install/realsense2_camera/share/realsense2_camera/examples/pointcloud/rviz/urdf_pointcloud.rviz
[0.500s] -- Up-to-date: /home/lunabotics/2025-tibalt-bot/install/realsense2_camera/share/realsense2_camera/examples/pointcloud/rviz/pointcloud.rviz
[0.500s] -- Up-to-date: /home/lunabotics/2025-tibalt-bot/install/realsense2_camera/share/realsense2_camera/examples/pointcloud/rs_d405_pointcloud_launch.py
[0.500s] -- Up-to-date: /home/lunabotics/2025-tibalt-bot/install/realsense2_camera/share/realsense2_camera/examples/pointcloud/README.md
[0.501s] -- Up-to-date: /home/lunabotics/2025-tibalt-bot/install/realsense2_camera/share/realsense2_camera/examples/pointcloud/rs_pointcloud_launch.py
[0.502s] -- Up-to-date: /home/lunabotics/2025-tibalt-bot/install/realsense2_camera/share/realsense2_camera/examples/pointcloud/rs_d455_pointcloud_launch.py
[0.502s] -- Up-to-date: /home/lunabotics/2025-tibalt-bot/install/realsense2_camera/share/realsense2_camera/examples/dual_camera
[0.502s] -- Up-to-date: /home/lunabotics/2025-tibalt-bot/install/realsense2_camera/share/realsense2_camera/examples/dual_camera/rviz
[0.502s] -- Up-to-date: /home/lunabotics/2025-tibalt-bot/install/realsense2_camera/share/realsense2_camera/examples/dual_camera/rviz/dual_camera_pointcloud.rviz
[0.502s] -- Up-to-date: /home/lunabotics/2025-tibalt-bot/install/realsense2_camera/share/realsense2_camera/examples/dual_camera/README.md
[0.502s] -- Up-to-date: /home/lunabotics/2025-tibalt-bot/install/realsense2_camera/share/realsense2_camera/examples/dual_camera/rs_dual_camera_launch.py
[0.502s] -- Up-to-date: /home/lunabotics/2025-tibalt-bot/install/realsense2_camera/share/realsense2_camera/environment/library_path.sh
[0.503s] -- Up-to-date: /home/lunabotics/2025-tibalt-bot/install/realsense2_camera/share/realsense2_camera/environment/library_path.dsv
[0.503s] -- Up-to-date: /home/lunabotics/2025-tibalt-bot/install/realsense2_camera/share/ament_index/resource_index/package_run_dependencies/realsense2_camera
[0.503s] -- Up-to-date: /home/lunabotics/2025-tibalt-bot/install/realsense2_camera/share/ament_index/resource_index/parent_prefix_path/realsense2_camera
[0.503s] -- Up-to-date: /home/lunabotics/2025-tibalt-bot/install/realsense2_camera/share/realsense2_camera/environment/ament_prefix_path.sh
[0.503s] -- Up-to-date: /home/lunabotics/2025-tibalt-bot/install/realsense2_camera/share/realsense2_camera/environment/ament_prefix_path.dsv
[0.503s] -- Up-to-date: /home/lunabotics/2025-tibalt-bot/install/realsense2_camera/share/realsense2_camera/environment/path.sh
[0.504s] -- Up-to-date: /home/lunabotics/2025-tibalt-bot/install/realsense2_camera/share/realsense2_camera/environment/path.dsv
[0.504s] -- Up-to-date: /home/lunabotics/2025-tibalt-bot/install/realsense2_camera/share/realsense2_camera/local_setup.bash
[0.504s] -- Up-to-date: /home/lunabotics/2025-tibalt-bot/install/realsense2_camera/share/realsense2_camera/local_setup.sh
[0.504s] -- Up-to-date: /home/lunabotics/2025-tibalt-bot/install/realsense2_camera/share/realsense2_camera/local_setup.zsh
[0.504s] -- Up-to-date: /home/lunabotics/2025-tibalt-bot/install/realsense2_camera/share/realsense2_camera/local_setup.dsv
[0.504s] -- Installing: /home/lunabotics/2025-tibalt-bot/install/realsense2_camera/share/realsense2_camera/package.dsv
[0.504s] -- Up-to-date: /home/lunabotics/2025-tibalt-bot/install/realsense2_camera/share/ament_index/resource_index/packages/realsense2_camera
[0.505s] -- Up-to-date: /home/lunabotics/2025-tibalt-bot/install/realsense2_camera/share/ament_index/resource_index/rclcpp_components/realsense2_camera
[0.505s] -- Up-to-date: /home/lunabotics/2025-tibalt-bot/install/realsense2_camera/share/realsense2_camera/cmake/ament_cmake_export_include_directories-extras.cmake
[0.505s] -- Up-to-date: /home/lunabotics/2025-tibalt-bot/install/realsense2_camera/share/realsense2_camera/cmake/ament_cmake_export_libraries-extras.cmake
[0.505s] -- Up-to-date: /home/lunabotics/2025-tibalt-bot/install/realsense2_camera/share/realsense2_camera/cmake/ament_cmake_export_dependencies-extras.cmake
[0.505s] -- Up-to-date: /home/lunabotics/2025-tibalt-bot/install/realsense2_camera/share/realsense2_camera/cmake/realsense2_cameraConfig.cmake
[0.505s] -- Up-to-date: /home/lunabotics/2025-tibalt-bot/install/realsense2_camera/share/realsense2_camera/cmake/realsense2_cameraConfig-version.cmake
[0.506s] -- Up-to-date: /home/lunabotics/2025-tibalt-bot/install/realsense2_camera/share/realsense2_camera/package.xml
[0.521s] Invoked command in '/home/lunabotics/2025-tibalt-bot/build/realsense2_camera' returned '0': CMAKE_PREFIX_PATH=/home/lunabotics/2025-tibalt-bot/install/realsense2_camera_msgs:/home/lunabotics/2025-tibalt-bot/install/realsense2_description:/home/lunabotics/2025-tibalt-bot/install/realsense2_camera:/home/lunabotics/2025-tibalt-bot/install/micro_ros_agent:/home/lunabotics/2025-tibalt-bot/install/micro_ros_msgs:/home/lunabotics/2025-tibalt-bot/install/rover_control LD_LIBRARY_PATH=/home/lunabotics/2025-tibalt-bot/install/realsense2_camera_msgs/lib:/home/lunabotics/2025-tibalt-bot/install/realsense2_camera/lib:/home/lunabotics/2025-tibalt-bot/install/micro_ros_agent/lib:/home/lunabotics/2025-tibalt-bot/install/micro_ros_msgs/lib /usr/bin/cmake --install /home/lunabotics/2025-tibalt-bot/build/realsense2_camera
