[0.026s] Invoking command in '/home/lunabotics/2025-tibalt-bot/build/realsense2_description': AMENT_PREFIX_PATH=/home/lunabotics/2025-tibalt-bot/install/realsense2_camera_msgs:${AMENT_PREFIX_PATH} CMAKE_PREFIX_PATH=/home/lunabotics/2025-tibalt-bot/install/realsense2_camera_msgs:/opt/ros/humble LD_LIBRARY_PATH=/home/lunabotics/2025-tibalt-bot/install/realsense2_camera_msgs/lib:${LD_LIBRARY_PATH} PYTHONPATH=/home/lunabotics/2025-tibalt-bot/install/realsense2_camera_msgs/local/lib/python3.10/dist-packages:${PYTHONPATH} /usr/bin/cmake /home/lunabotics/2025-tibalt-bot/src/realsense-ros-4.55.1/realsense2_description -DCMAKE_INSTALL_PREFIX=/home/lunabotics/2025-tibalt-bot/install/realsense2_description
[0.155s] -- The C compiler identification is GNU 11.4.0
[0.301s] -- The CXX compiler identification is GNU 11.4.0
[0.324s] -- Detecting C compiler ABI info
[0.510s] -- Detecting C compiler ABI info - done
[0.536s] -- Check for working C compiler: /usr/bin/cc - skipped
[0.537s] -- Detecting C compile features
[0.537s] -- Detecting C compile features - done
[0.549s] -- Detecting CXX compiler ABI info
[0.763s] -- Detecting CXX compiler ABI info - done
[0.789s] -- Check for working CXX compiler: /usr/bin/c++ - skipped
[0.792s] -- Detecting CXX compile features
[0.793s] -- Detecting CXX compile features - done
[0.803s] -- Found ament_cmake: 1.3.11 (/opt/ros/humble/share/ament_cmake/cmake)
[1.214s] -- Found Python3: /usr/bin/python3 (found version "3.10.12") found components: Interpreter 
[1.651s] -- Configuring done
[1.660s] -- Generating done
[1.665s] -- Build files have been written to: /home/lunabotics/2025-tibalt-bot/build/realsense2_description
[1.684s] Invoked command in '/home/lunabotics/2025-tibalt-bot/build/realsense2_description' returned '0': AMENT_PREFIX_PATH=/home/lunabotics/2025-tibalt-bot/install/realsense2_camera_msgs:${AMENT_PREFIX_PATH} CMAKE_PREFIX_PATH=/home/lunabotics/2025-tibalt-bot/install/realsense2_camera_msgs:/opt/ros/humble LD_LIBRARY_PATH=/home/lunabotics/2025-tibalt-bot/install/realsense2_camera_msgs/lib:${LD_LIBRARY_PATH} PYTHONPATH=/home/lunabotics/2025-tibalt-bot/install/realsense2_camera_msgs/local/lib/python3.10/dist-packages:${PYTHONPATH} /usr/bin/cmake /home/lunabotics/2025-tibalt-bot/src/realsense-ros-4.55.1/realsense2_description -DCMAKE_INSTALL_PREFIX=/home/lunabotics/2025-tibalt-bot/install/realsense2_description
[1.689s] Invoking command in '/home/lunabotics/2025-tibalt-bot/build/realsense2_description': AMENT_PREFIX_PATH=/home/lunabotics/2025-tibalt-bot/install/realsense2_camera_msgs:${AMENT_PREFIX_PATH} CMAKE_PREFIX_PATH=/home/lunabotics/2025-tibalt-bot/install/realsense2_camera_msgs:/opt/ros/humble LD_LIBRARY_PATH=/home/lunabotics/2025-tibalt-bot/install/realsense2_camera_msgs/lib:${LD_LIBRARY_PATH} PYTHONPATH=/home/lunabotics/2025-tibalt-bot/install/realsense2_camera_msgs/local/lib/python3.10/dist-packages:${PYTHONPATH} /usr/bin/cmake --build /home/lunabotics/2025-tibalt-bot/build/realsense2_description -- -j6 -l6
[1.791s] Invoked command in '/home/lunabotics/2025-tibalt-bot/build/realsense2_description' returned '0': AMENT_PREFIX_PATH=/home/lunabotics/2025-tibalt-bot/install/realsense2_camera_msgs:${AMENT_PREFIX_PATH} CMAKE_PREFIX_PATH=/home/lunabotics/2025-tibalt-bot/install/realsense2_camera_msgs:/opt/ros/humble LD_LIBRARY_PATH=/home/lunabotics/2025-tibalt-bot/install/realsense2_camera_msgs/lib:${LD_LIBRARY_PATH} PYTHONPATH=/home/lunabotics/2025-tibalt-bot/install/realsense2_camera_msgs/local/lib/python3.10/dist-packages:${PYTHONPATH} /usr/bin/cmake --build /home/lunabotics/2025-tibalt-bot/build/realsense2_description -- -j6 -l6
[1.796s] Invoking command in '/home/lunabotics/2025-tibalt-bot/build/realsense2_description': AMENT_PREFIX_PATH=/home/lunabotics/2025-tibalt-bot/install/realsense2_camera_msgs:${AMENT_PREFIX_PATH} CMAKE_PREFIX_PATH=/home/lunabotics/2025-tibalt-bot/install/realsense2_camera_msgs:/opt/ros/humble LD_LIBRARY_PATH=/home/lunabotics/2025-tibalt-bot/install/realsense2_camera_msgs/lib:${LD_LIBRARY_PATH} PYTHONPATH=/home/lunabotics/2025-tibalt-bot/install/realsense2_camera_msgs/local/lib/python3.10/dist-packages:${PYTHONPATH} /usr/bin/cmake --install /home/lunabotics/2025-tibalt-bot/build/realsense2_description
[1.818s] -- Install configuration: ""
[1.818s] -- Installing: /home/lunabotics/2025-tibalt-bot/install/realsense2_description/share/realsense2_description/launch
[1.819s] -- Installing: /home/lunabotics/2025-tibalt-bot/install/realsense2_description/share/realsense2_description/launch/launch_utils.py
[1.819s] -- Installing: /home/lunabotics/2025-tibalt-bot/install/realsense2_description/share/realsense2_description/launch/view_model.launch.py
[1.819s] -- Installing: /home/lunabotics/2025-tibalt-bot/install/realsense2_description/share/realsense2_description/meshes
[1.819s] -- Installing: /home/lunabotics/2025-tibalt-bot/install/realsense2_description/share/realsense2_description/meshes/plug_collision.stl
[1.819s] -- Installing: /home/lunabotics/2025-tibalt-bot/install/realsense2_description/share/realsense2_description/meshes/d405.stl
[1.820s] -- Installing: /home/lunabotics/2025-tibalt-bot/install/realsense2_description/share/realsense2_description/meshes/d415.stl
[1.884s] -- Installing: /home/lunabotics/2025-tibalt-bot/install/realsense2_description/share/realsense2_description/meshes/d435.dae
[1.928s] -- Installing: /home/lunabotics/2025-tibalt-bot/install/realsense2_description/share/realsense2_description/meshes/d455.stl
[1.936s] -- Installing: /home/lunabotics/2025-tibalt-bot/install/realsense2_description/share/realsense2_description/meshes/plug.stl
[1.937s] -- Installing: /home/lunabotics/2025-tibalt-bot/install/realsense2_description/share/realsense2_description/meshes/l515.dae
[2.027s] -- Installing: /home/lunabotics/2025-tibalt-bot/install/realsense2_description/share/realsense2_description/rviz
[2.028s] -- Installing: /home/lunabotics/2025-tibalt-bot/install/realsense2_description/share/realsense2_description/rviz/urdf.rviz
[2.028s] -- Installing: /home/lunabotics/2025-tibalt-bot/install/realsense2_description/share/realsense2_description/urdf
[2.028s] -- Installing: /home/lunabotics/2025-tibalt-bot/install/realsense2_description/share/realsense2_description/urdf/test_d435_multiple_cameras.urdf.xacro
[2.029s] -- Installing: /home/lunabotics/2025-tibalt-bot/install/realsense2_description/share/realsense2_description/urdf/_d455.urdf.xacro
[2.029s] -- Installing: /home/lunabotics/2025-tibalt-bot/install/realsense2_description/share/realsense2_description/urdf/_materials.urdf.xacro
[2.029s] -- Installing: /home/lunabotics/2025-tibalt-bot/install/realsense2_description/share/realsense2_description/urdf/test_r410_camera.urdf.xacro
[2.029s] -- Installing: /home/lunabotics/2025-tibalt-bot/install/realsense2_description/share/realsense2_description/urdf/_usb_plug.urdf.xacro
[2.030s] -- Installing: /home/lunabotics/2025-tibalt-bot/install/realsense2_description/share/realsense2_description/urdf/_r410.urdf.xacro
[2.030s] -- Installing: /home/lunabotics/2025-tibalt-bot/install/realsense2_description/share/realsense2_description/urdf/test_d435i_camera.urdf.xacro
[2.030s] -- Installing: /home/lunabotics/2025-tibalt-bot/install/realsense2_description/share/realsense2_description/urdf/_d415.urdf.xacro
[2.030s] -- Installing: /home/lunabotics/2025-tibalt-bot/install/realsense2_description/share/realsense2_description/urdf/_r430.urdf.xacro
[2.030s] -- Installing: /home/lunabotics/2025-tibalt-bot/install/realsense2_description/share/realsense2_description/urdf/test_d455_camera.urdf.xacro
[2.031s] -- Installing: /home/lunabotics/2025-tibalt-bot/install/realsense2_description/share/realsense2_description/urdf/test_d415_camera.urdf.xacro
[2.031s] -- Installing: /home/lunabotics/2025-tibalt-bot/install/realsense2_description/share/realsense2_description/urdf/_d435i_imu_modules.urdf.xacro
[2.031s] -- Installing: /home/lunabotics/2025-tibalt-bot/install/realsense2_description/share/realsense2_description/urdf/_d435.urdf.xacro
[2.031s] -- Installing: /home/lunabotics/2025-tibalt-bot/install/realsense2_description/share/realsense2_description/urdf/_d405.urdf.xacro
[2.031s] -- Installing: /home/lunabotics/2025-tibalt-bot/install/realsense2_description/share/realsense2_description/urdf/test_d405_camera.urdf.xacro
[2.032s] -- Installing: /home/lunabotics/2025-tibalt-bot/install/realsense2_description/share/realsense2_description/urdf/test_r430_camera.urdf.xacro
[2.032s] -- Installing: /home/lunabotics/2025-tibalt-bot/install/realsense2_description/share/realsense2_description/urdf/test_d435_camera.urdf.xacro
[2.032s] -- Installing: /home/lunabotics/2025-tibalt-bot/install/realsense2_description/share/realsense2_description/urdf/_d435i.urdf.xacro
[2.032s] -- Installing: /home/lunabotics/2025-tibalt-bot/install/realsense2_description/share/ament_index/resource_index/package_run_dependencies/realsense2_description
[2.032s] -- Installing: /home/lunabotics/2025-tibalt-bot/install/realsense2_description/share/ament_index/resource_index/parent_prefix_path/realsense2_description
[2.033s] -- Installing: /home/lunabotics/2025-tibalt-bot/install/realsense2_description/share/realsense2_description/environment/ament_prefix_path.sh
[2.033s] -- Installing: /home/lunabotics/2025-tibalt-bot/install/realsense2_description/share/realsense2_description/environment/ament_prefix_path.dsv
[2.033s] -- Installing: /home/lunabotics/2025-tibalt-bot/install/realsense2_description/share/realsense2_description/environment/path.sh
[2.034s] -- Installing: /home/lunabotics/2025-tibalt-bot/install/realsense2_description/share/realsense2_description/environment/path.dsv
[2.034s] -- Installing: /home/lunabotics/2025-tibalt-bot/install/realsense2_description/share/realsense2_description/local_setup.bash
[2.034s] -- Installing: /home/lunabotics/2025-tibalt-bot/install/realsense2_description/share/realsense2_description/local_setup.sh
[2.035s] -- Installing: /home/lunabotics/2025-tibalt-bot/install/realsense2_description/share/realsense2_description/local_setup.zsh
[2.035s] -- Installing: /home/lunabotics/2025-tibalt-bot/install/realsense2_description/share/realsense2_description/local_setup.dsv
[2.035s] -- Installing: /home/lunabotics/2025-tibalt-bot/install/realsense2_description/share/realsense2_description/package.dsv
[2.035s] -- Installing: /home/lunabotics/2025-tibalt-bot/install/realsense2_description/share/ament_index/resource_index/packages/realsense2_description
[2.036s] -- Installing: /home/lunabotics/2025-tibalt-bot/install/realsense2_description/share/realsense2_description/cmake/realsense2_descriptionConfig.cmake
[2.036s] -- Installing: /home/lunabotics/2025-tibalt-bot/install/realsense2_description/share/realsense2_description/cmake/realsense2_descriptionConfig-version.cmake
[2.036s] -- Installing: /home/lunabotics/2025-tibalt-bot/install/realsense2_description/share/realsense2_description/package.xml
[2.045s] Invoked command in '/home/lunabotics/2025-tibalt-bot/build/realsense2_description' returned '0': AMENT_PREFIX_PATH=/home/lunabotics/2025-tibalt-bot/install/realsense2_camera_msgs:${AMENT_PREFIX_PATH} CMAKE_PREFIX_PATH=/home/lunabotics/2025-tibalt-bot/install/realsense2_camera_msgs:/opt/ros/humble LD_LIBRARY_PATH=/home/lunabotics/2025-tibalt-bot/install/realsense2_camera_msgs/lib:${LD_LIBRARY_PATH} PYTHONPATH=/home/lunabotics/2025-tibalt-bot/install/realsense2_camera_msgs/local/lib/python3.10/dist-packages:${PYTHONPATH} /usr/bin/cmake --install /home/lunabotics/2025-tibalt-bot/build/realsense2_description
