[1.446s] Invoking command in '/home/lunabotics/2025-tibalt-bot/src/rover_control': PYTHONPATH=/home/lunabotics/2025-tibalt-bot/build/rover_control/prefix_override:/usr/lib/python3/dist-packages/colcon_core/task/python/colcon_distutils_commands:/home/lunabotics/2025-tibalt-bot/install/rover_control/lib/python3.10/site-packages:${PYTHONPATH} /usr/bin/python3 -W ignore:setup.py install is deprecated -W ignore:easy_install command is deprecated setup.py egg_info --egg-base ../../build/rover_control build --build-base /home/lunabotics/2025-tibalt-bot/build/rover_control/build install --record /home/lunabotics/2025-tibalt-bot/build/rover_control/install.log --single-version-externally-managed install_data
[1.922s] running egg_info
[1.923s] writing ../../build/rover_control/rover_control.egg-info/PKG-INFO
[1.924s] writing dependency_links to ../../build/rover_control/rover_control.egg-info/dependency_links.txt
[1.925s] writing entry points to ../../build/rover_control/rover_control.egg-info/entry_points.txt
[1.925s] writing requirements to ../../build/rover_control/rover_control.egg-info/requires.txt
[1.925s] writing top-level names to ../../build/rover_control/rover_control.egg-info/top_level.txt
[1.932s] reading manifest file '../../build/rover_control/rover_control.egg-info/SOURCES.txt'
[1.935s] writing manifest file '../../build/rover_control/rover_control.egg-info/SOURCES.txt'
[1.935s] running build
[1.935s] running build_py
[1.936s] running install
[1.937s] running install_lib
[1.940s] running install_data
[1.941s] copying launch/topics_launch.py -> /home/lunabotics/2025-tibalt-bot/install/rover_control/share/rover_control
[1.941s] running install_egg_info
[1.946s] removing '/home/lunabotics/2025-tibalt-bot/install/rover_control/lib/python3.10/site-packages/rover_control-0.0.0-py3.10.egg-info' (and everything under it)
[1.947s] Copying ../../build/rover_control/rover_control.egg-info to /home/lunabotics/2025-tibalt-bot/install/rover_control/lib/python3.10/site-packages/rover_control-0.0.0-py3.10.egg-info
[1.949s] running install_scripts
[2.002s] writing list of installed files to '/home/lunabotics/2025-tibalt-bot/build/rover_control/install.log'
[2.112s] Invoked command in '/home/lunabotics/2025-tibalt-bot/src/rover_control' returned '0': PYTHONPATH=/home/lunabotics/2025-tibalt-bot/build/rover_control/prefix_override:/usr/lib/python3/dist-packages/colcon_core/task/python/colcon_distutils_commands:/home/lunabotics/2025-tibalt-bot/install/rover_control/lib/python3.10/site-packages:${PYTHONPATH} /usr/bin/python3 -W ignore:setup.py install is deprecated -W ignore:easy_install command is deprecated setup.py egg_info --egg-base ../../build/rover_control build --build-base /home/lunabotics/2025-tibalt-bot/build/rover_control/build install --record /home/lunabotics/2025-tibalt-bot/build/rover_control/install.log --single-version-externally-managed install_data
