The system is: Linux - 5.15.148-tegra - aarch64
Compiling the C compiler identification source file "CMakeCCompilerId.c" succeeded.
Compiler: /usr/bin/cc 
Build flags: 
Id flags:  

The output was:
0


Compilation of the C compiler identification source "CMakeCCompilerId.c" produced "a.out"

The C compiler identification is GNU, found in "/home/lunabotics/2025-tibalt-bot/build/LZ4/CMakeFiles/3.22.1/CompilerIdC/a.out"

Detecting C compiler ABI info compiled with the following output:
Change Dir: /home/lunabotics/2025-tibalt-bot/build/LZ4/CMakeFiles/CMakeTmp

Run Build Command(s):/usr/bin/gmake -f Makefile cmTC_37bb5/fast && /usr/bin/gmake  -f CMakeFiles/cmTC_37bb5.dir/build.make CMakeFiles/cmTC_37bb5.dir/build
gmake[1]: Entering directory '/home/lunabotics/2025-tibalt-bot/build/LZ4/CMakeFiles/CMakeTmp'
Building C object CMakeFiles/cmTC_37bb5.dir/CMakeCCompilerABI.c.o
/usr/bin/cc   -v -o CMakeFiles/cmTC_37bb5.dir/CMakeCCompilerABI.c.o -c /usr/share/cmake-3.22/Modules/CMakeCCompilerABI.c
Using built-in specs.
COLLECT_GCC=/usr/bin/cc
Target: aarch64-linux-gnu
Configured with: ../src/configure -v --with-pkgversion='Ubuntu 11.4.0-1ubuntu1~22.04' --with-bugurl=file:///usr/share/doc/gcc-11/README.Bugs --enable-languages=c,ada,c++,go,d,fortran,objc,obj-c++,m2 --prefix=/usr --with-gcc-major-version-only --program-suffix=-11 --program-prefix=aarch64-linux-gnu- --enable-shared --enable-linker-build-id --libexecdir=/usr/lib --without-included-gettext --enable-threads=posix --libdir=/usr/lib --enable-nls --enable-bootstrap --enable-clocale=gnu --enable-libstdcxx-debug --enable-libstdcxx-time=yes --with-default-libstdcxx-abi=new --enable-gnu-unique-object --disable-libquadmath --disable-libquadmath-support --enable-plugin --enable-default-pie --with-system-zlib --enable-libphobos-checking=release --with-target-system-zlib=auto --enable-objc-gc=auto --enable-multiarch --enable-fix-cortex-a53-843419 --disable-werror --enable-checking=release --build=aarch64-linux-gnu --host=aarch64-linux-gnu --target=aarch64-linux-gnu --with-build-config=bootstrap-lto-lean --enable-link-serialization=2
Thread model: posix
Supported LTO compression algorithms: zlib zstd
gcc version 11.4.0 (Ubuntu 11.4.0-1ubuntu1~22.04) 
COLLECT_GCC_OPTIONS='-v' '-o' 'CMakeFiles/cmTC_37bb5.dir/CMakeCCompilerABI.c.o' '-c' '-mlittle-endian' '-mabi=lp64' '-dumpdir' 'CMakeFiles/cmTC_37bb5.dir/'
 /usr/lib/gcc/aarch64-linux-gnu/11/cc1 -quiet -v -imultiarch aarch64-linux-gnu /usr/share/cmake-3.22/Modules/CMakeCCompilerABI.c -quiet -dumpdir CMakeFiles/cmTC_37bb5.dir/ -dumpbase CMakeCCompilerABI.c.c -dumpbase-ext .c -mlittle-endian -mabi=lp64 -version -fasynchronous-unwind-tables -fstack-protector-strong -Wformat -Wformat-security -fstack-clash-protection -o /tmp/ccybYBfS.s
GNU C17 (Ubuntu 11.4.0-1ubuntu1~22.04) version 11.4.0 (aarch64-linux-gnu)
	compiled by GNU C version 11.4.0, GMP version 6.2.1, MPFR version 4.1.0, MPC version 1.2.1, isl version isl-0.24-GMP

GGC heuristics: --param ggc-min-expand=100 --param ggc-min-heapsize=131072
ignoring nonexistent directory "/usr/local/include/aarch64-linux-gnu"
ignoring nonexistent directory "/usr/lib/gcc/aarch64-linux-gnu/11/include-fixed"
ignoring nonexistent directory "/usr/lib/gcc/aarch64-linux-gnu/11/../../../../aarch64-linux-gnu/include"
#include "..." search starts here:
#include <...> search starts here:
 /usr/lib/gcc/aarch64-linux-gnu/11/include
 /usr/local/include
 /usr/include/aarch64-linux-gnu
 /usr/include
End of search list.
GNU C17 (Ubuntu 11.4.0-1ubuntu1~22.04) version 11.4.0 (aarch64-linux-gnu)
	compiled by GNU C version 11.4.0, GMP version 6.2.1, MPFR version 4.1.0, MPC version 1.2.1, isl version isl-0.24-GMP

GGC heuristics: --param ggc-min-expand=100 --param ggc-min-heapsize=131072
Compiler executable checksum: 52ed857e9cd110e5efaa797811afcfbb
COLLECT_GCC_OPTIONS='-v' '-o' 'CMakeFiles/cmTC_37bb5.dir/CMakeCCompilerABI.c.o' '-c' '-mlittle-endian' '-mabi=lp64' '-dumpdir' 'CMakeFiles/cmTC_37bb5.dir/'
 as -v -EL -mabi=lp64 -o CMakeFiles/cmTC_37bb5.dir/CMakeCCompilerABI.c.o /tmp/ccybYBfS.s
GNU assembler version 2.38 (aarch64-linux-gnu) using BFD version (GNU Binutils for Ubuntu) 2.38
COMPILER_PATH=/usr/lib/gcc/aarch64-linux-gnu/11/:/usr/lib/gcc/aarch64-linux-gnu/11/:/usr/lib/gcc/aarch64-linux-gnu/:/usr/lib/gcc/aarch64-linux-gnu/11/:/usr/lib/gcc/aarch64-linux-gnu/
LIBRARY_PATH=/usr/lib/gcc/aarch64-linux-gnu/11/:/usr/lib/gcc/aarch64-linux-gnu/11/../../../aarch64-linux-gnu/:/usr/lib/gcc/aarch64-linux-gnu/11/../../../../lib/:/lib/aarch64-linux-gnu/:/lib/../lib/:/usr/lib/aarch64-linux-gnu/:/usr/lib/../lib/:/usr/lib/gcc/aarch64-linux-gnu/11/../../../:/lib/:/usr/lib/
COLLECT_GCC_OPTIONS='-v' '-o' 'CMakeFiles/cmTC_37bb5.dir/CMakeCCompilerABI.c.o' '-c' '-mlittle-endian' '-mabi=lp64' '-dumpdir' 'CMakeFiles/cmTC_37bb5.dir/CMakeCCompilerABI.c.'
Linking C executable cmTC_37bb5
/usr/bin/cmake -E cmake_link_script CMakeFiles/cmTC_37bb5.dir/link.txt --verbose=1
/usr/bin/cc  -v CMakeFiles/cmTC_37bb5.dir/CMakeCCompilerABI.c.o -o cmTC_37bb5 
Using built-in specs.
COLLECT_GCC=/usr/bin/cc
COLLECT_LTO_WRAPPER=/usr/lib/gcc/aarch64-linux-gnu/11/lto-wrapper
Target: aarch64-linux-gnu
Configured with: ../src/configure -v --with-pkgversion='Ubuntu 11.4.0-1ubuntu1~22.04' --with-bugurl=file:///usr/share/doc/gcc-11/README.Bugs --enable-languages=c,ada,c++,go,d,fortran,objc,obj-c++,m2 --prefix=/usr --with-gcc-major-version-only --program-suffix=-11 --program-prefix=aarch64-linux-gnu- --enable-shared --enable-linker-build-id --libexecdir=/usr/lib --without-included-gettext --enable-threads=posix --libdir=/usr/lib --enable-nls --enable-bootstrap --enable-clocale=gnu --enable-libstdcxx-debug --enable-libstdcxx-time=yes --with-default-libstdcxx-abi=new --enable-gnu-unique-object --disable-libquadmath --disable-libquadmath-support --enable-plugin --enable-default-pie --with-system-zlib --enable-libphobos-checking=release --with-target-system-zlib=auto --enable-objc-gc=auto --enable-multiarch --enable-fix-cortex-a53-843419 --disable-werror --enable-checking=release --build=aarch64-linux-gnu --host=aarch64-linux-gnu --target=aarch64-linux-gnu --with-build-config=bootstrap-lto-lean --enable-link-serialization=2
Thread model: posix
Supported LTO compression algorithms: zlib zstd
gcc version 11.4.0 (Ubuntu 11.4.0-1ubuntu1~22.04) 
COMPILER_PATH=/usr/lib/gcc/aarch64-linux-gnu/11/:/usr/lib/gcc/aarch64-linux-gnu/11/:/usr/lib/gcc/aarch64-linux-gnu/:/usr/lib/gcc/aarch64-linux-gnu/11/:/usr/lib/gcc/aarch64-linux-gnu/
LIBRARY_PATH=/usr/lib/gcc/aarch64-linux-gnu/11/:/usr/lib/gcc/aarch64-linux-gnu/11/../../../aarch64-linux-gnu/:/usr/lib/gcc/aarch64-linux-gnu/11/../../../../lib/:/lib/aarch64-linux-gnu/:/lib/../lib/:/usr/lib/aarch64-linux-gnu/:/usr/lib/../lib/:/usr/lib/gcc/aarch64-linux-gnu/11/../../../:/lib/:/usr/lib/
COLLECT_GCC_OPTIONS='-v' '-o' 'cmTC_37bb5' '-mlittle-endian' '-mabi=lp64' '-dumpdir' 'cmTC_37bb5.'
 /usr/lib/gcc/aarch64-linux-gnu/11/collect2 -plugin /usr/lib/gcc/aarch64-linux-gnu/11/liblto_plugin.so -plugin-opt=/usr/lib/gcc/aarch64-linux-gnu/11/lto-wrapper -plugin-opt=-fresolution=/tmp/cctkmktc.res -plugin-opt=-pass-through=-lgcc -plugin-opt=-pass-through=-lgcc_s -plugin-opt=-pass-through=-lc -plugin-opt=-pass-through=-lgcc -plugin-opt=-pass-through=-lgcc_s --build-id --eh-frame-hdr --hash-style=gnu --as-needed -dynamic-linker /lib/ld-linux-aarch64.so.1 -X -EL -maarch64linux --fix-cortex-a53-843419 -pie -z now -z relro -o cmTC_37bb5 /usr/lib/gcc/aarch64-linux-gnu/11/../../../aarch64-linux-gnu/Scrt1.o /usr/lib/gcc/aarch64-linux-gnu/11/../../../aarch64-linux-gnu/crti.o /usr/lib/gcc/aarch64-linux-gnu/11/crtbeginS.o -L/usr/lib/gcc/aarch64-linux-gnu/11 -L/usr/lib/gcc/aarch64-linux-gnu/11/../../../aarch64-linux-gnu -L/usr/lib/gcc/aarch64-linux-gnu/11/../../../../lib -L/lib/aarch64-linux-gnu -L/lib/../lib -L/usr/lib/aarch64-linux-gnu -L/usr/lib/../lib -L/usr/lib/gcc/aarch64-linux-gnu/11/../../.. CMakeFiles/cmTC_37bb5.dir/CMakeCCompilerABI.c.o -lgcc --push-state --as-needed -lgcc_s --pop-state -lc -lgcc --push-state --as-needed -lgcc_s --pop-state /usr/lib/gcc/aarch64-linux-gnu/11/crtendS.o /usr/lib/gcc/aarch64-linux-gnu/11/../../../aarch64-linux-gnu/crtn.o
COLLECT_GCC_OPTIONS='-v' '-o' 'cmTC_37bb5' '-mlittle-endian' '-mabi=lp64' '-dumpdir' 'cmTC_37bb5.'
gmake[1]: Leaving directory '/home/lunabotics/2025-tibalt-bot/build/LZ4/CMakeFiles/CMakeTmp'



Parsed C implicit include dir info from above output: rv=done
  found start of include info
  found start of implicit include info
    add: [/usr/lib/gcc/aarch64-linux-gnu/11/include]
    add: [/usr/local/include]
    add: [/usr/include/aarch64-linux-gnu]
    add: [/usr/include]
  end of search list found
  collapse include dir [/usr/lib/gcc/aarch64-linux-gnu/11/include] ==> [/usr/lib/gcc/aarch64-linux-gnu/11/include]
  collapse include dir [/usr/local/include] ==> [/usr/local/include]
  collapse include dir [/usr/include/aarch64-linux-gnu] ==> [/usr/include/aarch64-linux-gnu]
  collapse include dir [/usr/include] ==> [/usr/include]
  implicit include dirs: [/usr/lib/gcc/aarch64-linux-gnu/11/include;/usr/local/include;/usr/include/aarch64-linux-gnu;/usr/include]


Parsed C implicit link information from above output:
  link line regex: [^( *|.*[/\])(ld|CMAKE_LINK_STARTFILE-NOTFOUND|([^/\]+-)?ld|collect2)[^/\]*( |$)]
  ignore line: [Change Dir: /home/lunabotics/2025-tibalt-bot/build/LZ4/CMakeFiles/CMakeTmp]
  ignore line: []
  ignore line: [Run Build Command(s):/usr/bin/gmake -f Makefile cmTC_37bb5/fast && /usr/bin/gmake  -f CMakeFiles/cmTC_37bb5.dir/build.make CMakeFiles/cmTC_37bb5.dir/build]
  ignore line: [gmake[1]: Entering directory '/home/lunabotics/2025-tibalt-bot/build/LZ4/CMakeFiles/CMakeTmp']
  ignore line: [Building C object CMakeFiles/cmTC_37bb5.dir/CMakeCCompilerABI.c.o]
  ignore line: [/usr/bin/cc   -v -o CMakeFiles/cmTC_37bb5.dir/CMakeCCompilerABI.c.o -c /usr/share/cmake-3.22/Modules/CMakeCCompilerABI.c]
  ignore line: [Using built-in specs.]
  ignore line: [COLLECT_GCC=/usr/bin/cc]
  ignore line: [Target: aarch64-linux-gnu]
  ignore line: [Configured with: ../src/configure -v --with-pkgversion='Ubuntu 11.4.0-1ubuntu1~22.04' --with-bugurl=file:///usr/share/doc/gcc-11/README.Bugs --enable-languages=c ada c++ go d fortran objc obj-c++ m2 --prefix=/usr --with-gcc-major-version-only --program-suffix=-11 --program-prefix=aarch64-linux-gnu- --enable-shared --enable-linker-build-id --libexecdir=/usr/lib --without-included-gettext --enable-threads=posix --libdir=/usr/lib --enable-nls --enable-bootstrap --enable-clocale=gnu --enable-libstdcxx-debug --enable-libstdcxx-time=yes --with-default-libstdcxx-abi=new --enable-gnu-unique-object --disable-libquadmath --disable-libquadmath-support --enable-plugin --enable-default-pie --with-system-zlib --enable-libphobos-checking=release --with-target-system-zlib=auto --enable-objc-gc=auto --enable-multiarch --enable-fix-cortex-a53-843419 --disable-werror --enable-checking=release --build=aarch64-linux-gnu --host=aarch64-linux-gnu --target=aarch64-linux-gnu --with-build-config=bootstrap-lto-lean --enable-link-serialization=2]
  ignore line: [Thread model: posix]
  ignore line: [Supported LTO compression algorithms: zlib zstd]
  ignore line: [gcc version 11.4.0 (Ubuntu 11.4.0-1ubuntu1~22.04) ]
  ignore line: [COLLECT_GCC_OPTIONS='-v' '-o' 'CMakeFiles/cmTC_37bb5.dir/CMakeCCompilerABI.c.o' '-c' '-mlittle-endian' '-mabi=lp64' '-dumpdir' 'CMakeFiles/cmTC_37bb5.dir/']
  ignore line: [ /usr/lib/gcc/aarch64-linux-gnu/11/cc1 -quiet -v -imultiarch aarch64-linux-gnu /usr/share/cmake-3.22/Modules/CMakeCCompilerABI.c -quiet -dumpdir CMakeFiles/cmTC_37bb5.dir/ -dumpbase CMakeCCompilerABI.c.c -dumpbase-ext .c -mlittle-endian -mabi=lp64 -version -fasynchronous-unwind-tables -fstack-protector-strong -Wformat -Wformat-security -fstack-clash-protection -o /tmp/ccybYBfS.s]
  ignore line: [GNU C17 (Ubuntu 11.4.0-1ubuntu1~22.04) version 11.4.0 (aarch64-linux-gnu)]
  ignore line: [	compiled by GNU C version 11.4.0  GMP version 6.2.1  MPFR version 4.1.0  MPC version 1.2.1  isl version isl-0.24-GMP]
  ignore line: []
  ignore line: [GGC heuristics: --param ggc-min-expand=100 --param ggc-min-heapsize=131072]
  ignore line: [ignoring nonexistent directory "/usr/local/include/aarch64-linux-gnu"]
  ignore line: [ignoring nonexistent directory "/usr/lib/gcc/aarch64-linux-gnu/11/include-fixed"]
  ignore line: [ignoring nonexistent directory "/usr/lib/gcc/aarch64-linux-gnu/11/../../../../aarch64-linux-gnu/include"]
  ignore line: [#include "..." search starts here:]
  ignore line: [#include <...> search starts here:]
  ignore line: [ /usr/lib/gcc/aarch64-linux-gnu/11/include]
  ignore line: [ /usr/local/include]
  ignore line: [ /usr/include/aarch64-linux-gnu]
  ignore line: [ /usr/include]
  ignore line: [End of search list.]
  ignore line: [GNU C17 (Ubuntu 11.4.0-1ubuntu1~22.04) version 11.4.0 (aarch64-linux-gnu)]
  ignore line: [	compiled by GNU C version 11.4.0  GMP version 6.2.1  MPFR version 4.1.0  MPC version 1.2.1  isl version isl-0.24-GMP]
  ignore line: []
  ignore line: [GGC heuristics: --param ggc-min-expand=100 --param ggc-min-heapsize=131072]
  ignore line: [Compiler executable checksum: 52ed857e9cd110e5efaa797811afcfbb]
  ignore line: [COLLECT_GCC_OPTIONS='-v' '-o' 'CMakeFiles/cmTC_37bb5.dir/CMakeCCompilerABI.c.o' '-c' '-mlittle-endian' '-mabi=lp64' '-dumpdir' 'CMakeFiles/cmTC_37bb5.dir/']
  ignore line: [ as -v -EL -mabi=lp64 -o CMakeFiles/cmTC_37bb5.dir/CMakeCCompilerABI.c.o /tmp/ccybYBfS.s]
  ignore line: [GNU assembler version 2.38 (aarch64-linux-gnu) using BFD version (GNU Binutils for Ubuntu) 2.38]
  ignore line: [COMPILER_PATH=/usr/lib/gcc/aarch64-linux-gnu/11/:/usr/lib/gcc/aarch64-linux-gnu/11/:/usr/lib/gcc/aarch64-linux-gnu/:/usr/lib/gcc/aarch64-linux-gnu/11/:/usr/lib/gcc/aarch64-linux-gnu/]
  ignore line: [LIBRARY_PATH=/usr/lib/gcc/aarch64-linux-gnu/11/:/usr/lib/gcc/aarch64-linux-gnu/11/../../../aarch64-linux-gnu/:/usr/lib/gcc/aarch64-linux-gnu/11/../../../../lib/:/lib/aarch64-linux-gnu/:/lib/../lib/:/usr/lib/aarch64-linux-gnu/:/usr/lib/../lib/:/usr/lib/gcc/aarch64-linux-gnu/11/../../../:/lib/:/usr/lib/]
  ignore line: [COLLECT_GCC_OPTIONS='-v' '-o' 'CMakeFiles/cmTC_37bb5.dir/CMakeCCompilerABI.c.o' '-c' '-mlittle-endian' '-mabi=lp64' '-dumpdir' 'CMakeFiles/cmTC_37bb5.dir/CMakeCCompilerABI.c.']
  ignore line: [Linking C executable cmTC_37bb5]
  ignore line: [/usr/bin/cmake -E cmake_link_script CMakeFiles/cmTC_37bb5.dir/link.txt --verbose=1]
  ignore line: [/usr/bin/cc  -v CMakeFiles/cmTC_37bb5.dir/CMakeCCompilerABI.c.o -o cmTC_37bb5 ]
  ignore line: [Using built-in specs.]
  ignore line: [COLLECT_GCC=/usr/bin/cc]
  ignore line: [COLLECT_LTO_WRAPPER=/usr/lib/gcc/aarch64-linux-gnu/11/lto-wrapper]
  ignore line: [Target: aarch64-linux-gnu]
  ignore line: [Configured with: ../src/configure -v --with-pkgversion='Ubuntu 11.4.0-1ubuntu1~22.04' --with-bugurl=file:///usr/share/doc/gcc-11/README.Bugs --enable-languages=c ada c++ go d fortran objc obj-c++ m2 --prefix=/usr --with-gcc-major-version-only --program-suffix=-11 --program-prefix=aarch64-linux-gnu- --enable-shared --enable-linker-build-id --libexecdir=/usr/lib --without-included-gettext --enable-threads=posix --libdir=/usr/lib --enable-nls --enable-bootstrap --enable-clocale=gnu --enable-libstdcxx-debug --enable-libstdcxx-time=yes --with-default-libstdcxx-abi=new --enable-gnu-unique-object --disable-libquadmath --disable-libquadmath-support --enable-plugin --enable-default-pie --with-system-zlib --enable-libphobos-checking=release --with-target-system-zlib=auto --enable-objc-gc=auto --enable-multiarch --enable-fix-cortex-a53-843419 --disable-werror --enable-checking=release --build=aarch64-linux-gnu --host=aarch64-linux-gnu --target=aarch64-linux-gnu --with-build-config=bootstrap-lto-lean --enable-link-serialization=2]
  ignore line: [Thread model: posix]
  ignore line: [Supported LTO compression algorithms: zlib zstd]
  ignore line: [gcc version 11.4.0 (Ubuntu 11.4.0-1ubuntu1~22.04) ]
  ignore line: [COMPILER_PATH=/usr/lib/gcc/aarch64-linux-gnu/11/:/usr/lib/gcc/aarch64-linux-gnu/11/:/usr/lib/gcc/aarch64-linux-gnu/:/usr/lib/gcc/aarch64-linux-gnu/11/:/usr/lib/gcc/aarch64-linux-gnu/]
  ignore line: [LIBRARY_PATH=/usr/lib/gcc/aarch64-linux-gnu/11/:/usr/lib/gcc/aarch64-linux-gnu/11/../../../aarch64-linux-gnu/:/usr/lib/gcc/aarch64-linux-gnu/11/../../../../lib/:/lib/aarch64-linux-gnu/:/lib/../lib/:/usr/lib/aarch64-linux-gnu/:/usr/lib/../lib/:/usr/lib/gcc/aarch64-linux-gnu/11/../../../:/lib/:/usr/lib/]
  ignore line: [COLLECT_GCC_OPTIONS='-v' '-o' 'cmTC_37bb5' '-mlittle-endian' '-mabi=lp64' '-dumpdir' 'cmTC_37bb5.']
  link line: [ /usr/lib/gcc/aarch64-linux-gnu/11/collect2 -plugin /usr/lib/gcc/aarch64-linux-gnu/11/liblto_plugin.so -plugin-opt=/usr/lib/gcc/aarch64-linux-gnu/11/lto-wrapper -plugin-opt=-fresolution=/tmp/cctkmktc.res -plugin-opt=-pass-through=-lgcc -plugin-opt=-pass-through=-lgcc_s -plugin-opt=-pass-through=-lc -plugin-opt=-pass-through=-lgcc -plugin-opt=-pass-through=-lgcc_s --build-id --eh-frame-hdr --hash-style=gnu --as-needed -dynamic-linker /lib/ld-linux-aarch64.so.1 -X -EL -maarch64linux --fix-cortex-a53-843419 -pie -z now -z relro -o cmTC_37bb5 /usr/lib/gcc/aarch64-linux-gnu/11/../../../aarch64-linux-gnu/Scrt1.o /usr/lib/gcc/aarch64-linux-gnu/11/../../../aarch64-linux-gnu/crti.o /usr/lib/gcc/aarch64-linux-gnu/11/crtbeginS.o -L/usr/lib/gcc/aarch64-linux-gnu/11 -L/usr/lib/gcc/aarch64-linux-gnu/11/../../../aarch64-linux-gnu -L/usr/lib/gcc/aarch64-linux-gnu/11/../../../../lib -L/lib/aarch64-linux-gnu -L/lib/../lib -L/usr/lib/aarch64-linux-gnu -L/usr/lib/../lib -L/usr/lib/gcc/aarch64-linux-gnu/11/../../.. CMakeFiles/cmTC_37bb5.dir/CMakeCCompilerABI.c.o -lgcc --push-state --as-needed -lgcc_s --pop-state -lc -lgcc --push-state --as-needed -lgcc_s --pop-state /usr/lib/gcc/aarch64-linux-gnu/11/crtendS.o /usr/lib/gcc/aarch64-linux-gnu/11/../../../aarch64-linux-gnu/crtn.o]
    arg [/usr/lib/gcc/aarch64-linux-gnu/11/collect2] ==> ignore
    arg [-plugin] ==> ignore
    arg [/usr/lib/gcc/aarch64-linux-gnu/11/liblto_plugin.so] ==> ignore
    arg [-plugin-opt=/usr/lib/gcc/aarch64-linux-gnu/11/lto-wrapper] ==> ignore
    arg [-plugin-opt=-fresolution=/tmp/cctkmktc.res] ==> ignore
    arg [-plugin-opt=-pass-through=-lgcc] ==> ignore
    arg [-plugin-opt=-pass-through=-lgcc_s] ==> ignore
    arg [-plugin-opt=-pass-through=-lc] ==> ignore
    arg [-plugin-opt=-pass-through=-lgcc] ==> ignore
    arg [-plugin-opt=-pass-through=-lgcc_s] ==> ignore
    arg [--build-id] ==> ignore
    arg [--eh-frame-hdr] ==> ignore
    arg [--hash-style=gnu] ==> ignore
    arg [--as-needed] ==> ignore
    arg [-dynamic-linker] ==> ignore
    arg [/lib/ld-linux-aarch64.so.1] ==> ignore
    arg [-X] ==> ignore
    arg [-EL] ==> ignore
    arg [-maarch64linux] ==> ignore
    arg [--fix-cortex-a53-843419] ==> ignore
    arg [-pie] ==> ignore
    arg [-znow] ==> ignore
    arg [-zrelro] ==> ignore
    arg [-o] ==> ignore
    arg [cmTC_37bb5] ==> ignore
    arg [/usr/lib/gcc/aarch64-linux-gnu/11/../../../aarch64-linux-gnu/Scrt1.o] ==> obj [/usr/lib/gcc/aarch64-linux-gnu/11/../../../aarch64-linux-gnu/Scrt1.o]
    arg [/usr/lib/gcc/aarch64-linux-gnu/11/../../../aarch64-linux-gnu/crti.o] ==> obj [/usr/lib/gcc/aarch64-linux-gnu/11/../../../aarch64-linux-gnu/crti.o]
    arg [/usr/lib/gcc/aarch64-linux-gnu/11/crtbeginS.o] ==> obj [/usr/lib/gcc/aarch64-linux-gnu/11/crtbeginS.o]
    arg [-L/usr/lib/gcc/aarch64-linux-gnu/11] ==> dir [/usr/lib/gcc/aarch64-linux-gnu/11]
    arg [-L/usr/lib/gcc/aarch64-linux-gnu/11/../../../aarch64-linux-gnu] ==> dir [/usr/lib/gcc/aarch64-linux-gnu/11/../../../aarch64-linux-gnu]
    arg [-L/usr/lib/gcc/aarch64-linux-gnu/11/../../../../lib] ==> dir [/usr/lib/gcc/aarch64-linux-gnu/11/../../../../lib]
    arg [-L/lib/aarch64-linux-gnu] ==> dir [/lib/aarch64-linux-gnu]
    arg [-L/lib/../lib] ==> dir [/lib/../lib]
    arg [-L/usr/lib/aarch64-linux-gnu] ==> dir [/usr/lib/aarch64-linux-gnu]
    arg [-L/usr/lib/../lib] ==> dir [/usr/lib/../lib]
    arg [-L/usr/lib/gcc/aarch64-linux-gnu/11/../../..] ==> dir [/usr/lib/gcc/aarch64-linux-gnu/11/../../..]
    arg [CMakeFiles/cmTC_37bb5.dir/CMakeCCompilerABI.c.o] ==> ignore
    arg [-lgcc] ==> lib [gcc]
    arg [--push-state] ==> ignore
    arg [--as-needed] ==> ignore
    arg [-lgcc_s] ==> lib [gcc_s]
    arg [--pop-state] ==> ignore
    arg [-lc] ==> lib [c]
    arg [-lgcc] ==> lib [gcc]
    arg [--push-state] ==> ignore
    arg [--as-needed] ==> ignore
    arg [-lgcc_s] ==> lib [gcc_s]
    arg [--pop-state] ==> ignore
    arg [/usr/lib/gcc/aarch64-linux-gnu/11/crtendS.o] ==> obj [/usr/lib/gcc/aarch64-linux-gnu/11/crtendS.o]
    arg [/usr/lib/gcc/aarch64-linux-gnu/11/../../../aarch64-linux-gnu/crtn.o] ==> obj [/usr/lib/gcc/aarch64-linux-gnu/11/../../../aarch64-linux-gnu/crtn.o]
  collapse obj [/usr/lib/gcc/aarch64-linux-gnu/11/../../../aarch64-linux-gnu/Scrt1.o] ==> [/usr/lib/aarch64-linux-gnu/Scrt1.o]
  collapse obj [/usr/lib/gcc/aarch64-linux-gnu/11/../../../aarch64-linux-gnu/crti.o] ==> [/usr/lib/aarch64-linux-gnu/crti.o]
  collapse obj [/usr/lib/gcc/aarch64-linux-gnu/11/../../../aarch64-linux-gnu/crtn.o] ==> [/usr/lib/aarch64-linux-gnu/crtn.o]
  collapse library dir [/usr/lib/gcc/aarch64-linux-gnu/11] ==> [/usr/lib/gcc/aarch64-linux-gnu/11]
  collapse library dir [/usr/lib/gcc/aarch64-linux-gnu/11/../../../aarch64-linux-gnu] ==> [/usr/lib/aarch64-linux-gnu]
  collapse library dir [/usr/lib/gcc/aarch64-linux-gnu/11/../../../../lib] ==> [/usr/lib]
  collapse library dir [/lib/aarch64-linux-gnu] ==> [/lib/aarch64-linux-gnu]
  collapse library dir [/lib/../lib] ==> [/lib]
  collapse library dir [/usr/lib/aarch64-linux-gnu] ==> [/usr/lib/aarch64-linux-gnu]
  collapse library dir [/usr/lib/../lib] ==> [/usr/lib]
  collapse library dir [/usr/lib/gcc/aarch64-linux-gnu/11/../../..] ==> [/usr/lib]
  implicit libs: [gcc;gcc_s;c;gcc;gcc_s]
  implicit objs: [/usr/lib/aarch64-linux-gnu/Scrt1.o;/usr/lib/aarch64-linux-gnu/crti.o;/usr/lib/gcc/aarch64-linux-gnu/11/crtbeginS.o;/usr/lib/gcc/aarch64-linux-gnu/11/crtendS.o;/usr/lib/aarch64-linux-gnu/crtn.o]
  implicit dirs: [/usr/lib/gcc/aarch64-linux-gnu/11;/usr/lib/aarch64-linux-gnu;/usr/lib;/lib/aarch64-linux-gnu;/lib]
  implicit fwks: []


Performing C SOURCE FILE Test CFLAG_pedantic_errors succeeded with the following output:
Change Dir: /home/lunabotics/2025-tibalt-bot/build/LZ4/CMakeFiles/CMakeTmp

Run Build Command(s):/usr/bin/gmake -f Makefile cmTC_e0e22/fast && /usr/bin/gmake  -f CMakeFiles/cmTC_e0e22.dir/build.make CMakeFiles/cmTC_e0e22.dir/build
gmake[1]: Entering directory '/home/lunabotics/2025-tibalt-bot/build/LZ4/CMakeFiles/CMakeTmp'
Building C object CMakeFiles/cmTC_e0e22.dir/src.c.o
/usr/bin/cc -DCFLAG_pedantic_errors  -pedantic-errors -o CMakeFiles/cmTC_e0e22.dir/src.c.o -c /home/lunabotics/2025-tibalt-bot/build/LZ4/CMakeFiles/CMakeTmp/src.c
Linking C executable cmTC_e0e22
/usr/bin/cmake -E cmake_link_script CMakeFiles/cmTC_e0e22.dir/link.txt --verbose=1
/usr/bin/cc CMakeFiles/cmTC_e0e22.dir/src.c.o -o cmTC_e0e22 
gmake[1]: Leaving directory '/home/lunabotics/2025-tibalt-bot/build/LZ4/CMakeFiles/CMakeTmp'


Source file was:
int main(void) { return 0; }
Performing C SOURCE FILE Test CFLAG_Wall succeeded with the following output:
Change Dir: /home/lunabotics/2025-tibalt-bot/build/LZ4/CMakeFiles/CMakeTmp

Run Build Command(s):/usr/bin/gmake -f Makefile cmTC_89a7e/fast && /usr/bin/gmake  -f CMakeFiles/cmTC_89a7e.dir/build.make CMakeFiles/cmTC_89a7e.dir/build
gmake[1]: Entering directory '/home/lunabotics/2025-tibalt-bot/build/LZ4/CMakeFiles/CMakeTmp'
Building C object CMakeFiles/cmTC_89a7e.dir/src.c.o
/usr/bin/cc -DCFLAG_Wall  -Wall -o CMakeFiles/cmTC_89a7e.dir/src.c.o -c /home/lunabotics/2025-tibalt-bot/build/LZ4/CMakeFiles/CMakeTmp/src.c
Linking C executable cmTC_89a7e
/usr/bin/cmake -E cmake_link_script CMakeFiles/cmTC_89a7e.dir/link.txt --verbose=1
/usr/bin/cc CMakeFiles/cmTC_89a7e.dir/src.c.o -o cmTC_89a7e 
gmake[1]: Leaving directory '/home/lunabotics/2025-tibalt-bot/build/LZ4/CMakeFiles/CMakeTmp'


Source file was:
int main(void) { return 0; }
Performing C SOURCE FILE Test CFLAG_Wextra succeeded with the following output:
Change Dir: /home/lunabotics/2025-tibalt-bot/build/LZ4/CMakeFiles/CMakeTmp

Run Build Command(s):/usr/bin/gmake -f Makefile cmTC_c09c6/fast && /usr/bin/gmake  -f CMakeFiles/cmTC_c09c6.dir/build.make CMakeFiles/cmTC_c09c6.dir/build
gmake[1]: Entering directory '/home/lunabotics/2025-tibalt-bot/build/LZ4/CMakeFiles/CMakeTmp'
Building C object CMakeFiles/cmTC_c09c6.dir/src.c.o
/usr/bin/cc -DCFLAG_Wextra  -Wextra -o CMakeFiles/cmTC_c09c6.dir/src.c.o -c /home/lunabotics/2025-tibalt-bot/build/LZ4/CMakeFiles/CMakeTmp/src.c
Linking C executable cmTC_c09c6
/usr/bin/cmake -E cmake_link_script CMakeFiles/cmTC_c09c6.dir/link.txt --verbose=1
/usr/bin/cc CMakeFiles/cmTC_c09c6.dir/src.c.o -o cmTC_c09c6 
gmake[1]: Leaving directory '/home/lunabotics/2025-tibalt-bot/build/LZ4/CMakeFiles/CMakeTmp'


Source file was:
int main(void) { return 0; }
Performing C SOURCE FILE Test CFLAG_Wundef succeeded with the following output:
Change Dir: /home/lunabotics/2025-tibalt-bot/build/LZ4/CMakeFiles/CMakeTmp

Run Build Command(s):/usr/bin/gmake -f Makefile cmTC_a5237/fast && /usr/bin/gmake  -f CMakeFiles/cmTC_a5237.dir/build.make CMakeFiles/cmTC_a5237.dir/build
gmake[1]: Entering directory '/home/lunabotics/2025-tibalt-bot/build/LZ4/CMakeFiles/CMakeTmp'
Building C object CMakeFiles/cmTC_a5237.dir/src.c.o
/usr/bin/cc -DCFLAG_Wundef  -Wundef -o CMakeFiles/cmTC_a5237.dir/src.c.o -c /home/lunabotics/2025-tibalt-bot/build/LZ4/CMakeFiles/CMakeTmp/src.c
Linking C executable cmTC_a5237
/usr/bin/cmake -E cmake_link_script CMakeFiles/cmTC_a5237.dir/link.txt --verbose=1
/usr/bin/cc CMakeFiles/cmTC_a5237.dir/src.c.o -o cmTC_a5237 
gmake[1]: Leaving directory '/home/lunabotics/2025-tibalt-bot/build/LZ4/CMakeFiles/CMakeTmp'


Source file was:
int main(void) { return 0; }
Performing C SOURCE FILE Test CFLAG_Wcast_qual succeeded with the following output:
Change Dir: /home/lunabotics/2025-tibalt-bot/build/LZ4/CMakeFiles/CMakeTmp

Run Build Command(s):/usr/bin/gmake -f Makefile cmTC_ea17c/fast && /usr/bin/gmake  -f CMakeFiles/cmTC_ea17c.dir/build.make CMakeFiles/cmTC_ea17c.dir/build
gmake[1]: Entering directory '/home/lunabotics/2025-tibalt-bot/build/LZ4/CMakeFiles/CMakeTmp'
Building C object CMakeFiles/cmTC_ea17c.dir/src.c.o
/usr/bin/cc -DCFLAG_Wcast_qual  -Wcast-qual -o CMakeFiles/cmTC_ea17c.dir/src.c.o -c /home/lunabotics/2025-tibalt-bot/build/LZ4/CMakeFiles/CMakeTmp/src.c
Linking C executable cmTC_ea17c
/usr/bin/cmake -E cmake_link_script CMakeFiles/cmTC_ea17c.dir/link.txt --verbose=1
/usr/bin/cc CMakeFiles/cmTC_ea17c.dir/src.c.o -o cmTC_ea17c 
gmake[1]: Leaving directory '/home/lunabotics/2025-tibalt-bot/build/LZ4/CMakeFiles/CMakeTmp'


Source file was:
int main(void) { return 0; }
Performing C SOURCE FILE Test CFLAG_Wcast_align succeeded with the following output:
Change Dir: /home/lunabotics/2025-tibalt-bot/build/LZ4/CMakeFiles/CMakeTmp

Run Build Command(s):/usr/bin/gmake -f Makefile cmTC_71015/fast && /usr/bin/gmake  -f CMakeFiles/cmTC_71015.dir/build.make CMakeFiles/cmTC_71015.dir/build
gmake[1]: Entering directory '/home/lunabotics/2025-tibalt-bot/build/LZ4/CMakeFiles/CMakeTmp'
Building C object CMakeFiles/cmTC_71015.dir/src.c.o
/usr/bin/cc -DCFLAG_Wcast_align  -Wcast-align -o CMakeFiles/cmTC_71015.dir/src.c.o -c /home/lunabotics/2025-tibalt-bot/build/LZ4/CMakeFiles/CMakeTmp/src.c
Linking C executable cmTC_71015
/usr/bin/cmake -E cmake_link_script CMakeFiles/cmTC_71015.dir/link.txt --verbose=1
/usr/bin/cc CMakeFiles/cmTC_71015.dir/src.c.o -o cmTC_71015 
gmake[1]: Leaving directory '/home/lunabotics/2025-tibalt-bot/build/LZ4/CMakeFiles/CMakeTmp'


Source file was:
int main(void) { return 0; }
Performing C SOURCE FILE Test CFLAG_Wshadow succeeded with the following output:
Change Dir: /home/lunabotics/2025-tibalt-bot/build/LZ4/CMakeFiles/CMakeTmp

Run Build Command(s):/usr/bin/gmake -f Makefile cmTC_2f871/fast && /usr/bin/gmake  -f CMakeFiles/cmTC_2f871.dir/build.make CMakeFiles/cmTC_2f871.dir/build
gmake[1]: Entering directory '/home/lunabotics/2025-tibalt-bot/build/LZ4/CMakeFiles/CMakeTmp'
Building C object CMakeFiles/cmTC_2f871.dir/src.c.o
/usr/bin/cc -DCFLAG_Wshadow  -Wshadow -o CMakeFiles/cmTC_2f871.dir/src.c.o -c /home/lunabotics/2025-tibalt-bot/build/LZ4/CMakeFiles/CMakeTmp/src.c
Linking C executable cmTC_2f871
/usr/bin/cmake -E cmake_link_script CMakeFiles/cmTC_2f871.dir/link.txt --verbose=1
/usr/bin/cc CMakeFiles/cmTC_2f871.dir/src.c.o -o cmTC_2f871 
gmake[1]: Leaving directory '/home/lunabotics/2025-tibalt-bot/build/LZ4/CMakeFiles/CMakeTmp'


Source file was:
int main(void) { return 0; }
Performing C SOURCE FILE Test CFLAG_Wswitch_enum succeeded with the following output:
Change Dir: /home/lunabotics/2025-tibalt-bot/build/LZ4/CMakeFiles/CMakeTmp

Run Build Command(s):/usr/bin/gmake -f Makefile cmTC_b74f5/fast && /usr/bin/gmake  -f CMakeFiles/cmTC_b74f5.dir/build.make CMakeFiles/cmTC_b74f5.dir/build
gmake[1]: Entering directory '/home/lunabotics/2025-tibalt-bot/build/LZ4/CMakeFiles/CMakeTmp'
Building C object CMakeFiles/cmTC_b74f5.dir/src.c.o
/usr/bin/cc -DCFLAG_Wswitch_enum  -Wswitch-enum -o CMakeFiles/cmTC_b74f5.dir/src.c.o -c /home/lunabotics/2025-tibalt-bot/build/LZ4/CMakeFiles/CMakeTmp/src.c
Linking C executable cmTC_b74f5
/usr/bin/cmake -E cmake_link_script CMakeFiles/cmTC_b74f5.dir/link.txt --verbose=1
/usr/bin/cc CMakeFiles/cmTC_b74f5.dir/src.c.o -o cmTC_b74f5 
gmake[1]: Leaving directory '/home/lunabotics/2025-tibalt-bot/build/LZ4/CMakeFiles/CMakeTmp'


Source file was:
int main(void) { return 0; }
Performing C SOURCE FILE Test CFLAG_Wdeclaration_after_statement succeeded with the following output:
Change Dir: /home/lunabotics/2025-tibalt-bot/build/LZ4/CMakeFiles/CMakeTmp

Run Build Command(s):/usr/bin/gmake -f Makefile cmTC_b209c/fast && /usr/bin/gmake  -f CMakeFiles/cmTC_b209c.dir/build.make CMakeFiles/cmTC_b209c.dir/build
gmake[1]: Entering directory '/home/lunabotics/2025-tibalt-bot/build/LZ4/CMakeFiles/CMakeTmp'
Building C object CMakeFiles/cmTC_b209c.dir/src.c.o
/usr/bin/cc -DCFLAG_Wdeclaration_after_statement  -Wdeclaration-after-statement -o CMakeFiles/cmTC_b209c.dir/src.c.o -c /home/lunabotics/2025-tibalt-bot/build/LZ4/CMakeFiles/CMakeTmp/src.c
Linking C executable cmTC_b209c
/usr/bin/cmake -E cmake_link_script CMakeFiles/cmTC_b209c.dir/link.txt --verbose=1
/usr/bin/cc CMakeFiles/cmTC_b209c.dir/src.c.o -o cmTC_b209c 
gmake[1]: Leaving directory '/home/lunabotics/2025-tibalt-bot/build/LZ4/CMakeFiles/CMakeTmp'


Source file was:
int main(void) { return 0; }
Performing C SOURCE FILE Test CFLAG_Wstrict_prototypes succeeded with the following output:
Change Dir: /home/lunabotics/2025-tibalt-bot/build/LZ4/CMakeFiles/CMakeTmp

Run Build Command(s):/usr/bin/gmake -f Makefile cmTC_f62ca/fast && /usr/bin/gmake  -f CMakeFiles/cmTC_f62ca.dir/build.make CMakeFiles/cmTC_f62ca.dir/build
gmake[1]: Entering directory '/home/lunabotics/2025-tibalt-bot/build/LZ4/CMakeFiles/CMakeTmp'
Building C object CMakeFiles/cmTC_f62ca.dir/src.c.o
/usr/bin/cc -DCFLAG_Wstrict_prototypes  -Wstrict-prototypes -o CMakeFiles/cmTC_f62ca.dir/src.c.o -c /home/lunabotics/2025-tibalt-bot/build/LZ4/CMakeFiles/CMakeTmp/src.c
Linking C executable cmTC_f62ca
/usr/bin/cmake -E cmake_link_script CMakeFiles/cmTC_f62ca.dir/link.txt --verbose=1
/usr/bin/cc CMakeFiles/cmTC_f62ca.dir/src.c.o -o cmTC_f62ca 
gmake[1]: Leaving directory '/home/lunabotics/2025-tibalt-bot/build/LZ4/CMakeFiles/CMakeTmp'


Source file was:
int main(void) { return 0; }
Performing C SOURCE FILE Test CFLAG_Wpointer_arith succeeded with the following output:
Change Dir: /home/lunabotics/2025-tibalt-bot/build/LZ4/CMakeFiles/CMakeTmp

Run Build Command(s):/usr/bin/gmake -f Makefile cmTC_19fc3/fast && /usr/bin/gmake  -f CMakeFiles/cmTC_19fc3.dir/build.make CMakeFiles/cmTC_19fc3.dir/build
gmake[1]: Entering directory '/home/lunabotics/2025-tibalt-bot/build/LZ4/CMakeFiles/CMakeTmp'
Building C object CMakeFiles/cmTC_19fc3.dir/src.c.o
/usr/bin/cc -DCFLAG_Wpointer_arith  -Wpointer-arith -o CMakeFiles/cmTC_19fc3.dir/src.c.o -c /home/lunabotics/2025-tibalt-bot/build/LZ4/CMakeFiles/CMakeTmp/src.c
Linking C executable cmTC_19fc3
/usr/bin/cmake -E cmake_link_script CMakeFiles/cmTC_19fc3.dir/link.txt --verbose=1
/usr/bin/cc CMakeFiles/cmTC_19fc3.dir/src.c.o -o cmTC_19fc3 
gmake[1]: Leaving directory '/home/lunabotics/2025-tibalt-bot/build/LZ4/CMakeFiles/CMakeTmp'


Source file was:
int main(void) { return 0; }
