[1.404s] Invoking command in '/home/lunabotics/2025-tibalt-bot/src/rover_control': PYTHONPATH=/home/lunabotics/2025-tibalt-bot/build/rover_control/prefix_override:/usr/lib/python3/dist-packages/colcon_core/task/python/colcon_distutils_commands:/home/lunabotics/2025-tibalt-bot/install/rover_control/lib/python3.10/site-packages:${PYTHONPATH} /usr/bin/python3 -W ignore:setup.py install is deprecated -W ignore:easy_install command is deprecated setup.py egg_info --egg-base ../../build/rover_control build --build-base /home/lunabotics/2025-tibalt-bot/build/rover_control/build install --record /home/lunabotics/2025-tibalt-bot/build/rover_control/install.log --single-version-externally-managed install_data
[1.882s] running egg_info
[1.883s] writing ../../build/rover_control/rover_control.egg-info/PKG-INFO
[1.884s] writing dependency_links to ../../build/rover_control/rover_control.egg-info/dependency_links.txt
[1.884s] writing entry points to ../../build/rover_control/rover_control.egg-info/entry_points.txt
[1.885s] writing requirements to ../../build/rover_control/rover_control.egg-info/requires.txt
[1.885s] writing top-level names to ../../build/rover_control/rover_control.egg-info/top_level.txt
[1.889s] reading manifest file '../../build/rover_control/rover_control.egg-info/SOURCES.txt'
[1.891s] writing manifest file '../../build/rover_control/rover_control.egg-info/SOURCES.txt'
[1.891s] running build
[1.892s] running build_py
[1.892s] copying rover_control/joystick_pipeline.py -> /home/lunabotics/2025-tibalt-bot/build/rover_control/build/lib/rover_control
[1.893s] copying rover_control/tibalt_control.py -> /home/lunabotics/2025-tibalt-bot/build/rover_control/build/lib/rover_control
[1.893s] running install
[1.894s] running install_lib
[1.896s] copying /home/lunabotics/2025-tibalt-bot/build/rover_control/build/lib/rover_control/joystick_pipeline.py -> /home/lunabotics/2025-tibalt-bot/install/rover_control/lib/python3.10/site-packages/rover_control
[1.896s] copying /home/lunabotics/2025-tibalt-bot/build/rover_control/build/lib/rover_control/tibalt_control.py -> /home/lunabotics/2025-tibalt-bot/install/rover_control/lib/python3.10/site-packages/rover_control
[1.899s] byte-compiling /home/lunabotics/2025-tibalt-bot/install/rover_control/lib/python3.10/site-packages/rover_control/joystick_pipeline.py to joystick_pipeline.cpython-310.pyc
[1.900s] byte-compiling /home/lunabotics/2025-tibalt-bot/install/rover_control/lib/python3.10/site-packages/rover_control/tibalt_control.py to tibalt_control.cpython-310.pyc
[1.903s] running install_data
[1.903s] running install_egg_info
[1.907s] removing '/home/lunabotics/2025-tibalt-bot/install/rover_control/lib/python3.10/site-packages/rover_control-0.0.0-py3.10.egg-info' (and everything under it)
[1.908s] Copying ../../build/rover_control/rover_control.egg-info to /home/lunabotics/2025-tibalt-bot/install/rover_control/lib/python3.10/site-packages/rover_control-0.0.0-py3.10.egg-info
[1.910s] running install_scripts
[1.966s] Installing joystick_pipeline script to /home/lunabotics/2025-tibalt-bot/install/rover_control/lib/rover_control
[1.966s] Installing tibalt_control script to /home/lunabotics/2025-tibalt-bot/install/rover_control/lib/rover_control
[1.967s] writing list of installed files to '/home/lunabotics/2025-tibalt-bot/build/rover_control/install.log'
[2.080s] Invoked command in '/home/lunabotics/2025-tibalt-bot/src/rover_control' returned '0': PYTHONPATH=/home/lunabotics/2025-tibalt-bot/build/rover_control/prefix_override:/usr/lib/python3/dist-packages/colcon_core/task/python/colcon_distutils_commands:/home/lunabotics/2025-tibalt-bot/install/rover_control/lib/python3.10/site-packages:${PYTHONPATH} /usr/bin/python3 -W ignore:setup.py install is deprecated -W ignore:easy_install command is deprecated setup.py egg_info --egg-base ../../build/rover_control build --build-base /home/lunabotics/2025-tibalt-bot/build/rover_control/build install --record /home/lunabotics/2025-tibalt-bot/build/rover_control/install.log --single-version-externally-managed install_data
