[0.063s] Invoking command in '/home/lunabotics/2025-tibalt-bot/build/realsense2_camera_msgs': CMAKE_PREFIX_PATH=/opt/ros/humble /usr/bin/cmake --build /home/lunabotics/2025-tibalt-bot/build/realsense2_camera_msgs -- -j6 -l6
[0.145s] -- Found ament_cmake: 1.3.11 (/opt/ros/humble/share/ament_cmake/cmake)
[0.511s] -- Found rosidl_default_generators: 1.2.0 (/opt/ros/humble/share/rosidl_default_generators/cmake)
[0.518s] -- Using all available rosidl_typesupport_c: rosidl_typesupport_fastrtps_c;rosidl_typesupport_introspection_c
[0.529s] -- Found rosidl_adapter: 3.1.6 (/opt/ros/humble/share/rosidl_adapter/cmake)
[0.608s] -- Using all available rosidl_typesupport_cpp: rosidl_typesupport_fastrtps_cpp;rosidl_typesupport_introspection_cpp
[0.670s] -- Found builtin_interfaces: 1.2.1 (/opt/ros/humble/share/builtin_interfaces/cmake)
[0.693s] -- Found std_msgs: 4.8.0 (/opt/ros/humble/share/std_msgs/cmake)
[0.718s] -- Found sensor_msgs: 4.8.0 (/opt/ros/humble/share/sensor_msgs/cmake)
[1.679s] -- Found ament_cmake_cppcheck: 0.12.12 (/opt/ros/humble/share/ament_cmake_cppcheck/cmake)
[1.682s] -- Found ament_cmake_cpplint: 0.12.12 (/opt/ros/humble/share/ament_cmake_cpplint/cmake)
[1.690s] -- Found ament_cmake_uncrustify: 0.12.12 (/opt/ros/humble/share/ament_cmake_uncrustify/cmake)
[1.695s] -- Found ament_cmake_ros: 0.10.0 (/opt/ros/humble/share/ament_cmake_ros/cmake)
[2.449s] -- Using all available rosidl_typesupport_c: rosidl_typesupport_fastrtps_c;rosidl_typesupport_introspection_c
[3.447s] -- Using all available rosidl_typesupport_cpp: rosidl_typesupport_fastrtps_cpp;rosidl_typesupport_introspection_cpp
[3.516s] -- Found python_cmake_module: 0.10.0 (/opt/ros/humble/share/python_cmake_module/cmake)
[3.584s] -- Using PYTHON_EXECUTABLE: /usr/bin/python3
[3.585s] -- Using PYTHON_INCLUDE_DIRS: /usr/include/python3.10
[3.585s] -- Using PYTHON_LIBRARIES: /usr/lib/aarch64-linux-gnu/libpython3.10.so
[3.729s] -- Found ament_cmake_flake8: 0.12.12 (/opt/ros/humble/share/ament_cmake_flake8/cmake)
[3.732s] -- Found ament_cmake_pep257: 0.12.12 (/opt/ros/humble/share/ament_cmake_pep257/cmake)
[3.757s] -- Configuring done
[3.879s] -- Generating done
[3.912s] -- Build files have been written to: /home/lunabotics/2025-tibalt-bot/build/realsense2_camera_msgs
[4.003s] [35m[1mConsolidate compiler generated dependencies of target realsense2_camera_msgs__rosidl_generator_c[0m
[4.028s] [  1%] Built target realsense2_camera_msgs__cpp
[4.041s] [  3%] [32mBuilding C object CMakeFiles/realsense2_camera_msgs__rosidl_generator_c.dir/rosidl_generator_c/realsense2_camera_msgs/msg/detail/imu_info__functions.c.o[0m
[4.048s] [  4%] [32mBuilding C object CMakeFiles/realsense2_camera_msgs__rosidl_generator_c.dir/rosidl_generator_c/realsense2_camera_msgs/msg/detail/metadata__functions.c.o[0m
[4.048s] [  6%] [32mBuilding C object CMakeFiles/realsense2_camera_msgs__rosidl_generator_c.dir/rosidl_generator_c/realsense2_camera_msgs/msg/detail/extrinsics__functions.c.o[0m
[4.070s] [  7%] [32mBuilding C object CMakeFiles/realsense2_camera_msgs__rosidl_generator_c.dir/rosidl_generator_c/realsense2_camera_msgs/msg/detail/rgbd__functions.c.o[0m
[4.074s] [35m[1mConsolidate compiler generated dependencies of target realsense2_camera_msgs__rosidl_typesupport_cpp[0m
[4.099s] [  7%] Built target ament_cmake_python_copy_realsense2_camera_msgs
[4.125s] [  9%] [32m[1mLinking CXX shared library librealsense2_camera_msgs__rosidl_typesupport_cpp.so[0m
[4.132s] [35m[1mConsolidate compiler generated dependencies of target realsense2_camera_msgs__rosidl_typesupport_fastrtps_cpp[0m
[4.194s] [ 11%] [32m[1mLinking CXX shared library librealsense2_camera_msgs__rosidl_typesupport_fastrtps_cpp.so[0m
[4.234s] [ 12%] [32mBuilding C object CMakeFiles/realsense2_camera_msgs__rosidl_generator_c.dir/rosidl_generator_c/realsense2_camera_msgs/srv/detail/device_info__functions.c.o[0m
[4.237s] [35m[1mConsolidate compiler generated dependencies of target realsense2_camera_msgs__rosidl_typesupport_introspection_cpp[0m
[4.288s] [ 14%] [32mBuilding CXX object CMakeFiles/realsense2_camera_msgs__rosidl_typesupport_introspection_cpp.dir/rosidl_typesupport_introspection_cpp/realsense2_camera_msgs/msg/detail/imu_info__type_support.cpp.o[0m
[4.301s] [ 15%] [32mBuilding CXX object CMakeFiles/realsense2_camera_msgs__rosidl_typesupport_introspection_cpp.dir/rosidl_typesupport_introspection_cpp/realsense2_camera_msgs/msg/detail/extrinsics__type_support.cpp.o[0m
[4.421s] [ 25%] Built target realsense2_camera_msgs__rosidl_typesupport_cpp
[4.477s] [ 26%] [32mBuilding CXX object CMakeFiles/realsense2_camera_msgs__rosidl_typesupport_introspection_cpp.dir/rosidl_typesupport_introspection_cpp/realsense2_camera_msgs/msg/detail/metadata__type_support.cpp.o[0m
[4.522s] [ 28%] [32m[1mLinking C shared library librealsense2_camera_msgs__rosidl_generator_c.so[0m
[4.580s] [ 38%] Built target realsense2_camera_msgs__rosidl_typesupport_fastrtps_cpp
[4.613s] [ 39%] [32mBuilding CXX object CMakeFiles/realsense2_camera_msgs__rosidl_typesupport_introspection_cpp.dir/rosidl_typesupport_introspection_cpp/realsense2_camera_msgs/msg/detail/rgbd__type_support.cpp.o[0m
[4.823s] [ 41%] Built target realsense2_camera_msgs__rosidl_generator_c
[4.924s] [ 42%] [32mBuilding CXX object CMakeFiles/realsense2_camera_msgs__rosidl_typesupport_introspection_cpp.dir/rosidl_typesupport_introspection_cpp/realsense2_camera_msgs/srv/detail/device_info__type_support.cpp.o[0m
[5.144s] running egg_info
[5.150s] writing realsense2_camera_msgs.egg-info/PKG-INFO
[5.155s] writing dependency_links to realsense2_camera_msgs.egg-info/dependency_links.txt
[5.159s] writing top-level names to realsense2_camera_msgs.egg-info/top_level.txt
[5.173s] reading manifest file 'realsense2_camera_msgs.egg-info/SOURCES.txt'
[5.177s] writing manifest file 'realsense2_camera_msgs.egg-info/SOURCES.txt'
[5.361s] [ 42%] Built target ament_cmake_python_build_realsense2_camera_msgs_egg
[5.424s] [35m[1mConsolidate compiler generated dependencies of target realsense2_camera_msgs__rosidl_typesupport_fastrtps_c[0m
[5.516s] [ 44%] [32mBuilding CXX object CMakeFiles/realsense2_camera_msgs__rosidl_typesupport_fastrtps_c.dir/rosidl_typesupport_fastrtps_c/realsense2_camera_msgs/msg/detail/imu_info__type_support_c.cpp.o[0m
[5.636s] [ 46%] [32mBuilding CXX object CMakeFiles/realsense2_camera_msgs__rosidl_typesupport_fastrtps_c.dir/rosidl_typesupport_fastrtps_c/realsense2_camera_msgs/msg/detail/extrinsics__type_support_c.cpp.o[0m
[5.845s] [ 47%] [32mBuilding CXX object CMakeFiles/realsense2_camera_msgs__rosidl_typesupport_fastrtps_c.dir/rosidl_typesupport_fastrtps_c/realsense2_camera_msgs/msg/detail/metadata__type_support_c.cpp.o[0m
[5.953s] [ 49%] [32mBuilding CXX object CMakeFiles/realsense2_camera_msgs__rosidl_typesupport_fastrtps_c.dir/rosidl_typesupport_fastrtps_c/realsense2_camera_msgs/msg/detail/rgbd__type_support_c.cpp.o[0m
[6.287s] [ 50%] [32mBuilding CXX object CMakeFiles/realsense2_camera_msgs__rosidl_typesupport_fastrtps_c.dir/rosidl_typesupport_fastrtps_c/realsense2_camera_msgs/srv/detail/device_info__type_support_c.cpp.o[0m
[6.689s] [ 52%] [32m[1mLinking CXX shared library librealsense2_camera_msgs__rosidl_typesupport_introspection_cpp.so[0m
[7.094s] [35m[1mConsolidate compiler generated dependencies of target realsense2_camera_msgs__rosidl_typesupport_c[0m
[7.131s] [35m[1mConsolidate compiler generated dependencies of target realsense2_camera_msgs__rosidl_typesupport_introspection_c[0m
[7.151s] [ 53%] [32mBuilding CXX object CMakeFiles/realsense2_camera_msgs__rosidl_typesupport_c.dir/rosidl_typesupport_c/realsense2_camera_msgs/msg/imu_info__type_support.cpp.o[0m
[7.179s] [ 55%] [32mBuilding CXX object CMakeFiles/realsense2_camera_msgs__rosidl_typesupport_c.dir/rosidl_typesupport_c/realsense2_camera_msgs/msg/extrinsics__type_support.cpp.o[0m
[7.238s] [ 57%] [32mBuilding CXX object CMakeFiles/realsense2_camera_msgs__rosidl_typesupport_c.dir/rosidl_typesupport_c/realsense2_camera_msgs/msg/metadata__type_support.cpp.o[0m
[7.247s] [ 58%] [32m[1mLinking C shared library librealsense2_camera_msgs__rosidl_typesupport_introspection_c.so[0m
[7.293s] [ 60%] [32mBuilding CXX object CMakeFiles/realsense2_camera_msgs__rosidl_typesupport_c.dir/rosidl_typesupport_c/realsense2_camera_msgs/msg/rgbd__type_support.cpp.o[0m
[7.315s] [ 61%] Built target realsense2_camera_msgs__rosidl_typesupport_introspection_cpp
[7.343s] [ 63%] [32mBuilding CXX object CMakeFiles/realsense2_camera_msgs__rosidl_typesupport_c.dir/rosidl_typesupport_c/realsense2_camera_msgs/srv/device_info__type_support.cpp.o[0m
[7.411s] [ 73%] Built target realsense2_camera_msgs__rosidl_typesupport_introspection_c
[7.459s] [ 74%] [32m[1mLinking CXX shared library librealsense2_camera_msgs__rosidl_typesupport_c.so[0m
[7.571s] [ 76%] [32m[1mLinking CXX shared library librealsense2_camera_msgs__rosidl_typesupport_fastrtps_c.so[0m
[7.595s] [ 77%] Built target realsense2_camera_msgs__rosidl_typesupport_c
[7.830s] [ 79%] Built target realsense2_camera_msgs__rosidl_typesupport_fastrtps_c
[7.885s] [ 79%] Built target realsense2_camera_msgs
[7.959s] [ 80%] Built target realsense2_camera_msgs__py
[8.015s] [35m[1mConsolidate compiler generated dependencies of target realsense2_camera_msgs__rosidl_generator_py[0m
[8.072s] [ 85%] [32mBuilding C object CMakeFiles/realsense2_camera_msgs__rosidl_generator_py.dir/rosidl_generator_py/realsense2_camera_msgs/srv/_device_info_s.c.o[0m
[8.073s] [ 85%] [32mBuilding C object CMakeFiles/realsense2_camera_msgs__rosidl_generator_py.dir/rosidl_generator_py/realsense2_camera_msgs/msg/_rgbd_s.c.o[0m
[8.073s] [ 85%] [32mBuilding C object CMakeFiles/realsense2_camera_msgs__rosidl_generator_py.dir/rosidl_generator_py/realsense2_camera_msgs/msg/_extrinsics_s.c.o[0m
[8.092s] [ 87%] [32mBuilding C object CMakeFiles/realsense2_camera_msgs__rosidl_generator_py.dir/rosidl_generator_py/realsense2_camera_msgs/msg/_imu_info_s.c.o[0m
[8.103s] [ 88%] [32mBuilding C object CMakeFiles/realsense2_camera_msgs__rosidl_generator_py.dir/rosidl_generator_py/realsense2_camera_msgs/msg/_metadata_s.c.o[0m
[8.522s] [ 90%] [32m[1mLinking C shared library rosidl_generator_py/realsense2_camera_msgs/librealsense2_camera_msgs__rosidl_generator_py.so[0m
[8.670s] [ 90%] Built target realsense2_camera_msgs__rosidl_generator_py
[8.704s] [35m[1mConsolidate compiler generated dependencies of target realsense2_camera_msgs__rosidl_typesupport_introspection_c__pyext[0m
[8.705s] [35m[1mConsolidate compiler generated dependencies of target realsense2_camera_msgs__rosidl_typesupport_c__pyext[0m
[8.723s] [35m[1mConsolidate compiler generated dependencies of target realsense2_camera_msgs__rosidl_typesupport_fastrtps_c__pyext[0m
[8.740s] [ 92%] [32m[1mLinking C shared library rosidl_generator_py/realsense2_camera_msgs/realsense2_camera_msgs_s__rosidl_typesupport_c.cpython-310-aarch64-linux-gnu.so[0m
[8.758s] [ 93%] [32mBuilding C object CMakeFiles/realsense2_camera_msgs__rosidl_typesupport_fastrtps_c__pyext.dir/rosidl_generator_py/realsense2_camera_msgs/_realsense2_camera_msgs_s.ep.rosidl_typesupport_fastrtps_c.c.o[0m
[8.760s] [ 95%] [32m[1mLinking C shared library rosidl_generator_py/realsense2_camera_msgs/realsense2_camera_msgs_s__rosidl_typesupport_introspection_c.cpython-310-aarch64-linux-gnu.so[0m
[8.836s] [ 96%] Built target realsense2_camera_msgs__rosidl_typesupport_c__pyext
[8.898s] [ 98%] Built target realsense2_camera_msgs__rosidl_typesupport_introspection_c__pyext
[9.088s] [100%] [32m[1mLinking C shared library rosidl_generator_py/realsense2_camera_msgs/realsense2_camera_msgs_s__rosidl_typesupport_fastrtps_c.cpython-310-aarch64-linux-gnu.so[0m
[9.210s] [100%] Built target realsense2_camera_msgs__rosidl_typesupport_fastrtps_c__pyext
[9.251s] Invoked command in '/home/lunabotics/2025-tibalt-bot/build/realsense2_camera_msgs' returned '0': CMAKE_PREFIX_PATH=/opt/ros/humble /usr/bin/cmake --build /home/lunabotics/2025-tibalt-bot/build/realsense2_camera_msgs -- -j6 -l6
[9.282s] Invoking command in '/home/lunabotics/2025-tibalt-bot/build/realsense2_camera_msgs': CMAKE_PREFIX_PATH=/opt/ros/humble /usr/bin/cmake --install /home/lunabotics/2025-tibalt-bot/build/realsense2_camera_msgs
[9.315s] -- Install configuration: ""
[9.316s] -- Up-to-date: /home/lunabotics/2025-tibalt-bot/install/realsense2_camera_msgs/share/ament_index/resource_index/rosidl_interfaces/realsense2_camera_msgs
[9.316s] -- Up-to-date: /home/lunabotics/2025-tibalt-bot/install/realsense2_camera_msgs/include/realsense2_camera_msgs/realsense2_camera_msgs
[9.316s] -- Up-to-date: /home/lunabotics/2025-tibalt-bot/install/realsense2_camera_msgs/include/realsense2_camera_msgs/realsense2_camera_msgs/msg
[9.325s] -- Up-to-date: /home/lunabotics/2025-tibalt-bot/install/realsense2_camera_msgs/include/realsense2_camera_msgs/realsense2_camera_msgs/msg/rosidl_generator_c__visibility_control.h
[9.339s] -- Up-to-date: /home/lunabotics/2025-tibalt-bot/install/realsense2_camera_msgs/include/realsense2_camera_msgs/realsense2_camera_msgs/msg/rgbd.h
[9.340s] -- Up-to-date: /home/lunabotics/2025-tibalt-bot/install/realsense2_camera_msgs/include/realsense2_camera_msgs/realsense2_camera_msgs/msg/imu_info.h
[9.340s] -- Up-to-date: /home/lunabotics/2025-tibalt-bot/install/realsense2_camera_msgs/include/realsense2_camera_msgs/realsense2_camera_msgs/msg/metadata.h
[9.340s] -- Up-to-date: /home/lunabotics/2025-tibalt-bot/install/realsense2_camera_msgs/include/realsense2_camera_msgs/realsense2_camera_msgs/msg/extrinsics.h
[9.340s] -- Up-to-date: /home/lunabotics/2025-tibalt-bot/install/realsense2_camera_msgs/include/realsense2_camera_msgs/realsense2_camera_msgs/msg/detail
[9.346s] -- Up-to-date: /home/lunabotics/2025-tibalt-bot/install/realsense2_camera_msgs/include/realsense2_camera_msgs/realsense2_camera_msgs/msg/detail/imu_info__functions.h
[9.347s] -- Up-to-date: /home/lunabotics/2025-tibalt-bot/install/realsense2_camera_msgs/include/realsense2_camera_msgs/realsense2_camera_msgs/msg/detail/extrinsics__functions.h
[9.347s] -- Up-to-date: /home/lunabotics/2025-tibalt-bot/install/realsense2_camera_msgs/include/realsense2_camera_msgs/realsense2_camera_msgs/msg/detail/rgbd__struct.h
[9.347s] -- Up-to-date: /home/lunabotics/2025-tibalt-bot/install/realsense2_camera_msgs/include/realsense2_camera_msgs/realsense2_camera_msgs/msg/detail/metadata__type_support.h
[9.348s] -- Up-to-date: /home/lunabotics/2025-tibalt-bot/install/realsense2_camera_msgs/include/realsense2_camera_msgs/realsense2_camera_msgs/msg/detail/extrinsics__type_support.h
[9.348s] -- Up-to-date: /home/lunabotics/2025-tibalt-bot/install/realsense2_camera_msgs/include/realsense2_camera_msgs/realsense2_camera_msgs/msg/detail/imu_info__functions.c
[9.348s] -- Up-to-date: /home/lunabotics/2025-tibalt-bot/install/realsense2_camera_msgs/include/realsense2_camera_msgs/realsense2_camera_msgs/msg/detail/imu_info__type_support.h
[9.348s] -- Up-to-date: /home/lunabotics/2025-tibalt-bot/install/realsense2_camera_msgs/include/realsense2_camera_msgs/realsense2_camera_msgs/msg/detail/rgbd__type_support.h
[9.349s] -- Up-to-date: /home/lunabotics/2025-tibalt-bot/install/realsense2_camera_msgs/include/realsense2_camera_msgs/realsense2_camera_msgs/msg/detail/rgbd__functions.c
[9.349s] -- Up-to-date: /home/lunabotics/2025-tibalt-bot/install/realsense2_camera_msgs/include/realsense2_camera_msgs/realsense2_camera_msgs/msg/detail/rgbd__functions.h
[9.349s] -- Up-to-date: /home/lunabotics/2025-tibalt-bot/install/realsense2_camera_msgs/include/realsense2_camera_msgs/realsense2_camera_msgs/msg/detail/imu_info__struct.h
[9.349s] -- Up-to-date: /home/lunabotics/2025-tibalt-bot/install/realsense2_camera_msgs/include/realsense2_camera_msgs/realsense2_camera_msgs/msg/detail/extrinsics__functions.c
[9.349s] -- Up-to-date: /home/lunabotics/2025-tibalt-bot/install/realsense2_camera_msgs/include/realsense2_camera_msgs/realsense2_camera_msgs/msg/detail/extrinsics__struct.h
[9.349s] -- Up-to-date: /home/lunabotics/2025-tibalt-bot/install/realsense2_camera_msgs/include/realsense2_camera_msgs/realsense2_camera_msgs/msg/detail/metadata__functions.c
[9.350s] -- Up-to-date: /home/lunabotics/2025-tibalt-bot/install/realsense2_camera_msgs/include/realsense2_camera_msgs/realsense2_camera_msgs/msg/detail/metadata__functions.h
[9.350s] -- Up-to-date: /home/lunabotics/2025-tibalt-bot/install/realsense2_camera_msgs/include/realsense2_camera_msgs/realsense2_camera_msgs/msg/detail/metadata__struct.h
[9.351s] -- Up-to-date: /home/lunabotics/2025-tibalt-bot/install/realsense2_camera_msgs/include/realsense2_camera_msgs/realsense2_camera_msgs/srv
[9.351s] -- Up-to-date: /home/lunabotics/2025-tibalt-bot/install/realsense2_camera_msgs/include/realsense2_camera_msgs/realsense2_camera_msgs/srv/detail
[9.351s] -- Up-to-date: /home/lunabotics/2025-tibalt-bot/install/realsense2_camera_msgs/include/realsense2_camera_msgs/realsense2_camera_msgs/srv/detail/device_info__functions.c
[9.351s] -- Up-to-date: /home/lunabotics/2025-tibalt-bot/install/realsense2_camera_msgs/include/realsense2_camera_msgs/realsense2_camera_msgs/srv/detail/device_info__type_support.h
[9.351s] -- Up-to-date: /home/lunabotics/2025-tibalt-bot/install/realsense2_camera_msgs/include/realsense2_camera_msgs/realsense2_camera_msgs/srv/detail/device_info__functions.h
[9.351s] -- Up-to-date: /home/lunabotics/2025-tibalt-bot/install/realsense2_camera_msgs/include/realsense2_camera_msgs/realsense2_camera_msgs/srv/detail/device_info__struct.h
[9.351s] -- Up-to-date: /home/lunabotics/2025-tibalt-bot/install/realsense2_camera_msgs/include/realsense2_camera_msgs/realsense2_camera_msgs/srv/device_info.h
[9.352s] -- Installing: /home/lunabotics/2025-tibalt-bot/install/realsense2_camera_msgs/share/realsense2_camera_msgs/environment/library_path.sh
[9.352s] -- Installing: /home/lunabotics/2025-tibalt-bot/install/realsense2_camera_msgs/share/realsense2_camera_msgs/environment/library_path.dsv
[9.352s] -- Installing: /home/lunabotics/2025-tibalt-bot/install/realsense2_camera_msgs/lib/librealsense2_camera_msgs__rosidl_generator_c.so
[9.352s] -- Set runtime path of "/home/lunabotics/2025-tibalt-bot/install/realsense2_camera_msgs/lib/librealsense2_camera_msgs__rosidl_generator_c.so" to ""
[9.352s] -- Up-to-date: /home/lunabotics/2025-tibalt-bot/install/realsense2_camera_msgs/include/realsense2_camera_msgs/realsense2_camera_msgs
[9.353s] -- Up-to-date: /home/lunabotics/2025-tibalt-bot/install/realsense2_camera_msgs/include/realsense2_camera_msgs/realsense2_camera_msgs/msg
[9.353s] -- Up-to-date: /home/lunabotics/2025-tibalt-bot/install/realsense2_camera_msgs/include/realsense2_camera_msgs/realsense2_camera_msgs/msg/detail
[9.353s] -- Up-to-date: /home/lunabotics/2025-tibalt-bot/install/realsense2_camera_msgs/include/realsense2_camera_msgs/realsense2_camera_msgs/msg/detail/imu_info__rosidl_typesupport_fastrtps_c.h
[9.354s] -- Up-to-date: /home/lunabotics/2025-tibalt-bot/install/realsense2_camera_msgs/include/realsense2_camera_msgs/realsense2_camera_msgs/msg/detail/metadata__rosidl_typesupport_fastrtps_c.h
[9.354s] -- Up-to-date: /home/lunabotics/2025-tibalt-bot/install/realsense2_camera_msgs/include/realsense2_camera_msgs/realsense2_camera_msgs/msg/detail/extrinsics__rosidl_typesupport_fastrtps_c.h
[9.354s] -- Up-to-date: /home/lunabotics/2025-tibalt-bot/install/realsense2_camera_msgs/include/realsense2_camera_msgs/realsense2_camera_msgs/msg/detail/rgbd__rosidl_typesupport_fastrtps_c.h
[9.354s] -- Up-to-date: /home/lunabotics/2025-tibalt-bot/install/realsense2_camera_msgs/include/realsense2_camera_msgs/realsense2_camera_msgs/msg/rosidl_typesupport_fastrtps_c__visibility_control.h
[9.354s] -- Up-to-date: /home/lunabotics/2025-tibalt-bot/install/realsense2_camera_msgs/include/realsense2_camera_msgs/realsense2_camera_msgs/srv
[9.355s] -- Up-to-date: /home/lunabotics/2025-tibalt-bot/install/realsense2_camera_msgs/include/realsense2_camera_msgs/realsense2_camera_msgs/srv/detail
[9.355s] -- Up-to-date: /home/lunabotics/2025-tibalt-bot/install/realsense2_camera_msgs/include/realsense2_camera_msgs/realsense2_camera_msgs/srv/detail/device_info__rosidl_typesupport_fastrtps_c.h
[9.355s] -- Installing: /home/lunabotics/2025-tibalt-bot/install/realsense2_camera_msgs/lib/librealsense2_camera_msgs__rosidl_typesupport_fastrtps_c.so
[9.355s] -- Set runtime path of "/home/lunabotics/2025-tibalt-bot/install/realsense2_camera_msgs/lib/librealsense2_camera_msgs__rosidl_typesupport_fastrtps_c.so" to ""
[9.355s] -- Up-to-date: /home/lunabotics/2025-tibalt-bot/install/realsense2_camera_msgs/include/realsense2_camera_msgs/realsense2_camera_msgs
[9.356s] -- Up-to-date: /home/lunabotics/2025-tibalt-bot/install/realsense2_camera_msgs/include/realsense2_camera_msgs/realsense2_camera_msgs/msg
[9.356s] -- Up-to-date: /home/lunabotics/2025-tibalt-bot/install/realsense2_camera_msgs/include/realsense2_camera_msgs/realsense2_camera_msgs/msg/detail
[9.356s] -- Up-to-date: /home/lunabotics/2025-tibalt-bot/install/realsense2_camera_msgs/include/realsense2_camera_msgs/realsense2_camera_msgs/msg/detail/imu_info__rosidl_typesupport_introspection_c.h
[9.356s] -- Up-to-date: /home/lunabotics/2025-tibalt-bot/install/realsense2_camera_msgs/include/realsense2_camera_msgs/realsense2_camera_msgs/msg/detail/extrinsics__type_support.c
[9.356s] -- Up-to-date: /home/lunabotics/2025-tibalt-bot/install/realsense2_camera_msgs/include/realsense2_camera_msgs/realsense2_camera_msgs/msg/detail/metadata__type_support.c
[9.356s] -- Up-to-date: /home/lunabotics/2025-tibalt-bot/install/realsense2_camera_msgs/include/realsense2_camera_msgs/realsense2_camera_msgs/msg/detail/imu_info__type_support.c
[9.357s] -- Up-to-date: /home/lunabotics/2025-tibalt-bot/install/realsense2_camera_msgs/include/realsense2_camera_msgs/realsense2_camera_msgs/msg/detail/rgbd__type_support.c
[9.357s] -- Up-to-date: /home/lunabotics/2025-tibalt-bot/install/realsense2_camera_msgs/include/realsense2_camera_msgs/realsense2_camera_msgs/msg/detail/extrinsics__rosidl_typesupport_introspection_c.h
[9.357s] -- Up-to-date: /home/lunabotics/2025-tibalt-bot/install/realsense2_camera_msgs/include/realsense2_camera_msgs/realsense2_camera_msgs/msg/detail/rgbd__rosidl_typesupport_introspection_c.h
[9.357s] -- Up-to-date: /home/lunabotics/2025-tibalt-bot/install/realsense2_camera_msgs/include/realsense2_camera_msgs/realsense2_camera_msgs/msg/detail/metadata__rosidl_typesupport_introspection_c.h
[9.357s] -- Up-to-date: /home/lunabotics/2025-tibalt-bot/install/realsense2_camera_msgs/include/realsense2_camera_msgs/realsense2_camera_msgs/msg/rosidl_typesupport_introspection_c__visibility_control.h
[9.357s] -- Up-to-date: /home/lunabotics/2025-tibalt-bot/install/realsense2_camera_msgs/include/realsense2_camera_msgs/realsense2_camera_msgs/srv
[9.358s] -- Up-to-date: /home/lunabotics/2025-tibalt-bot/install/realsense2_camera_msgs/include/realsense2_camera_msgs/realsense2_camera_msgs/srv/detail
[9.358s] -- Up-to-date: /home/lunabotics/2025-tibalt-bot/install/realsense2_camera_msgs/include/realsense2_camera_msgs/realsense2_camera_msgs/srv/detail/device_info__type_support.c
[9.358s] -- Up-to-date: /home/lunabotics/2025-tibalt-bot/install/realsense2_camera_msgs/include/realsense2_camera_msgs/realsense2_camera_msgs/srv/detail/device_info__rosidl_typesupport_introspection_c.h
[9.358s] -- Installing: /home/lunabotics/2025-tibalt-bot/install/realsense2_camera_msgs/lib/librealsense2_camera_msgs__rosidl_typesupport_introspection_c.so
[9.359s] -- Set runtime path of "/home/lunabotics/2025-tibalt-bot/install/realsense2_camera_msgs/lib/librealsense2_camera_msgs__rosidl_typesupport_introspection_c.so" to ""
[9.359s] -- Installing: /home/lunabotics/2025-tibalt-bot/install/realsense2_camera_msgs/lib/librealsense2_camera_msgs__rosidl_typesupport_c.so
[9.360s] -- Set runtime path of "/home/lunabotics/2025-tibalt-bot/install/realsense2_camera_msgs/lib/librealsense2_camera_msgs__rosidl_typesupport_c.so" to ""
[9.360s] -- Up-to-date: /home/lunabotics/2025-tibalt-bot/install/realsense2_camera_msgs/include/realsense2_camera_msgs/realsense2_camera_msgs
[9.360s] -- Up-to-date: /home/lunabotics/2025-tibalt-bot/install/realsense2_camera_msgs/include/realsense2_camera_msgs/realsense2_camera_msgs/msg
[9.361s] -- Up-to-date: /home/lunabotics/2025-tibalt-bot/install/realsense2_camera_msgs/include/realsense2_camera_msgs/realsense2_camera_msgs/msg/extrinsics.hpp
[9.361s] -- Up-to-date: /home/lunabotics/2025-tibalt-bot/install/realsense2_camera_msgs/include/realsense2_camera_msgs/realsense2_camera_msgs/msg/imu_info.hpp
[9.361s] -- Up-to-date: /home/lunabotics/2025-tibalt-bot/install/realsense2_camera_msgs/include/realsense2_camera_msgs/realsense2_camera_msgs/msg/rosidl_generator_cpp__visibility_control.hpp
[9.361s] -- Up-to-date: /home/lunabotics/2025-tibalt-bot/install/realsense2_camera_msgs/include/realsense2_camera_msgs/realsense2_camera_msgs/msg/rgbd.hpp
[9.362s] -- Up-to-date: /home/lunabotics/2025-tibalt-bot/install/realsense2_camera_msgs/include/realsense2_camera_msgs/realsense2_camera_msgs/msg/detail
[9.362s] -- Up-to-date: /home/lunabotics/2025-tibalt-bot/install/realsense2_camera_msgs/include/realsense2_camera_msgs/realsense2_camera_msgs/msg/detail/imu_info__type_support.hpp
[9.362s] -- Up-to-date: /home/lunabotics/2025-tibalt-bot/install/realsense2_camera_msgs/include/realsense2_camera_msgs/realsense2_camera_msgs/msg/detail/metadata__struct.hpp
[9.362s] -- Up-to-date: /home/lunabotics/2025-tibalt-bot/install/realsense2_camera_msgs/include/realsense2_camera_msgs/realsense2_camera_msgs/msg/detail/extrinsics__struct.hpp
[9.362s] -- Up-to-date: /home/lunabotics/2025-tibalt-bot/install/realsense2_camera_msgs/include/realsense2_camera_msgs/realsense2_camera_msgs/msg/detail/extrinsics__builder.hpp
[9.362s] -- Up-to-date: /home/lunabotics/2025-tibalt-bot/install/realsense2_camera_msgs/include/realsense2_camera_msgs/realsense2_camera_msgs/msg/detail/rgbd__type_support.hpp
[9.363s] -- Up-to-date: /home/lunabotics/2025-tibalt-bot/install/realsense2_camera_msgs/include/realsense2_camera_msgs/realsense2_camera_msgs/msg/detail/metadata__type_support.hpp
[9.363s] -- Up-to-date: /home/lunabotics/2025-tibalt-bot/install/realsense2_camera_msgs/include/realsense2_camera_msgs/realsense2_camera_msgs/msg/detail/rgbd__builder.hpp
[9.363s] -- Up-to-date: /home/lunabotics/2025-tibalt-bot/install/realsense2_camera_msgs/include/realsense2_camera_msgs/realsense2_camera_msgs/msg/detail/metadata__traits.hpp
[9.363s] -- Up-to-date: /home/lunabotics/2025-tibalt-bot/install/realsense2_camera_msgs/include/realsense2_camera_msgs/realsense2_camera_msgs/msg/detail/rgbd__traits.hpp
[9.364s] -- Up-to-date: /home/lunabotics/2025-tibalt-bot/install/realsense2_camera_msgs/include/realsense2_camera_msgs/realsense2_camera_msgs/msg/detail/rgbd__struct.hpp
[9.364s] -- Up-to-date: /home/lunabotics/2025-tibalt-bot/install/realsense2_camera_msgs/include/realsense2_camera_msgs/realsense2_camera_msgs/msg/detail/imu_info__struct.hpp
[9.364s] -- Up-to-date: /home/lunabotics/2025-tibalt-bot/install/realsense2_camera_msgs/include/realsense2_camera_msgs/realsense2_camera_msgs/msg/detail/imu_info__builder.hpp
[9.364s] -- Up-to-date: /home/lunabotics/2025-tibalt-bot/install/realsense2_camera_msgs/include/realsense2_camera_msgs/realsense2_camera_msgs/msg/detail/metadata__builder.hpp
[9.364s] -- Up-to-date: /home/lunabotics/2025-tibalt-bot/install/realsense2_camera_msgs/include/realsense2_camera_msgs/realsense2_camera_msgs/msg/detail/extrinsics__type_support.hpp
[9.365s] -- Up-to-date: /home/lunabotics/2025-tibalt-bot/install/realsense2_camera_msgs/include/realsense2_camera_msgs/realsense2_camera_msgs/msg/detail/extrinsics__traits.hpp
[9.365s] -- Up-to-date: /home/lunabotics/2025-tibalt-bot/install/realsense2_camera_msgs/include/realsense2_camera_msgs/realsense2_camera_msgs/msg/detail/imu_info__traits.hpp
[9.365s] -- Up-to-date: /home/lunabotics/2025-tibalt-bot/install/realsense2_camera_msgs/include/realsense2_camera_msgs/realsense2_camera_msgs/msg/metadata.hpp
[9.365s] -- Up-to-date: /home/lunabotics/2025-tibalt-bot/install/realsense2_camera_msgs/include/realsense2_camera_msgs/realsense2_camera_msgs/srv
[9.365s] -- Up-to-date: /home/lunabotics/2025-tibalt-bot/install/realsense2_camera_msgs/include/realsense2_camera_msgs/realsense2_camera_msgs/srv/detail
[9.365s] -- Up-to-date: /home/lunabotics/2025-tibalt-bot/install/realsense2_camera_msgs/include/realsense2_camera_msgs/realsense2_camera_msgs/srv/detail/device_info__builder.hpp
[9.366s] -- Up-to-date: /home/lunabotics/2025-tibalt-bot/install/realsense2_camera_msgs/include/realsense2_camera_msgs/realsense2_camera_msgs/srv/detail/device_info__type_support.hpp
[9.366s] -- Up-to-date: /home/lunabotics/2025-tibalt-bot/install/realsense2_camera_msgs/include/realsense2_camera_msgs/realsense2_camera_msgs/srv/detail/device_info__traits.hpp
[9.366s] -- Up-to-date: /home/lunabotics/2025-tibalt-bot/install/realsense2_camera_msgs/include/realsense2_camera_msgs/realsense2_camera_msgs/srv/detail/device_info__struct.hpp
[9.366s] -- Up-to-date: /home/lunabotics/2025-tibalt-bot/install/realsense2_camera_msgs/include/realsense2_camera_msgs/realsense2_camera_msgs/srv/device_info.hpp
[9.366s] -- Up-to-date: /home/lunabotics/2025-tibalt-bot/install/realsense2_camera_msgs/include/realsense2_camera_msgs/realsense2_camera_msgs
[9.367s] -- Up-to-date: /home/lunabotics/2025-tibalt-bot/install/realsense2_camera_msgs/include/realsense2_camera_msgs/realsense2_camera_msgs/msg
[9.367s] -- Up-to-date: /home/lunabotics/2025-tibalt-bot/install/realsense2_camera_msgs/include/realsense2_camera_msgs/realsense2_camera_msgs/msg/detail
[9.367s] -- Up-to-date: /home/lunabotics/2025-tibalt-bot/install/realsense2_camera_msgs/include/realsense2_camera_msgs/realsense2_camera_msgs/msg/detail/dds_fastrtps
[9.367s] -- Up-to-date: /home/lunabotics/2025-tibalt-bot/install/realsense2_camera_msgs/include/realsense2_camera_msgs/realsense2_camera_msgs/msg/detail/extrinsics__rosidl_typesupport_fastrtps_cpp.hpp
[9.367s] -- Up-to-date: /home/lunabotics/2025-tibalt-bot/install/realsense2_camera_msgs/include/realsense2_camera_msgs/realsense2_camera_msgs/msg/detail/imu_info__rosidl_typesupport_fastrtps_cpp.hpp
[9.367s] -- Up-to-date: /home/lunabotics/2025-tibalt-bot/install/realsense2_camera_msgs/include/realsense2_camera_msgs/realsense2_camera_msgs/msg/detail/rgbd__rosidl_typesupport_fastrtps_cpp.hpp
[9.367s] -- Up-to-date: /home/lunabotics/2025-tibalt-bot/install/realsense2_camera_msgs/include/realsense2_camera_msgs/realsense2_camera_msgs/msg/detail/metadata__rosidl_typesupport_fastrtps_cpp.hpp
[9.368s] -- Up-to-date: /home/lunabotics/2025-tibalt-bot/install/realsense2_camera_msgs/include/realsense2_camera_msgs/realsense2_camera_msgs/msg/rosidl_typesupport_fastrtps_cpp__visibility_control.h
[9.368s] -- Up-to-date: /home/lunabotics/2025-tibalt-bot/install/realsense2_camera_msgs/include/realsense2_camera_msgs/realsense2_camera_msgs/srv
[9.368s] -- Up-to-date: /home/lunabotics/2025-tibalt-bot/install/realsense2_camera_msgs/include/realsense2_camera_msgs/realsense2_camera_msgs/srv/detail
[9.368s] -- Up-to-date: /home/lunabotics/2025-tibalt-bot/install/realsense2_camera_msgs/include/realsense2_camera_msgs/realsense2_camera_msgs/srv/detail/dds_fastrtps
[9.369s] -- Up-to-date: /home/lunabotics/2025-tibalt-bot/install/realsense2_camera_msgs/include/realsense2_camera_msgs/realsense2_camera_msgs/srv/detail/device_info__rosidl_typesupport_fastrtps_cpp.hpp
[9.369s] -- Installing: /home/lunabotics/2025-tibalt-bot/install/realsense2_camera_msgs/lib/librealsense2_camera_msgs__rosidl_typesupport_fastrtps_cpp.so
[9.370s] -- Set runtime path of "/home/lunabotics/2025-tibalt-bot/install/realsense2_camera_msgs/lib/librealsense2_camera_msgs__rosidl_typesupport_fastrtps_cpp.so" to ""
[9.370s] -- Up-to-date: /home/lunabotics/2025-tibalt-bot/install/realsense2_camera_msgs/include/realsense2_camera_msgs/realsense2_camera_msgs
[9.370s] -- Up-to-date: /home/lunabotics/2025-tibalt-bot/install/realsense2_camera_msgs/include/realsense2_camera_msgs/realsense2_camera_msgs/msg
[9.370s] -- Up-to-date: /home/lunabotics/2025-tibalt-bot/install/realsense2_camera_msgs/include/realsense2_camera_msgs/realsense2_camera_msgs/msg/detail
[9.370s] -- Up-to-date: /home/lunabotics/2025-tibalt-bot/install/realsense2_camera_msgs/include/realsense2_camera_msgs/realsense2_camera_msgs/msg/detail/extrinsics__rosidl_typesupport_introspection_cpp.hpp
[9.371s] -- Up-to-date: /home/lunabotics/2025-tibalt-bot/install/realsense2_camera_msgs/include/realsense2_camera_msgs/realsense2_camera_msgs/msg/detail/imu_info__rosidl_typesupport_introspection_cpp.hpp
[9.371s] -- Up-to-date: /home/lunabotics/2025-tibalt-bot/install/realsense2_camera_msgs/include/realsense2_camera_msgs/realsense2_camera_msgs/msg/detail/rgbd__rosidl_typesupport_introspection_cpp.hpp
[9.371s] -- Up-to-date: /home/lunabotics/2025-tibalt-bot/install/realsense2_camera_msgs/include/realsense2_camera_msgs/realsense2_camera_msgs/msg/detail/metadata__type_support.cpp
[9.371s] -- Up-to-date: /home/lunabotics/2025-tibalt-bot/install/realsense2_camera_msgs/include/realsense2_camera_msgs/realsense2_camera_msgs/msg/detail/imu_info__type_support.cpp
[9.372s] -- Up-to-date: /home/lunabotics/2025-tibalt-bot/install/realsense2_camera_msgs/include/realsense2_camera_msgs/realsense2_camera_msgs/msg/detail/rgbd__type_support.cpp
[9.372s] -- Up-to-date: /home/lunabotics/2025-tibalt-bot/install/realsense2_camera_msgs/include/realsense2_camera_msgs/realsense2_camera_msgs/msg/detail/extrinsics__type_support.cpp
[9.372s] -- Up-to-date: /home/lunabotics/2025-tibalt-bot/install/realsense2_camera_msgs/include/realsense2_camera_msgs/realsense2_camera_msgs/msg/detail/metadata__rosidl_typesupport_introspection_cpp.hpp
[9.372s] -- Up-to-date: /home/lunabotics/2025-tibalt-bot/install/realsense2_camera_msgs/include/realsense2_camera_msgs/realsense2_camera_msgs/srv
[9.372s] -- Up-to-date: /home/lunabotics/2025-tibalt-bot/install/realsense2_camera_msgs/include/realsense2_camera_msgs/realsense2_camera_msgs/srv/detail
[9.372s] -- Up-to-date: /home/lunabotics/2025-tibalt-bot/install/realsense2_camera_msgs/include/realsense2_camera_msgs/realsense2_camera_msgs/srv/detail/device_info__type_support.cpp
[9.373s] -- Up-to-date: /home/lunabotics/2025-tibalt-bot/install/realsense2_camera_msgs/include/realsense2_camera_msgs/realsense2_camera_msgs/srv/detail/device_info__rosidl_typesupport_introspection_cpp.hpp
[9.373s] -- Installing: /home/lunabotics/2025-tibalt-bot/install/realsense2_camera_msgs/lib/librealsense2_camera_msgs__rosidl_typesupport_introspection_cpp.so
[9.373s] -- Set runtime path of "/home/lunabotics/2025-tibalt-bot/install/realsense2_camera_msgs/lib/librealsense2_camera_msgs__rosidl_typesupport_introspection_cpp.so" to ""
[9.373s] -- Installing: /home/lunabotics/2025-tibalt-bot/install/realsense2_camera_msgs/lib/librealsense2_camera_msgs__rosidl_typesupport_cpp.so
[9.373s] -- Set runtime path of "/home/lunabotics/2025-tibalt-bot/install/realsense2_camera_msgs/lib/librealsense2_camera_msgs__rosidl_typesupport_cpp.so" to ""
[9.373s] -- Up-to-date: /home/lunabotics/2025-tibalt-bot/install/realsense2_camera_msgs/share/realsense2_camera_msgs/environment/pythonpath.sh
[9.374s] -- Installing: /home/lunabotics/2025-tibalt-bot/install/realsense2_camera_msgs/share/realsense2_camera_msgs/environment/pythonpath.dsv
[9.374s] -- Up-to-date: /home/lunabotics/2025-tibalt-bot/install/realsense2_camera_msgs/local/lib/python3.10/dist-packages/realsense2_camera_msgs-4.55.1-py3.10.egg-info
[9.374s] -- Installing: /home/lunabotics/2025-tibalt-bot/install/realsense2_camera_msgs/local/lib/python3.10/dist-packages/realsense2_camera_msgs-4.55.1-py3.10.egg-info/top_level.txt
[9.374s] -- Installing: /home/lunabotics/2025-tibalt-bot/install/realsense2_camera_msgs/local/lib/python3.10/dist-packages/realsense2_camera_msgs-4.55.1-py3.10.egg-info/SOURCES.txt
[9.374s] -- Installing: /home/lunabotics/2025-tibalt-bot/install/realsense2_camera_msgs/local/lib/python3.10/dist-packages/realsense2_camera_msgs-4.55.1-py3.10.egg-info/PKG-INFO
[9.374s] -- Installing: /home/lunabotics/2025-tibalt-bot/install/realsense2_camera_msgs/local/lib/python3.10/dist-packages/realsense2_camera_msgs-4.55.1-py3.10.egg-info/dependency_links.txt
[9.375s] -- Up-to-date: /home/lunabotics/2025-tibalt-bot/install/realsense2_camera_msgs/local/lib/python3.10/dist-packages/realsense2_camera_msgs
[9.375s] -- Installing: /home/lunabotics/2025-tibalt-bot/install/realsense2_camera_msgs/local/lib/python3.10/dist-packages/realsense2_camera_msgs/realsense2_camera_msgs_s__rosidl_typesupport_introspection_c.cpython-310-aarch64-linux-gnu.so
[9.375s] -- Installing: /home/lunabotics/2025-tibalt-bot/install/realsense2_camera_msgs/local/lib/python3.10/dist-packages/realsense2_camera_msgs/realsense2_camera_msgs_s__rosidl_typesupport_c.cpython-310-aarch64-linux-gnu.so
[9.375s] -- Installing: /home/lunabotics/2025-tibalt-bot/install/realsense2_camera_msgs/local/lib/python3.10/dist-packages/realsense2_camera_msgs/librealsense2_camera_msgs__rosidl_generator_py.so
[9.375s] -- Installing: /home/lunabotics/2025-tibalt-bot/install/realsense2_camera_msgs/local/lib/python3.10/dist-packages/realsense2_camera_msgs/realsense2_camera_msgs_s__rosidl_typesupport_fastrtps_c.cpython-310-aarch64-linux-gnu.so
[9.375s] -- Up-to-date: /home/lunabotics/2025-tibalt-bot/install/realsense2_camera_msgs/local/lib/python3.10/dist-packages/realsense2_camera_msgs/_realsense2_camera_msgs_s.ep.rosidl_typesupport_fastrtps_c.c
[9.375s] -- Up-to-date: /home/lunabotics/2025-tibalt-bot/install/realsense2_camera_msgs/local/lib/python3.10/dist-packages/realsense2_camera_msgs/_realsense2_camera_msgs_s.ep.rosidl_typesupport_introspection_c.c
[9.376s] -- Up-to-date: /home/lunabotics/2025-tibalt-bot/install/realsense2_camera_msgs/local/lib/python3.10/dist-packages/realsense2_camera_msgs/msg
[9.376s] -- Up-to-date: /home/lunabotics/2025-tibalt-bot/install/realsense2_camera_msgs/local/lib/python3.10/dist-packages/realsense2_camera_msgs/msg/_rgbd_s.c
[9.376s] -- Up-to-date: /home/lunabotics/2025-tibalt-bot/install/realsense2_camera_msgs/local/lib/python3.10/dist-packages/realsense2_camera_msgs/msg/_rgbd.py
[9.376s] -- Up-to-date: /home/lunabotics/2025-tibalt-bot/install/realsense2_camera_msgs/local/lib/python3.10/dist-packages/realsense2_camera_msgs/msg/_extrinsics_s.c
[9.376s] -- Up-to-date: /home/lunabotics/2025-tibalt-bot/install/realsense2_camera_msgs/local/lib/python3.10/dist-packages/realsense2_camera_msgs/msg/_extrinsics.py
[9.376s] -- Up-to-date: /home/lunabotics/2025-tibalt-bot/install/realsense2_camera_msgs/local/lib/python3.10/dist-packages/realsense2_camera_msgs/msg/_imu_info.py
[9.376s] -- Up-to-date: /home/lunabotics/2025-tibalt-bot/install/realsense2_camera_msgs/local/lib/python3.10/dist-packages/realsense2_camera_msgs/msg/_metadata_s.c
[9.377s] -- Up-to-date: /home/lunabotics/2025-tibalt-bot/install/realsense2_camera_msgs/local/lib/python3.10/dist-packages/realsense2_camera_msgs/msg/_metadata.py
[9.377s] -- Up-to-date: /home/lunabotics/2025-tibalt-bot/install/realsense2_camera_msgs/local/lib/python3.10/dist-packages/realsense2_camera_msgs/msg/__init__.py
[9.377s] -- Up-to-date: /home/lunabotics/2025-tibalt-bot/install/realsense2_camera_msgs/local/lib/python3.10/dist-packages/realsense2_camera_msgs/msg/_imu_info_s.c
[9.377s] -- Up-to-date: /home/lunabotics/2025-tibalt-bot/install/realsense2_camera_msgs/local/lib/python3.10/dist-packages/realsense2_camera_msgs/srv
[9.377s] -- Up-to-date: /home/lunabotics/2025-tibalt-bot/install/realsense2_camera_msgs/local/lib/python3.10/dist-packages/realsense2_camera_msgs/srv/_device_info.py
[9.378s] -- Up-to-date: /home/lunabotics/2025-tibalt-bot/install/realsense2_camera_msgs/local/lib/python3.10/dist-packages/realsense2_camera_msgs/srv/_device_info_s.c
[9.378s] -- Up-to-date: /home/lunabotics/2025-tibalt-bot/install/realsense2_camera_msgs/local/lib/python3.10/dist-packages/realsense2_camera_msgs/srv/__init__.py
[9.378s] -- Installing: /home/lunabotics/2025-tibalt-bot/install/realsense2_camera_msgs/local/lib/python3.10/dist-packages/realsense2_camera_msgs/__init__.py
[9.378s] -- Up-to-date: /home/lunabotics/2025-tibalt-bot/install/realsense2_camera_msgs/local/lib/python3.10/dist-packages/realsense2_camera_msgs/_realsense2_camera_msgs_s.ep.rosidl_typesupport_c.c
[9.495s] Listing '/home/lunabotics/2025-tibalt-bot/install/realsense2_camera_msgs/local/lib/python3.10/dist-packages/realsense2_camera_msgs'...
[9.495s] Compiling '/home/lunabotics/2025-tibalt-bot/install/realsense2_camera_msgs/local/lib/python3.10/dist-packages/realsense2_camera_msgs/__init__.py'...
[9.495s] Listing '/home/lunabotics/2025-tibalt-bot/install/realsense2_camera_msgs/local/lib/python3.10/dist-packages/realsense2_camera_msgs/msg'...
[9.495s] Compiling '/home/lunabotics/2025-tibalt-bot/install/realsense2_camera_msgs/local/lib/python3.10/dist-packages/realsense2_camera_msgs/msg/__init__.py'...
[9.496s] Compiling '/home/lunabotics/2025-tibalt-bot/install/realsense2_camera_msgs/local/lib/python3.10/dist-packages/realsense2_camera_msgs/msg/_extrinsics.py'...
[9.496s] Compiling '/home/lunabotics/2025-tibalt-bot/install/realsense2_camera_msgs/local/lib/python3.10/dist-packages/realsense2_camera_msgs/msg/_imu_info.py'...
[9.496s] Compiling '/home/lunabotics/2025-tibalt-bot/install/realsense2_camera_msgs/local/lib/python3.10/dist-packages/realsense2_camera_msgs/msg/_metadata.py'...
[9.496s] Compiling '/home/lunabotics/2025-tibalt-bot/install/realsense2_camera_msgs/local/lib/python3.10/dist-packages/realsense2_camera_msgs/msg/_rgbd.py'...
[9.496s] Listing '/home/lunabotics/2025-tibalt-bot/install/realsense2_camera_msgs/local/lib/python3.10/dist-packages/realsense2_camera_msgs/srv'...
[9.496s] Compiling '/home/lunabotics/2025-tibalt-bot/install/realsense2_camera_msgs/local/lib/python3.10/dist-packages/realsense2_camera_msgs/srv/__init__.py'...
[9.496s] Compiling '/home/lunabotics/2025-tibalt-bot/install/realsense2_camera_msgs/local/lib/python3.10/dist-packages/realsense2_camera_msgs/srv/_device_info.py'...
[9.521s] -- Installing: /home/lunabotics/2025-tibalt-bot/install/realsense2_camera_msgs/local/lib/python3.10/dist-packages/realsense2_camera_msgs/realsense2_camera_msgs_s__rosidl_typesupport_fastrtps_c.cpython-310-aarch64-linux-gnu.so
[9.522s] -- Set runtime path of "/home/lunabotics/2025-tibalt-bot/install/realsense2_camera_msgs/local/lib/python3.10/dist-packages/realsense2_camera_msgs/realsense2_camera_msgs_s__rosidl_typesupport_fastrtps_c.cpython-310-aarch64-linux-gnu.so" to ""
[9.523s] -- Installing: /home/lunabotics/2025-tibalt-bot/install/realsense2_camera_msgs/local/lib/python3.10/dist-packages/realsense2_camera_msgs/realsense2_camera_msgs_s__rosidl_typesupport_introspection_c.cpython-310-aarch64-linux-gnu.so
[9.524s] -- Set runtime path of "/home/lunabotics/2025-tibalt-bot/install/realsense2_camera_msgs/local/lib/python3.10/dist-packages/realsense2_camera_msgs/realsense2_camera_msgs_s__rosidl_typesupport_introspection_c.cpython-310-aarch64-linux-gnu.so" to ""
[9.524s] -- Installing: /home/lunabotics/2025-tibalt-bot/install/realsense2_camera_msgs/local/lib/python3.10/dist-packages/realsense2_camera_msgs/realsense2_camera_msgs_s__rosidl_typesupport_c.cpython-310-aarch64-linux-gnu.so
[9.524s] -- Set runtime path of "/home/lunabotics/2025-tibalt-bot/install/realsense2_camera_msgs/local/lib/python3.10/dist-packages/realsense2_camera_msgs/realsense2_camera_msgs_s__rosidl_typesupport_c.cpython-310-aarch64-linux-gnu.so" to ""
[9.525s] -- Installing: /home/lunabotics/2025-tibalt-bot/install/realsense2_camera_msgs/lib/librealsense2_camera_msgs__rosidl_generator_py.so
[9.526s] -- Set runtime path of "/home/lunabotics/2025-tibalt-bot/install/realsense2_camera_msgs/lib/librealsense2_camera_msgs__rosidl_generator_py.so" to ""
[9.527s] -- Up-to-date: /home/lunabotics/2025-tibalt-bot/install/realsense2_camera_msgs/share/realsense2_camera_msgs/msg/IMUInfo.idl
[9.527s] -- Up-to-date: /home/lunabotics/2025-tibalt-bot/install/realsense2_camera_msgs/share/realsense2_camera_msgs/msg/Extrinsics.idl
[9.528s] -- Up-to-date: /home/lunabotics/2025-tibalt-bot/install/realsense2_camera_msgs/share/realsense2_camera_msgs/msg/Metadata.idl
[9.528s] -- Up-to-date: /home/lunabotics/2025-tibalt-bot/install/realsense2_camera_msgs/share/realsense2_camera_msgs/msg/RGBD.idl
[9.528s] -- Up-to-date: /home/lunabotics/2025-tibalt-bot/install/realsense2_camera_msgs/share/realsense2_camera_msgs/srv/DeviceInfo.idl
[9.528s] -- Up-to-date: /home/lunabotics/2025-tibalt-bot/install/realsense2_camera_msgs/share/realsense2_camera_msgs/msg/IMUInfo.msg
[9.529s] -- Up-to-date: /home/lunabotics/2025-tibalt-bot/install/realsense2_camera_msgs/share/realsense2_camera_msgs/msg/Extrinsics.msg
[9.529s] -- Up-to-date: /home/lunabotics/2025-tibalt-bot/install/realsense2_camera_msgs/share/realsense2_camera_msgs/msg/Metadata.msg
[9.529s] -- Up-to-date: /home/lunabotics/2025-tibalt-bot/install/realsense2_camera_msgs/share/realsense2_camera_msgs/msg/RGBD.msg
[9.530s] -- Up-to-date: /home/lunabotics/2025-tibalt-bot/install/realsense2_camera_msgs/share/realsense2_camera_msgs/srv/DeviceInfo.srv
[9.530s] -- Up-to-date: /home/lunabotics/2025-tibalt-bot/install/realsense2_camera_msgs/share/realsense2_camera_msgs/srv/DeviceInfo_Request.msg
[9.530s] -- Up-to-date: /home/lunabotics/2025-tibalt-bot/install/realsense2_camera_msgs/share/realsense2_camera_msgs/srv/DeviceInfo_Response.msg
[9.530s] -- Up-to-date: /home/lunabotics/2025-tibalt-bot/install/realsense2_camera_msgs/share/ament_index/resource_index/package_run_dependencies/realsense2_camera_msgs
[9.530s] -- Up-to-date: /home/lunabotics/2025-tibalt-bot/install/realsense2_camera_msgs/share/ament_index/resource_index/parent_prefix_path/realsense2_camera_msgs
[9.531s] -- Installing: /home/lunabotics/2025-tibalt-bot/install/realsense2_camera_msgs/share/realsense2_camera_msgs/environment/ament_prefix_path.sh
[9.531s] -- Installing: /home/lunabotics/2025-tibalt-bot/install/realsense2_camera_msgs/share/realsense2_camera_msgs/environment/ament_prefix_path.dsv
[9.531s] -- Installing: /home/lunabotics/2025-tibalt-bot/install/realsense2_camera_msgs/share/realsense2_camera_msgs/environment/path.sh
[9.531s] -- Installing: /home/lunabotics/2025-tibalt-bot/install/realsense2_camera_msgs/share/realsense2_camera_msgs/environment/path.dsv
[9.531s] -- Up-to-date: /home/lunabotics/2025-tibalt-bot/install/realsense2_camera_msgs/share/realsense2_camera_msgs/local_setup.bash
[9.531s] -- Up-to-date: /home/lunabotics/2025-tibalt-bot/install/realsense2_camera_msgs/share/realsense2_camera_msgs/local_setup.sh
[9.532s] -- Up-to-date: /home/lunabotics/2025-tibalt-bot/install/realsense2_camera_msgs/share/realsense2_camera_msgs/local_setup.zsh
[9.532s] -- Installing: /home/lunabotics/2025-tibalt-bot/install/realsense2_camera_msgs/share/realsense2_camera_msgs/local_setup.dsv
[9.532s] -- Installing: /home/lunabotics/2025-tibalt-bot/install/realsense2_camera_msgs/share/realsense2_camera_msgs/package.dsv
[9.532s] -- Up-to-date: /home/lunabotics/2025-tibalt-bot/install/realsense2_camera_msgs/share/ament_index/resource_index/packages/realsense2_camera_msgs
[9.532s] -- Up-to-date: /home/lunabotics/2025-tibalt-bot/install/realsense2_camera_msgs/share/realsense2_camera_msgs/cmake/export_realsense2_camera_msgs__rosidl_generator_cExport.cmake
[9.533s] -- Up-to-date: /home/lunabotics/2025-tibalt-bot/install/realsense2_camera_msgs/share/realsense2_camera_msgs/cmake/export_realsense2_camera_msgs__rosidl_generator_cExport-noconfig.cmake
[9.533s] -- Up-to-date: /home/lunabotics/2025-tibalt-bot/install/realsense2_camera_msgs/share/realsense2_camera_msgs/cmake/export_realsense2_camera_msgs__rosidl_typesupport_fastrtps_cExport.cmake
[9.533s] -- Up-to-date: /home/lunabotics/2025-tibalt-bot/install/realsense2_camera_msgs/share/realsense2_camera_msgs/cmake/export_realsense2_camera_msgs__rosidl_typesupport_fastrtps_cExport-noconfig.cmake
[9.533s] -- Up-to-date: /home/lunabotics/2025-tibalt-bot/install/realsense2_camera_msgs/share/realsense2_camera_msgs/cmake/realsense2_camera_msgs__rosidl_typesupport_introspection_cExport.cmake
[9.533s] -- Up-to-date: /home/lunabotics/2025-tibalt-bot/install/realsense2_camera_msgs/share/realsense2_camera_msgs/cmake/realsense2_camera_msgs__rosidl_typesupport_introspection_cExport-noconfig.cmake
[9.534s] -- Up-to-date: /home/lunabotics/2025-tibalt-bot/install/realsense2_camera_msgs/share/realsense2_camera_msgs/cmake/realsense2_camera_msgs__rosidl_typesupport_cExport.cmake
[9.534s] -- Up-to-date: /home/lunabotics/2025-tibalt-bot/install/realsense2_camera_msgs/share/realsense2_camera_msgs/cmake/realsense2_camera_msgs__rosidl_typesupport_cExport-noconfig.cmake
[9.534s] -- Up-to-date: /home/lunabotics/2025-tibalt-bot/install/realsense2_camera_msgs/share/realsense2_camera_msgs/cmake/export_realsense2_camera_msgs__rosidl_generator_cppExport.cmake
[9.534s] -- Up-to-date: /home/lunabotics/2025-tibalt-bot/install/realsense2_camera_msgs/share/realsense2_camera_msgs/cmake/export_realsense2_camera_msgs__rosidl_typesupport_fastrtps_cppExport.cmake
[9.534s] -- Up-to-date: /home/lunabotics/2025-tibalt-bot/install/realsense2_camera_msgs/share/realsense2_camera_msgs/cmake/export_realsense2_camera_msgs__rosidl_typesupport_fastrtps_cppExport-noconfig.cmake
[9.535s] -- Up-to-date: /home/lunabotics/2025-tibalt-bot/install/realsense2_camera_msgs/share/realsense2_camera_msgs/cmake/realsense2_camera_msgs__rosidl_typesupport_introspection_cppExport.cmake
[9.535s] -- Up-to-date: /home/lunabotics/2025-tibalt-bot/install/realsense2_camera_msgs/share/realsense2_camera_msgs/cmake/realsense2_camera_msgs__rosidl_typesupport_introspection_cppExport-noconfig.cmake
[9.535s] -- Up-to-date: /home/lunabotics/2025-tibalt-bot/install/realsense2_camera_msgs/share/realsense2_camera_msgs/cmake/realsense2_camera_msgs__rosidl_typesupport_cppExport.cmake
[9.535s] -- Up-to-date: /home/lunabotics/2025-tibalt-bot/install/realsense2_camera_msgs/share/realsense2_camera_msgs/cmake/realsense2_camera_msgs__rosidl_typesupport_cppExport-noconfig.cmake
[9.535s] -- Up-to-date: /home/lunabotics/2025-tibalt-bot/install/realsense2_camera_msgs/share/realsense2_camera_msgs/cmake/export_realsense2_camera_msgs__rosidl_generator_pyExport.cmake
[9.535s] -- Up-to-date: /home/lunabotics/2025-tibalt-bot/install/realsense2_camera_msgs/share/realsense2_camera_msgs/cmake/export_realsense2_camera_msgs__rosidl_generator_pyExport-noconfig.cmake
[9.536s] -- Up-to-date: /home/lunabotics/2025-tibalt-bot/install/realsense2_camera_msgs/share/realsense2_camera_msgs/cmake/rosidl_cmake-extras.cmake
[9.536s] -- Up-to-date: /home/lunabotics/2025-tibalt-bot/install/realsense2_camera_msgs/share/realsense2_camera_msgs/cmake/ament_cmake_export_dependencies-extras.cmake
[9.536s] -- Up-to-date: /home/lunabotics/2025-tibalt-bot/install/realsense2_camera_msgs/share/realsense2_camera_msgs/cmake/ament_cmake_export_include_directories-extras.cmake
[9.536s] -- Up-to-date: /home/lunabotics/2025-tibalt-bot/install/realsense2_camera_msgs/share/realsense2_camera_msgs/cmake/ament_cmake_export_libraries-extras.cmake
[9.536s] -- Up-to-date: /home/lunabotics/2025-tibalt-bot/install/realsense2_camera_msgs/share/realsense2_camera_msgs/cmake/ament_cmake_export_targets-extras.cmake
[9.536s] -- Up-to-date: /home/lunabotics/2025-tibalt-bot/install/realsense2_camera_msgs/share/realsense2_camera_msgs/cmake/rosidl_cmake_export_typesupport_targets-extras.cmake
[9.536s] -- Up-to-date: /home/lunabotics/2025-tibalt-bot/install/realsense2_camera_msgs/share/realsense2_camera_msgs/cmake/rosidl_cmake_export_typesupport_libraries-extras.cmake
[9.537s] -- Up-to-date: /home/lunabotics/2025-tibalt-bot/install/realsense2_camera_msgs/share/realsense2_camera_msgs/cmake/realsense2_camera_msgsConfig.cmake
[9.537s] -- Up-to-date: /home/lunabotics/2025-tibalt-bot/install/realsense2_camera_msgs/share/realsense2_camera_msgs/cmake/realsense2_camera_msgsConfig-version.cmake
[9.537s] -- Up-to-date: /home/lunabotics/2025-tibalt-bot/install/realsense2_camera_msgs/share/realsense2_camera_msgs/package.xml
[9.545s] Invoked command in '/home/lunabotics/2025-tibalt-bot/build/realsense2_camera_msgs' returned '0': CMAKE_PREFIX_PATH=/opt/ros/humble /usr/bin/cmake --install /home/lunabotics/2025-tibalt-bot/build/realsense2_camera_msgs
