[0.037s] Invoking command in '/home/lunabotics/2025-tibalt-bot/build/realsense2_camera': AMENT_PREFIX_PATH=/home/lunabotics/2025-tibalt-bot/install/realsense2_camera_msgs:${AMENT_PREFIX_PATH} CMAKE_PREFIX_PATH=/home/lunabotics/2025-tibalt-bot/install/realsense2_camera_msgs:/opt/ros/humble LD_LIBRARY_PATH=/home/lunabotics/2025-tibalt-bot/install/realsense2_camera_msgs/lib:${LD_LIBRARY_PATH} PYTHONPATH=/home/lunabotics/2025-tibalt-bot/install/realsense2_camera_msgs/local/lib/python3.10/dist-packages:${PYTHONPATH} /usr/bin/cmake --build /home/lunabotics/2025-tibalt-bot/build/realsense2_camera -- -j6 -l6
[0.249s] -- Create Release Build.
[0.250s] -- Found ament_cmake: 1.3.11 (/opt/ros/humble/share/ament_cmake/cmake)
[0.654s] -- Found builtin_interfaces: 1.2.1 (/opt/ros/humble/share/builtin_interfaces/cmake)
[0.706s] -- Found rosidl_generator_c: 3.1.6 (/opt/ros/humble/share/rosidl_generator_c/cmake)
[0.711s] -- Found rosidl_adapter: 3.1.6 (/opt/ros/humble/share/rosidl_adapter/cmake)
[0.724s] -- Found rosidl_generator_cpp: 3.1.6 (/opt/ros/humble/share/rosidl_generator_cpp/cmake)
[0.744s] -- Using all available rosidl_typesupport_c: rosidl_typesupport_fastrtps_c;rosidl_typesupport_introspection_c
[0.770s] -- Using all available rosidl_typesupport_cpp: rosidl_typesupport_fastrtps_cpp;rosidl_typesupport_introspection_cpp
[0.800s] -- Found cv_bridge: 3.2.1 (/opt/ros/humble/share/cv_bridge/cmake)
[0.911s] -- Found image_transport: 3.1.11 (/opt/ros/humble/share/image_transport/cmake)
[1.013s] -- Found rmw_implementation_cmake: 6.1.2 (/opt/ros/humble/share/rmw_implementation_cmake/cmake)
[1.019s] -- Found rmw_fastrtps_cpp: 6.2.7 (/opt/ros/humble/share/rmw_fastrtps_cpp/cmake)
[1.268s] -- Using RMW implementation 'rmw_fastrtps_cpp' as default
[1.437s] -- Found rclcpp_components: 16.0.12 (/opt/ros/humble/share/rclcpp_components/cmake)
[1.484s] -- Found realsense2_camera_msgs: 4.55.1 (/home/lunabotics/2025-tibalt-bot/install/realsense2_camera_msgs/share/realsense2_camera_msgs/cmake)
[1.529s] -- Found nav_msgs: 4.8.0 (/opt/ros/humble/share/nav_msgs/cmake)
[1.574s] -- Found tf2_ros: 0.25.12 (/opt/ros/humble/share/tf2_ros/cmake)
[1.743s] -- Found diagnostic_updater: 4.0.3 (/opt/ros/humble/share/diagnostic_updater/cmake)
[1.794s] -- Build for ROS2 Humble
[1.805s] -- Found ament_cmake_gtest: 1.3.11 (/opt/ros/humble/share/ament_cmake_gtest/cmake)
[1.809s] -- Found gtest sources under '/opt/ros/humble/src/gtest_vendor': C++ tests using 'Google Test' will be built
[1.822s] -- Found ament_cmake_pytest: 1.3.11 (/opt/ros/humble/share/ament_cmake_pytest/cmake)
[11.386s] -- rs_device_info:
[11.387s] -- Device Name                   Serial Number       Firmware Version    
[11.387s] Intel RealSense D435I         033322071026        05.16.00.01         
[11.387s] 
[11.387s] -- D455 device found
[19.304s] -- Configuring done
[19.387s] -- Generating done
[19.420s] -- Build files have been written to: /home/lunabotics/2025-tibalt-bot/build/realsense2_camera
[19.526s] [35m[1mConsolidate compiler generated dependencies of target gtest[0m
[19.530s] [35m[1mConsolidate compiler generated dependencies of target gtest_main[0m
[19.545s] [35m[1mConsolidate compiler generated dependencies of target realsense2_camera_node[0m
[19.560s] [35m[1mConsolidate compiler generated dependencies of target realsense2_camera[0m
[19.567s] [  4%] [32m[1mLinking CXX static library libgtest.a[0m
[19.583s] [  9%] [32mBuilding CXX object gtest/CMakeFiles/gtest_main.dir/src/gtest_main.cc.o[0m
[19.623s] [ 18%] Built target realsense2_camera_node
[19.716s] [ 22%] [32mBuilding CXX object CMakeFiles/realsense2_camera.dir/src/realsense_node_factory.cpp.o[0m
[19.721s] [ 27%] [32mBuilding CXX object CMakeFiles/realsense2_camera.dir/src/base_realsense_node.cpp.o[0m
[19.722s] [ 31%] [32mBuilding CXX object CMakeFiles/realsense2_camera.dir/src/parameters.cpp.o[0m
[19.764s] [ 36%] [32mBuilding CXX object CMakeFiles/realsense2_camera.dir/src/rs_node_setup.cpp.o[0m
[21.002s] [ 40%] Built target gtest
[21.040s] [ 45%] [32mBuilding CXX object CMakeFiles/realsense2_camera.dir/src/tfs.cpp.o[0m
[22.741s] [ 50%] [32m[1mLinking CXX static library libgtest_main.a[0m
[23.128s] [ 50%] Built target gtest_main
[23.210s] [35m[1mConsolidate compiler generated dependencies of target gtest_template[0m
[23.321s] [ 54%] [32m[1mLinking CXX executable gtest_template[0m
[23.861s] [ 59%] Built target gtest_template
[70.859s] [ 63%] [32m[1mLinking CXX shared library librealsense2_camera.so[0m
[73.032s] [100%] Built target realsense2_camera
[73.091s] Invoked command in '/home/lunabotics/2025-tibalt-bot/build/realsense2_camera' returned '0': AMENT_PREFIX_PATH=/home/lunabotics/2025-tibalt-bot/install/realsense2_camera_msgs:${AMENT_PREFIX_PATH} CMAKE_PREFIX_PATH=/home/lunabotics/2025-tibalt-bot/install/realsense2_camera_msgs:/opt/ros/humble LD_LIBRARY_PATH=/home/lunabotics/2025-tibalt-bot/install/realsense2_camera_msgs/lib:${LD_LIBRARY_PATH} PYTHONPATH=/home/lunabotics/2025-tibalt-bot/install/realsense2_camera_msgs/local/lib/python3.10/dist-packages:${PYTHONPATH} /usr/bin/cmake --build /home/lunabotics/2025-tibalt-bot/build/realsense2_camera -- -j6 -l6
[73.098s] Invoking command in '/home/lunabotics/2025-tibalt-bot/build/realsense2_camera': AMENT_PREFIX_PATH=/home/lunabotics/2025-tibalt-bot/install/realsense2_camera_msgs:${AMENT_PREFIX_PATH} CMAKE_PREFIX_PATH=/home/lunabotics/2025-tibalt-bot/install/realsense2_camera_msgs:/opt/ros/humble LD_LIBRARY_PATH=/home/lunabotics/2025-tibalt-bot/install/realsense2_camera_msgs/lib:${LD_LIBRARY_PATH} PYTHONPATH=/home/lunabotics/2025-tibalt-bot/install/realsense2_camera_msgs/local/lib/python3.10/dist-packages:${PYTHONPATH} /usr/bin/cmake --install /home/lunabotics/2025-tibalt-bot/build/realsense2_camera
[73.129s] -- Install configuration: "Release"
[73.136s] -- Up-to-date: /home/lunabotics/2025-tibalt-bot/install/realsense2_camera/lib/realsense2_camera/realsense2_camera_node
[73.138s] -- Installing: /home/lunabotics/2025-tibalt-bot/install/realsense2_camera/lib/librealsense2_camera.so
[73.147s] -- Set runtime path of "/home/lunabotics/2025-tibalt-bot/install/realsense2_camera/lib/librealsense2_camera.so" to ""
[73.148s] -- Up-to-date: /home/lunabotics/2025-tibalt-bot/install/realsense2_camera/include
[73.148s] -- Up-to-date: /home/lunabotics/2025-tibalt-bot/install/realsense2_camera/include/ros_param_backend.h
[73.148s] -- Up-to-date: /home/lunabotics/2025-tibalt-bot/install/realsense2_camera/include/realsense_node_factory.h
[73.149s] -- Up-to-date: /home/lunabotics/2025-tibalt-bot/install/realsense2_camera/include/constants.h
[73.149s] -- Up-to-date: /home/lunabotics/2025-tibalt-bot/install/realsense2_camera/include/named_filter.h
[73.150s] -- Up-to-date: /home/lunabotics/2025-tibalt-bot/install/realsense2_camera/include/ros_sensor.h
[73.150s] -- Up-to-date: /home/lunabotics/2025-tibalt-bot/install/realsense2_camera/include/dynamic_params.h
[73.150s] -- Up-to-date: /home/lunabotics/2025-tibalt-bot/install/realsense2_camera/include/base_realsense_node.h
[73.150s] -- Up-to-date: /home/lunabotics/2025-tibalt-bot/install/realsense2_camera/include/image_publisher.h
[73.150s] -- Up-to-date: /home/lunabotics/2025-tibalt-bot/install/realsense2_camera/include/gl_window.h
[73.151s] -- Up-to-date: /home/lunabotics/2025-tibalt-bot/install/realsense2_camera/include/sensor_params.h
[73.151s] -- Up-to-date: /home/lunabotics/2025-tibalt-bot/install/realsense2_camera/include/ros_utils.h
[73.151s] -- Up-to-date: /home/lunabotics/2025-tibalt-bot/install/realsense2_camera/include/profile_manager.h
[73.151s] -- Up-to-date: /home/lunabotics/2025-tibalt-bot/install/realsense2_camera/share/realsense2_camera/launch
[73.151s] -- Up-to-date: /home/lunabotics/2025-tibalt-bot/install/realsense2_camera/share/realsense2_camera/launch/rs_multi_camera_launch.py
[73.151s] -- Up-to-date: /home/lunabotics/2025-tibalt-bot/install/realsense2_camera/share/realsense2_camera/launch/rs_intra_process_demo_launch.py
[73.151s] -- Up-to-date: /home/lunabotics/2025-tibalt-bot/install/realsense2_camera/share/realsense2_camera/launch/rs_launch.py
[73.152s] -- Up-to-date: /home/lunabotics/2025-tibalt-bot/install/realsense2_camera/share/realsense2_camera/launch/default.rviz
[73.152s] -- Up-to-date: /home/lunabotics/2025-tibalt-bot/install/realsense2_camera/share/realsense2_camera/examples
[73.152s] -- Up-to-date: /home/lunabotics/2025-tibalt-bot/install/realsense2_camera/share/realsense2_camera/examples/align_depth
[73.152s] -- Up-to-date: /home/lunabotics/2025-tibalt-bot/install/realsense2_camera/share/realsense2_camera/examples/align_depth/README.md
[73.152s] -- Up-to-date: /home/lunabotics/2025-tibalt-bot/install/realsense2_camera/share/realsense2_camera/examples/align_depth/rs_align_depth_launch.py
[73.152s] -- Up-to-date: /home/lunabotics/2025-tibalt-bot/install/realsense2_camera/share/realsense2_camera/examples/launch_from_rosbag
[73.152s] -- Up-to-date: /home/lunabotics/2025-tibalt-bot/install/realsense2_camera/share/realsense2_camera/examples/launch_from_rosbag/README.md
[73.153s] -- Up-to-date: /home/lunabotics/2025-tibalt-bot/install/realsense2_camera/share/realsense2_camera/examples/launch_from_rosbag/rs_launch_from_rosbag.py
[73.153s] -- Up-to-date: /home/lunabotics/2025-tibalt-bot/install/realsense2_camera/share/realsense2_camera/examples/launch_params_from_file
[73.153s] -- Up-to-date: /home/lunabotics/2025-tibalt-bot/install/realsense2_camera/share/realsense2_camera/examples/launch_params_from_file/rs_launch_get_params_from_yaml.py
[73.153s] -- Up-to-date: /home/lunabotics/2025-tibalt-bot/install/realsense2_camera/share/realsense2_camera/examples/launch_params_from_file/README.md
[73.153s] -- Up-to-date: /home/lunabotics/2025-tibalt-bot/install/realsense2_camera/share/realsense2_camera/examples/launch_params_from_file/config
[73.154s] -- Up-to-date: /home/lunabotics/2025-tibalt-bot/install/realsense2_camera/share/realsense2_camera/examples/launch_params_from_file/config/config.yaml
[73.154s] -- Up-to-date: /home/lunabotics/2025-tibalt-bot/install/realsense2_camera/share/realsense2_camera/examples/pointcloud
[73.154s] -- Up-to-date: /home/lunabotics/2025-tibalt-bot/install/realsense2_camera/share/realsense2_camera/examples/pointcloud/rviz
[73.154s] -- Up-to-date: /home/lunabotics/2025-tibalt-bot/install/realsense2_camera/share/realsense2_camera/examples/pointcloud/rviz/urdf_pointcloud.rviz
[73.154s] -- Up-to-date: /home/lunabotics/2025-tibalt-bot/install/realsense2_camera/share/realsense2_camera/examples/pointcloud/rviz/pointcloud.rviz
[73.154s] -- Up-to-date: /home/lunabotics/2025-tibalt-bot/install/realsense2_camera/share/realsense2_camera/examples/pointcloud/rs_d405_pointcloud_launch.py
[73.154s] -- Up-to-date: /home/lunabotics/2025-tibalt-bot/install/realsense2_camera/share/realsense2_camera/examples/pointcloud/README.md
[73.155s] -- Up-to-date: /home/lunabotics/2025-tibalt-bot/install/realsense2_camera/share/realsense2_camera/examples/pointcloud/rs_pointcloud_launch.py
[73.155s] -- Up-to-date: /home/lunabotics/2025-tibalt-bot/install/realsense2_camera/share/realsense2_camera/examples/pointcloud/rs_d455_pointcloud_launch.py
[73.155s] -- Up-to-date: /home/lunabotics/2025-tibalt-bot/install/realsense2_camera/share/realsense2_camera/examples/dual_camera
[73.155s] -- Up-to-date: /home/lunabotics/2025-tibalt-bot/install/realsense2_camera/share/realsense2_camera/examples/dual_camera/rviz
[73.155s] -- Up-to-date: /home/lunabotics/2025-tibalt-bot/install/realsense2_camera/share/realsense2_camera/examples/dual_camera/rviz/dual_camera_pointcloud.rviz
[73.155s] -- Up-to-date: /home/lunabotics/2025-tibalt-bot/install/realsense2_camera/share/realsense2_camera/examples/dual_camera/README.md
[73.155s] -- Up-to-date: /home/lunabotics/2025-tibalt-bot/install/realsense2_camera/share/realsense2_camera/examples/dual_camera/rs_dual_camera_launch.py
[73.155s] -- Installing: /home/lunabotics/2025-tibalt-bot/install/realsense2_camera/share/realsense2_camera/environment/library_path.sh
[73.156s] -- Installing: /home/lunabotics/2025-tibalt-bot/install/realsense2_camera/share/realsense2_camera/environment/library_path.dsv
[73.156s] -- Up-to-date: /home/lunabotics/2025-tibalt-bot/install/realsense2_camera/share/ament_index/resource_index/package_run_dependencies/realsense2_camera
[73.156s] -- Up-to-date: /home/lunabotics/2025-tibalt-bot/install/realsense2_camera/share/ament_index/resource_index/parent_prefix_path/realsense2_camera
[73.159s] -- Installing: /home/lunabotics/2025-tibalt-bot/install/realsense2_camera/share/realsense2_camera/environment/ament_prefix_path.sh
[73.161s] -- Installing: /home/lunabotics/2025-tibalt-bot/install/realsense2_camera/share/realsense2_camera/environment/ament_prefix_path.dsv
[73.162s] -- Installing: /home/lunabotics/2025-tibalt-bot/install/realsense2_camera/share/realsense2_camera/environment/path.sh
[73.162s] -- Installing: /home/lunabotics/2025-tibalt-bot/install/realsense2_camera/share/realsense2_camera/environment/path.dsv
[73.163s] -- Up-to-date: /home/lunabotics/2025-tibalt-bot/install/realsense2_camera/share/realsense2_camera/local_setup.bash
[73.163s] -- Up-to-date: /home/lunabotics/2025-tibalt-bot/install/realsense2_camera/share/realsense2_camera/local_setup.sh
[73.164s] -- Up-to-date: /home/lunabotics/2025-tibalt-bot/install/realsense2_camera/share/realsense2_camera/local_setup.zsh
[73.164s] -- Installing: /home/lunabotics/2025-tibalt-bot/install/realsense2_camera/share/realsense2_camera/local_setup.dsv
[73.164s] -- Installing: /home/lunabotics/2025-tibalt-bot/install/realsense2_camera/share/realsense2_camera/package.dsv
[73.165s] -- Up-to-date: /home/lunabotics/2025-tibalt-bot/install/realsense2_camera/share/ament_index/resource_index/packages/realsense2_camera
[73.165s] -- Up-to-date: /home/lunabotics/2025-tibalt-bot/install/realsense2_camera/share/ament_index/resource_index/rclcpp_components/realsense2_camera
[73.166s] -- Up-to-date: /home/lunabotics/2025-tibalt-bot/install/realsense2_camera/share/realsense2_camera/cmake/ament_cmake_export_include_directories-extras.cmake
[73.166s] -- Up-to-date: /home/lunabotics/2025-tibalt-bot/install/realsense2_camera/share/realsense2_camera/cmake/ament_cmake_export_libraries-extras.cmake
[73.166s] -- Up-to-date: /home/lunabotics/2025-tibalt-bot/install/realsense2_camera/share/realsense2_camera/cmake/ament_cmake_export_dependencies-extras.cmake
[73.166s] -- Up-to-date: /home/lunabotics/2025-tibalt-bot/install/realsense2_camera/share/realsense2_camera/cmake/realsense2_cameraConfig.cmake
[73.166s] -- Up-to-date: /home/lunabotics/2025-tibalt-bot/install/realsense2_camera/share/realsense2_camera/cmake/realsense2_cameraConfig-version.cmake
[73.167s] -- Up-to-date: /home/lunabotics/2025-tibalt-bot/install/realsense2_camera/share/realsense2_camera/package.xml
[73.183s] Invoked command in '/home/lunabotics/2025-tibalt-bot/build/realsense2_camera' returned '0': AMENT_PREFIX_PATH=/home/lunabotics/2025-tibalt-bot/install/realsense2_camera_msgs:${AMENT_PREFIX_PATH} CMAKE_PREFIX_PATH=/home/lunabotics/2025-tibalt-bot/install/realsense2_camera_msgs:/opt/ros/humble LD_LIBRARY_PATH=/home/lunabotics/2025-tibalt-bot/install/realsense2_camera_msgs/lib:${LD_LIBRARY_PATH} PYTHONPATH=/home/lunabotics/2025-tibalt-bot/install/realsense2_camera_msgs/local/lib/python3.10/dist-packages:${PYTHONPATH} /usr/bin/cmake --install /home/lunabotics/2025-tibalt-bot/build/realsense2_camera
