[0.179s] Invoking command in '/home/lunabotics/2025-tibalt-bot/build/LZ4': /usr/bin/cmake --build /home/lunabotics/2025-tibalt-bot/build/LZ4 -- -j6 -l6
[0.423s] [  4%] [32mBuilding C object CMakeFiles/lz4cli.dir/home/lunabotics/2025-tibalt-bot/arduino/tibaltArduino/teensy/rygel/vendor/lz4/programs/bench.c.o[0m
[0.449s] [  9%] [32mBuilding C object CMakeFiles/lz4cli.dir/home/lunabotics/2025-tibalt-bot/arduino/tibaltArduino/teensy/rygel/vendor/lz4/programs/lorem.c.o[0m
[0.495s] [ 14%] [32mBuilding C object CMakeFiles/lz4cli.dir/home/lunabotics/2025-tibalt-bot/arduino/tibaltArduino/teensy/rygel/vendor/lz4/programs/lz4cli.c.o[0m
[0.550s] [ 19%] [32mBuilding C object CMakeFiles/lz4cli.dir/home/lunabotics/2025-tibalt-bot/arduino/tibaltArduino/teensy/rygel/vendor/lz4/programs/threadpool.c.o[0m
[0.608s] [ 23%] [32mBuilding C object CMakeFiles/lz4cli.dir/home/lunabotics/2025-tibalt-bot/arduino/tibaltArduino/teensy/rygel/vendor/lz4/programs/lz4io.c.o[0m
[0.701s] [ 28%] [32mBuilding C object CMakeFiles/lz4_shared.dir/home/lunabotics/2025-tibalt-bot/arduino/tibaltArduino/teensy/rygel/vendor/lz4/lib/lz4.c.o[0m
[0.808s] [ 33%] [32mBuilding C object CMakeFiles/lz4cli.dir/home/lunabotics/2025-tibalt-bot/arduino/tibaltArduino/teensy/rygel/vendor/lz4/programs/timefn.c.o[0m
[0.925s] [ 38%] [32mBuilding C object CMakeFiles/lz4cli.dir/home/lunabotics/2025-tibalt-bot/arduino/tibaltArduino/teensy/rygel/vendor/lz4/programs/util.c.o[0m
[1.212s] [ 42%] [32mBuilding C object CMakeFiles/lz4cli.dir/home/lunabotics/2025-tibalt-bot/arduino/tibaltArduino/teensy/rygel/vendor/lz4/lib/lz4.c.o[0m
[1.432s] [ 52%] [32mBuilding C object CMakeFiles/lz4cli.dir/home/lunabotics/2025-tibalt-bot/arduino/tibaltArduino/teensy/rygel/vendor/lz4/lib/lz4file.c.o[0m
[1.432s] [ 52%] [32mBuilding C object CMakeFiles/lz4cli.dir/home/lunabotics/2025-tibalt-bot/arduino/tibaltArduino/teensy/rygel/vendor/lz4/lib/lz4frame.c.o[0m
[2.236s] [ 57%] [32mBuilding C object CMakeFiles/lz4cli.dir/home/lunabotics/2025-tibalt-bot/arduino/tibaltArduino/teensy/rygel/vendor/lz4/lib/lz4hc.c.o[0m
[2.392s] [ 61%] [32mBuilding C object CMakeFiles/lz4cli.dir/home/lunabotics/2025-tibalt-bot/arduino/tibaltArduino/teensy/rygel/vendor/lz4/lib/xxhash.c.o[0m
[2.978s] [ 66%] [32mBuilding C object CMakeFiles/lz4_shared.dir/home/lunabotics/2025-tibalt-bot/arduino/tibaltArduino/teensy/rygel/vendor/lz4/lib/lz4file.c.o[0m
[3.737s] [ 71%] [32mBuilding C object CMakeFiles/lz4_shared.dir/home/lunabotics/2025-tibalt-bot/arduino/tibaltArduino/teensy/rygel/vendor/lz4/lib/lz4frame.c.o[0m
[5.066s] [ 76%] [32mBuilding C object CMakeFiles/lz4_shared.dir/home/lunabotics/2025-tibalt-bot/arduino/tibaltArduino/teensy/rygel/vendor/lz4/lib/xxhash.c.o[0m
[5.960s] [ 80%] [32mBuilding C object CMakeFiles/lz4_shared.dir/home/lunabotics/2025-tibalt-bot/arduino/tibaltArduino/teensy/rygel/vendor/lz4/lib/lz4hc.c.o[0m
[8.482s] [ 85%] [32m[1mLinking C shared library liblz4.so[0m
[8.636s] [ 90%] [32m[1mLinking C executable lz4[0m
[8.928s] [ 90%] Built target lz4_shared
[9.093s] [ 90%] Built target lz4cli
[9.259s] [ 95%] [34m[1mCreating symlink for unlz4[0m
[9.268s] [100%] [34m[1mCreating symlink for lz4cat[0m
[9.325s] [100%] Built target create_lz4cat_symlink
[9.326s] [100%] Built target create_unlz4_symlink
