[1.879s] Invoking command in '/home/lunabotics/2025-tibalt-bot/src/rover_control': PYTHONPATH=/home/lunabotics/2025-tibalt-bot/build/rover_control/prefix_override:/usr/lib/python3/dist-packages/colcon_core/task/python/colcon_distutils_commands:/home/lunabotics/2025-tibalt-bot/install/rover_control/lib/python3.10/site-packages:${PYTHONPATH} /usr/bin/python3 -W ignore:setup.py install is deprecated -W ignore:easy_install command is deprecated setup.py egg_info --egg-base ../../build/rover_control build --build-base /home/lunabotics/2025-tibalt-bot/build/rover_control/build install --record /home/lunabotics/2025-tibalt-bot/build/rover_control/install.log --single-version-externally-managed install_data
[2.485s] running egg_info
[2.486s] writing ../../build/rover_control/rover_control.egg-info/PKG-INFO
[2.487s] writing dependency_links to ../../build/rover_control/rover_control.egg-info/dependency_links.txt
[2.488s] writing entry points to ../../build/rover_control/rover_control.egg-info/entry_points.txt
[2.488s] writing requirements to ../../build/rover_control/rover_control.egg-info/requires.txt
[2.488s] writing top-level names to ../../build/rover_control/rover_control.egg-info/top_level.txt
[2.493s] reading manifest file '../../build/rover_control/rover_control.egg-info/SOURCES.txt'
[2.495s] writing manifest file '../../build/rover_control/rover_control.egg-info/SOURCES.txt'
[2.496s] running build
[2.496s] running build_py
[2.497s] running install
[2.497s] running install_lib
[2.506s] running install_data
[2.507s] running install_egg_info
[2.511s] removing '/home/lunabotics/2025-tibalt-bot/install/rover_control/lib/python3.10/site-packages/rover_control-0.0.0-py3.10.egg-info' (and everything under it)
[2.512s] Copying ../../build/rover_control/rover_control.egg-info to /home/lunabotics/2025-tibalt-bot/install/rover_control/lib/python3.10/site-packages/rover_control-0.0.0-py3.10.egg-info
[2.516s] running install_scripts
[2.570s] Installing tibalt_control script to /home/lunabotics/2025-tibalt-bot/install/rover_control/lib/rover_control
[2.571s] writing list of installed files to '/home/lunabotics/2025-tibalt-bot/build/rover_control/install.log'
[2.692s] Invoked command in '/home/lunabotics/2025-tibalt-bot/src/rover_control' returned '0': PYTHONPATH=/home/lunabotics/2025-tibalt-bot/build/rover_control/prefix_override:/usr/lib/python3/dist-packages/colcon_core/task/python/colcon_distutils_commands:/home/lunabotics/2025-tibalt-bot/install/rover_control/lib/python3.10/site-packages:${PYTHONPATH} /usr/bin/python3 -W ignore:setup.py install is deprecated -W ignore:easy_install command is deprecated setup.py egg_info --egg-base ../../build/rover_control build --build-base /home/lunabotics/2025-tibalt-bot/build/rover_control/build install --record /home/lunabotics/2025-tibalt-bot/build/rover_control/install.log --single-version-externally-managed install_data
