[3.199s] Invoking command in '/home/lunabotics/2025-tibalt-bot/src/rover_control': PYTHONPATH=/home/lunabotics/2025-tibalt-bot/build/rover_control/prefix_override:/usr/lib/python3/dist-packages/colcon_core/task/python/colcon_distutils_commands:/home/lunabotics/2025-tibalt-bot/install/rover_control/lib/python3.10/site-packages:${PYTHONPATH} /usr/bin/python3 -W ignore:setup.py install is deprecated -W ignore:easy_install command is deprecated setup.py egg_info --egg-base ../../build/rover_control build --build-base /home/lunabotics/2025-tibalt-bot/build/rover_control/build install --record /home/lunabotics/2025-tibalt-bot/build/rover_control/install.log --single-version-externally-managed install_data
[4.010s] running egg_info
[4.012s] writing ../../build/rover_control/rover_control.egg-info/PKG-INFO
[4.013s] writing dependency_links to ../../build/rover_control/rover_control.egg-info/dependency_links.txt
[4.014s] writing entry points to ../../build/rover_control/rover_control.egg-info/entry_points.txt
[4.014s] writing requirements to ../../build/rover_control/rover_control.egg-info/requires.txt
[4.015s] writing top-level names to ../../build/rover_control/rover_control.egg-info/top_level.txt
[4.022s] reading manifest file '../../build/rover_control/rover_control.egg-info/SOURCES.txt'
[4.024s] writing manifest file '../../build/rover_control/rover_control.egg-info/SOURCES.txt'
[4.024s] running build
[4.024s] running build_py
[4.025s] running install
[4.027s] running install_lib
[4.042s] byte-compiling /home/lunabotics/2025-tibalt-bot/install/rover_control/lib/python3.10/site-packages/rover_control/tibalt_control.py to tibalt_control.cpython-310.pyc
[4.050s] byte-compiling /home/lunabotics/2025-tibalt-bot/install/rover_control/lib/python3.10/site-packages/rover_control/__init__.py to __init__.cpython-310.pyc
[4.057s] running install_data
[4.058s] running install_egg_info
[4.064s] removing '/home/lunabotics/2025-tibalt-bot/install/rover_control/lib/python3.10/site-packages/rover_control-0.0.0-py3.10.egg-info' (and everything under it)
[4.069s] Copying ../../build/rover_control/rover_control.egg-info to /home/lunabotics/2025-tibalt-bot/install/rover_control/lib/python3.10/site-packages/rover_control-0.0.0-py3.10.egg-info
[4.072s] running install_scripts
[4.138s] Installing tibalt_control script to /home/lunabotics/2025-tibalt-bot/install/rover_control/lib/rover_control
[4.141s] writing list of installed files to '/home/lunabotics/2025-tibalt-bot/build/rover_control/install.log'
[4.318s] Invoked command in '/home/lunabotics/2025-tibalt-bot/src/rover_control' returned '0': PYTHONPATH=/home/lunabotics/2025-tibalt-bot/build/rover_control/prefix_override:/usr/lib/python3/dist-packages/colcon_core/task/python/colcon_distutils_commands:/home/lunabotics/2025-tibalt-bot/install/rover_control/lib/python3.10/site-packages:${PYTHONPATH} /usr/bin/python3 -W ignore:setup.py install is deprecated -W ignore:easy_install command is deprecated setup.py egg_info --egg-base ../../build/rover_control build --build-base /home/lunabotics/2025-tibalt-bot/build/rover_control/build install --record /home/lunabotics/2025-tibalt-bot/build/rover_control/install.log --single-version-externally-managed install_data
