[1.479s] Invoking command in '/home/lunabotics/2025-tibalt-bot/src/rover_control': PYTHONPATH=/home/lunabotics/2025-tibalt-bot/build/rover_control/prefix_override:/usr/lib/python3/dist-packages/colcon_core/task/python/colcon_distutils_commands:/home/lunabotics/2025-tibalt-bot/install/rover_control/lib/python3.10/site-packages: /usr/bin/python3 -W ignore:setup.py install is deprecated -W ignore:easy_install command is deprecated setup.py egg_info --egg-base ../../build/rover_control build --build-base /home/lunabotics/2025-tibalt-bot/build/rover_control/build install --record /home/lunabotics/2025-tibalt-bot/build/rover_control/install.log --single-version-externally-managed install_data
[2.004s] running egg_info
[2.006s] writing ../../build/rover_control/rover_control.egg-info/PKG-INFO
[2.007s] writing dependency_links to ../../build/rover_control/rover_control.egg-info/dependency_links.txt
[2.008s] writing entry points to ../../build/rover_control/rover_control.egg-info/entry_points.txt
[2.009s] writing requirements to ../../build/rover_control/rover_control.egg-info/requires.txt
[2.009s] writing top-level names to ../../build/rover_control/rover_control.egg-info/top_level.txt
[2.016s] reading manifest file '../../build/rover_control/rover_control.egg-info/SOURCES.txt'
[2.018s] writing manifest file '../../build/rover_control/rover_control.egg-info/SOURCES.txt'
[2.020s] running build
[2.020s] running build_py
[2.022s] running install
[2.022s] running install_lib
[2.028s] running install_data
[2.028s] copying launch/topics_launch.py -> /home/lunabotics/2025-tibalt-bot/install/rover_control/share/rover_control/launch
[2.028s] running install_egg_info
[2.033s] removing '/home/lunabotics/2025-tibalt-bot/install/rover_control/lib/python3.10/site-packages/rover_control-0.0.0-py3.10.egg-info' (and everything under it)
[2.034s] Copying ../../build/rover_control/rover_control.egg-info to /home/lunabotics/2025-tibalt-bot/install/rover_control/lib/python3.10/site-packages/rover_control-0.0.0-py3.10.egg-info
[2.036s] running install_scripts
[2.093s] Installing tibalt_control script to /home/lunabotics/2025-tibalt-bot/install/rover_control/lib/rover_control
[2.094s] writing list of installed files to '/home/lunabotics/2025-tibalt-bot/build/rover_control/install.log'
[2.236s] Invoked command in '/home/lunabotics/2025-tibalt-bot/src/rover_control' returned '0': PYTHONPATH=/home/lunabotics/2025-tibalt-bot/build/rover_control/prefix_override:/usr/lib/python3/dist-packages/colcon_core/task/python/colcon_distutils_commands:/home/lunabotics/2025-tibalt-bot/install/rover_control/lib/python3.10/site-packages: /usr/bin/python3 -W ignore:setup.py install is deprecated -W ignore:easy_install command is deprecated setup.py egg_info --egg-base ../../build/rover_control build --build-base /home/lunabotics/2025-tibalt-bot/build/rover_control/build install --record /home/lunabotics/2025-tibalt-bot/build/rover_control/install.log --single-version-externally-managed install_data
