[1.457s] Invoking command in '/home/lunabotics/2025-tibalt-bot/src/rover_control': PYTHONPATH=/home/lunabotics/2025-tibalt-bot/build/rover_control/prefix_override:/usr/lib/python3/dist-packages/colcon_core/task/python/colcon_distutils_commands:/home/lunabotics/2025-tibalt-bot/install/rover_control/lib/python3.10/site-packages:${PYTHONPATH} /usr/bin/python3 -W ignore:setup.py install is deprecated -W ignore:easy_install command is deprecated setup.py egg_info --egg-base ../../build/rover_control build --build-base /home/lunabotics/2025-tibalt-bot/build/rover_control/build install --record /home/lunabotics/2025-tibalt-bot/build/rover_control/install.log --single-version-externally-managed install_data
[1.897s] running egg_info
[1.898s] writing ../../build/rover_control/rover_control.egg-info/PKG-INFO
[1.899s] writing dependency_links to ../../build/rover_control/rover_control.egg-info/dependency_links.txt
[1.899s] writing entry points to ../../build/rover_control/rover_control.egg-info/entry_points.txt
[1.900s] writing requirements to ../../build/rover_control/rover_control.egg-info/requires.txt
[1.900s] writing top-level names to ../../build/rover_control/rover_control.egg-info/top_level.txt
[1.904s] reading manifest file '../../build/rover_control/rover_control.egg-info/SOURCES.txt'
[1.906s] writing manifest file '../../build/rover_control/rover_control.egg-info/SOURCES.txt'
[1.906s] running build
[1.906s] running build_py
[1.906s] creating /home/lunabotics/2025-tibalt-bot/build/rover_control/build/lib/rover_control
[1.907s] copying rover_control/gui.py -> /home/lunabotics/2025-tibalt-bot/build/rover_control/build/lib/rover_control
[1.907s] copying rover_control/joystick_pipeline.py -> /home/lunabotics/2025-tibalt-bot/build/rover_control/build/lib/rover_control
[1.907s] copying rover_control/tibalt_control.py -> /home/lunabotics/2025-tibalt-bot/build/rover_control/build/lib/rover_control
[1.908s] copying rover_control/__init__.py -> /home/lunabotics/2025-tibalt-bot/build/rover_control/build/lib/rover_control
[1.908s] running install
[1.909s] running install_lib
[1.911s] creating /home/lunabotics/2025-tibalt-bot/install/rover_control/lib/python3.10/site-packages/rover_control
[1.911s] copying /home/lunabotics/2025-tibalt-bot/build/rover_control/build/lib/rover_control/gui.py -> /home/lunabotics/2025-tibalt-bot/install/rover_control/lib/python3.10/site-packages/rover_control
[1.911s] copying /home/lunabotics/2025-tibalt-bot/build/rover_control/build/lib/rover_control/joystick_pipeline.py -> /home/lunabotics/2025-tibalt-bot/install/rover_control/lib/python3.10/site-packages/rover_control
[1.912s] copying /home/lunabotics/2025-tibalt-bot/build/rover_control/build/lib/rover_control/tibalt_control.py -> /home/lunabotics/2025-tibalt-bot/install/rover_control/lib/python3.10/site-packages/rover_control
[1.912s] copying /home/lunabotics/2025-tibalt-bot/build/rover_control/build/lib/rover_control/__init__.py -> /home/lunabotics/2025-tibalt-bot/install/rover_control/lib/python3.10/site-packages/rover_control
[1.913s] byte-compiling /home/lunabotics/2025-tibalt-bot/install/rover_control/lib/python3.10/site-packages/rover_control/gui.py to gui.cpython-310.pyc
[1.918s] byte-compiling /home/lunabotics/2025-tibalt-bot/install/rover_control/lib/python3.10/site-packages/rover_control/joystick_pipeline.py to joystick_pipeline.cpython-310.pyc
[1.919s] byte-compiling /home/lunabotics/2025-tibalt-bot/install/rover_control/lib/python3.10/site-packages/rover_control/tibalt_control.py to tibalt_control.cpython-310.pyc
[1.921s] byte-compiling /home/lunabotics/2025-tibalt-bot/install/rover_control/lib/python3.10/site-packages/rover_control/__init__.py to __init__.cpython-310.pyc
[1.922s] running install_data
[1.922s] running install_egg_info
[1.926s] removing '/home/lunabotics/2025-tibalt-bot/install/rover_control/lib/python3.10/site-packages/rover_control-0.0.0-py3.10.egg-info' (and everything under it)
[1.928s] Copying ../../build/rover_control/rover_control.egg-info to /home/lunabotics/2025-tibalt-bot/install/rover_control/lib/python3.10/site-packages/rover_control-0.0.0-py3.10.egg-info
[1.930s] running install_scripts
[1.979s] Installing joystick_pipeline script to /home/lunabotics/2025-tibalt-bot/install/rover_control/lib/rover_control
[1.980s] Installing tibalt_control script to /home/lunabotics/2025-tibalt-bot/install/rover_control/lib/rover_control
[1.981s] writing list of installed files to '/home/lunabotics/2025-tibalt-bot/build/rover_control/install.log'
[2.087s] Invoked command in '/home/lunabotics/2025-tibalt-bot/src/rover_control' returned '0': PYTHONPATH=/home/lunabotics/2025-tibalt-bot/build/rover_control/prefix_override:/usr/lib/python3/dist-packages/colcon_core/task/python/colcon_distutils_commands:/home/lunabotics/2025-tibalt-bot/install/rover_control/lib/python3.10/site-packages:${PYTHONPATH} /usr/bin/python3 -W ignore:setup.py install is deprecated -W ignore:easy_install command is deprecated setup.py egg_info --egg-base ../../build/rover_control build --build-base /home/lunabotics/2025-tibalt-bot/build/rover_control/build install --record /home/lunabotics/2025-tibalt-bot/build/rover_control/install.log --single-version-externally-managed install_data
