[0.023s] Invoking command in '/home/lunabotics/2025-tibalt-bot/build/realsense2_camera': AMENT_PREFIX_PATH=/home/lunabotics/2025-tibalt-bot/install/realsense2_camera_msgs:${AMENT_PREFIX_PATH} CMAKE_PREFIX_PATH=/home/lunabotics/2025-tibalt-bot/install/realsense2_camera_msgs:/opt/ros/humble LD_LIBRARY_PATH=/home/lunabotics/2025-tibalt-bot/install/realsense2_camera_msgs/lib:${LD_LIBRARY_PATH} PYTHONPATH=/home/lunabotics/2025-tibalt-bot/install/realsense2_camera_msgs/local/lib/python3.10/dist-packages:${PYTHONPATH} /usr/bin/cmake /home/lunabotics/2025-tibalt-bot/src/realsense-ros-4.55.1/realsense2_camera -DCMAKE_INSTALL_PREFIX=/home/lunabotics/2025-tibalt-bot/install/realsense2_camera
[0.162s] -- The C compiler identification is GNU 11.4.0
[0.309s] -- The CXX compiler identification is GNU 11.4.0
[0.330s] -- Detecting C compiler ABI info
[0.517s] -- Detecting C compiler ABI info - done
[0.543s] -- Check for working C compiler: /usr/bin/cc - skipped
[0.544s] -- Detecting C compile features
[0.545s] -- Detecting C compile features - done
[0.556s] -- Detecting CXX compiler ABI info
[0.771s] -- Detecting CXX compiler ABI info - done
[0.793s] -- Check for working CXX compiler: /usr/bin/c++ - skipped
[0.794s] -- Detecting CXX compile features
[0.796s] -- Detecting CXX compile features - done
[0.799s] -- Create Release Build.
[0.804s] -- Found ament_cmake: 1.3.11 (/opt/ros/humble/share/ament_cmake/cmake)
[1.220s] -- Found Python3: /usr/bin/python3 (found version "3.10.12") found components: Interpreter 
[1.477s] -- Found builtin_interfaces: 1.2.1 (/opt/ros/humble/share/builtin_interfaces/cmake)
[1.548s] -- Found rosidl_generator_c: 3.1.6 (/opt/ros/humble/share/rosidl_generator_c/cmake)
[1.557s] -- Found rosidl_adapter: 3.1.6 (/opt/ros/humble/share/rosidl_adapter/cmake)
[1.574s] -- Found rosidl_generator_cpp: 3.1.6 (/opt/ros/humble/share/rosidl_generator_cpp/cmake)
[1.598s] -- Using all available rosidl_typesupport_c: rosidl_typesupport_fastrtps_c;rosidl_typesupport_introspection_c
[1.632s] -- Using all available rosidl_typesupport_cpp: rosidl_typesupport_fastrtps_cpp;rosidl_typesupport_introspection_cpp
[1.666s] -- Found cv_bridge: 3.2.1 (/opt/ros/humble/share/cv_bridge/cmake)
[1.793s] -- Found image_transport: 3.1.11 (/opt/ros/humble/share/image_transport/cmake)
[1.944s] -- Found rmw_implementation_cmake: 6.1.2 (/opt/ros/humble/share/rmw_implementation_cmake/cmake)
[1.953s] -- Found rmw_fastrtps_cpp: 6.2.7 (/opt/ros/humble/share/rmw_fastrtps_cpp/cmake)
[2.239s] -- Found OpenSSL: /usr/lib/aarch64-linux-gnu/libcrypto.so (found version "3.0.2")  
[2.326s] -- Found FastRTPS: /opt/ros/humble/include  
[2.421s] -- Using RMW implementation 'rmw_fastrtps_cpp' as default
[2.447s] -- Looking for pthread.h
[2.642s] -- Looking for pthread.h - found
[2.643s] -- Performing Test CMAKE_HAVE_LIBC_PTHREAD
[2.843s] -- Performing Test CMAKE_HAVE_LIBC_PTHREAD - Success
[2.847s] -- Found Threads: TRUE  
[3.073s] -- Found rclcpp_components: 16.0.12 (/opt/ros/humble/share/rclcpp_components/cmake)
[3.128s] -- Found realsense2_camera_msgs: 4.55.1 (/home/lunabotics/2025-tibalt-bot/install/realsense2_camera_msgs/share/realsense2_camera_msgs/cmake)
[3.171s] -- Found nav_msgs: 4.8.0 (/opt/ros/humble/share/nav_msgs/cmake)
[3.222s] -- Found tf2_ros: 0.25.12 (/opt/ros/humble/share/tf2_ros/cmake)
[3.431s] -- Found diagnostic_updater: 4.0.3 (/opt/ros/humble/share/diagnostic_updater/cmake)
[3.488s] -- Found OpenCV: /usr (found version "4.8.0") found components: core 
[3.495s] -- Build for ROS2 Humble
[3.509s] -- Found ament_cmake_gtest: 1.3.11 (/opt/ros/humble/share/ament_cmake_gtest/cmake)
[3.516s] -- Found gtest sources under '/opt/ros/humble/src/gtest_vendor': C++ tests using 'Google Test' will be built
[3.530s] -- Found ament_cmake_pytest: 1.3.11 (/opt/ros/humble/share/ament_cmake_pytest/cmake)
[12.697s] -- rs_device_info:
[12.697s] -- Device Name                   Serial Number       Firmware Version
[12.698s] Intel RealSense D435I         033322071026        5.16.0.1
[12.698s] Intel RealSense D435I         048522075108        5.15.1
[12.698s] 
[12.699s] -- D455 device found
[20.058s] -- Configuring done
[20.147s] -- Generating done
[20.167s] -- Build files have been written to: /home/lunabotics/2025-tibalt-bot/build/realsense2_camera
[20.222s] Invoked command in '/home/lunabotics/2025-tibalt-bot/build/realsense2_camera' returned '0': AMENT_PREFIX_PATH=/home/lunabotics/2025-tibalt-bot/install/realsense2_camera_msgs:${AMENT_PREFIX_PATH} CMAKE_PREFIX_PATH=/home/lunabotics/2025-tibalt-bot/install/realsense2_camera_msgs:/opt/ros/humble LD_LIBRARY_PATH=/home/lunabotics/2025-tibalt-bot/install/realsense2_camera_msgs/lib:${LD_LIBRARY_PATH} PYTHONPATH=/home/lunabotics/2025-tibalt-bot/install/realsense2_camera_msgs/local/lib/python3.10/dist-packages:${PYTHONPATH} /usr/bin/cmake /home/lunabotics/2025-tibalt-bot/src/realsense-ros-4.55.1/realsense2_camera -DCMAKE_INSTALL_PREFIX=/home/lunabotics/2025-tibalt-bot/install/realsense2_camera
[20.227s] Invoking command in '/home/lunabotics/2025-tibalt-bot/build/realsense2_camera': AMENT_PREFIX_PATH=/home/lunabotics/2025-tibalt-bot/install/realsense2_camera_msgs:${AMENT_PREFIX_PATH} CMAKE_PREFIX_PATH=/home/lunabotics/2025-tibalt-bot/install/realsense2_camera_msgs:/opt/ros/humble LD_LIBRARY_PATH=/home/lunabotics/2025-tibalt-bot/install/realsense2_camera_msgs/lib:${LD_LIBRARY_PATH} PYTHONPATH=/home/lunabotics/2025-tibalt-bot/install/realsense2_camera_msgs/local/lib/python3.10/dist-packages:${PYTHONPATH} /usr/bin/cmake --build /home/lunabotics/2025-tibalt-bot/build/realsense2_camera -- -j6 -l6
[20.369s] [ 13%] [32mBuilding CXX object CMakeFiles/realsense2_camera.dir/src/parameters.cpp.o[0m
[20.369s] [ 13%] [32mBuilding CXX object gtest/CMakeFiles/gtest_main.dir/src/gtest_main.cc.o[0m
[20.370s] [ 18%] [32mBuilding CXX object CMakeFiles/realsense2_camera.dir/src/base_realsense_node.cpp.o[0m
[20.370s] [ 22%] [32mBuilding CXX object CMakeFiles/realsense2_camera_node.dir/rclcpp_components/node_main_realsense2_camera_node.cpp.o[0m
[20.370s] [ 22%] [32mBuilding CXX object gtest/CMakeFiles/gtest.dir/src/gtest-all.cc.o[0m
[20.395s] [ 27%] [32mBuilding CXX object CMakeFiles/realsense2_camera.dir/src/realsense_node_factory.cpp.o[0m
[22.378s] [ 31%] [32m[1mLinking CXX static library libgtest_main.a[0m
[22.488s] [ 31%] Built target gtest_main
[22.517s] [ 36%] [32mBuilding CXX object CMakeFiles/realsense2_camera.dir/src/rs_node_setup.cpp.o[0m
[35.282s] [ 40%] [32m[1mLinking CXX executable realsense2_camera_node[0m
[36.089s] [ 40%] Built target realsense2_camera_node
[36.161s] [ 45%] [32mBuilding CXX object CMakeFiles/realsense2_camera.dir/src/ros_sensor.cpp.o[0m
[72.286s] [ 50%] [32m[1mLinking CXX static library libgtest.a[0m
[72.681s] [ 50%] Built target gtest
[100.637s] [ 54%] [32mBuilding CXX object CMakeFiles/realsense2_camera.dir/src/named_filter.cpp.o[0m
[123.710s] [ 59%] [32mBuilding CXX object CMakeFiles/realsense2_camera.dir/src/profile_manager.cpp.o[0m
[129.747s] [ 63%] [32mBuilding CXX object CMakeFiles/realsense2_camera.dir/src/image_publisher.cpp.o[0m
[131.783s] [ 68%] [32mBuilding CXX object CMakeFiles/realsense2_camera.dir/src/sensor_params.cpp.o[0m
[133.825s] [ 72%] [32mBuilding CXX object CMakeFiles/realsense2_camera.dir/src/dynamic_params.cpp.o[0m
[134.863s] [ 77%] [32mBuilding CXX object CMakeFiles/realsense2_camera.dir/src/ros_utils.cpp.o[0m
[162.884s] [ 81%] [32mBuilding CXX object CMakeFiles/realsense2_camera.dir/src/ros_param_backend.cpp.o[0m
[171.831s] [ 86%] [32mBuilding CXX object CMakeFiles/realsense2_camera.dir/src/tfs.cpp.o[0m
[212.631s] [ 90%] [32m[1mLinking CXX shared library librealsense2_camera.so[0m
[215.038s] [ 90%] Built target realsense2_camera
[215.109s] [ 95%] [32mBuilding CXX object CMakeFiles/gtest_template.dir/test/gtest_template.cpp.o[0m
[217.821s] [100%] [32m[1mLinking CXX executable gtest_template[0m
[218.168s] [100%] Built target gtest_template
[218.296s] Invoked command in '/home/lunabotics/2025-tibalt-bot/build/realsense2_camera' returned '0': AMENT_PREFIX_PATH=/home/lunabotics/2025-tibalt-bot/install/realsense2_camera_msgs:${AMENT_PREFIX_PATH} CMAKE_PREFIX_PATH=/home/lunabotics/2025-tibalt-bot/install/realsense2_camera_msgs:/opt/ros/humble LD_LIBRARY_PATH=/home/lunabotics/2025-tibalt-bot/install/realsense2_camera_msgs/lib:${LD_LIBRARY_PATH} PYTHONPATH=/home/lunabotics/2025-tibalt-bot/install/realsense2_camera_msgs/local/lib/python3.10/dist-packages:${PYTHONPATH} /usr/bin/cmake --build /home/lunabotics/2025-tibalt-bot/build/realsense2_camera -- -j6 -l6
[218.323s] Invoking command in '/home/lunabotics/2025-tibalt-bot/build/realsense2_camera': AMENT_PREFIX_PATH=/home/lunabotics/2025-tibalt-bot/install/realsense2_camera_msgs:${AMENT_PREFIX_PATH} CMAKE_PREFIX_PATH=/home/lunabotics/2025-tibalt-bot/install/realsense2_camera_msgs:/opt/ros/humble LD_LIBRARY_PATH=/home/lunabotics/2025-tibalt-bot/install/realsense2_camera_msgs/lib:${LD_LIBRARY_PATH} PYTHONPATH=/home/lunabotics/2025-tibalt-bot/install/realsense2_camera_msgs/local/lib/python3.10/dist-packages:${PYTHONPATH} /usr/bin/cmake --install /home/lunabotics/2025-tibalt-bot/build/realsense2_camera
[218.347s] -- Install configuration: "Release"
[218.353s] -- Installing: /home/lunabotics/2025-tibalt-bot/install/realsense2_camera/lib/realsense2_camera/realsense2_camera_node
[218.355s] -- Set runtime path of "/home/lunabotics/2025-tibalt-bot/install/realsense2_camera/lib/realsense2_camera/realsense2_camera_node" to ""
[218.356s] -- Installing: /home/lunabotics/2025-tibalt-bot/install/realsense2_camera/lib/librealsense2_camera.so
[218.367s] -- Set runtime path of "/home/lunabotics/2025-tibalt-bot/install/realsense2_camera/lib/librealsense2_camera.so" to ""
[218.367s] -- Installing: /home/lunabotics/2025-tibalt-bot/install/realsense2_camera/include
[218.368s] -- Installing: /home/lunabotics/2025-tibalt-bot/install/realsense2_camera/include/ros_param_backend.h
[218.368s] -- Installing: /home/lunabotics/2025-tibalt-bot/install/realsense2_camera/include/realsense_node_factory.h
[218.371s] -- Installing: /home/lunabotics/2025-tibalt-bot/install/realsense2_camera/include/constants.h
[218.371s] -- Installing: /home/lunabotics/2025-tibalt-bot/install/realsense2_camera/include/named_filter.h
[218.373s] -- Installing: /home/lunabotics/2025-tibalt-bot/install/realsense2_camera/include/ros_sensor.h
[218.373s] -- Installing: /home/lunabotics/2025-tibalt-bot/install/realsense2_camera/include/dynamic_params.h
[218.374s] -- Installing: /home/lunabotics/2025-tibalt-bot/install/realsense2_camera/include/base_realsense_node.h
[218.374s] -- Installing: /home/lunabotics/2025-tibalt-bot/install/realsense2_camera/include/image_publisher.h
[218.374s] -- Installing: /home/lunabotics/2025-tibalt-bot/install/realsense2_camera/include/gl_window.h
[218.374s] -- Installing: /home/lunabotics/2025-tibalt-bot/install/realsense2_camera/include/sensor_params.h
[218.374s] -- Installing: /home/lunabotics/2025-tibalt-bot/install/realsense2_camera/include/ros_utils.h
[218.375s] -- Installing: /home/lunabotics/2025-tibalt-bot/install/realsense2_camera/include/profile_manager.h
[218.375s] -- Installing: /home/lunabotics/2025-tibalt-bot/install/realsense2_camera/share/realsense2_camera/launch
[218.375s] -- Installing: /home/lunabotics/2025-tibalt-bot/install/realsense2_camera/share/realsense2_camera/launch/rs_multi_camera_launch.py
[218.376s] -- Installing: /home/lunabotics/2025-tibalt-bot/install/realsense2_camera/share/realsense2_camera/launch/rs_intra_process_demo_launch.py
[218.377s] -- Installing: /home/lunabotics/2025-tibalt-bot/install/realsense2_camera/share/realsense2_camera/launch/rs_launch.py
[218.379s] -- Installing: /home/lunabotics/2025-tibalt-bot/install/realsense2_camera/share/realsense2_camera/launch/default.rviz
[218.380s] -- Installing: /home/lunabotics/2025-tibalt-bot/install/realsense2_camera/share/realsense2_camera/examples
[218.380s] -- Installing: /home/lunabotics/2025-tibalt-bot/install/realsense2_camera/share/realsense2_camera/examples/align_depth
[218.381s] -- Installing: /home/lunabotics/2025-tibalt-bot/install/realsense2_camera/share/realsense2_camera/examples/align_depth/README.md
[218.382s] -- Installing: /home/lunabotics/2025-tibalt-bot/install/realsense2_camera/share/realsense2_camera/examples/align_depth/rs_align_depth_launch.py
[218.383s] -- Installing: /home/lunabotics/2025-tibalt-bot/install/realsense2_camera/share/realsense2_camera/examples/launch_from_rosbag
[218.384s] -- Installing: /home/lunabotics/2025-tibalt-bot/install/realsense2_camera/share/realsense2_camera/examples/launch_from_rosbag/README.md
[218.384s] -- Installing: /home/lunabotics/2025-tibalt-bot/install/realsense2_camera/share/realsense2_camera/examples/launch_from_rosbag/rs_launch_from_rosbag.py
[218.385s] -- Installing: /home/lunabotics/2025-tibalt-bot/install/realsense2_camera/share/realsense2_camera/examples/launch_params_from_file
[218.386s] -- Installing: /home/lunabotics/2025-tibalt-bot/install/realsense2_camera/share/realsense2_camera/examples/launch_params_from_file/rs_launch_get_params_from_yaml.py
[218.387s] -- Installing: /home/lunabotics/2025-tibalt-bot/install/realsense2_camera/share/realsense2_camera/examples/launch_params_from_file/README.md
[218.387s] -- Installing: /home/lunabotics/2025-tibalt-bot/install/realsense2_camera/share/realsense2_camera/examples/launch_params_from_file/config
[218.388s] -- Installing: /home/lunabotics/2025-tibalt-bot/install/realsense2_camera/share/realsense2_camera/examples/launch_params_from_file/config/config.yaml
[218.389s] -- Installing: /home/lunabotics/2025-tibalt-bot/install/realsense2_camera/share/realsense2_camera/examples/pointcloud
[218.389s] -- Installing: /home/lunabotics/2025-tibalt-bot/install/realsense2_camera/share/realsense2_camera/examples/pointcloud/rviz
[218.390s] -- Installing: /home/lunabotics/2025-tibalt-bot/install/realsense2_camera/share/realsense2_camera/examples/pointcloud/rviz/urdf_pointcloud.rviz
[218.391s] -- Installing: /home/lunabotics/2025-tibalt-bot/install/realsense2_camera/share/realsense2_camera/examples/pointcloud/rviz/pointcloud.rviz
[218.392s] -- Installing: /home/lunabotics/2025-tibalt-bot/install/realsense2_camera/share/realsense2_camera/examples/pointcloud/rs_d405_pointcloud_launch.py
[218.393s] -- Installing: /home/lunabotics/2025-tibalt-bot/install/realsense2_camera/share/realsense2_camera/examples/pointcloud/README.md
[218.393s] -- Installing: /home/lunabotics/2025-tibalt-bot/install/realsense2_camera/share/realsense2_camera/examples/pointcloud/rs_pointcloud_launch.py
[218.394s] -- Installing: /home/lunabotics/2025-tibalt-bot/install/realsense2_camera/share/realsense2_camera/examples/pointcloud/rs_d455_pointcloud_launch.py
[218.395s] -- Installing: /home/lunabotics/2025-tibalt-bot/install/realsense2_camera/share/realsense2_camera/examples/dual_camera
[218.395s] -- Installing: /home/lunabotics/2025-tibalt-bot/install/realsense2_camera/share/realsense2_camera/examples/dual_camera/rviz
[218.396s] -- Installing: /home/lunabotics/2025-tibalt-bot/install/realsense2_camera/share/realsense2_camera/examples/dual_camera/rviz/dual_camera_pointcloud.rviz
[218.397s] -- Installing: /home/lunabotics/2025-tibalt-bot/install/realsense2_camera/share/realsense2_camera/examples/dual_camera/README.md
[218.398s] -- Installing: /home/lunabotics/2025-tibalt-bot/install/realsense2_camera/share/realsense2_camera/examples/dual_camera/rs_dual_camera_launch.py
[218.402s] -- Installing: /home/lunabotics/2025-tibalt-bot/install/realsense2_camera/share/realsense2_camera/environment/library_path.sh
[218.403s] -- Installing: /home/lunabotics/2025-tibalt-bot/install/realsense2_camera/share/realsense2_camera/environment/library_path.dsv
[218.407s] -- Installing: /home/lunabotics/2025-tibalt-bot/install/realsense2_camera/share/ament_index/resource_index/package_run_dependencies/realsense2_camera
[218.409s] -- Installing: /home/lunabotics/2025-tibalt-bot/install/realsense2_camera/share/ament_index/resource_index/parent_prefix_path/realsense2_camera
[218.413s] -- Installing: /home/lunabotics/2025-tibalt-bot/install/realsense2_camera/share/realsense2_camera/environment/ament_prefix_path.sh
[218.414s] -- Installing: /home/lunabotics/2025-tibalt-bot/install/realsense2_camera/share/realsense2_camera/environment/ament_prefix_path.dsv
[218.415s] -- Installing: /home/lunabotics/2025-tibalt-bot/install/realsense2_camera/share/realsense2_camera/environment/path.sh
[218.416s] -- Installing: /home/lunabotics/2025-tibalt-bot/install/realsense2_camera/share/realsense2_camera/environment/path.dsv
[218.417s] -- Installing: /home/lunabotics/2025-tibalt-bot/install/realsense2_camera/share/realsense2_camera/local_setup.bash
[218.417s] -- Installing: /home/lunabotics/2025-tibalt-bot/install/realsense2_camera/share/realsense2_camera/local_setup.sh
[218.419s] -- Installing: /home/lunabotics/2025-tibalt-bot/install/realsense2_camera/share/realsense2_camera/local_setup.zsh
[218.419s] -- Installing: /home/lunabotics/2025-tibalt-bot/install/realsense2_camera/share/realsense2_camera/local_setup.dsv
[218.420s] -- Installing: /home/lunabotics/2025-tibalt-bot/install/realsense2_camera/share/realsense2_camera/package.dsv
[218.422s] -- Installing: /home/lunabotics/2025-tibalt-bot/install/realsense2_camera/share/ament_index/resource_index/packages/realsense2_camera
[218.423s] -- Installing: /home/lunabotics/2025-tibalt-bot/install/realsense2_camera/share/ament_index/resource_index/rclcpp_components/realsense2_camera
[218.424s] -- Installing: /home/lunabotics/2025-tibalt-bot/install/realsense2_camera/share/realsense2_camera/cmake/ament_cmake_export_include_directories-extras.cmake
[218.425s] -- Installing: /home/lunabotics/2025-tibalt-bot/install/realsense2_camera/share/realsense2_camera/cmake/ament_cmake_export_libraries-extras.cmake
[218.427s] -- Installing: /home/lunabotics/2025-tibalt-bot/install/realsense2_camera/share/realsense2_camera/cmake/ament_cmake_export_dependencies-extras.cmake
[218.428s] -- Installing: /home/lunabotics/2025-tibalt-bot/install/realsense2_camera/share/realsense2_camera/cmake/realsense2_cameraConfig.cmake
[218.429s] -- Installing: /home/lunabotics/2025-tibalt-bot/install/realsense2_camera/share/realsense2_camera/cmake/realsense2_cameraConfig-version.cmake
[218.430s] -- Installing: /home/lunabotics/2025-tibalt-bot/install/realsense2_camera/share/realsense2_camera/package.xml
[218.449s] Invoked command in '/home/lunabotics/2025-tibalt-bot/build/realsense2_camera' returned '0': AMENT_PREFIX_PATH=/home/lunabotics/2025-tibalt-bot/install/realsense2_camera_msgs:${AMENT_PREFIX_PATH} CMAKE_PREFIX_PATH=/home/lunabotics/2025-tibalt-bot/install/realsense2_camera_msgs:/opt/ros/humble LD_LIBRARY_PATH=/home/lunabotics/2025-tibalt-bot/install/realsense2_camera_msgs/lib:${LD_LIBRARY_PATH} PYTHONPATH=/home/lunabotics/2025-tibalt-bot/install/realsense2_camera_msgs/local/lib/python3.10/dist-packages:${PYTHONPATH} /usr/bin/cmake --install /home/lunabotics/2025-tibalt-bot/build/realsense2_camera
