[0.042s] Invoking command in '/home/lunabotics/2025-tibalt-bot/build/realsense2_camera_msgs': /usr/bin/cmake --build /home/lunabotics/2025-tibalt-bot/build/realsense2_camera_msgs -- -j6 -l6
[0.393s] [  1%] Built target realsense2_camera_msgs__cpp
[0.429s] [  1%] Built target ament_cmake_python_copy_realsense2_camera_msgs
[0.491s] [ 12%] Built target realsense2_camera_msgs__rosidl_generator_c
[0.543s] [ 23%] Built target realsense2_camera_msgs__rosidl_typesupport_introspection_cpp
[0.568s] [ 34%] Built target realsense2_camera_msgs__rosidl_typesupport_cpp
[0.576s] [ 46%] Built target realsense2_camera_msgs__rosidl_typesupport_fastrtps_cpp
[0.604s] [ 57%] Built target realsense2_camera_msgs__rosidl_typesupport_fastrtps_c
[0.616s] [ 68%] Built target realsense2_camera_msgs__rosidl_typesupport_introspection_c
[0.664s] [ 79%] Built target realsense2_camera_msgs__rosidl_typesupport_c
[0.714s] [ 79%] Built target realsense2_camera_msgs
[0.773s] [ 80%] Built target realsense2_camera_msgs__py
[0.840s] [ 90%] Built target realsense2_camera_msgs__rosidl_generator_py
[0.941s] [ 93%] Built target realsense2_camera_msgs__rosidl_typesupport_introspection_c__pyext
[0.968s] [ 96%] Built target realsense2_camera_msgs__rosidl_typesupport_fastrtps_c__pyext
[1.027s] [100%] Built target realsense2_camera_msgs__rosidl_typesupport_c__pyext
[1.066s] running egg_info
[1.069s] writing realsense2_camera_msgs.egg-info/PKG-INFO
[1.071s] writing dependency_links to realsense2_camera_msgs.egg-info/dependency_links.txt
[1.073s] writing top-level names to realsense2_camera_msgs.egg-info/top_level.txt
[1.087s] reading manifest file 'realsense2_camera_msgs.egg-info/SOURCES.txt'
[1.089s] writing manifest file 'realsense2_camera_msgs.egg-info/SOURCES.txt'
[1.196s] [100%] Built target ament_cmake_python_build_realsense2_camera_msgs_egg
[1.235s] Invoked command in '/home/lunabotics/2025-tibalt-bot/build/realsense2_camera_msgs' returned '0': /usr/bin/cmake --build /home/lunabotics/2025-tibalt-bot/build/realsense2_camera_msgs -- -j6 -l6
[1.263s] Invoking command in '/home/lunabotics/2025-tibalt-bot/build/realsense2_camera_msgs': /usr/bin/cmake --install /home/lunabotics/2025-tibalt-bot/build/realsense2_camera_msgs
[1.282s] -- Install configuration: ""
[1.283s] -- Up-to-date: /home/lunabotics/2025-tibalt-bot/install/realsense2_camera_msgs/share/ament_index/resource_index/rosidl_interfaces/realsense2_camera_msgs
[1.283s] -- Up-to-date: /home/lunabotics/2025-tibalt-bot/install/realsense2_camera_msgs/include/realsense2_camera_msgs/realsense2_camera_msgs
[1.283s] -- Up-to-date: /home/lunabotics/2025-tibalt-bot/install/realsense2_camera_msgs/include/realsense2_camera_msgs/realsense2_camera_msgs/msg
[1.284s] -- Up-to-date: /home/lunabotics/2025-tibalt-bot/install/realsense2_camera_msgs/include/realsense2_camera_msgs/realsense2_camera_msgs/msg/rosidl_generator_c__visibility_control.h
[1.284s] -- Up-to-date: /home/lunabotics/2025-tibalt-bot/install/realsense2_camera_msgs/include/realsense2_camera_msgs/realsense2_camera_msgs/msg/rgbd.h
[1.284s] -- Up-to-date: /home/lunabotics/2025-tibalt-bot/install/realsense2_camera_msgs/include/realsense2_camera_msgs/realsense2_camera_msgs/msg/imu_info.h
[1.284s] -- Up-to-date: /home/lunabotics/2025-tibalt-bot/install/realsense2_camera_msgs/include/realsense2_camera_msgs/realsense2_camera_msgs/msg/metadata.h
[1.285s] -- Up-to-date: /home/lunabotics/2025-tibalt-bot/install/realsense2_camera_msgs/include/realsense2_camera_msgs/realsense2_camera_msgs/msg/extrinsics.h
[1.285s] -- Up-to-date: /home/lunabotics/2025-tibalt-bot/install/realsense2_camera_msgs/include/realsense2_camera_msgs/realsense2_camera_msgs/msg/detail
[1.285s] -- Up-to-date: /home/lunabotics/2025-tibalt-bot/install/realsense2_camera_msgs/include/realsense2_camera_msgs/realsense2_camera_msgs/msg/detail/imu_info__functions.h
[1.285s] -- Up-to-date: /home/lunabotics/2025-tibalt-bot/install/realsense2_camera_msgs/include/realsense2_camera_msgs/realsense2_camera_msgs/msg/detail/extrinsics__functions.h
[1.285s] -- Up-to-date: /home/lunabotics/2025-tibalt-bot/install/realsense2_camera_msgs/include/realsense2_camera_msgs/realsense2_camera_msgs/msg/detail/rgbd__struct.h
[1.285s] -- Up-to-date: /home/lunabotics/2025-tibalt-bot/install/realsense2_camera_msgs/include/realsense2_camera_msgs/realsense2_camera_msgs/msg/detail/metadata__type_support.h
[1.286s] -- Up-to-date: /home/lunabotics/2025-tibalt-bot/install/realsense2_camera_msgs/include/realsense2_camera_msgs/realsense2_camera_msgs/msg/detail/extrinsics__type_support.h
[1.286s] -- Up-to-date: /home/lunabotics/2025-tibalt-bot/install/realsense2_camera_msgs/include/realsense2_camera_msgs/realsense2_camera_msgs/msg/detail/imu_info__functions.c
[1.286s] -- Up-to-date: /home/lunabotics/2025-tibalt-bot/install/realsense2_camera_msgs/include/realsense2_camera_msgs/realsense2_camera_msgs/msg/detail/imu_info__type_support.h
[1.286s] -- Up-to-date: /home/lunabotics/2025-tibalt-bot/install/realsense2_camera_msgs/include/realsense2_camera_msgs/realsense2_camera_msgs/msg/detail/rgbd__type_support.h
[1.286s] -- Up-to-date: /home/lunabotics/2025-tibalt-bot/install/realsense2_camera_msgs/include/realsense2_camera_msgs/realsense2_camera_msgs/msg/detail/rgbd__functions.c
[1.286s] -- Up-to-date: /home/lunabotics/2025-tibalt-bot/install/realsense2_camera_msgs/include/realsense2_camera_msgs/realsense2_camera_msgs/msg/detail/rgbd__functions.h
[1.287s] -- Up-to-date: /home/lunabotics/2025-tibalt-bot/install/realsense2_camera_msgs/include/realsense2_camera_msgs/realsense2_camera_msgs/msg/detail/imu_info__struct.h
[1.287s] -- Up-to-date: /home/lunabotics/2025-tibalt-bot/install/realsense2_camera_msgs/include/realsense2_camera_msgs/realsense2_camera_msgs/msg/detail/extrinsics__functions.c
[1.287s] -- Up-to-date: /home/lunabotics/2025-tibalt-bot/install/realsense2_camera_msgs/include/realsense2_camera_msgs/realsense2_camera_msgs/msg/detail/extrinsics__struct.h
[1.287s] -- Up-to-date: /home/lunabotics/2025-tibalt-bot/install/realsense2_camera_msgs/include/realsense2_camera_msgs/realsense2_camera_msgs/msg/detail/metadata__functions.c
[1.287s] -- Up-to-date: /home/lunabotics/2025-tibalt-bot/install/realsense2_camera_msgs/include/realsense2_camera_msgs/realsense2_camera_msgs/msg/detail/metadata__functions.h
[1.288s] -- Up-to-date: /home/lunabotics/2025-tibalt-bot/install/realsense2_camera_msgs/include/realsense2_camera_msgs/realsense2_camera_msgs/msg/detail/metadata__struct.h
[1.288s] -- Up-to-date: /home/lunabotics/2025-tibalt-bot/install/realsense2_camera_msgs/include/realsense2_camera_msgs/realsense2_camera_msgs/srv
[1.288s] -- Up-to-date: /home/lunabotics/2025-tibalt-bot/install/realsense2_camera_msgs/include/realsense2_camera_msgs/realsense2_camera_msgs/srv/detail
[1.288s] -- Up-to-date: /home/lunabotics/2025-tibalt-bot/install/realsense2_camera_msgs/include/realsense2_camera_msgs/realsense2_camera_msgs/srv/detail/device_info__functions.c
[1.289s] -- Up-to-date: /home/lunabotics/2025-tibalt-bot/install/realsense2_camera_msgs/include/realsense2_camera_msgs/realsense2_camera_msgs/srv/detail/device_info__type_support.h
[1.289s] -- Up-to-date: /home/lunabotics/2025-tibalt-bot/install/realsense2_camera_msgs/include/realsense2_camera_msgs/realsense2_camera_msgs/srv/detail/device_info__functions.h
[1.289s] -- Up-to-date: /home/lunabotics/2025-tibalt-bot/install/realsense2_camera_msgs/include/realsense2_camera_msgs/realsense2_camera_msgs/srv/detail/device_info__struct.h
[1.289s] -- Up-to-date: /home/lunabotics/2025-tibalt-bot/install/realsense2_camera_msgs/include/realsense2_camera_msgs/realsense2_camera_msgs/srv/device_info.h
[1.290s] -- Up-to-date: /home/lunabotics/2025-tibalt-bot/install/realsense2_camera_msgs/share/realsense2_camera_msgs/environment/library_path.sh
[1.290s] -- Up-to-date: /home/lunabotics/2025-tibalt-bot/install/realsense2_camera_msgs/share/realsense2_camera_msgs/environment/library_path.dsv
[1.290s] -- Up-to-date: /home/lunabotics/2025-tibalt-bot/install/realsense2_camera_msgs/lib/librealsense2_camera_msgs__rosidl_generator_c.so
[1.290s] -- Up-to-date: /home/lunabotics/2025-tibalt-bot/install/realsense2_camera_msgs/include/realsense2_camera_msgs/realsense2_camera_msgs
[1.290s] -- Up-to-date: /home/lunabotics/2025-tibalt-bot/install/realsense2_camera_msgs/include/realsense2_camera_msgs/realsense2_camera_msgs/msg
[1.292s] -- Up-to-date: /home/lunabotics/2025-tibalt-bot/install/realsense2_camera_msgs/include/realsense2_camera_msgs/realsense2_camera_msgs/msg/detail
[1.292s] -- Up-to-date: /home/lunabotics/2025-tibalt-bot/install/realsense2_camera_msgs/include/realsense2_camera_msgs/realsense2_camera_msgs/msg/detail/imu_info__rosidl_typesupport_fastrtps_c.h
[1.292s] -- Up-to-date: /home/lunabotics/2025-tibalt-bot/install/realsense2_camera_msgs/include/realsense2_camera_msgs/realsense2_camera_msgs/msg/detail/metadata__rosidl_typesupport_fastrtps_c.h
[1.292s] -- Up-to-date: /home/lunabotics/2025-tibalt-bot/install/realsense2_camera_msgs/include/realsense2_camera_msgs/realsense2_camera_msgs/msg/detail/extrinsics__rosidl_typesupport_fastrtps_c.h
[1.293s] -- Up-to-date: /home/lunabotics/2025-tibalt-bot/install/realsense2_camera_msgs/include/realsense2_camera_msgs/realsense2_camera_msgs/msg/detail/rgbd__rosidl_typesupport_fastrtps_c.h
[1.293s] -- Up-to-date: /home/lunabotics/2025-tibalt-bot/install/realsense2_camera_msgs/include/realsense2_camera_msgs/realsense2_camera_msgs/msg/rosidl_typesupport_fastrtps_c__visibility_control.h
[1.293s] -- Up-to-date: /home/lunabotics/2025-tibalt-bot/install/realsense2_camera_msgs/include/realsense2_camera_msgs/realsense2_camera_msgs/srv
[1.293s] -- Up-to-date: /home/lunabotics/2025-tibalt-bot/install/realsense2_camera_msgs/include/realsense2_camera_msgs/realsense2_camera_msgs/srv/detail
[1.293s] -- Up-to-date: /home/lunabotics/2025-tibalt-bot/install/realsense2_camera_msgs/include/realsense2_camera_msgs/realsense2_camera_msgs/srv/detail/device_info__rosidl_typesupport_fastrtps_c.h
[1.295s] -- Up-to-date: /home/lunabotics/2025-tibalt-bot/install/realsense2_camera_msgs/lib/librealsense2_camera_msgs__rosidl_typesupport_fastrtps_c.so
[1.296s] -- Up-to-date: /home/lunabotics/2025-tibalt-bot/install/realsense2_camera_msgs/include/realsense2_camera_msgs/realsense2_camera_msgs
[1.298s] -- Up-to-date: /home/lunabotics/2025-tibalt-bot/install/realsense2_camera_msgs/include/realsense2_camera_msgs/realsense2_camera_msgs/msg
[1.298s] -- Up-to-date: /home/lunabotics/2025-tibalt-bot/install/realsense2_camera_msgs/include/realsense2_camera_msgs/realsense2_camera_msgs/msg/detail
[1.299s] -- Up-to-date: /home/lunabotics/2025-tibalt-bot/install/realsense2_camera_msgs/include/realsense2_camera_msgs/realsense2_camera_msgs/msg/detail/imu_info__rosidl_typesupport_introspection_c.h
[1.299s] -- Up-to-date: /home/lunabotics/2025-tibalt-bot/install/realsense2_camera_msgs/include/realsense2_camera_msgs/realsense2_camera_msgs/msg/detail/extrinsics__type_support.c
[1.299s] -- Up-to-date: /home/lunabotics/2025-tibalt-bot/install/realsense2_camera_msgs/include/realsense2_camera_msgs/realsense2_camera_msgs/msg/detail/metadata__type_support.c
[1.304s] -- Up-to-date: /home/lunabotics/2025-tibalt-bot/install/realsense2_camera_msgs/include/realsense2_camera_msgs/realsense2_camera_msgs/msg/detail/imu_info__type_support.c
[1.309s] -- Up-to-date: /home/lunabotics/2025-tibalt-bot/install/realsense2_camera_msgs/include/realsense2_camera_msgs/realsense2_camera_msgs/msg/detail/rgbd__type_support.c
[1.309s] -- Up-to-date: /home/lunabotics/2025-tibalt-bot/install/realsense2_camera_msgs/include/realsense2_camera_msgs/realsense2_camera_msgs/msg/detail/extrinsics__rosidl_typesupport_introspection_c.h
[1.309s] -- Up-to-date: /home/lunabotics/2025-tibalt-bot/install/realsense2_camera_msgs/include/realsense2_camera_msgs/realsense2_camera_msgs/msg/detail/rgbd__rosidl_typesupport_introspection_c.h
[1.310s] -- Up-to-date: /home/lunabotics/2025-tibalt-bot/install/realsense2_camera_msgs/include/realsense2_camera_msgs/realsense2_camera_msgs/msg/detail/metadata__rosidl_typesupport_introspection_c.h
[1.310s] -- Up-to-date: /home/lunabotics/2025-tibalt-bot/install/realsense2_camera_msgs/include/realsense2_camera_msgs/realsense2_camera_msgs/msg/rosidl_typesupport_introspection_c__visibility_control.h
[1.310s] -- Up-to-date: /home/lunabotics/2025-tibalt-bot/install/realsense2_camera_msgs/include/realsense2_camera_msgs/realsense2_camera_msgs/srv
[1.310s] -- Up-to-date: /home/lunabotics/2025-tibalt-bot/install/realsense2_camera_msgs/include/realsense2_camera_msgs/realsense2_camera_msgs/srv/detail
[1.311s] -- Up-to-date: /home/lunabotics/2025-tibalt-bot/install/realsense2_camera_msgs/include/realsense2_camera_msgs/realsense2_camera_msgs/srv/detail/device_info__type_support.c
[1.311s] -- Up-to-date: /home/lunabotics/2025-tibalt-bot/install/realsense2_camera_msgs/include/realsense2_camera_msgs/realsense2_camera_msgs/srv/detail/device_info__rosidl_typesupport_introspection_c.h
[1.314s] -- Up-to-date: /home/lunabotics/2025-tibalt-bot/install/realsense2_camera_msgs/lib/librealsense2_camera_msgs__rosidl_typesupport_introspection_c.so
[1.314s] -- Up-to-date: /home/lunabotics/2025-tibalt-bot/install/realsense2_camera_msgs/lib/librealsense2_camera_msgs__rosidl_typesupport_c.so
[1.314s] -- Up-to-date: /home/lunabotics/2025-tibalt-bot/install/realsense2_camera_msgs/include/realsense2_camera_msgs/realsense2_camera_msgs
[1.314s] -- Up-to-date: /home/lunabotics/2025-tibalt-bot/install/realsense2_camera_msgs/include/realsense2_camera_msgs/realsense2_camera_msgs/msg
[1.315s] -- Up-to-date: /home/lunabotics/2025-tibalt-bot/install/realsense2_camera_msgs/include/realsense2_camera_msgs/realsense2_camera_msgs/msg/extrinsics.hpp
[1.315s] -- Up-to-date: /home/lunabotics/2025-tibalt-bot/install/realsense2_camera_msgs/include/realsense2_camera_msgs/realsense2_camera_msgs/msg/imu_info.hpp
[1.315s] -- Up-to-date: /home/lunabotics/2025-tibalt-bot/install/realsense2_camera_msgs/include/realsense2_camera_msgs/realsense2_camera_msgs/msg/rosidl_generator_cpp__visibility_control.hpp
[1.315s] -- Up-to-date: /home/lunabotics/2025-tibalt-bot/install/realsense2_camera_msgs/include/realsense2_camera_msgs/realsense2_camera_msgs/msg/rgbd.hpp
[1.315s] -- Up-to-date: /home/lunabotics/2025-tibalt-bot/install/realsense2_camera_msgs/include/realsense2_camera_msgs/realsense2_camera_msgs/msg/detail
[1.315s] -- Up-to-date: /home/lunabotics/2025-tibalt-bot/install/realsense2_camera_msgs/include/realsense2_camera_msgs/realsense2_camera_msgs/msg/detail/imu_info__type_support.hpp
[1.316s] -- Up-to-date: /home/lunabotics/2025-tibalt-bot/install/realsense2_camera_msgs/include/realsense2_camera_msgs/realsense2_camera_msgs/msg/detail/metadata__struct.hpp
[1.316s] -- Up-to-date: /home/lunabotics/2025-tibalt-bot/install/realsense2_camera_msgs/include/realsense2_camera_msgs/realsense2_camera_msgs/msg/detail/extrinsics__struct.hpp
[1.316s] -- Up-to-date: /home/lunabotics/2025-tibalt-bot/install/realsense2_camera_msgs/include/realsense2_camera_msgs/realsense2_camera_msgs/msg/detail/extrinsics__builder.hpp
[1.316s] -- Up-to-date: /home/lunabotics/2025-tibalt-bot/install/realsense2_camera_msgs/include/realsense2_camera_msgs/realsense2_camera_msgs/msg/detail/rgbd__type_support.hpp
[1.316s] -- Up-to-date: /home/lunabotics/2025-tibalt-bot/install/realsense2_camera_msgs/include/realsense2_camera_msgs/realsense2_camera_msgs/msg/detail/metadata__type_support.hpp
[1.316s] -- Up-to-date: /home/lunabotics/2025-tibalt-bot/install/realsense2_camera_msgs/include/realsense2_camera_msgs/realsense2_camera_msgs/msg/detail/rgbd__builder.hpp
[1.317s] -- Up-to-date: /home/lunabotics/2025-tibalt-bot/install/realsense2_camera_msgs/include/realsense2_camera_msgs/realsense2_camera_msgs/msg/detail/metadata__traits.hpp
[1.317s] -- Up-to-date: /home/lunabotics/2025-tibalt-bot/install/realsense2_camera_msgs/include/realsense2_camera_msgs/realsense2_camera_msgs/msg/detail/rgbd__traits.hpp
[1.317s] -- Up-to-date: /home/lunabotics/2025-tibalt-bot/install/realsense2_camera_msgs/include/realsense2_camera_msgs/realsense2_camera_msgs/msg/detail/rgbd__struct.hpp
[1.317s] -- Up-to-date: /home/lunabotics/2025-tibalt-bot/install/realsense2_camera_msgs/include/realsense2_camera_msgs/realsense2_camera_msgs/msg/detail/imu_info__struct.hpp
[1.317s] -- Up-to-date: /home/lunabotics/2025-tibalt-bot/install/realsense2_camera_msgs/include/realsense2_camera_msgs/realsense2_camera_msgs/msg/detail/imu_info__builder.hpp
[1.317s] -- Up-to-date: /home/lunabotics/2025-tibalt-bot/install/realsense2_camera_msgs/include/realsense2_camera_msgs/realsense2_camera_msgs/msg/detail/metadata__builder.hpp
[1.318s] -- Up-to-date: /home/lunabotics/2025-tibalt-bot/install/realsense2_camera_msgs/include/realsense2_camera_msgs/realsense2_camera_msgs/msg/detail/extrinsics__type_support.hpp
[1.318s] -- Up-to-date: /home/lunabotics/2025-tibalt-bot/install/realsense2_camera_msgs/include/realsense2_camera_msgs/realsense2_camera_msgs/msg/detail/extrinsics__traits.hpp
[1.318s] -- Up-to-date: /home/lunabotics/2025-tibalt-bot/install/realsense2_camera_msgs/include/realsense2_camera_msgs/realsense2_camera_msgs/msg/detail/imu_info__traits.hpp
[1.318s] -- Up-to-date: /home/lunabotics/2025-tibalt-bot/install/realsense2_camera_msgs/include/realsense2_camera_msgs/realsense2_camera_msgs/msg/metadata.hpp
[1.318s] -- Up-to-date: /home/lunabotics/2025-tibalt-bot/install/realsense2_camera_msgs/include/realsense2_camera_msgs/realsense2_camera_msgs/srv
[1.321s] -- Up-to-date: /home/lunabotics/2025-tibalt-bot/install/realsense2_camera_msgs/include/realsense2_camera_msgs/realsense2_camera_msgs/srv/detail
[1.321s] -- Up-to-date: /home/lunabotics/2025-tibalt-bot/install/realsense2_camera_msgs/include/realsense2_camera_msgs/realsense2_camera_msgs/srv/detail/device_info__builder.hpp
[1.321s] -- Up-to-date: /home/lunabotics/2025-tibalt-bot/install/realsense2_camera_msgs/include/realsense2_camera_msgs/realsense2_camera_msgs/srv/detail/device_info__type_support.hpp
[1.322s] -- Up-to-date: /home/lunabotics/2025-tibalt-bot/install/realsense2_camera_msgs/include/realsense2_camera_msgs/realsense2_camera_msgs/srv/detail/device_info__traits.hpp
[1.322s] -- Up-to-date: /home/lunabotics/2025-tibalt-bot/install/realsense2_camera_msgs/include/realsense2_camera_msgs/realsense2_camera_msgs/srv/detail/device_info__struct.hpp
[1.322s] -- Up-to-date: /home/lunabotics/2025-tibalt-bot/install/realsense2_camera_msgs/include/realsense2_camera_msgs/realsense2_camera_msgs/srv/device_info.hpp
[1.324s] -- Up-to-date: /home/lunabotics/2025-tibalt-bot/install/realsense2_camera_msgs/include/realsense2_camera_msgs/realsense2_camera_msgs
[1.325s] -- Up-to-date: /home/lunabotics/2025-tibalt-bot/install/realsense2_camera_msgs/include/realsense2_camera_msgs/realsense2_camera_msgs/msg
[1.325s] -- Up-to-date: /home/lunabotics/2025-tibalt-bot/install/realsense2_camera_msgs/include/realsense2_camera_msgs/realsense2_camera_msgs/msg/detail
[1.325s] -- Up-to-date: /home/lunabotics/2025-tibalt-bot/install/realsense2_camera_msgs/include/realsense2_camera_msgs/realsense2_camera_msgs/msg/detail/dds_fastrtps
[1.326s] -- Up-to-date: /home/lunabotics/2025-tibalt-bot/install/realsense2_camera_msgs/include/realsense2_camera_msgs/realsense2_camera_msgs/msg/detail/extrinsics__rosidl_typesupport_fastrtps_cpp.hpp
[1.326s] -- Up-to-date: /home/lunabotics/2025-tibalt-bot/install/realsense2_camera_msgs/include/realsense2_camera_msgs/realsense2_camera_msgs/msg/detail/imu_info__rosidl_typesupport_fastrtps_cpp.hpp
[1.327s] -- Up-to-date: /home/lunabotics/2025-tibalt-bot/install/realsense2_camera_msgs/include/realsense2_camera_msgs/realsense2_camera_msgs/msg/detail/rgbd__rosidl_typesupport_fastrtps_cpp.hpp
[1.327s] -- Up-to-date: /home/lunabotics/2025-tibalt-bot/install/realsense2_camera_msgs/include/realsense2_camera_msgs/realsense2_camera_msgs/msg/detail/metadata__rosidl_typesupport_fastrtps_cpp.hpp
[1.328s] -- Up-to-date: /home/lunabotics/2025-tibalt-bot/install/realsense2_camera_msgs/include/realsense2_camera_msgs/realsense2_camera_msgs/msg/rosidl_typesupport_fastrtps_cpp__visibility_control.h
[1.328s] -- Up-to-date: /home/lunabotics/2025-tibalt-bot/install/realsense2_camera_msgs/include/realsense2_camera_msgs/realsense2_camera_msgs/srv
[1.328s] -- Up-to-date: /home/lunabotics/2025-tibalt-bot/install/realsense2_camera_msgs/include/realsense2_camera_msgs/realsense2_camera_msgs/srv/detail
[1.329s] -- Up-to-date: /home/lunabotics/2025-tibalt-bot/install/realsense2_camera_msgs/include/realsense2_camera_msgs/realsense2_camera_msgs/srv/detail/dds_fastrtps
[1.329s] -- Up-to-date: /home/lunabotics/2025-tibalt-bot/install/realsense2_camera_msgs/include/realsense2_camera_msgs/realsense2_camera_msgs/srv/detail/device_info__rosidl_typesupport_fastrtps_cpp.hpp
[1.329s] -- Up-to-date: /home/lunabotics/2025-tibalt-bot/install/realsense2_camera_msgs/lib/librealsense2_camera_msgs__rosidl_typesupport_fastrtps_cpp.so
[1.329s] -- Up-to-date: /home/lunabotics/2025-tibalt-bot/install/realsense2_camera_msgs/include/realsense2_camera_msgs/realsense2_camera_msgs
[1.330s] -- Up-to-date: /home/lunabotics/2025-tibalt-bot/install/realsense2_camera_msgs/include/realsense2_camera_msgs/realsense2_camera_msgs/msg
[1.330s] -- Up-to-date: /home/lunabotics/2025-tibalt-bot/install/realsense2_camera_msgs/include/realsense2_camera_msgs/realsense2_camera_msgs/msg/detail
[1.330s] -- Up-to-date: /home/lunabotics/2025-tibalt-bot/install/realsense2_camera_msgs/include/realsense2_camera_msgs/realsense2_camera_msgs/msg/detail/extrinsics__rosidl_typesupport_introspection_cpp.hpp
[1.331s] -- Up-to-date: /home/lunabotics/2025-tibalt-bot/install/realsense2_camera_msgs/include/realsense2_camera_msgs/realsense2_camera_msgs/msg/detail/imu_info__rosidl_typesupport_introspection_cpp.hpp
[1.331s] -- Up-to-date: /home/lunabotics/2025-tibalt-bot/install/realsense2_camera_msgs/include/realsense2_camera_msgs/realsense2_camera_msgs/msg/detail/rgbd__rosidl_typesupport_introspection_cpp.hpp
[1.331s] -- Up-to-date: /home/lunabotics/2025-tibalt-bot/install/realsense2_camera_msgs/include/realsense2_camera_msgs/realsense2_camera_msgs/msg/detail/metadata__type_support.cpp
[1.331s] -- Up-to-date: /home/lunabotics/2025-tibalt-bot/install/realsense2_camera_msgs/include/realsense2_camera_msgs/realsense2_camera_msgs/msg/detail/imu_info__type_support.cpp
[1.331s] -- Up-to-date: /home/lunabotics/2025-tibalt-bot/install/realsense2_camera_msgs/include/realsense2_camera_msgs/realsense2_camera_msgs/msg/detail/rgbd__type_support.cpp
[1.332s] -- Up-to-date: /home/lunabotics/2025-tibalt-bot/install/realsense2_camera_msgs/include/realsense2_camera_msgs/realsense2_camera_msgs/msg/detail/extrinsics__type_support.cpp
[1.332s] -- Up-to-date: /home/lunabotics/2025-tibalt-bot/install/realsense2_camera_msgs/include/realsense2_camera_msgs/realsense2_camera_msgs/msg/detail/metadata__rosidl_typesupport_introspection_cpp.hpp
[1.333s] -- Up-to-date: /home/lunabotics/2025-tibalt-bot/install/realsense2_camera_msgs/include/realsense2_camera_msgs/realsense2_camera_msgs/srv
[1.333s] -- Up-to-date: /home/lunabotics/2025-tibalt-bot/install/realsense2_camera_msgs/include/realsense2_camera_msgs/realsense2_camera_msgs/srv/detail
[1.346s] -- Up-to-date: /home/lunabotics/2025-tibalt-bot/install/realsense2_camera_msgs/include/realsense2_camera_msgs/realsense2_camera_msgs/srv/detail/device_info__type_support.cpp
[1.347s] -- Up-to-date: /home/lunabotics/2025-tibalt-bot/install/realsense2_camera_msgs/include/realsense2_camera_msgs/realsense2_camera_msgs/srv/detail/device_info__rosidl_typesupport_introspection_cpp.hpp
[1.347s] -- Up-to-date: /home/lunabotics/2025-tibalt-bot/install/realsense2_camera_msgs/lib/librealsense2_camera_msgs__rosidl_typesupport_introspection_cpp.so
[1.347s] -- Up-to-date: /home/lunabotics/2025-tibalt-bot/install/realsense2_camera_msgs/lib/librealsense2_camera_msgs__rosidl_typesupport_cpp.so
[1.347s] -- Up-to-date: /home/lunabotics/2025-tibalt-bot/install/realsense2_camera_msgs/share/realsense2_camera_msgs/environment/pythonpath.sh
[1.347s] -- Up-to-date: /home/lunabotics/2025-tibalt-bot/install/realsense2_camera_msgs/share/realsense2_camera_msgs/environment/pythonpath.dsv
[1.347s] -- Up-to-date: /home/lunabotics/2025-tibalt-bot/install/realsense2_camera_msgs/local/lib/python3.10/dist-packages/realsense2_camera_msgs-4.55.1-py3.10.egg-info
[1.348s] -- Installing: /home/lunabotics/2025-tibalt-bot/install/realsense2_camera_msgs/local/lib/python3.10/dist-packages/realsense2_camera_msgs-4.55.1-py3.10.egg-info/top_level.txt
[1.348s] -- Installing: /home/lunabotics/2025-tibalt-bot/install/realsense2_camera_msgs/local/lib/python3.10/dist-packages/realsense2_camera_msgs-4.55.1-py3.10.egg-info/SOURCES.txt
[1.348s] -- Installing: /home/lunabotics/2025-tibalt-bot/install/realsense2_camera_msgs/local/lib/python3.10/dist-packages/realsense2_camera_msgs-4.55.1-py3.10.egg-info/PKG-INFO
[1.348s] -- Installing: /home/lunabotics/2025-tibalt-bot/install/realsense2_camera_msgs/local/lib/python3.10/dist-packages/realsense2_camera_msgs-4.55.1-py3.10.egg-info/dependency_links.txt
[1.348s] -- Up-to-date: /home/lunabotics/2025-tibalt-bot/install/realsense2_camera_msgs/local/lib/python3.10/dist-packages/realsense2_camera_msgs
[1.349s] -- Up-to-date: /home/lunabotics/2025-tibalt-bot/install/realsense2_camera_msgs/local/lib/python3.10/dist-packages/realsense2_camera_msgs/realsense2_camera_msgs_s__rosidl_typesupport_introspection_c.cpython-310-aarch64-linux-gnu.so
[1.349s] -- Up-to-date: /home/lunabotics/2025-tibalt-bot/install/realsense2_camera_msgs/local/lib/python3.10/dist-packages/realsense2_camera_msgs/realsense2_camera_msgs_s__rosidl_typesupport_c.cpython-310-aarch64-linux-gnu.so
[1.349s] -- Up-to-date: /home/lunabotics/2025-tibalt-bot/install/realsense2_camera_msgs/local/lib/python3.10/dist-packages/realsense2_camera_msgs/librealsense2_camera_msgs__rosidl_generator_py.so
[1.349s] -- Up-to-date: /home/lunabotics/2025-tibalt-bot/install/realsense2_camera_msgs/local/lib/python3.10/dist-packages/realsense2_camera_msgs/realsense2_camera_msgs_s__rosidl_typesupport_fastrtps_c.cpython-310-aarch64-linux-gnu.so
[1.349s] -- Up-to-date: /home/lunabotics/2025-tibalt-bot/install/realsense2_camera_msgs/local/lib/python3.10/dist-packages/realsense2_camera_msgs/_realsense2_camera_msgs_s.ep.rosidl_typesupport_fastrtps_c.c
[1.349s] -- Up-to-date: /home/lunabotics/2025-tibalt-bot/install/realsense2_camera_msgs/local/lib/python3.10/dist-packages/realsense2_camera_msgs/_realsense2_camera_msgs_s.ep.rosidl_typesupport_introspection_c.c
[1.350s] -- Up-to-date: /home/lunabotics/2025-tibalt-bot/install/realsense2_camera_msgs/local/lib/python3.10/dist-packages/realsense2_camera_msgs/msg
[1.350s] -- Up-to-date: /home/lunabotics/2025-tibalt-bot/install/realsense2_camera_msgs/local/lib/python3.10/dist-packages/realsense2_camera_msgs/msg/_rgbd_s.c
[1.350s] -- Up-to-date: /home/lunabotics/2025-tibalt-bot/install/realsense2_camera_msgs/local/lib/python3.10/dist-packages/realsense2_camera_msgs/msg/_rgbd.py
[1.350s] -- Up-to-date: /home/lunabotics/2025-tibalt-bot/install/realsense2_camera_msgs/local/lib/python3.10/dist-packages/realsense2_camera_msgs/msg/_extrinsics_s.c
[1.350s] -- Up-to-date: /home/lunabotics/2025-tibalt-bot/install/realsense2_camera_msgs/local/lib/python3.10/dist-packages/realsense2_camera_msgs/msg/_extrinsics.py
[1.350s] -- Up-to-date: /home/lunabotics/2025-tibalt-bot/install/realsense2_camera_msgs/local/lib/python3.10/dist-packages/realsense2_camera_msgs/msg/_imu_info.py
[1.350s] -- Up-to-date: /home/lunabotics/2025-tibalt-bot/install/realsense2_camera_msgs/local/lib/python3.10/dist-packages/realsense2_camera_msgs/msg/_metadata_s.c
[1.351s] -- Up-to-date: /home/lunabotics/2025-tibalt-bot/install/realsense2_camera_msgs/local/lib/python3.10/dist-packages/realsense2_camera_msgs/msg/_metadata.py
[1.351s] -- Up-to-date: /home/lunabotics/2025-tibalt-bot/install/realsense2_camera_msgs/local/lib/python3.10/dist-packages/realsense2_camera_msgs/msg/__init__.py
[1.351s] -- Up-to-date: /home/lunabotics/2025-tibalt-bot/install/realsense2_camera_msgs/local/lib/python3.10/dist-packages/realsense2_camera_msgs/msg/_imu_info_s.c
[1.351s] -- Up-to-date: /home/lunabotics/2025-tibalt-bot/install/realsense2_camera_msgs/local/lib/python3.10/dist-packages/realsense2_camera_msgs/srv
[1.351s] -- Up-to-date: /home/lunabotics/2025-tibalt-bot/install/realsense2_camera_msgs/local/lib/python3.10/dist-packages/realsense2_camera_msgs/srv/_device_info.py
[1.351s] -- Up-to-date: /home/lunabotics/2025-tibalt-bot/install/realsense2_camera_msgs/local/lib/python3.10/dist-packages/realsense2_camera_msgs/srv/_device_info_s.c
[1.352s] -- Up-to-date: /home/lunabotics/2025-tibalt-bot/install/realsense2_camera_msgs/local/lib/python3.10/dist-packages/realsense2_camera_msgs/srv/__init__.py
[1.352s] -- Up-to-date: /home/lunabotics/2025-tibalt-bot/install/realsense2_camera_msgs/local/lib/python3.10/dist-packages/realsense2_camera_msgs/__init__.py
[1.352s] -- Up-to-date: /home/lunabotics/2025-tibalt-bot/install/realsense2_camera_msgs/local/lib/python3.10/dist-packages/realsense2_camera_msgs/_realsense2_camera_msgs_s.ep.rosidl_typesupport_c.c
[1.454s] Listing '/home/lunabotics/2025-tibalt-bot/install/realsense2_camera_msgs/local/lib/python3.10/dist-packages/realsense2_camera_msgs'...
[1.455s] Compiling '/home/lunabotics/2025-tibalt-bot/install/realsense2_camera_msgs/local/lib/python3.10/dist-packages/realsense2_camera_msgs/__init__.py'...
[1.455s] Listing '/home/lunabotics/2025-tibalt-bot/install/realsense2_camera_msgs/local/lib/python3.10/dist-packages/realsense2_camera_msgs/msg'...
[1.455s] Compiling '/home/lunabotics/2025-tibalt-bot/install/realsense2_camera_msgs/local/lib/python3.10/dist-packages/realsense2_camera_msgs/msg/__init__.py'...
[1.455s] Compiling '/home/lunabotics/2025-tibalt-bot/install/realsense2_camera_msgs/local/lib/python3.10/dist-packages/realsense2_camera_msgs/msg/_extrinsics.py'...
[1.455s] Compiling '/home/lunabotics/2025-tibalt-bot/install/realsense2_camera_msgs/local/lib/python3.10/dist-packages/realsense2_camera_msgs/msg/_imu_info.py'...
[1.456s] Compiling '/home/lunabotics/2025-tibalt-bot/install/realsense2_camera_msgs/local/lib/python3.10/dist-packages/realsense2_camera_msgs/msg/_metadata.py'...
[1.456s] Compiling '/home/lunabotics/2025-tibalt-bot/install/realsense2_camera_msgs/local/lib/python3.10/dist-packages/realsense2_camera_msgs/msg/_rgbd.py'...
[1.456s] Listing '/home/lunabotics/2025-tibalt-bot/install/realsense2_camera_msgs/local/lib/python3.10/dist-packages/realsense2_camera_msgs/srv'...
[1.456s] Compiling '/home/lunabotics/2025-tibalt-bot/install/realsense2_camera_msgs/local/lib/python3.10/dist-packages/realsense2_camera_msgs/srv/__init__.py'...
[1.456s] Compiling '/home/lunabotics/2025-tibalt-bot/install/realsense2_camera_msgs/local/lib/python3.10/dist-packages/realsense2_camera_msgs/srv/_device_info.py'...
[1.482s] -- Up-to-date: /home/lunabotics/2025-tibalt-bot/install/realsense2_camera_msgs/local/lib/python3.10/dist-packages/realsense2_camera_msgs/realsense2_camera_msgs_s__rosidl_typesupport_fastrtps_c.cpython-310-aarch64-linux-gnu.so
[1.484s] -- Up-to-date: /home/lunabotics/2025-tibalt-bot/install/realsense2_camera_msgs/local/lib/python3.10/dist-packages/realsense2_camera_msgs/realsense2_camera_msgs_s__rosidl_typesupport_introspection_c.cpython-310-aarch64-linux-gnu.so
[1.484s] -- Up-to-date: /home/lunabotics/2025-tibalt-bot/install/realsense2_camera_msgs/local/lib/python3.10/dist-packages/realsense2_camera_msgs/realsense2_camera_msgs_s__rosidl_typesupport_c.cpython-310-aarch64-linux-gnu.so
[1.488s] -- Up-to-date: /home/lunabotics/2025-tibalt-bot/install/realsense2_camera_msgs/lib/librealsense2_camera_msgs__rosidl_generator_py.so
[1.488s] -- Up-to-date: /home/lunabotics/2025-tibalt-bot/install/realsense2_camera_msgs/share/realsense2_camera_msgs/msg/IMUInfo.idl
[1.489s] -- Up-to-date: /home/lunabotics/2025-tibalt-bot/install/realsense2_camera_msgs/share/realsense2_camera_msgs/msg/Extrinsics.idl
[1.490s] -- Up-to-date: /home/lunabotics/2025-tibalt-bot/install/realsense2_camera_msgs/share/realsense2_camera_msgs/msg/Metadata.idl
[1.490s] -- Up-to-date: /home/lunabotics/2025-tibalt-bot/install/realsense2_camera_msgs/share/realsense2_camera_msgs/msg/RGBD.idl
[1.490s] -- Up-to-date: /home/lunabotics/2025-tibalt-bot/install/realsense2_camera_msgs/share/realsense2_camera_msgs/srv/DeviceInfo.idl
[1.492s] -- Up-to-date: /home/lunabotics/2025-tibalt-bot/install/realsense2_camera_msgs/share/realsense2_camera_msgs/msg/IMUInfo.msg
[1.492s] -- Up-to-date: /home/lunabotics/2025-tibalt-bot/install/realsense2_camera_msgs/share/realsense2_camera_msgs/msg/Extrinsics.msg
[1.493s] -- Up-to-date: /home/lunabotics/2025-tibalt-bot/install/realsense2_camera_msgs/share/realsense2_camera_msgs/msg/Metadata.msg
[1.494s] -- Up-to-date: /home/lunabotics/2025-tibalt-bot/install/realsense2_camera_msgs/share/realsense2_camera_msgs/msg/RGBD.msg
[1.494s] -- Up-to-date: /home/lunabotics/2025-tibalt-bot/install/realsense2_camera_msgs/share/realsense2_camera_msgs/srv/DeviceInfo.srv
[1.494s] -- Up-to-date: /home/lunabotics/2025-tibalt-bot/install/realsense2_camera_msgs/share/realsense2_camera_msgs/srv/DeviceInfo_Request.msg
[1.495s] -- Up-to-date: /home/lunabotics/2025-tibalt-bot/install/realsense2_camera_msgs/share/realsense2_camera_msgs/srv/DeviceInfo_Response.msg
[1.495s] -- Up-to-date: /home/lunabotics/2025-tibalt-bot/install/realsense2_camera_msgs/share/ament_index/resource_index/package_run_dependencies/realsense2_camera_msgs
[1.496s] -- Up-to-date: /home/lunabotics/2025-tibalt-bot/install/realsense2_camera_msgs/share/ament_index/resource_index/parent_prefix_path/realsense2_camera_msgs
[1.497s] -- Up-to-date: /home/lunabotics/2025-tibalt-bot/install/realsense2_camera_msgs/share/realsense2_camera_msgs/environment/ament_prefix_path.sh
[1.498s] -- Up-to-date: /home/lunabotics/2025-tibalt-bot/install/realsense2_camera_msgs/share/realsense2_camera_msgs/environment/ament_prefix_path.dsv
[1.499s] -- Up-to-date: /home/lunabotics/2025-tibalt-bot/install/realsense2_camera_msgs/share/realsense2_camera_msgs/environment/path.sh
[1.499s] -- Up-to-date: /home/lunabotics/2025-tibalt-bot/install/realsense2_camera_msgs/share/realsense2_camera_msgs/environment/path.dsv
[1.500s] -- Up-to-date: /home/lunabotics/2025-tibalt-bot/install/realsense2_camera_msgs/share/realsense2_camera_msgs/local_setup.bash
[1.501s] -- Up-to-date: /home/lunabotics/2025-tibalt-bot/install/realsense2_camera_msgs/share/realsense2_camera_msgs/local_setup.sh
[1.501s] -- Up-to-date: /home/lunabotics/2025-tibalt-bot/install/realsense2_camera_msgs/share/realsense2_camera_msgs/local_setup.zsh
[1.501s] -- Up-to-date: /home/lunabotics/2025-tibalt-bot/install/realsense2_camera_msgs/share/realsense2_camera_msgs/local_setup.dsv
[1.501s] -- Installing: /home/lunabotics/2025-tibalt-bot/install/realsense2_camera_msgs/share/realsense2_camera_msgs/package.dsv
[1.502s] -- Up-to-date: /home/lunabotics/2025-tibalt-bot/install/realsense2_camera_msgs/share/ament_index/resource_index/packages/realsense2_camera_msgs
[1.502s] -- Up-to-date: /home/lunabotics/2025-tibalt-bot/install/realsense2_camera_msgs/share/realsense2_camera_msgs/cmake/export_realsense2_camera_msgs__rosidl_generator_cExport.cmake
[1.503s] -- Up-to-date: /home/lunabotics/2025-tibalt-bot/install/realsense2_camera_msgs/share/realsense2_camera_msgs/cmake/export_realsense2_camera_msgs__rosidl_generator_cExport-noconfig.cmake
[1.503s] -- Up-to-date: /home/lunabotics/2025-tibalt-bot/install/realsense2_camera_msgs/share/realsense2_camera_msgs/cmake/export_realsense2_camera_msgs__rosidl_typesupport_fastrtps_cExport.cmake
[1.504s] -- Up-to-date: /home/lunabotics/2025-tibalt-bot/install/realsense2_camera_msgs/share/realsense2_camera_msgs/cmake/export_realsense2_camera_msgs__rosidl_typesupport_fastrtps_cExport-noconfig.cmake
[1.504s] -- Up-to-date: /home/lunabotics/2025-tibalt-bot/install/realsense2_camera_msgs/share/realsense2_camera_msgs/cmake/realsense2_camera_msgs__rosidl_typesupport_introspection_cExport.cmake
[1.505s] -- Up-to-date: /home/lunabotics/2025-tibalt-bot/install/realsense2_camera_msgs/share/realsense2_camera_msgs/cmake/realsense2_camera_msgs__rosidl_typesupport_introspection_cExport-noconfig.cmake
[1.506s] -- Up-to-date: /home/lunabotics/2025-tibalt-bot/install/realsense2_camera_msgs/share/realsense2_camera_msgs/cmake/realsense2_camera_msgs__rosidl_typesupport_cExport.cmake
[1.506s] -- Up-to-date: /home/lunabotics/2025-tibalt-bot/install/realsense2_camera_msgs/share/realsense2_camera_msgs/cmake/realsense2_camera_msgs__rosidl_typesupport_cExport-noconfig.cmake
[1.507s] -- Up-to-date: /home/lunabotics/2025-tibalt-bot/install/realsense2_camera_msgs/share/realsense2_camera_msgs/cmake/export_realsense2_camera_msgs__rosidl_generator_cppExport.cmake
[1.507s] -- Up-to-date: /home/lunabotics/2025-tibalt-bot/install/realsense2_camera_msgs/share/realsense2_camera_msgs/cmake/export_realsense2_camera_msgs__rosidl_typesupport_fastrtps_cppExport.cmake
[1.509s] -- Up-to-date: /home/lunabotics/2025-tibalt-bot/install/realsense2_camera_msgs/share/realsense2_camera_msgs/cmake/export_realsense2_camera_msgs__rosidl_typesupport_fastrtps_cppExport-noconfig.cmake
[1.509s] -- Up-to-date: /home/lunabotics/2025-tibalt-bot/install/realsense2_camera_msgs/share/realsense2_camera_msgs/cmake/realsense2_camera_msgs__rosidl_typesupport_introspection_cppExport.cmake
[1.509s] -- Up-to-date: /home/lunabotics/2025-tibalt-bot/install/realsense2_camera_msgs/share/realsense2_camera_msgs/cmake/realsense2_camera_msgs__rosidl_typesupport_introspection_cppExport-noconfig.cmake
[1.510s] -- Up-to-date: /home/lunabotics/2025-tibalt-bot/install/realsense2_camera_msgs/share/realsense2_camera_msgs/cmake/realsense2_camera_msgs__rosidl_typesupport_cppExport.cmake
[1.510s] -- Up-to-date: /home/lunabotics/2025-tibalt-bot/install/realsense2_camera_msgs/share/realsense2_camera_msgs/cmake/realsense2_camera_msgs__rosidl_typesupport_cppExport-noconfig.cmake
[1.510s] -- Up-to-date: /home/lunabotics/2025-tibalt-bot/install/realsense2_camera_msgs/share/realsense2_camera_msgs/cmake/export_realsense2_camera_msgs__rosidl_generator_pyExport.cmake
[1.510s] -- Up-to-date: /home/lunabotics/2025-tibalt-bot/install/realsense2_camera_msgs/share/realsense2_camera_msgs/cmake/export_realsense2_camera_msgs__rosidl_generator_pyExport-noconfig.cmake
[1.511s] -- Up-to-date: /home/lunabotics/2025-tibalt-bot/install/realsense2_camera_msgs/share/realsense2_camera_msgs/cmake/rosidl_cmake-extras.cmake
[1.511s] -- Up-to-date: /home/lunabotics/2025-tibalt-bot/install/realsense2_camera_msgs/share/realsense2_camera_msgs/cmake/ament_cmake_export_dependencies-extras.cmake
[1.511s] -- Up-to-date: /home/lunabotics/2025-tibalt-bot/install/realsense2_camera_msgs/share/realsense2_camera_msgs/cmake/ament_cmake_export_include_directories-extras.cmake
[1.512s] -- Up-to-date: /home/lunabotics/2025-tibalt-bot/install/realsense2_camera_msgs/share/realsense2_camera_msgs/cmake/ament_cmake_export_libraries-extras.cmake
[1.512s] -- Up-to-date: /home/lunabotics/2025-tibalt-bot/install/realsense2_camera_msgs/share/realsense2_camera_msgs/cmake/ament_cmake_export_targets-extras.cmake
[1.512s] -- Up-to-date: /home/lunabotics/2025-tibalt-bot/install/realsense2_camera_msgs/share/realsense2_camera_msgs/cmake/rosidl_cmake_export_typesupport_targets-extras.cmake
[1.512s] -- Up-to-date: /home/lunabotics/2025-tibalt-bot/install/realsense2_camera_msgs/share/realsense2_camera_msgs/cmake/rosidl_cmake_export_typesupport_libraries-extras.cmake
[1.513s] -- Up-to-date: /home/lunabotics/2025-tibalt-bot/install/realsense2_camera_msgs/share/realsense2_camera_msgs/cmake/realsense2_camera_msgsConfig.cmake
[1.513s] -- Up-to-date: /home/lunabotics/2025-tibalt-bot/install/realsense2_camera_msgs/share/realsense2_camera_msgs/cmake/realsense2_camera_msgsConfig-version.cmake
[1.513s] -- Up-to-date: /home/lunabotics/2025-tibalt-bot/install/realsense2_camera_msgs/share/realsense2_camera_msgs/package.xml
[1.608s] Invoked command in '/home/lunabotics/2025-tibalt-bot/build/realsense2_camera_msgs' returned '0': /usr/bin/cmake --install /home/lunabotics/2025-tibalt-bot/build/realsense2_camera_msgs
