gmake: Warning: File 'Makefile' has modification time 1747325741 s in the future
gmake[1]: Warning: File 'CMakeFiles/Makefile2' has modification time 1747325740 s in the future
gmake[2]: Warning: File 'CMakeFiles/realsense2_camera_node.dir/flags.make' has modification time 1747325740 s in the future
gmake[2]: Warning: File 'CMakeFiles/realsense2_camera.dir/flags.make' has modification time 1747325740 s in the future
gmake[2]: Warning: File 'gtest/CMakeFiles/gtest_main.dir/flags.make' has modification time 1747325740 s in the future
gmake[2]: Warning: File 'gtest/CMakeFiles/gtest.dir/flags.make' has modification time 1747325740 s in the future
gmake[2]: warning:  Clock skew detected.  Your build may be incomplete.
gmake[2]: Warning: File 'gtest/CMakeFiles/gtest_main.dir/flags.make' has modification time 1747325740 s in the future
gmake[2]: warning:  Clock skew detected.  Your build may be incomplete.
gmake[2]: Warning: File 'CMakeFiles/realsense2_camera_node.dir/flags.make' has modification time 1747325740 s in the future
gmake[2]: warning:  Clock skew detected.  Your build may be incomplete.
gmake[2]: warning:  Clock skew detected.  Your build may be incomplete.
gmake[2]: Warning: File 'gtest/CMakeFiles/gtest.dir/flags.make' has modification time 1747325740 s in the future
gmake[2]: warning:  Clock skew detected.  Your build may be incomplete.
gmake[2]: warning:  Clock skew detected.  Your build may be incomplete.
gmake[2]: Warning: File 'CMakeFiles/gtest_template.dir/flags.make' has modification time 1747325740 s in the future
gmake[2]: warning:  Clock skew detected.  Your build may be incomplete.
gmake[2]: Warning: File 'CMakeFiles/gtest_template.dir/flags.make' has modification time 1747325740 s in the future
gmake[2]: warning:  Clock skew detected.  Your build may be incomplete.
gmake[2]: warning:  Clock skew detected.  Your build may be incomplete.
gmake[2]: Warning: File 'CMakeFiles/realsense2_camera.dir/flags.make' has modification time 1747325740 s in the future
gmake[2]: warning:  Clock skew detected.  Your build may be incomplete.
gmake[1]: warning:  Clock skew detected.  Your build may be incomplete.
gmake: warning:  Clock skew detected.  Your build may be incomplete.
