[  1%] [32mBuilding CXX object CMakeFiles/fmt.dir/src/os.cc.o[0m
[  3%] [32mBuilding CXX object CMakeFiles/fmt.dir/src/format.cc.o[0m
[  5%] [32mBuilding CXX object test/CMakeFiles/gmock.dir/gmock-gtest-all.cc.o[0m
[  7%] [32m[1mLinking CXX static library libfmt.a[0m
[  7%] Built target fmt
[  9%] [32m[1mLinking CXX static library libgmock.a[0m
[  9%] Built target gmock
[ 11%] [32mBuilding CXX object test/CMakeFiles/test-main.dir/test-main.cc.o[0m
[ 13%] [32mBuilding CXX object test/CMakeFiles/test-main.dir/util.cc.o[0m
[ 15%] [32mBuilding CXX object test/CMakeFiles/test-main.dir/gtest-extra.cc.o[0m
[ 17%] [32m[1mLinking CXX static library libtest-main.a[0m
[ 17%] Built target test-main
[ 19%] [32mBuilding CXX object test/CMakeFiles/header-only-test.dir/header-only-test.cc.o[0m
[ 21%] [32mBuilding CXX object test/CMakeFiles/posix-mock-test.dir/posix-mock-test.cc.o[0m
[ 23%] [32mBuilding CXX object test/CMakeFiles/header-only-test.dir/header-only-test2.cc.o[0m
[ 25%] [32mBuilding CXX object test/CMakeFiles/header-only-test.dir/test-main.cc.o[0m
[ 27%] [32mBuilding CXX object test/CMakeFiles/core-test.dir/core-test.cc.o[0m
[ 29%] [32mBuilding CXX object test/CMakeFiles/color-test.dir/color-test.cc.o[0m
[ 31%] [32m[1mLinking CXX executable ../bin/header-only-test[0m
[ 31%] Built target header-only-test
[ 33%] [32mBuilding CXX object test/CMakeFiles/grisu-test.dir/grisu-test.cc.o[0m
[ 35%] [32mBuilding CXX object test/CMakeFiles/chrono-test.dir/chrono-test.cc.o[0m
[ 37%] [32mBuilding CXX object test/CMakeFiles/assert-test.dir/assert-test.cc.o[0m
[ 39%] [32m[1mLinking CXX executable ../bin/grisu-test[0m
[ 39%] Built target grisu-test
[ 41%] [32m[1mLinking CXX executable ../bin/assert-test[0m
[ 41%] Built target assert-test
[ 43%] [32mBuilding CXX object test/CMakeFiles/posix-mock-test.dir/__/src/format.cc.o[0m
[ 45%] [32m[1mLinking CXX executable ../bin/color-test[0m
[ 45%] Built target color-test
[ 47%] [32mBuilding CXX object test/CMakeFiles/posix-mock-test.dir/test-main.cc.o[0m
[ 49%] [32mBuilding CXX object test/CMakeFiles/posix-mock-test.dir/gtest-extra.cc.o[0m
[ 50%] [32mBuilding CXX object test/CMakeFiles/posix-mock-test.dir/util.cc.o[0m
[ 52%] [32m[1mLinking CXX executable ../bin/posix-mock-test[0m
[ 52%] Built target posix-mock-test
[ 54%] [32mBuilding CXX object test/CMakeFiles/locale-test.dir/locale-test.cc.o[0m
[ 56%] [32mBuilding CXX object test/CMakeFiles/format-impl-test.dir/format-impl-test.cc.o[0m
[ 58%] [32mBuilding CXX object test/CMakeFiles/format-test.dir/format-test.cc.o[0m
