/home/lunabotics/2025-tibalt-bot/install/rover_control/lib/python3.10/site-packages/rover_control/gui.py
/home/lunabotics/2025-tibalt-bot/install/rover_control/lib/python3.10/site-packages/rover_control/joystick_pipeline.py
/home/lunabotics/2025-tibalt-bot/install/rover_control/lib/python3.10/site-packages/rover_control/tibalt_control.py
/home/lunabotics/2025-tibalt-bot/install/rover_control/lib/python3.10/site-packages/rover_control/__init__.py
/home/lunabotics/2025-tibalt-bot/install/rover_control/lib/python3.10/site-packages/rover_control/__pycache__/gui.cpython-310.pyc
/home/lunabotics/2025-tibalt-bot/install/rover_control/lib/python3.10/site-packages/rover_control/__pycache__/joystick_pipeline.cpython-310.pyc
/home/lunabotics/2025-tibalt-bot/install/rover_control/lib/python3.10/site-packages/rover_control/__pycache__/tibalt_control.cpython-310.pyc
/home/lunabotics/2025-tibalt-bot/install/rover_control/lib/python3.10/site-packages/rover_control/__pycache__/__init__.cpython-310.pyc
/home/lunabotics/2025-tibalt-bot/install/rover_control/share/rover_control/package.xml
/home/lunabotics/2025-tibalt-bot/install/rover_control/share/rover_control/launch/topics_launch.py
/home/lunabotics/2025-tibalt-bot/install/rover_control/share/rover_control/launch/joystick_launch.py
/home/lunabotics/2025-tibalt-bot/install/rover_control/share/rover_control/config
/home/lunabotics/2025-tibalt-bot/install/rover_control/share/rover_control/urdf
/home/lunabotics/2025-tibalt-bot/install/rover_control/lib/python3.10/site-packages/rover_control-0.0.0-py3.10.egg-info/top_level.txt
/home/lunabotics/2025-tibalt-bot/install/rover_control/lib/python3.10/site-packages/rover_control-0.0.0-py3.10.egg-info/requires.txt
/home/lunabotics/2025-tibalt-bot/install/rover_control/lib/python3.10/site-packages/rover_control-0.0.0-py3.10.egg-info/SOURCES.txt
/home/lunabotics/2025-tibalt-bot/install/rover_control/lib/python3.10/site-packages/rover_control-0.0.0-py3.10.egg-info/entry_points.txt
/home/lunabotics/2025-tibalt-bot/install/rover_control/lib/python3.10/site-packages/rover_control-0.0.0-py3.10.egg-info/PKG-INFO
/home/lunabotics/2025-tibalt-bot/install/rover_control/lib/python3.10/site-packages/rover_control-0.0.0-py3.10.egg-info/zip-safe
/home/lunabotics/2025-tibalt-bot/install/rover_control/lib/python3.10/site-packages/rover_control-0.0.0-py3.10.egg-info/dependency_links.txt
/home/lunabotics/2025-tibalt-bot/install/rover_control/lib/rover_control/joystick_pipeline
/home/lunabotics/2025-tibalt-bot/install/rover_control/lib/rover_control/tibalt_control
