[0.032s] Invoking command in '/home/lunabotics/2025-tibalt-bot/build/micro_ros_msgs': CMAKE_PREFIX_PATH=${CMAKE_PREFIX_PATH}:/home/lunabotics/2025-tibalt-bot/install/rover_control /usr/bin/cmake /home/lunabotics/2025-tibalt-bot/src/micro_ros_msgs -DAMENT_CMAKE_SYMLINK_INSTALL=1 -DCMAKE_INSTALL_PREFIX=/home/lunabotics/2025-tibalt-bot/install/micro_ros_msgs
[0.168s] -- The C compiler identification is GNU 11.4.0
[0.314s] -- The CXX compiler identification is GNU 11.4.0
[0.337s] -- Detecting C compiler ABI info
[0.508s] -- Detecting C compiler ABI info - done
[0.536s] -- Check for working C compiler: /usr/bin/cc - skipped
[0.537s] -- Detecting C compile features
[0.538s] -- Detecting C compile features - done
[0.548s] -- Detecting CXX compiler ABI info
[0.750s] -- Detecting CXX compiler ABI info - done
[0.765s] -- Check for working CXX compiler: /usr/bin/c++ - skipped
[0.765s] -- Detecting CXX compile features
[0.766s] -- Detecting CXX compile features - done
[0.785s] [31mCMake Error at CMakeLists.txt:19 (find_package):
[0.786s]   By not providing "Findament_cmake.cmake" in CMAKE_MODULE_PATH this project
[0.786s]   has asked CMake to find a package configuration file provided by
[0.786s]   "ament_cmake", but CMake did not find one.
[0.786s] 
[0.786s]   Could not find a package configuration file provided by "ament_cmake" with
[0.786s]   any of the following names:
[0.787s] 
[0.787s]     ament_cmakeConfig.cmake
[0.787s]     ament_cmake-config.cmake
[0.787s] 
[0.787s]   Add the installation prefix of "ament_cmake" to CMAKE_PREFIX_PATH or set
[0.787s]   "ament_cmake_DIR" to a directory containing one of the above files.  If
[0.787s]   "ament_cmake" provides a separate development package or SDK, be sure it
[0.787s]   has been installed.
[0.788s] 
[0.788s] [0m
[0.788s] -- Configuring incomplete, errors occurred!
[0.788s] See also "/home/lunabotics/2025-tibalt-bot/build/micro_ros_msgs/CMakeFiles/CMakeOutput.log".
[0.800s] Invoked command in '/home/lunabotics/2025-tibalt-bot/build/micro_ros_msgs' returned '1': CMAKE_PREFIX_PATH=${CMAKE_PREFIX_PATH}:/home/lunabotics/2025-tibalt-bot/install/rover_control /usr/bin/cmake /home/lunabotics/2025-tibalt-bot/src/micro_ros_msgs -DAMENT_CMAKE_SYMLINK_INSTALL=1 -DCMAKE_INSTALL_PREFIX=/home/lunabotics/2025-tibalt-bot/install/micro_ros_msgs
