[0.035s] Invoking command in '/home/lunabotics/2025-tibalt-bot/build/micro_ros_msgs': CMAKE_PREFIX_PATH=${CMAKE_PREFIX_PATH}:/home/lunabotics/2025-tibalt-bot/install/rover_control:/home/lunabotics/2025-terrence-bot/install/control_topic:/opt/ros/humble /usr/bin/cmake /home/lunabotics/2025-tibalt-bot/src/micro_ros_msgs -DCMAKE_INSTALL_PREFIX=/home/lunabotics/2025-tibalt-bot/install/micro_ros_msgs
[0.187s] -- The C compiler identification is GNU 11.4.0
[0.328s] -- The CXX compiler identification is GNU 11.4.0
[0.350s] -- Detecting C compiler ABI info
[0.535s] -- Detecting C compiler ABI info - done
[0.550s] -- Check for working C compiler: /usr/bin/cc - skipped
[0.551s] -- Detecting C compile features
[0.551s] -- Detecting C compile features - done
[0.558s] -- Detecting CXX compiler ABI info
[0.773s] -- Detecting CXX compiler ABI info - done
[0.799s] -- Check for working CXX compiler: /usr/bin/c++ - skipped
[0.799s] -- Detecting CXX compile features
[0.801s] -- Detecting CXX compile features - done
[0.811s] -- Found ament_cmake: 1.3.11 (/opt/ros/humble/share/ament_cmake/cmake)
[1.206s] -- Found Python3: /usr/bin/python3 (found version "3.10.12") found components: Interpreter 
[1.462s] -- Found rosidl_default_generators: 1.2.0 (/opt/ros/humble/share/rosidl_default_generators/cmake)
[1.473s] -- Using all available rosidl_typesupport_c: rosidl_typesupport_fastrtps_c;rosidl_typesupport_introspection_c
[1.492s] -- Found rosidl_adapter: 3.1.6 (/opt/ros/humble/share/rosidl_adapter/cmake)
[1.581s] -- Using all available rosidl_typesupport_cpp: rosidl_typesupport_fastrtps_cpp;rosidl_typesupport_introspection_cpp
[1.654s] -- Found ament_lint_auto: 0.12.12 (/opt/ros/humble/share/ament_lint_auto/cmake)
[2.360s] -- Found ament_cmake_ros: 0.10.0 (/opt/ros/humble/share/ament_cmake_ros/cmake)
[2.856s] -- Using all available rosidl_typesupport_c: rosidl_typesupport_fastrtps_c;rosidl_typesupport_introspection_c
[3.493s] -- Using all available rosidl_typesupport_cpp: rosidl_typesupport_fastrtps_cpp;rosidl_typesupport_introspection_cpp
[3.555s] -- Found PythonInterp: /usr/bin/python3 (found suitable version "3.10.12", minimum required is "3.6") 
[3.559s] -- Found python_cmake_module: 0.10.0 (/opt/ros/humble/share/python_cmake_module/cmake)
[3.635s] -- Found PythonLibs: /usr/lib/aarch64-linux-gnu/libpython3.10.so (found suitable version "3.10.12", minimum required is "3.5") 
[3.636s] -- Using PYTHON_EXECUTABLE: /usr/bin/python3
[3.636s] -- Using PYTHON_INCLUDE_DIRS: /usr/include/python3.10
[3.636s] -- Using PYTHON_LIBRARIES: /usr/lib/aarch64-linux-gnu/libpython3.10.so
[3.695s] -- Found PythonExtra: .so  
[3.799s] -- Added test 'copyright' to check source files copyright and LICENSE
[3.806s] -- Added test 'lint_cmake' to check CMake code style
[3.810s] -- Added test 'xmllint' to check XML markup files
[3.824s] -- Configuring done
[3.896s] -- Generating done
[3.919s] -- Build files have been written to: /home/lunabotics/2025-tibalt-bot/build/micro_ros_msgs
[3.947s] Invoked command in '/home/lunabotics/2025-tibalt-bot/build/micro_ros_msgs' returned '0': CMAKE_PREFIX_PATH=${CMAKE_PREFIX_PATH}:/home/lunabotics/2025-tibalt-bot/install/rover_control:/home/lunabotics/2025-terrence-bot/install/control_topic:/opt/ros/humble /usr/bin/cmake /home/lunabotics/2025-tibalt-bot/src/micro_ros_msgs -DCMAKE_INSTALL_PREFIX=/home/lunabotics/2025-tibalt-bot/install/micro_ros_msgs
[3.954s] Invoking command in '/home/lunabotics/2025-tibalt-bot/build/micro_ros_msgs': CMAKE_PREFIX_PATH=${CMAKE_PREFIX_PATH}:/home/lunabotics/2025-tibalt-bot/install/rover_control:/home/lunabotics/2025-terrence-bot/install/control_topic:/opt/ros/humble /usr/bin/cmake --build /home/lunabotics/2025-tibalt-bot/build/micro_ros_msgs -- -j6 -l6
[4.056s] [  2%] [34m[1mGenerating C code for ROS interfaces[0m
[4.081s] [  4%] [34m[1mGenerating C++ code for ROS interfaces[0m
[4.107s] [  4%] Built target ament_cmake_python_copy_micro_ros_msgs
[4.712s] running egg_info
[4.713s] creating micro_ros_msgs.egg-info
[4.714s] writing micro_ros_msgs.egg-info/PKG-INFO
[4.715s] writing dependency_links to micro_ros_msgs.egg-info/dependency_links.txt
[4.716s] writing top-level names to micro_ros_msgs.egg-info/top_level.txt
[4.716s] writing manifest file 'micro_ros_msgs.egg-info/SOURCES.txt'
[4.721s] reading manifest file 'micro_ros_msgs.egg-info/SOURCES.txt'
[4.722s] writing manifest file 'micro_ros_msgs.egg-info/SOURCES.txt'
[4.834s] [  4%] Built target ament_cmake_python_build_micro_ros_msgs_egg
[5.023s] [  4%] Built target micro_ros_msgs__cpp
[5.050s] [  8%] [34m[1mGenerating C++ type support for eProsima Fast-RTPS[0m
[5.050s] [  8%] [34m[1mGenerating C++ type support dispatch for ROS interfaces[0m
[5.062s] [ 10%] [34m[1mGenerating C++ introspection for ROS interfaces[0m
[5.092s] [ 14%] [32mBuilding C object CMakeFiles/micro_ros_msgs__rosidl_generator_c.dir/rosidl_generator_c/micro_ros_msgs/msg/detail/node__functions.c.o[0m
[5.093s] [ 14%] [32mBuilding C object CMakeFiles/micro_ros_msgs__rosidl_generator_c.dir/rosidl_generator_c/micro_ros_msgs/msg/detail/entity__functions.c.o[0m
[5.093s] [ 17%] [32mBuilding C object CMakeFiles/micro_ros_msgs__rosidl_generator_c.dir/rosidl_generator_c/micro_ros_msgs/msg/detail/graph__functions.c.o[0m
[5.249s] [ 19%] [32m[1mLinking C shared library libmicro_ros_msgs__rosidl_generator_c.so[0m
[5.352s] [ 19%] Built target micro_ros_msgs__rosidl_generator_c
[5.380s] [ 21%] [34m[1mGenerating C type support dispatch for ROS interfaces[0m
[5.383s] [ 23%] [34m[1mGenerating C introspection for ROS interfaces[0m
[5.383s] [ 25%] [34m[1mGenerating C type support for eProsima Fast-RTPS[0m
[5.848s] [ 27%] [32mBuilding CXX object CMakeFiles/micro_ros_msgs__rosidl_typesupport_cpp.dir/rosidl_typesupport_cpp/micro_ros_msgs/msg/graph__type_support.cpp.o[0m
[6.061s] [ 29%] [32mBuilding CXX object CMakeFiles/micro_ros_msgs__rosidl_typesupport_fastrtps_cpp.dir/rosidl_typesupport_fastrtps_cpp/micro_ros_msgs/msg/detail/dds_fastrtps/graph__type_support.cpp.o[0m
[6.103s] [ 31%] [32mBuilding CXX object CMakeFiles/micro_ros_msgs__rosidl_typesupport_introspection_cpp.dir/rosidl_typesupport_introspection_cpp/micro_ros_msgs/msg/detail/graph__type_support.cpp.o[0m
[6.245s] [ 34%] [32mBuilding CXX object CMakeFiles/micro_ros_msgs__rosidl_typesupport_c.dir/rosidl_typesupport_c/micro_ros_msgs/msg/graph__type_support.cpp.o[0m
[6.350s] [ 36%] [32mBuilding CXX object CMakeFiles/micro_ros_msgs__rosidl_typesupport_c.dir/rosidl_typesupport_c/micro_ros_msgs/msg/node__type_support.cpp.o[0m
[6.404s] [ 38%] [32mBuilding C object CMakeFiles/micro_ros_msgs__rosidl_typesupport_introspection_c.dir/rosidl_typesupport_introspection_c/micro_ros_msgs/msg/detail/graph__type_support.c.o[0m
[6.444s] [ 40%] [32mBuilding CXX object CMakeFiles/micro_ros_msgs__rosidl_typesupport_c.dir/rosidl_typesupport_c/micro_ros_msgs/msg/entity__type_support.cpp.o[0m
[6.521s] [ 42%] [32mBuilding C object CMakeFiles/micro_ros_msgs__rosidl_typesupport_introspection_c.dir/rosidl_typesupport_introspection_c/micro_ros_msgs/msg/detail/node__type_support.c.o[0m
[6.533s] [ 44%] [32m[1mLinking CXX shared library libmicro_ros_msgs__rosidl_typesupport_c.so[0m
[6.555s] [ 46%] [32mBuilding CXX object CMakeFiles/micro_ros_msgs__rosidl_typesupport_fastrtps_c.dir/rosidl_typesupport_fastrtps_c/micro_ros_msgs/msg/detail/graph__type_support_c.cpp.o[0m
[6.615s] [ 48%] [32mBuilding CXX object CMakeFiles/micro_ros_msgs__rosidl_typesupport_cpp.dir/rosidl_typesupport_cpp/micro_ros_msgs/msg/node__type_support.cpp.o[0m
[6.644s] [ 51%] [32mBuilding C object CMakeFiles/micro_ros_msgs__rosidl_typesupport_introspection_c.dir/rosidl_typesupport_introspection_c/micro_ros_msgs/msg/detail/entity__type_support.c.o[0m
[6.667s] [ 51%] Built target micro_ros_msgs__rosidl_typesupport_c
[6.697s] [ 53%] [32mBuilding CXX object CMakeFiles/micro_ros_msgs__rosidl_typesupport_fastrtps_c.dir/rosidl_typesupport_fastrtps_c/micro_ros_msgs/msg/detail/node__type_support_c.cpp.o[0m
[6.759s] [ 55%] [32m[1mLinking C shared library libmicro_ros_msgs__rosidl_typesupport_introspection_c.so[0m
[6.852s] [ 55%] Built target micro_ros_msgs__rosidl_typesupport_introspection_c
[6.893s] [ 57%] [32mBuilding CXX object CMakeFiles/micro_ros_msgs__rosidl_typesupport_cpp.dir/rosidl_typesupport_cpp/micro_ros_msgs/msg/entity__type_support.cpp.o[0m
[7.447s] [ 59%] [32mBuilding CXX object CMakeFiles/micro_ros_msgs__rosidl_typesupport_introspection_cpp.dir/rosidl_typesupport_introspection_cpp/micro_ros_msgs/msg/detail/node__type_support.cpp.o[0m
[7.513s] [ 61%] [32mBuilding CXX object CMakeFiles/micro_ros_msgs__rosidl_typesupport_fastrtps_cpp.dir/rosidl_typesupport_fastrtps_cpp/micro_ros_msgs/msg/detail/dds_fastrtps/node__type_support.cpp.o[0m
[7.580s] [ 63%] [32mBuilding CXX object CMakeFiles/micro_ros_msgs__rosidl_typesupport_fastrtps_c.dir/rosidl_typesupport_fastrtps_c/micro_ros_msgs/msg/detail/entity__type_support_c.cpp.o[0m
[7.687s] [ 65%] [32mBuilding CXX object CMakeFiles/micro_ros_msgs__rosidl_typesupport_fastrtps_cpp.dir/rosidl_typesupport_fastrtps_cpp/micro_ros_msgs/msg/detail/dds_fastrtps/entity__type_support.cpp.o[0m
[7.732s] [ 68%] [32mBuilding CXX object CMakeFiles/micro_ros_msgs__rosidl_typesupport_introspection_cpp.dir/rosidl_typesupport_introspection_cpp/micro_ros_msgs/msg/detail/entity__type_support.cpp.o[0m
[7.835s] [ 70%] [32m[1mLinking CXX shared library libmicro_ros_msgs__rosidl_typesupport_cpp.so[0m
[7.952s] [ 70%] Built target micro_ros_msgs__rosidl_typesupport_cpp
[8.600s] [ 72%] [32m[1mLinking CXX shared library libmicro_ros_msgs__rosidl_typesupport_fastrtps_c.so[0m
[8.852s] [ 72%] Built target micro_ros_msgs__rosidl_typesupport_fastrtps_c
[8.953s] [ 74%] [32m[1mLinking CXX shared library libmicro_ros_msgs__rosidl_typesupport_fastrtps_cpp.so[0m
[8.988s] [ 76%] [32m[1mLinking CXX shared library libmicro_ros_msgs__rosidl_typesupport_introspection_cpp.so[0m
[9.194s] [ 76%] Built target micro_ros_msgs__rosidl_typesupport_fastrtps_cpp
[9.228s] [ 76%] Built target micro_ros_msgs__rosidl_typesupport_introspection_cpp
[9.278s] [ 76%] Built target micro_ros_msgs
[9.327s] [ 78%] [34m[1mGenerating Python code for ROS interfaces[0m
[10.539s] [ 78%] Built target micro_ros_msgs__py
[10.588s] [ 85%] [32mBuilding C object CMakeFiles/micro_ros_msgs__rosidl_generator_py.dir/rosidl_generator_py/micro_ros_msgs/msg/_node_s.c.o[0m
[10.589s] [ 85%] [32mBuilding C object CMakeFiles/micro_ros_msgs__rosidl_generator_py.dir/rosidl_generator_py/micro_ros_msgs/msg/_graph_s.c.o[0m
[10.589s] [ 85%] [32mBuilding C object CMakeFiles/micro_ros_msgs__rosidl_generator_py.dir/rosidl_generator_py/micro_ros_msgs/msg/_entity_s.c.o[0m
[10.856s] [ 87%] [32m[1mLinking C shared library rosidl_generator_py/micro_ros_msgs/libmicro_ros_msgs__rosidl_generator_py.so[0m
[10.954s] [ 87%] Built target micro_ros_msgs__rosidl_generator_py
[11.004s] [ 93%] [32mBuilding C object CMakeFiles/micro_ros_msgs__rosidl_typesupport_c__pyext.dir/rosidl_generator_py/micro_ros_msgs/_micro_ros_msgs_s.ep.rosidl_typesupport_c.c.o[0m
[11.005s] [ 93%] [32mBuilding C object CMakeFiles/micro_ros_msgs__rosidl_typesupport_fastrtps_c__pyext.dir/rosidl_generator_py/micro_ros_msgs/_micro_ros_msgs_s.ep.rosidl_typesupport_fastrtps_c.c.o[0m
[11.005s] [ 93%] [32mBuilding C object CMakeFiles/micro_ros_msgs__rosidl_typesupport_introspection_c__pyext.dir/rosidl_generator_py/micro_ros_msgs/_micro_ros_msgs_s.ep.rosidl_typesupport_introspection_c.c.o[0m
[11.248s] [ 97%] [32m[1mLinking C shared library rosidl_generator_py/micro_ros_msgs/micro_ros_msgs_s__rosidl_typesupport_c.cpython-310-aarch64-linux-gnu.so[0m
[11.249s] [ 97%] [32m[1mLinking C shared library rosidl_generator_py/micro_ros_msgs/micro_ros_msgs_s__rosidl_typesupport_introspection_c.cpython-310-aarch64-linux-gnu.so[0m
[11.258s] [100%] [32m[1mLinking C shared library rosidl_generator_py/micro_ros_msgs/micro_ros_msgs_s__rosidl_typesupport_fastrtps_c.cpython-310-aarch64-linux-gnu.so[0m
[11.333s] [100%] Built target micro_ros_msgs__rosidl_typesupport_c__pyext
[11.334s] [100%] Built target micro_ros_msgs__rosidl_typesupport_introspection_c__pyext
[11.343s] [100%] Built target micro_ros_msgs__rosidl_typesupport_fastrtps_c__pyext
[11.376s] Invoked command in '/home/lunabotics/2025-tibalt-bot/build/micro_ros_msgs' returned '0': CMAKE_PREFIX_PATH=${CMAKE_PREFIX_PATH}:/home/lunabotics/2025-tibalt-bot/install/rover_control:/home/lunabotics/2025-terrence-bot/install/control_topic:/opt/ros/humble /usr/bin/cmake --build /home/lunabotics/2025-tibalt-bot/build/micro_ros_msgs -- -j6 -l6
[11.404s] Invoking command in '/home/lunabotics/2025-tibalt-bot/build/micro_ros_msgs': CMAKE_PREFIX_PATH=${CMAKE_PREFIX_PATH}:/home/lunabotics/2025-tibalt-bot/install/rover_control:/home/lunabotics/2025-terrence-bot/install/control_topic:/opt/ros/humble /usr/bin/cmake --install /home/lunabotics/2025-tibalt-bot/build/micro_ros_msgs
[11.426s] -- Install configuration: ""
[11.426s] -- Installing: /home/lunabotics/2025-tibalt-bot/install/micro_ros_msgs/share/ament_index/resource_index/rosidl_interfaces/micro_ros_msgs
[11.427s] -- Installing: /home/lunabotics/2025-tibalt-bot/install/micro_ros_msgs/include/micro_ros_msgs/micro_ros_msgs
[11.427s] -- Installing: /home/lunabotics/2025-tibalt-bot/install/micro_ros_msgs/include/micro_ros_msgs/micro_ros_msgs/msg
[11.427s] -- Installing: /home/lunabotics/2025-tibalt-bot/install/micro_ros_msgs/include/micro_ros_msgs/micro_ros_msgs/msg/rosidl_generator_c__visibility_control.h
[11.427s] -- Installing: /home/lunabotics/2025-tibalt-bot/install/micro_ros_msgs/include/micro_ros_msgs/micro_ros_msgs/msg/entity.h
[11.428s] -- Installing: /home/lunabotics/2025-tibalt-bot/install/micro_ros_msgs/include/micro_ros_msgs/micro_ros_msgs/msg/detail
[11.428s] -- Installing: /home/lunabotics/2025-tibalt-bot/install/micro_ros_msgs/include/micro_ros_msgs/micro_ros_msgs/msg/detail/entity__functions.h
[11.428s] -- Installing: /home/lunabotics/2025-tibalt-bot/install/micro_ros_msgs/include/micro_ros_msgs/micro_ros_msgs/msg/detail/entity__struct.h
[11.428s] -- Installing: /home/lunabotics/2025-tibalt-bot/install/micro_ros_msgs/include/micro_ros_msgs/micro_ros_msgs/msg/detail/graph__functions.c
[11.429s] -- Installing: /home/lunabotics/2025-tibalt-bot/install/micro_ros_msgs/include/micro_ros_msgs/micro_ros_msgs/msg/detail/entity__functions.c
[11.429s] -- Installing: /home/lunabotics/2025-tibalt-bot/install/micro_ros_msgs/include/micro_ros_msgs/micro_ros_msgs/msg/detail/node__type_support.h
[11.429s] -- Installing: /home/lunabotics/2025-tibalt-bot/install/micro_ros_msgs/include/micro_ros_msgs/micro_ros_msgs/msg/detail/entity__type_support.h
[11.429s] -- Installing: /home/lunabotics/2025-tibalt-bot/install/micro_ros_msgs/include/micro_ros_msgs/micro_ros_msgs/msg/detail/graph__struct.h
[11.430s] -- Installing: /home/lunabotics/2025-tibalt-bot/install/micro_ros_msgs/include/micro_ros_msgs/micro_ros_msgs/msg/detail/graph__functions.h
[11.430s] -- Installing: /home/lunabotics/2025-tibalt-bot/install/micro_ros_msgs/include/micro_ros_msgs/micro_ros_msgs/msg/detail/node__functions.c
[11.430s] -- Installing: /home/lunabotics/2025-tibalt-bot/install/micro_ros_msgs/include/micro_ros_msgs/micro_ros_msgs/msg/detail/graph__type_support.h
[11.430s] -- Installing: /home/lunabotics/2025-tibalt-bot/install/micro_ros_msgs/include/micro_ros_msgs/micro_ros_msgs/msg/detail/node__functions.h
[11.431s] -- Installing: /home/lunabotics/2025-tibalt-bot/install/micro_ros_msgs/include/micro_ros_msgs/micro_ros_msgs/msg/detail/node__struct.h
[11.431s] -- Installing: /home/lunabotics/2025-tibalt-bot/install/micro_ros_msgs/include/micro_ros_msgs/micro_ros_msgs/msg/node.h
[11.431s] -- Installing: /home/lunabotics/2025-tibalt-bot/install/micro_ros_msgs/include/micro_ros_msgs/micro_ros_msgs/msg/graph.h
[11.431s] -- Installing: /home/lunabotics/2025-tibalt-bot/install/micro_ros_msgs/share/micro_ros_msgs/environment/library_path.sh
[11.432s] -- Installing: /home/lunabotics/2025-tibalt-bot/install/micro_ros_msgs/share/micro_ros_msgs/environment/library_path.dsv
[11.432s] -- Installing: /home/lunabotics/2025-tibalt-bot/install/micro_ros_msgs/lib/libmicro_ros_msgs__rosidl_generator_c.so
[11.433s] -- Set runtime path of "/home/lunabotics/2025-tibalt-bot/install/micro_ros_msgs/lib/libmicro_ros_msgs__rosidl_generator_c.so" to ""
[11.434s] -- Up-to-date: /home/lunabotics/2025-tibalt-bot/install/micro_ros_msgs/include/micro_ros_msgs/micro_ros_msgs
[11.434s] -- Up-to-date: /home/lunabotics/2025-tibalt-bot/install/micro_ros_msgs/include/micro_ros_msgs/micro_ros_msgs/msg
[11.434s] -- Up-to-date: /home/lunabotics/2025-tibalt-bot/install/micro_ros_msgs/include/micro_ros_msgs/micro_ros_msgs/msg/detail
[11.434s] -- Installing: /home/lunabotics/2025-tibalt-bot/install/micro_ros_msgs/include/micro_ros_msgs/micro_ros_msgs/msg/detail/entity__rosidl_typesupport_fastrtps_c.h
[11.434s] -- Installing: /home/lunabotics/2025-tibalt-bot/install/micro_ros_msgs/include/micro_ros_msgs/micro_ros_msgs/msg/detail/node__rosidl_typesupport_fastrtps_c.h
[11.434s] -- Installing: /home/lunabotics/2025-tibalt-bot/install/micro_ros_msgs/include/micro_ros_msgs/micro_ros_msgs/msg/detail/graph__rosidl_typesupport_fastrtps_c.h
[11.435s] -- Installing: /home/lunabotics/2025-tibalt-bot/install/micro_ros_msgs/include/micro_ros_msgs/micro_ros_msgs/msg/rosidl_typesupport_fastrtps_c__visibility_control.h
[11.435s] -- Installing: /home/lunabotics/2025-tibalt-bot/install/micro_ros_msgs/lib/libmicro_ros_msgs__rosidl_typesupport_fastrtps_c.so
[11.436s] -- Set runtime path of "/home/lunabotics/2025-tibalt-bot/install/micro_ros_msgs/lib/libmicro_ros_msgs__rosidl_typesupport_fastrtps_c.so" to ""
[11.436s] -- Up-to-date: /home/lunabotics/2025-tibalt-bot/install/micro_ros_msgs/include/micro_ros_msgs/micro_ros_msgs
[11.436s] -- Up-to-date: /home/lunabotics/2025-tibalt-bot/install/micro_ros_msgs/include/micro_ros_msgs/micro_ros_msgs/msg
[11.436s] -- Up-to-date: /home/lunabotics/2025-tibalt-bot/install/micro_ros_msgs/include/micro_ros_msgs/micro_ros_msgs/msg/detail
[11.436s] -- Installing: /home/lunabotics/2025-tibalt-bot/install/micro_ros_msgs/include/micro_ros_msgs/micro_ros_msgs/msg/detail/node__type_support.c
[11.437s] -- Installing: /home/lunabotics/2025-tibalt-bot/install/micro_ros_msgs/include/micro_ros_msgs/micro_ros_msgs/msg/detail/graph__rosidl_typesupport_introspection_c.h
[11.437s] -- Installing: /home/lunabotics/2025-tibalt-bot/install/micro_ros_msgs/include/micro_ros_msgs/micro_ros_msgs/msg/detail/graph__type_support.c
[11.437s] -- Installing: /home/lunabotics/2025-tibalt-bot/install/micro_ros_msgs/include/micro_ros_msgs/micro_ros_msgs/msg/detail/entity__type_support.c
[11.437s] -- Installing: /home/lunabotics/2025-tibalt-bot/install/micro_ros_msgs/include/micro_ros_msgs/micro_ros_msgs/msg/detail/entity__rosidl_typesupport_introspection_c.h
[11.437s] -- Installing: /home/lunabotics/2025-tibalt-bot/install/micro_ros_msgs/include/micro_ros_msgs/micro_ros_msgs/msg/detail/node__rosidl_typesupport_introspection_c.h
[11.438s] -- Installing: /home/lunabotics/2025-tibalt-bot/install/micro_ros_msgs/include/micro_ros_msgs/micro_ros_msgs/msg/rosidl_typesupport_introspection_c__visibility_control.h
[11.438s] -- Installing: /home/lunabotics/2025-tibalt-bot/install/micro_ros_msgs/lib/libmicro_ros_msgs__rosidl_typesupport_introspection_c.so
[11.439s] -- Set runtime path of "/home/lunabotics/2025-tibalt-bot/install/micro_ros_msgs/lib/libmicro_ros_msgs__rosidl_typesupport_introspection_c.so" to ""
[11.439s] -- Installing: /home/lunabotics/2025-tibalt-bot/install/micro_ros_msgs/lib/libmicro_ros_msgs__rosidl_typesupport_c.so
[11.439s] -- Set runtime path of "/home/lunabotics/2025-tibalt-bot/install/micro_ros_msgs/lib/libmicro_ros_msgs__rosidl_typesupport_c.so" to ""
[11.439s] -- Up-to-date: /home/lunabotics/2025-tibalt-bot/install/micro_ros_msgs/include/micro_ros_msgs/micro_ros_msgs
[11.440s] -- Up-to-date: /home/lunabotics/2025-tibalt-bot/install/micro_ros_msgs/include/micro_ros_msgs/micro_ros_msgs/msg
[11.440s] -- Installing: /home/lunabotics/2025-tibalt-bot/install/micro_ros_msgs/include/micro_ros_msgs/micro_ros_msgs/msg/entity.hpp
[11.440s] -- Installing: /home/lunabotics/2025-tibalt-bot/install/micro_ros_msgs/include/micro_ros_msgs/micro_ros_msgs/msg/graph.hpp
[11.440s] -- Installing: /home/lunabotics/2025-tibalt-bot/install/micro_ros_msgs/include/micro_ros_msgs/micro_ros_msgs/msg/node.hpp
[11.440s] -- Installing: /home/lunabotics/2025-tibalt-bot/install/micro_ros_msgs/include/micro_ros_msgs/micro_ros_msgs/msg/rosidl_generator_cpp__visibility_control.hpp
[11.440s] -- Up-to-date: /home/lunabotics/2025-tibalt-bot/install/micro_ros_msgs/include/micro_ros_msgs/micro_ros_msgs/msg/detail
[11.441s] -- Installing: /home/lunabotics/2025-tibalt-bot/install/micro_ros_msgs/include/micro_ros_msgs/micro_ros_msgs/msg/detail/node__struct.hpp
[11.441s] -- Installing: /home/lunabotics/2025-tibalt-bot/install/micro_ros_msgs/include/micro_ros_msgs/micro_ros_msgs/msg/detail/graph__struct.hpp
[11.441s] -- Installing: /home/lunabotics/2025-tibalt-bot/install/micro_ros_msgs/include/micro_ros_msgs/micro_ros_msgs/msg/detail/graph__traits.hpp
[11.441s] -- Installing: /home/lunabotics/2025-tibalt-bot/install/micro_ros_msgs/include/micro_ros_msgs/micro_ros_msgs/msg/detail/node__type_support.hpp
[11.441s] -- Installing: /home/lunabotics/2025-tibalt-bot/install/micro_ros_msgs/include/micro_ros_msgs/micro_ros_msgs/msg/detail/entity__traits.hpp
[11.442s] -- Installing: /home/lunabotics/2025-tibalt-bot/install/micro_ros_msgs/include/micro_ros_msgs/micro_ros_msgs/msg/detail/node__traits.hpp
[11.442s] -- Installing: /home/lunabotics/2025-tibalt-bot/install/micro_ros_msgs/include/micro_ros_msgs/micro_ros_msgs/msg/detail/graph__builder.hpp
[11.442s] -- Installing: /home/lunabotics/2025-tibalt-bot/install/micro_ros_msgs/include/micro_ros_msgs/micro_ros_msgs/msg/detail/entity__builder.hpp
[11.442s] -- Installing: /home/lunabotics/2025-tibalt-bot/install/micro_ros_msgs/include/micro_ros_msgs/micro_ros_msgs/msg/detail/graph__type_support.hpp
[11.443s] -- Installing: /home/lunabotics/2025-tibalt-bot/install/micro_ros_msgs/include/micro_ros_msgs/micro_ros_msgs/msg/detail/entity__type_support.hpp
[11.443s] -- Installing: /home/lunabotics/2025-tibalt-bot/install/micro_ros_msgs/include/micro_ros_msgs/micro_ros_msgs/msg/detail/node__builder.hpp
[11.443s] -- Installing: /home/lunabotics/2025-tibalt-bot/install/micro_ros_msgs/include/micro_ros_msgs/micro_ros_msgs/msg/detail/entity__struct.hpp
[11.443s] -- Up-to-date: /home/lunabotics/2025-tibalt-bot/install/micro_ros_msgs/include/micro_ros_msgs/micro_ros_msgs
[11.444s] -- Up-to-date: /home/lunabotics/2025-tibalt-bot/install/micro_ros_msgs/include/micro_ros_msgs/micro_ros_msgs/msg
[11.444s] -- Up-to-date: /home/lunabotics/2025-tibalt-bot/install/micro_ros_msgs/include/micro_ros_msgs/micro_ros_msgs/msg/detail
[11.444s] -- Installing: /home/lunabotics/2025-tibalt-bot/install/micro_ros_msgs/include/micro_ros_msgs/micro_ros_msgs/msg/detail/dds_fastrtps
[11.444s] -- Installing: /home/lunabotics/2025-tibalt-bot/install/micro_ros_msgs/include/micro_ros_msgs/micro_ros_msgs/msg/detail/node__rosidl_typesupport_fastrtps_cpp.hpp
[11.444s] -- Installing: /home/lunabotics/2025-tibalt-bot/install/micro_ros_msgs/include/micro_ros_msgs/micro_ros_msgs/msg/detail/entity__rosidl_typesupport_fastrtps_cpp.hpp
[11.444s] -- Installing: /home/lunabotics/2025-tibalt-bot/install/micro_ros_msgs/include/micro_ros_msgs/micro_ros_msgs/msg/detail/graph__rosidl_typesupport_fastrtps_cpp.hpp
[11.445s] -- Installing: /home/lunabotics/2025-tibalt-bot/install/micro_ros_msgs/include/micro_ros_msgs/micro_ros_msgs/msg/rosidl_typesupport_fastrtps_cpp__visibility_control.h
[11.445s] -- Installing: /home/lunabotics/2025-tibalt-bot/install/micro_ros_msgs/lib/libmicro_ros_msgs__rosidl_typesupport_fastrtps_cpp.so
[11.446s] -- Set runtime path of "/home/lunabotics/2025-tibalt-bot/install/micro_ros_msgs/lib/libmicro_ros_msgs__rosidl_typesupport_fastrtps_cpp.so" to ""
[11.446s] -- Up-to-date: /home/lunabotics/2025-tibalt-bot/install/micro_ros_msgs/include/micro_ros_msgs/micro_ros_msgs
[11.446s] -- Up-to-date: /home/lunabotics/2025-tibalt-bot/install/micro_ros_msgs/include/micro_ros_msgs/micro_ros_msgs/msg
[11.446s] -- Up-to-date: /home/lunabotics/2025-tibalt-bot/install/micro_ros_msgs/include/micro_ros_msgs/micro_ros_msgs/msg/detail
[11.447s] -- Installing: /home/lunabotics/2025-tibalt-bot/install/micro_ros_msgs/include/micro_ros_msgs/micro_ros_msgs/msg/detail/graph__rosidl_typesupport_introspection_cpp.hpp
[11.447s] -- Installing: /home/lunabotics/2025-tibalt-bot/install/micro_ros_msgs/include/micro_ros_msgs/micro_ros_msgs/msg/detail/entity__type_support.cpp
[11.447s] -- Installing: /home/lunabotics/2025-tibalt-bot/install/micro_ros_msgs/include/micro_ros_msgs/micro_ros_msgs/msg/detail/graph__type_support.cpp
[11.447s] -- Installing: /home/lunabotics/2025-tibalt-bot/install/micro_ros_msgs/include/micro_ros_msgs/micro_ros_msgs/msg/detail/entity__rosidl_typesupport_introspection_cpp.hpp
[11.447s] -- Installing: /home/lunabotics/2025-tibalt-bot/install/micro_ros_msgs/include/micro_ros_msgs/micro_ros_msgs/msg/detail/node__rosidl_typesupport_introspection_cpp.hpp
[11.448s] -- Installing: /home/lunabotics/2025-tibalt-bot/install/micro_ros_msgs/include/micro_ros_msgs/micro_ros_msgs/msg/detail/node__type_support.cpp
[11.448s] -- Installing: /home/lunabotics/2025-tibalt-bot/install/micro_ros_msgs/lib/libmicro_ros_msgs__rosidl_typesupport_introspection_cpp.so
[11.449s] -- Set runtime path of "/home/lunabotics/2025-tibalt-bot/install/micro_ros_msgs/lib/libmicro_ros_msgs__rosidl_typesupport_introspection_cpp.so" to ""
[11.449s] -- Installing: /home/lunabotics/2025-tibalt-bot/install/micro_ros_msgs/lib/libmicro_ros_msgs__rosidl_typesupport_cpp.so
[11.450s] -- Set runtime path of "/home/lunabotics/2025-tibalt-bot/install/micro_ros_msgs/lib/libmicro_ros_msgs__rosidl_typesupport_cpp.so" to ""
[11.450s] -- Installing: /home/lunabotics/2025-tibalt-bot/install/micro_ros_msgs/share/micro_ros_msgs/environment/pythonpath.sh
[11.450s] -- Installing: /home/lunabotics/2025-tibalt-bot/install/micro_ros_msgs/share/micro_ros_msgs/environment/pythonpath.dsv
[11.451s] -- Installing: /home/lunabotics/2025-tibalt-bot/install/micro_ros_msgs/local/lib/python3.10/dist-packages/micro_ros_msgs-5.0.2-py3.10.egg-info
[11.451s] -- Installing: /home/lunabotics/2025-tibalt-bot/install/micro_ros_msgs/local/lib/python3.10/dist-packages/micro_ros_msgs-5.0.2-py3.10.egg-info/top_level.txt
[11.451s] -- Installing: /home/lunabotics/2025-tibalt-bot/install/micro_ros_msgs/local/lib/python3.10/dist-packages/micro_ros_msgs-5.0.2-py3.10.egg-info/SOURCES.txt
[11.451s] -- Installing: /home/lunabotics/2025-tibalt-bot/install/micro_ros_msgs/local/lib/python3.10/dist-packages/micro_ros_msgs-5.0.2-py3.10.egg-info/PKG-INFO
[11.452s] -- Installing: /home/lunabotics/2025-tibalt-bot/install/micro_ros_msgs/local/lib/python3.10/dist-packages/micro_ros_msgs-5.0.2-py3.10.egg-info/dependency_links.txt
[11.452s] -- Installing: /home/lunabotics/2025-tibalt-bot/install/micro_ros_msgs/local/lib/python3.10/dist-packages/micro_ros_msgs
[11.452s] -- Installing: /home/lunabotics/2025-tibalt-bot/install/micro_ros_msgs/local/lib/python3.10/dist-packages/micro_ros_msgs/_micro_ros_msgs_s.ep.rosidl_typesupport_fastrtps_c.c
[11.452s] -- Installing: /home/lunabotics/2025-tibalt-bot/install/micro_ros_msgs/local/lib/python3.10/dist-packages/micro_ros_msgs/libmicro_ros_msgs__rosidl_generator_py.so
[11.453s] -- Installing: /home/lunabotics/2025-tibalt-bot/install/micro_ros_msgs/local/lib/python3.10/dist-packages/micro_ros_msgs/micro_ros_msgs_s__rosidl_typesupport_c.cpython-310-aarch64-linux-gnu.so
[11.453s] -- Installing: /home/lunabotics/2025-tibalt-bot/install/micro_ros_msgs/local/lib/python3.10/dist-packages/micro_ros_msgs/_micro_ros_msgs_s.ep.rosidl_typesupport_introspection_c.c
[11.453s] -- Installing: /home/lunabotics/2025-tibalt-bot/install/micro_ros_msgs/local/lib/python3.10/dist-packages/micro_ros_msgs/msg
[11.453s] -- Installing: /home/lunabotics/2025-tibalt-bot/install/micro_ros_msgs/local/lib/python3.10/dist-packages/micro_ros_msgs/msg/_entity_s.c
[11.454s] -- Installing: /home/lunabotics/2025-tibalt-bot/install/micro_ros_msgs/local/lib/python3.10/dist-packages/micro_ros_msgs/msg/_node.py
[11.454s] -- Installing: /home/lunabotics/2025-tibalt-bot/install/micro_ros_msgs/local/lib/python3.10/dist-packages/micro_ros_msgs/msg/_node_s.c
[11.454s] -- Installing: /home/lunabotics/2025-tibalt-bot/install/micro_ros_msgs/local/lib/python3.10/dist-packages/micro_ros_msgs/msg/_graph.py
[11.455s] -- Installing: /home/lunabotics/2025-tibalt-bot/install/micro_ros_msgs/local/lib/python3.10/dist-packages/micro_ros_msgs/msg/_entity.py
[11.455s] -- Installing: /home/lunabotics/2025-tibalt-bot/install/micro_ros_msgs/local/lib/python3.10/dist-packages/micro_ros_msgs/msg/_graph_s.c
[11.455s] -- Installing: /home/lunabotics/2025-tibalt-bot/install/micro_ros_msgs/local/lib/python3.10/dist-packages/micro_ros_msgs/msg/__init__.py
[11.455s] -- Installing: /home/lunabotics/2025-tibalt-bot/install/micro_ros_msgs/local/lib/python3.10/dist-packages/micro_ros_msgs/_micro_ros_msgs_s.ep.rosidl_typesupport_c.c
[11.456s] -- Installing: /home/lunabotics/2025-tibalt-bot/install/micro_ros_msgs/local/lib/python3.10/dist-packages/micro_ros_msgs/micro_ros_msgs_s__rosidl_typesupport_introspection_c.cpython-310-aarch64-linux-gnu.so
[11.456s] -- Installing: /home/lunabotics/2025-tibalt-bot/install/micro_ros_msgs/local/lib/python3.10/dist-packages/micro_ros_msgs/micro_ros_msgs_s__rosidl_typesupport_fastrtps_c.cpython-310-aarch64-linux-gnu.so
[11.456s] -- Installing: /home/lunabotics/2025-tibalt-bot/install/micro_ros_msgs/local/lib/python3.10/dist-packages/micro_ros_msgs/__init__.py
[11.548s] Listing '/home/lunabotics/2025-tibalt-bot/install/micro_ros_msgs/local/lib/python3.10/dist-packages/micro_ros_msgs'...
[11.548s] Compiling '/home/lunabotics/2025-tibalt-bot/install/micro_ros_msgs/local/lib/python3.10/dist-packages/micro_ros_msgs/__init__.py'...
[11.548s] Listing '/home/lunabotics/2025-tibalt-bot/install/micro_ros_msgs/local/lib/python3.10/dist-packages/micro_ros_msgs/msg'...
[11.548s] Compiling '/home/lunabotics/2025-tibalt-bot/install/micro_ros_msgs/local/lib/python3.10/dist-packages/micro_ros_msgs/msg/__init__.py'...
[11.548s] Compiling '/home/lunabotics/2025-tibalt-bot/install/micro_ros_msgs/local/lib/python3.10/dist-packages/micro_ros_msgs/msg/_entity.py'...
[11.549s] Compiling '/home/lunabotics/2025-tibalt-bot/install/micro_ros_msgs/local/lib/python3.10/dist-packages/micro_ros_msgs/msg/_graph.py'...
[11.549s] Compiling '/home/lunabotics/2025-tibalt-bot/install/micro_ros_msgs/local/lib/python3.10/dist-packages/micro_ros_msgs/msg/_node.py'...
[11.565s] -- Installing: /home/lunabotics/2025-tibalt-bot/install/micro_ros_msgs/local/lib/python3.10/dist-packages/micro_ros_msgs/micro_ros_msgs_s__rosidl_typesupport_fastrtps_c.cpython-310-aarch64-linux-gnu.so
[11.566s] -- Set runtime path of "/home/lunabotics/2025-tibalt-bot/install/micro_ros_msgs/local/lib/python3.10/dist-packages/micro_ros_msgs/micro_ros_msgs_s__rosidl_typesupport_fastrtps_c.cpython-310-aarch64-linux-gnu.so" to ""
[11.566s] -- Installing: /home/lunabotics/2025-tibalt-bot/install/micro_ros_msgs/local/lib/python3.10/dist-packages/micro_ros_msgs/micro_ros_msgs_s__rosidl_typesupport_introspection_c.cpython-310-aarch64-linux-gnu.so
[11.566s] -- Set runtime path of "/home/lunabotics/2025-tibalt-bot/install/micro_ros_msgs/local/lib/python3.10/dist-packages/micro_ros_msgs/micro_ros_msgs_s__rosidl_typesupport_introspection_c.cpython-310-aarch64-linux-gnu.so" to ""
[11.567s] -- Installing: /home/lunabotics/2025-tibalt-bot/install/micro_ros_msgs/local/lib/python3.10/dist-packages/micro_ros_msgs/micro_ros_msgs_s__rosidl_typesupport_c.cpython-310-aarch64-linux-gnu.so
[11.567s] -- Set runtime path of "/home/lunabotics/2025-tibalt-bot/install/micro_ros_msgs/local/lib/python3.10/dist-packages/micro_ros_msgs/micro_ros_msgs_s__rosidl_typesupport_c.cpython-310-aarch64-linux-gnu.so" to ""
[11.568s] -- Installing: /home/lunabotics/2025-tibalt-bot/install/micro_ros_msgs/lib/libmicro_ros_msgs__rosidl_generator_py.so
[11.568s] -- Set runtime path of "/home/lunabotics/2025-tibalt-bot/install/micro_ros_msgs/lib/libmicro_ros_msgs__rosidl_generator_py.so" to ""
[11.569s] -- Installing: /home/lunabotics/2025-tibalt-bot/install/micro_ros_msgs/share/micro_ros_msgs/msg/Graph.idl
[11.569s] -- Installing: /home/lunabotics/2025-tibalt-bot/install/micro_ros_msgs/share/micro_ros_msgs/msg/Node.idl
[11.569s] -- Installing: /home/lunabotics/2025-tibalt-bot/install/micro_ros_msgs/share/micro_ros_msgs/msg/Entity.idl
[11.570s] -- Installing: /home/lunabotics/2025-tibalt-bot/install/micro_ros_msgs/share/micro_ros_msgs/msg/Graph.msg
[11.570s] -- Installing: /home/lunabotics/2025-tibalt-bot/install/micro_ros_msgs/share/micro_ros_msgs/msg/Node.msg
[11.570s] -- Installing: /home/lunabotics/2025-tibalt-bot/install/micro_ros_msgs/share/micro_ros_msgs/msg/Entity.msg
[11.570s] -- Installing: /home/lunabotics/2025-tibalt-bot/install/micro_ros_msgs/share/ament_index/resource_index/package_run_dependencies/micro_ros_msgs
[11.571s] -- Installing: /home/lunabotics/2025-tibalt-bot/install/micro_ros_msgs/share/ament_index/resource_index/parent_prefix_path/micro_ros_msgs
[11.571s] -- Installing: /home/lunabotics/2025-tibalt-bot/install/micro_ros_msgs/share/micro_ros_msgs/environment/ament_prefix_path.sh
[11.572s] -- Installing: /home/lunabotics/2025-tibalt-bot/install/micro_ros_msgs/share/micro_ros_msgs/environment/ament_prefix_path.dsv
[11.572s] -- Installing: /home/lunabotics/2025-tibalt-bot/install/micro_ros_msgs/share/micro_ros_msgs/environment/path.sh
[11.572s] -- Installing: /home/lunabotics/2025-tibalt-bot/install/micro_ros_msgs/share/micro_ros_msgs/environment/path.dsv
[11.572s] -- Installing: /home/lunabotics/2025-tibalt-bot/install/micro_ros_msgs/share/micro_ros_msgs/local_setup.bash
[11.573s] -- Installing: /home/lunabotics/2025-tibalt-bot/install/micro_ros_msgs/share/micro_ros_msgs/local_setup.sh
[11.573s] -- Installing: /home/lunabotics/2025-tibalt-bot/install/micro_ros_msgs/share/micro_ros_msgs/local_setup.zsh
[11.573s] -- Installing: /home/lunabotics/2025-tibalt-bot/install/micro_ros_msgs/share/micro_ros_msgs/local_setup.dsv
[11.574s] -- Installing: /home/lunabotics/2025-tibalt-bot/install/micro_ros_msgs/share/micro_ros_msgs/package.dsv
[11.574s] -- Installing: /home/lunabotics/2025-tibalt-bot/install/micro_ros_msgs/share/ament_index/resource_index/packages/micro_ros_msgs
[11.574s] -- Installing: /home/lunabotics/2025-tibalt-bot/install/micro_ros_msgs/share/micro_ros_msgs/cmake/export_micro_ros_msgs__rosidl_generator_cExport.cmake
[11.575s] -- Installing: /home/lunabotics/2025-tibalt-bot/install/micro_ros_msgs/share/micro_ros_msgs/cmake/export_micro_ros_msgs__rosidl_generator_cExport-noconfig.cmake
[11.575s] -- Installing: /home/lunabotics/2025-tibalt-bot/install/micro_ros_msgs/share/micro_ros_msgs/cmake/export_micro_ros_msgs__rosidl_typesupport_fastrtps_cExport.cmake
[11.575s] -- Installing: /home/lunabotics/2025-tibalt-bot/install/micro_ros_msgs/share/micro_ros_msgs/cmake/export_micro_ros_msgs__rosidl_typesupport_fastrtps_cExport-noconfig.cmake
[11.576s] -- Installing: /home/lunabotics/2025-tibalt-bot/install/micro_ros_msgs/share/micro_ros_msgs/cmake/micro_ros_msgs__rosidl_typesupport_introspection_cExport.cmake
[11.576s] -- Installing: /home/lunabotics/2025-tibalt-bot/install/micro_ros_msgs/share/micro_ros_msgs/cmake/micro_ros_msgs__rosidl_typesupport_introspection_cExport-noconfig.cmake
[11.576s] -- Installing: /home/lunabotics/2025-tibalt-bot/install/micro_ros_msgs/share/micro_ros_msgs/cmake/micro_ros_msgs__rosidl_typesupport_cExport.cmake
[11.577s] -- Installing: /home/lunabotics/2025-tibalt-bot/install/micro_ros_msgs/share/micro_ros_msgs/cmake/micro_ros_msgs__rosidl_typesupport_cExport-noconfig.cmake
[11.577s] -- Installing: /home/lunabotics/2025-tibalt-bot/install/micro_ros_msgs/share/micro_ros_msgs/cmake/export_micro_ros_msgs__rosidl_generator_cppExport.cmake
[11.577s] -- Installing: /home/lunabotics/2025-tibalt-bot/install/micro_ros_msgs/share/micro_ros_msgs/cmake/export_micro_ros_msgs__rosidl_typesupport_fastrtps_cppExport.cmake
[11.578s] -- Installing: /home/lunabotics/2025-tibalt-bot/install/micro_ros_msgs/share/micro_ros_msgs/cmake/export_micro_ros_msgs__rosidl_typesupport_fastrtps_cppExport-noconfig.cmake
[11.578s] -- Installing: /home/lunabotics/2025-tibalt-bot/install/micro_ros_msgs/share/micro_ros_msgs/cmake/micro_ros_msgs__rosidl_typesupport_introspection_cppExport.cmake
[11.578s] -- Installing: /home/lunabotics/2025-tibalt-bot/install/micro_ros_msgs/share/micro_ros_msgs/cmake/micro_ros_msgs__rosidl_typesupport_introspection_cppExport-noconfig.cmake
[11.579s] -- Installing: /home/lunabotics/2025-tibalt-bot/install/micro_ros_msgs/share/micro_ros_msgs/cmake/micro_ros_msgs__rosidl_typesupport_cppExport.cmake
[11.579s] -- Installing: /home/lunabotics/2025-tibalt-bot/install/micro_ros_msgs/share/micro_ros_msgs/cmake/micro_ros_msgs__rosidl_typesupport_cppExport-noconfig.cmake
[11.579s] -- Installing: /home/lunabotics/2025-tibalt-bot/install/micro_ros_msgs/share/micro_ros_msgs/cmake/export_micro_ros_msgs__rosidl_generator_pyExport.cmake
[11.580s] -- Installing: /home/lunabotics/2025-tibalt-bot/install/micro_ros_msgs/share/micro_ros_msgs/cmake/export_micro_ros_msgs__rosidl_generator_pyExport-noconfig.cmake
[11.580s] -- Installing: /home/lunabotics/2025-tibalt-bot/install/micro_ros_msgs/share/micro_ros_msgs/cmake/rosidl_cmake-extras.cmake
[11.581s] -- Installing: /home/lunabotics/2025-tibalt-bot/install/micro_ros_msgs/share/micro_ros_msgs/cmake/ament_cmake_export_include_directories-extras.cmake
[11.581s] -- Installing: /home/lunabotics/2025-tibalt-bot/install/micro_ros_msgs/share/micro_ros_msgs/cmake/ament_cmake_export_libraries-extras.cmake
[11.581s] -- Installing: /home/lunabotics/2025-tibalt-bot/install/micro_ros_msgs/share/micro_ros_msgs/cmake/ament_cmake_export_targets-extras.cmake
[11.581s] -- Installing: /home/lunabotics/2025-tibalt-bot/install/micro_ros_msgs/share/micro_ros_msgs/cmake/rosidl_cmake_export_typesupport_targets-extras.cmake
[11.582s] -- Installing: /home/lunabotics/2025-tibalt-bot/install/micro_ros_msgs/share/micro_ros_msgs/cmake/ament_cmake_export_dependencies-extras.cmake
[11.582s] -- Installing: /home/lunabotics/2025-tibalt-bot/install/micro_ros_msgs/share/micro_ros_msgs/cmake/rosidl_cmake_export_typesupport_libraries-extras.cmake
[11.582s] -- Installing: /home/lunabotics/2025-tibalt-bot/install/micro_ros_msgs/share/micro_ros_msgs/cmake/micro_ros_msgsConfig.cmake
[11.583s] -- Installing: /home/lunabotics/2025-tibalt-bot/install/micro_ros_msgs/share/micro_ros_msgs/cmake/micro_ros_msgsConfig-version.cmake
[11.583s] -- Installing: /home/lunabotics/2025-tibalt-bot/install/micro_ros_msgs/share/micro_ros_msgs/package.xml
[11.592s] Invoked command in '/home/lunabotics/2025-tibalt-bot/build/micro_ros_msgs' returned '0': CMAKE_PREFIX_PATH=${CMAKE_PREFIX_PATH}:/home/lunabotics/2025-tibalt-bot/install/rover_control:/home/lunabotics/2025-terrence-bot/install/control_topic:/opt/ros/humble /usr/bin/cmake --install /home/lunabotics/2025-tibalt-bot/build/micro_ros_msgs
