-- CMake version: 3.22.1
-- The CXX compiler identification is GNU 11.4.0
-- Detecting CXX compiler ABI info
-- Detecting CXX compiler ABI info - done
-- Check for working CXX compiler: /usr/bin/c++ - skipped
-- Detecting CXX compile features
-- Detecting CXX compile features - done
-- Version: 7.0.0
-- Build type: Release
-- CXX_STANDARD: 11
-- Performing Test has_std_11_flag
-- Performing Test has_std_11_flag - Success
-- Performing Test has_std_0x_flag
-- Performing Test has_std_0x_flag - Success
-- Performing Test SUPPORTS_USER_DEFINED_LITERALS
-- Performing Test SUPPORTS_USER_DEFINED_LITERALS - Success
-- Performing Test FMT_HAS_VARIANT
-- Performing Test FMT_HAS_VARIANT - Success
-- Required features: cxx_variadic_templates
-- Looking for strtod_l
-- Looking for strtod_l - found
-- Target 'doc' disabled (requires doxygen)
-- Looking for C++ include pthread.h
-- Looking for C++ include pthread.h - found
-- Performing Test CMAKE_HAVE_LIBC_PTHREAD
-- Performing Test CMAKE_HAVE_LIBC_PTHREAD - Success
-- Found Threads: TRUE  
-- Performing Test HAVE_FNO_DELETE_NULL_POINTER_CHECKS
-- Performing Test HAVE_FNO_DELETE_NULL_POINTER_CHECKS - Success
-- FMT_PEDANTIC: OFF
-- Configuring done
-- Generating done
-- Build files have been written to: /home/lunabotics/2025-tibalt-bot/build/FMT
