[0.034s] Invoking command in '/home/lunabotics/2025-tibalt-bot/build/micro_ros_msgs': CMAKE_PREFIX_PATH=${CMAKE_PREFIX_PATH}:/home/lunabotics/2025-tibalt-bot/install/rover_control /usr/bin/cmake --build /home/lunabotics/2025-tibalt-bot/build/micro_ros_msgs -- -j6 -l6
[0.159s] [  2%] Built target micro_ros_msgs__cpp
[0.161s] [ 12%] Built target micro_ros_msgs__rosidl_generator_c
[0.186s] [ 12%] Built target ament_cmake_python_copy_micro_ros_msgs
[0.215s] [ 23%] Built target micro_ros_msgs__rosidl_typesupport_cpp
[0.223s] [ 34%] Built target micro_ros_msgs__rosidl_typesupport_fastrtps_cpp
[0.239s] [ 44%] Built target micro_ros_msgs__rosidl_typesupport_introspection_cpp
[0.251s] [ 55%] Built target micro_ros_msgs__rosidl_typesupport_introspection_c
[0.251s] [ 72%] Built target micro_ros_msgs__rosidl_typesupport_fastrtps_c
[0.251s] [ 76%] Built target micro_ros_msgs__rosidl_typesupport_c
[0.303s] [ 76%] Built target micro_ros_msgs
[0.359s] [ 78%] Built target micro_ros_msgs__py
[0.415s] [ 87%] Built target micro_ros_msgs__rosidl_generator_py
[0.472s] [100%] Built target micro_ros_msgs__rosidl_typesupport_fastrtps_c__pyext
[0.472s] [100%] Built target micro_ros_msgs__rosidl_typesupport_introspection_c__pyext
[0.473s] [100%] Built target micro_ros_msgs__rosidl_typesupport_c__pyext
[0.720s] running egg_info
[0.722s] writing micro_ros_msgs.egg-info/PKG-INFO
[0.723s] writing dependency_links to micro_ros_msgs.egg-info/dependency_links.txt
[0.724s] writing top-level names to micro_ros_msgs.egg-info/top_level.txt
[0.734s] reading manifest file 'micro_ros_msgs.egg-info/SOURCES.txt'
[0.736s] writing manifest file 'micro_ros_msgs.egg-info/SOURCES.txt'
[0.851s] [100%] Built target ament_cmake_python_build_micro_ros_msgs_egg
[0.883s] Invoked command in '/home/lunabotics/2025-tibalt-bot/build/micro_ros_msgs' returned '0': CMAKE_PREFIX_PATH=${CMAKE_PREFIX_PATH}:/home/lunabotics/2025-tibalt-bot/install/rover_control /usr/bin/cmake --build /home/lunabotics/2025-tibalt-bot/build/micro_ros_msgs -- -j6 -l6
[0.909s] Invoking command in '/home/lunabotics/2025-tibalt-bot/build/micro_ros_msgs': CMAKE_PREFIX_PATH=${CMAKE_PREFIX_PATH}:/home/lunabotics/2025-tibalt-bot/install/rover_control /usr/bin/cmake --install /home/lunabotics/2025-tibalt-bot/build/micro_ros_msgs
[0.928s] -- Install configuration: ""
[0.928s] -- Installing: /home/lunabotics/2025-tibalt-bot/install/micro_ros_msgs/share/ament_index/resource_index/rosidl_interfaces/micro_ros_msgs
[0.929s] -- Installing: /home/lunabotics/2025-tibalt-bot/install/micro_ros_msgs/include/micro_ros_msgs/micro_ros_msgs
[0.929s] -- Installing: /home/lunabotics/2025-tibalt-bot/install/micro_ros_msgs/include/micro_ros_msgs/micro_ros_msgs/msg
[0.929s] -- Installing: /home/lunabotics/2025-tibalt-bot/install/micro_ros_msgs/include/micro_ros_msgs/micro_ros_msgs/msg/rosidl_generator_c__visibility_control.h
[0.930s] -- Installing: /home/lunabotics/2025-tibalt-bot/install/micro_ros_msgs/include/micro_ros_msgs/micro_ros_msgs/msg/entity.h
[0.930s] -- Installing: /home/lunabotics/2025-tibalt-bot/install/micro_ros_msgs/include/micro_ros_msgs/micro_ros_msgs/msg/detail
[0.930s] -- Installing: /home/lunabotics/2025-tibalt-bot/install/micro_ros_msgs/include/micro_ros_msgs/micro_ros_msgs/msg/detail/entity__functions.h
[0.931s] -- Installing: /home/lunabotics/2025-tibalt-bot/install/micro_ros_msgs/include/micro_ros_msgs/micro_ros_msgs/msg/detail/entity__struct.h
[0.931s] -- Installing: /home/lunabotics/2025-tibalt-bot/install/micro_ros_msgs/include/micro_ros_msgs/micro_ros_msgs/msg/detail/graph__functions.c
[0.931s] -- Installing: /home/lunabotics/2025-tibalt-bot/install/micro_ros_msgs/include/micro_ros_msgs/micro_ros_msgs/msg/detail/entity__functions.c
[0.931s] -- Installing: /home/lunabotics/2025-tibalt-bot/install/micro_ros_msgs/include/micro_ros_msgs/micro_ros_msgs/msg/detail/node__type_support.h
[0.932s] -- Installing: /home/lunabotics/2025-tibalt-bot/install/micro_ros_msgs/include/micro_ros_msgs/micro_ros_msgs/msg/detail/entity__type_support.h
[0.932s] -- Installing: /home/lunabotics/2025-tibalt-bot/install/micro_ros_msgs/include/micro_ros_msgs/micro_ros_msgs/msg/detail/graph__struct.h
[0.932s] -- Installing: /home/lunabotics/2025-tibalt-bot/install/micro_ros_msgs/include/micro_ros_msgs/micro_ros_msgs/msg/detail/graph__functions.h
[0.933s] -- Installing: /home/lunabotics/2025-tibalt-bot/install/micro_ros_msgs/include/micro_ros_msgs/micro_ros_msgs/msg/detail/node__functions.c
[0.933s] -- Installing: /home/lunabotics/2025-tibalt-bot/install/micro_ros_msgs/include/micro_ros_msgs/micro_ros_msgs/msg/detail/graph__type_support.h
[0.933s] -- Installing: /home/lunabotics/2025-tibalt-bot/install/micro_ros_msgs/include/micro_ros_msgs/micro_ros_msgs/msg/detail/node__functions.h
[0.934s] -- Installing: /home/lunabotics/2025-tibalt-bot/install/micro_ros_msgs/include/micro_ros_msgs/micro_ros_msgs/msg/detail/node__struct.h
[0.934s] -- Installing: /home/lunabotics/2025-tibalt-bot/install/micro_ros_msgs/include/micro_ros_msgs/micro_ros_msgs/msg/node.h
[0.935s] -- Installing: /home/lunabotics/2025-tibalt-bot/install/micro_ros_msgs/include/micro_ros_msgs/micro_ros_msgs/msg/graph.h
[0.936s] -- Installing: /home/lunabotics/2025-tibalt-bot/install/micro_ros_msgs/share/micro_ros_msgs/environment/library_path.sh
[0.936s] -- Installing: /home/lunabotics/2025-tibalt-bot/install/micro_ros_msgs/share/micro_ros_msgs/environment/library_path.dsv
[0.937s] -- Installing: /home/lunabotics/2025-tibalt-bot/install/micro_ros_msgs/lib/libmicro_ros_msgs__rosidl_generator_c.so
[0.938s] -- Set runtime path of "/home/lunabotics/2025-tibalt-bot/install/micro_ros_msgs/lib/libmicro_ros_msgs__rosidl_generator_c.so" to ""
[0.939s] -- Up-to-date: /home/lunabotics/2025-tibalt-bot/install/micro_ros_msgs/include/micro_ros_msgs/micro_ros_msgs
[0.939s] -- Up-to-date: /home/lunabotics/2025-tibalt-bot/install/micro_ros_msgs/include/micro_ros_msgs/micro_ros_msgs/msg
[0.939s] -- Up-to-date: /home/lunabotics/2025-tibalt-bot/install/micro_ros_msgs/include/micro_ros_msgs/micro_ros_msgs/msg/detail
[0.939s] -- Installing: /home/lunabotics/2025-tibalt-bot/install/micro_ros_msgs/include/micro_ros_msgs/micro_ros_msgs/msg/detail/entity__rosidl_typesupport_fastrtps_c.h
[0.939s] -- Installing: /home/lunabotics/2025-tibalt-bot/install/micro_ros_msgs/include/micro_ros_msgs/micro_ros_msgs/msg/detail/node__rosidl_typesupport_fastrtps_c.h
[0.940s] -- Installing: /home/lunabotics/2025-tibalt-bot/install/micro_ros_msgs/include/micro_ros_msgs/micro_ros_msgs/msg/detail/graph__rosidl_typesupport_fastrtps_c.h
[0.940s] -- Installing: /home/lunabotics/2025-tibalt-bot/install/micro_ros_msgs/include/micro_ros_msgs/micro_ros_msgs/msg/rosidl_typesupport_fastrtps_c__visibility_control.h
[0.940s] -- Installing: /home/lunabotics/2025-tibalt-bot/install/micro_ros_msgs/lib/libmicro_ros_msgs__rosidl_typesupport_fastrtps_c.so
[0.941s] -- Set runtime path of "/home/lunabotics/2025-tibalt-bot/install/micro_ros_msgs/lib/libmicro_ros_msgs__rosidl_typesupport_fastrtps_c.so" to ""
[0.941s] -- Up-to-date: /home/lunabotics/2025-tibalt-bot/install/micro_ros_msgs/include/micro_ros_msgs/micro_ros_msgs
[0.941s] -- Up-to-date: /home/lunabotics/2025-tibalt-bot/install/micro_ros_msgs/include/micro_ros_msgs/micro_ros_msgs/msg
[0.941s] -- Up-to-date: /home/lunabotics/2025-tibalt-bot/install/micro_ros_msgs/include/micro_ros_msgs/micro_ros_msgs/msg/detail
[0.941s] -- Installing: /home/lunabotics/2025-tibalt-bot/install/micro_ros_msgs/include/micro_ros_msgs/micro_ros_msgs/msg/detail/node__type_support.c
[0.942s] -- Installing: /home/lunabotics/2025-tibalt-bot/install/micro_ros_msgs/include/micro_ros_msgs/micro_ros_msgs/msg/detail/graph__rosidl_typesupport_introspection_c.h
[0.942s] -- Installing: /home/lunabotics/2025-tibalt-bot/install/micro_ros_msgs/include/micro_ros_msgs/micro_ros_msgs/msg/detail/graph__type_support.c
[0.942s] -- Installing: /home/lunabotics/2025-tibalt-bot/install/micro_ros_msgs/include/micro_ros_msgs/micro_ros_msgs/msg/detail/entity__type_support.c
[0.942s] -- Installing: /home/lunabotics/2025-tibalt-bot/install/micro_ros_msgs/include/micro_ros_msgs/micro_ros_msgs/msg/detail/entity__rosidl_typesupport_introspection_c.h
[0.942s] -- Installing: /home/lunabotics/2025-tibalt-bot/install/micro_ros_msgs/include/micro_ros_msgs/micro_ros_msgs/msg/detail/node__rosidl_typesupport_introspection_c.h
[0.943s] -- Installing: /home/lunabotics/2025-tibalt-bot/install/micro_ros_msgs/include/micro_ros_msgs/micro_ros_msgs/msg/rosidl_typesupport_introspection_c__visibility_control.h
[0.943s] -- Installing: /home/lunabotics/2025-tibalt-bot/install/micro_ros_msgs/lib/libmicro_ros_msgs__rosidl_typesupport_introspection_c.so
[0.943s] -- Set runtime path of "/home/lunabotics/2025-tibalt-bot/install/micro_ros_msgs/lib/libmicro_ros_msgs__rosidl_typesupport_introspection_c.so" to ""
[0.944s] -- Installing: /home/lunabotics/2025-tibalt-bot/install/micro_ros_msgs/lib/libmicro_ros_msgs__rosidl_typesupport_c.so
[0.944s] -- Set runtime path of "/home/lunabotics/2025-tibalt-bot/install/micro_ros_msgs/lib/libmicro_ros_msgs__rosidl_typesupport_c.so" to ""
[0.944s] -- Up-to-date: /home/lunabotics/2025-tibalt-bot/install/micro_ros_msgs/include/micro_ros_msgs/micro_ros_msgs
[0.945s] -- Up-to-date: /home/lunabotics/2025-tibalt-bot/install/micro_ros_msgs/include/micro_ros_msgs/micro_ros_msgs/msg
[0.945s] -- Installing: /home/lunabotics/2025-tibalt-bot/install/micro_ros_msgs/include/micro_ros_msgs/micro_ros_msgs/msg/entity.hpp
[0.945s] -- Installing: /home/lunabotics/2025-tibalt-bot/install/micro_ros_msgs/include/micro_ros_msgs/micro_ros_msgs/msg/graph.hpp
[0.945s] -- Installing: /home/lunabotics/2025-tibalt-bot/install/micro_ros_msgs/include/micro_ros_msgs/micro_ros_msgs/msg/node.hpp
[0.946s] -- Installing: /home/lunabotics/2025-tibalt-bot/install/micro_ros_msgs/include/micro_ros_msgs/micro_ros_msgs/msg/rosidl_generator_cpp__visibility_control.hpp
[0.946s] -- Up-to-date: /home/lunabotics/2025-tibalt-bot/install/micro_ros_msgs/include/micro_ros_msgs/micro_ros_msgs/msg/detail
[0.946s] -- Installing: /home/lunabotics/2025-tibalt-bot/install/micro_ros_msgs/include/micro_ros_msgs/micro_ros_msgs/msg/detail/node__struct.hpp
[0.946s] -- Installing: /home/lunabotics/2025-tibalt-bot/install/micro_ros_msgs/include/micro_ros_msgs/micro_ros_msgs/msg/detail/graph__struct.hpp
[0.946s] -- Installing: /home/lunabotics/2025-tibalt-bot/install/micro_ros_msgs/include/micro_ros_msgs/micro_ros_msgs/msg/detail/graph__traits.hpp
[0.947s] -- Installing: /home/lunabotics/2025-tibalt-bot/install/micro_ros_msgs/include/micro_ros_msgs/micro_ros_msgs/msg/detail/node__type_support.hpp
[0.947s] -- Installing: /home/lunabotics/2025-tibalt-bot/install/micro_ros_msgs/include/micro_ros_msgs/micro_ros_msgs/msg/detail/entity__traits.hpp
[0.947s] -- Installing: /home/lunabotics/2025-tibalt-bot/install/micro_ros_msgs/include/micro_ros_msgs/micro_ros_msgs/msg/detail/node__traits.hpp
[0.947s] -- Installing: /home/lunabotics/2025-tibalt-bot/install/micro_ros_msgs/include/micro_ros_msgs/micro_ros_msgs/msg/detail/graph__builder.hpp
[0.947s] -- Installing: /home/lunabotics/2025-tibalt-bot/install/micro_ros_msgs/include/micro_ros_msgs/micro_ros_msgs/msg/detail/entity__builder.hpp
[0.948s] -- Installing: /home/lunabotics/2025-tibalt-bot/install/micro_ros_msgs/include/micro_ros_msgs/micro_ros_msgs/msg/detail/graph__type_support.hpp
[0.948s] -- Installing: /home/lunabotics/2025-tibalt-bot/install/micro_ros_msgs/include/micro_ros_msgs/micro_ros_msgs/msg/detail/entity__type_support.hpp
[0.948s] -- Installing: /home/lunabotics/2025-tibalt-bot/install/micro_ros_msgs/include/micro_ros_msgs/micro_ros_msgs/msg/detail/node__builder.hpp
[0.948s] -- Installing: /home/lunabotics/2025-tibalt-bot/install/micro_ros_msgs/include/micro_ros_msgs/micro_ros_msgs/msg/detail/entity__struct.hpp
[0.949s] -- Up-to-date: /home/lunabotics/2025-tibalt-bot/install/micro_ros_msgs/include/micro_ros_msgs/micro_ros_msgs
[0.949s] -- Up-to-date: /home/lunabotics/2025-tibalt-bot/install/micro_ros_msgs/include/micro_ros_msgs/micro_ros_msgs/msg
[0.949s] -- Up-to-date: /home/lunabotics/2025-tibalt-bot/install/micro_ros_msgs/include/micro_ros_msgs/micro_ros_msgs/msg/detail
[0.949s] -- Installing: /home/lunabotics/2025-tibalt-bot/install/micro_ros_msgs/include/micro_ros_msgs/micro_ros_msgs/msg/detail/dds_fastrtps
[0.949s] -- Installing: /home/lunabotics/2025-tibalt-bot/install/micro_ros_msgs/include/micro_ros_msgs/micro_ros_msgs/msg/detail/node__rosidl_typesupport_fastrtps_cpp.hpp
[0.950s] -- Installing: /home/lunabotics/2025-tibalt-bot/install/micro_ros_msgs/include/micro_ros_msgs/micro_ros_msgs/msg/detail/entity__rosidl_typesupport_fastrtps_cpp.hpp
[0.950s] -- Installing: /home/lunabotics/2025-tibalt-bot/install/micro_ros_msgs/include/micro_ros_msgs/micro_ros_msgs/msg/detail/graph__rosidl_typesupport_fastrtps_cpp.hpp
[0.950s] -- Installing: /home/lunabotics/2025-tibalt-bot/install/micro_ros_msgs/include/micro_ros_msgs/micro_ros_msgs/msg/rosidl_typesupport_fastrtps_cpp__visibility_control.h
[0.951s] -- Installing: /home/lunabotics/2025-tibalt-bot/install/micro_ros_msgs/lib/libmicro_ros_msgs__rosidl_typesupport_fastrtps_cpp.so
[0.952s] -- Set runtime path of "/home/lunabotics/2025-tibalt-bot/install/micro_ros_msgs/lib/libmicro_ros_msgs__rosidl_typesupport_fastrtps_cpp.so" to ""
[0.952s] -- Up-to-date: /home/lunabotics/2025-tibalt-bot/install/micro_ros_msgs/include/micro_ros_msgs/micro_ros_msgs
[0.952s] -- Up-to-date: /home/lunabotics/2025-tibalt-bot/install/micro_ros_msgs/include/micro_ros_msgs/micro_ros_msgs/msg
[0.952s] -- Up-to-date: /home/lunabotics/2025-tibalt-bot/install/micro_ros_msgs/include/micro_ros_msgs/micro_ros_msgs/msg/detail
[0.953s] -- Installing: /home/lunabotics/2025-tibalt-bot/install/micro_ros_msgs/include/micro_ros_msgs/micro_ros_msgs/msg/detail/graph__rosidl_typesupport_introspection_cpp.hpp
[0.953s] -- Installing: /home/lunabotics/2025-tibalt-bot/install/micro_ros_msgs/include/micro_ros_msgs/micro_ros_msgs/msg/detail/entity__type_support.cpp
[0.953s] -- Installing: /home/lunabotics/2025-tibalt-bot/install/micro_ros_msgs/include/micro_ros_msgs/micro_ros_msgs/msg/detail/graph__type_support.cpp
[0.953s] -- Installing: /home/lunabotics/2025-tibalt-bot/install/micro_ros_msgs/include/micro_ros_msgs/micro_ros_msgs/msg/detail/entity__rosidl_typesupport_introspection_cpp.hpp
[0.954s] -- Installing: /home/lunabotics/2025-tibalt-bot/install/micro_ros_msgs/include/micro_ros_msgs/micro_ros_msgs/msg/detail/node__rosidl_typesupport_introspection_cpp.hpp
[0.954s] -- Installing: /home/lunabotics/2025-tibalt-bot/install/micro_ros_msgs/include/micro_ros_msgs/micro_ros_msgs/msg/detail/node__type_support.cpp
[0.954s] -- Installing: /home/lunabotics/2025-tibalt-bot/install/micro_ros_msgs/lib/libmicro_ros_msgs__rosidl_typesupport_introspection_cpp.so
[0.955s] -- Set runtime path of "/home/lunabotics/2025-tibalt-bot/install/micro_ros_msgs/lib/libmicro_ros_msgs__rosidl_typesupport_introspection_cpp.so" to ""
[0.955s] -- Installing: /home/lunabotics/2025-tibalt-bot/install/micro_ros_msgs/lib/libmicro_ros_msgs__rosidl_typesupport_cpp.so
[0.956s] -- Set runtime path of "/home/lunabotics/2025-tibalt-bot/install/micro_ros_msgs/lib/libmicro_ros_msgs__rosidl_typesupport_cpp.so" to ""
[0.956s] -- Installing: /home/lunabotics/2025-tibalt-bot/install/micro_ros_msgs/share/micro_ros_msgs/environment/pythonpath.sh
[0.956s] -- Installing: /home/lunabotics/2025-tibalt-bot/install/micro_ros_msgs/share/micro_ros_msgs/environment/pythonpath.dsv
[0.956s] -- Installing: /home/lunabotics/2025-tibalt-bot/install/micro_ros_msgs/local/lib/python3.10/dist-packages/micro_ros_msgs-5.0.2-py3.10.egg-info
[0.957s] -- Installing: /home/lunabotics/2025-tibalt-bot/install/micro_ros_msgs/local/lib/python3.10/dist-packages/micro_ros_msgs-5.0.2-py3.10.egg-info/top_level.txt
[0.957s] -- Installing: /home/lunabotics/2025-tibalt-bot/install/micro_ros_msgs/local/lib/python3.10/dist-packages/micro_ros_msgs-5.0.2-py3.10.egg-info/SOURCES.txt
[0.957s] -- Installing: /home/lunabotics/2025-tibalt-bot/install/micro_ros_msgs/local/lib/python3.10/dist-packages/micro_ros_msgs-5.0.2-py3.10.egg-info/PKG-INFO
[0.957s] -- Installing: /home/lunabotics/2025-tibalt-bot/install/micro_ros_msgs/local/lib/python3.10/dist-packages/micro_ros_msgs-5.0.2-py3.10.egg-info/dependency_links.txt
[0.958s] -- Installing: /home/lunabotics/2025-tibalt-bot/install/micro_ros_msgs/local/lib/python3.10/dist-packages/micro_ros_msgs
[0.958s] -- Installing: /home/lunabotics/2025-tibalt-bot/install/micro_ros_msgs/local/lib/python3.10/dist-packages/micro_ros_msgs/_micro_ros_msgs_s.ep.rosidl_typesupport_fastrtps_c.c
[0.958s] -- Installing: /home/lunabotics/2025-tibalt-bot/install/micro_ros_msgs/local/lib/python3.10/dist-packages/micro_ros_msgs/libmicro_ros_msgs__rosidl_generator_py.so
[0.959s] -- Installing: /home/lunabotics/2025-tibalt-bot/install/micro_ros_msgs/local/lib/python3.10/dist-packages/micro_ros_msgs/micro_ros_msgs_s__rosidl_typesupport_c.cpython-310-aarch64-linux-gnu.so
[0.959s] -- Installing: /home/lunabotics/2025-tibalt-bot/install/micro_ros_msgs/local/lib/python3.10/dist-packages/micro_ros_msgs/_micro_ros_msgs_s.ep.rosidl_typesupport_introspection_c.c
[0.959s] -- Installing: /home/lunabotics/2025-tibalt-bot/install/micro_ros_msgs/local/lib/python3.10/dist-packages/micro_ros_msgs/msg
[0.960s] -- Installing: /home/lunabotics/2025-tibalt-bot/install/micro_ros_msgs/local/lib/python3.10/dist-packages/micro_ros_msgs/msg/_entity_s.c
[0.960s] -- Installing: /home/lunabotics/2025-tibalt-bot/install/micro_ros_msgs/local/lib/python3.10/dist-packages/micro_ros_msgs/msg/_node.py
[0.960s] -- Installing: /home/lunabotics/2025-tibalt-bot/install/micro_ros_msgs/local/lib/python3.10/dist-packages/micro_ros_msgs/msg/_node_s.c
[0.960s] -- Installing: /home/lunabotics/2025-tibalt-bot/install/micro_ros_msgs/local/lib/python3.10/dist-packages/micro_ros_msgs/msg/_graph.py
[0.961s] -- Installing: /home/lunabotics/2025-tibalt-bot/install/micro_ros_msgs/local/lib/python3.10/dist-packages/micro_ros_msgs/msg/_entity.py
[0.961s] -- Installing: /home/lunabotics/2025-tibalt-bot/install/micro_ros_msgs/local/lib/python3.10/dist-packages/micro_ros_msgs/msg/_graph_s.c
[0.961s] -- Installing: /home/lunabotics/2025-tibalt-bot/install/micro_ros_msgs/local/lib/python3.10/dist-packages/micro_ros_msgs/msg/__init__.py
[0.961s] -- Installing: /home/lunabotics/2025-tibalt-bot/install/micro_ros_msgs/local/lib/python3.10/dist-packages/micro_ros_msgs/_micro_ros_msgs_s.ep.rosidl_typesupport_c.c
[0.962s] -- Installing: /home/lunabotics/2025-tibalt-bot/install/micro_ros_msgs/local/lib/python3.10/dist-packages/micro_ros_msgs/micro_ros_msgs_s__rosidl_typesupport_introspection_c.cpython-310-aarch64-linux-gnu.so
[0.962s] -- Installing: /home/lunabotics/2025-tibalt-bot/install/micro_ros_msgs/local/lib/python3.10/dist-packages/micro_ros_msgs/micro_ros_msgs_s__rosidl_typesupport_fastrtps_c.cpython-310-aarch64-linux-gnu.so
[0.962s] -- Installing: /home/lunabotics/2025-tibalt-bot/install/micro_ros_msgs/local/lib/python3.10/dist-packages/micro_ros_msgs/__init__.py
[1.048s] Listing '/home/lunabotics/2025-tibalt-bot/install/micro_ros_msgs/local/lib/python3.10/dist-packages/micro_ros_msgs'...
[1.049s] Compiling '/home/lunabotics/2025-tibalt-bot/install/micro_ros_msgs/local/lib/python3.10/dist-packages/micro_ros_msgs/__init__.py'...
[1.049s] Listing '/home/lunabotics/2025-tibalt-bot/install/micro_ros_msgs/local/lib/python3.10/dist-packages/micro_ros_msgs/msg'...
[1.049s] Compiling '/home/lunabotics/2025-tibalt-bot/install/micro_ros_msgs/local/lib/python3.10/dist-packages/micro_ros_msgs/msg/__init__.py'...
[1.050s] Compiling '/home/lunabotics/2025-tibalt-bot/install/micro_ros_msgs/local/lib/python3.10/dist-packages/micro_ros_msgs/msg/_entity.py'...
[1.050s] Compiling '/home/lunabotics/2025-tibalt-bot/install/micro_ros_msgs/local/lib/python3.10/dist-packages/micro_ros_msgs/msg/_graph.py'...
[1.050s] Compiling '/home/lunabotics/2025-tibalt-bot/install/micro_ros_msgs/local/lib/python3.10/dist-packages/micro_ros_msgs/msg/_node.py'...
[1.066s] -- Installing: /home/lunabotics/2025-tibalt-bot/install/micro_ros_msgs/local/lib/python3.10/dist-packages/micro_ros_msgs/micro_ros_msgs_s__rosidl_typesupport_fastrtps_c.cpython-310-aarch64-linux-gnu.so
[1.067s] -- Set runtime path of "/home/lunabotics/2025-tibalt-bot/install/micro_ros_msgs/local/lib/python3.10/dist-packages/micro_ros_msgs/micro_ros_msgs_s__rosidl_typesupport_fastrtps_c.cpython-310-aarch64-linux-gnu.so" to ""
[1.067s] -- Installing: /home/lunabotics/2025-tibalt-bot/install/micro_ros_msgs/local/lib/python3.10/dist-packages/micro_ros_msgs/micro_ros_msgs_s__rosidl_typesupport_introspection_c.cpython-310-aarch64-linux-gnu.so
[1.068s] -- Set runtime path of "/home/lunabotics/2025-tibalt-bot/install/micro_ros_msgs/local/lib/python3.10/dist-packages/micro_ros_msgs/micro_ros_msgs_s__rosidl_typesupport_introspection_c.cpython-310-aarch64-linux-gnu.so" to ""
[1.068s] -- Installing: /home/lunabotics/2025-tibalt-bot/install/micro_ros_msgs/local/lib/python3.10/dist-packages/micro_ros_msgs/micro_ros_msgs_s__rosidl_typesupport_c.cpython-310-aarch64-linux-gnu.so
[1.069s] -- Set runtime path of "/home/lunabotics/2025-tibalt-bot/install/micro_ros_msgs/local/lib/python3.10/dist-packages/micro_ros_msgs/micro_ros_msgs_s__rosidl_typesupport_c.cpython-310-aarch64-linux-gnu.so" to ""
[1.069s] -- Installing: /home/lunabotics/2025-tibalt-bot/install/micro_ros_msgs/lib/libmicro_ros_msgs__rosidl_generator_py.so
[1.070s] -- Set runtime path of "/home/lunabotics/2025-tibalt-bot/install/micro_ros_msgs/lib/libmicro_ros_msgs__rosidl_generator_py.so" to ""
[1.070s] -- Installing: /home/lunabotics/2025-tibalt-bot/install/micro_ros_msgs/share/micro_ros_msgs/msg/Graph.idl
[1.070s] -- Installing: /home/lunabotics/2025-tibalt-bot/install/micro_ros_msgs/share/micro_ros_msgs/msg/Node.idl
[1.071s] -- Installing: /home/lunabotics/2025-tibalt-bot/install/micro_ros_msgs/share/micro_ros_msgs/msg/Entity.idl
[1.071s] -- Installing: /home/lunabotics/2025-tibalt-bot/install/micro_ros_msgs/share/micro_ros_msgs/msg/Graph.msg
[1.071s] -- Installing: /home/lunabotics/2025-tibalt-bot/install/micro_ros_msgs/share/micro_ros_msgs/msg/Node.msg
[1.071s] -- Installing: /home/lunabotics/2025-tibalt-bot/install/micro_ros_msgs/share/micro_ros_msgs/msg/Entity.msg
[1.072s] -- Installing: /home/lunabotics/2025-tibalt-bot/install/micro_ros_msgs/share/ament_index/resource_index/package_run_dependencies/micro_ros_msgs
[1.072s] -- Installing: /home/lunabotics/2025-tibalt-bot/install/micro_ros_msgs/share/ament_index/resource_index/parent_prefix_path/micro_ros_msgs
[1.073s] -- Installing: /home/lunabotics/2025-tibalt-bot/install/micro_ros_msgs/share/micro_ros_msgs/environment/ament_prefix_path.sh
[1.073s] -- Installing: /home/lunabotics/2025-tibalt-bot/install/micro_ros_msgs/share/micro_ros_msgs/environment/ament_prefix_path.dsv
[1.073s] -- Installing: /home/lunabotics/2025-tibalt-bot/install/micro_ros_msgs/share/micro_ros_msgs/environment/path.sh
[1.073s] -- Installing: /home/lunabotics/2025-tibalt-bot/install/micro_ros_msgs/share/micro_ros_msgs/environment/path.dsv
[1.074s] -- Installing: /home/lunabotics/2025-tibalt-bot/install/micro_ros_msgs/share/micro_ros_msgs/local_setup.bash
[1.074s] -- Installing: /home/lunabotics/2025-tibalt-bot/install/micro_ros_msgs/share/micro_ros_msgs/local_setup.sh
[1.074s] -- Installing: /home/lunabotics/2025-tibalt-bot/install/micro_ros_msgs/share/micro_ros_msgs/local_setup.zsh
[1.075s] -- Installing: /home/lunabotics/2025-tibalt-bot/install/micro_ros_msgs/share/micro_ros_msgs/local_setup.dsv
[1.075s] -- Installing: /home/lunabotics/2025-tibalt-bot/install/micro_ros_msgs/share/micro_ros_msgs/package.dsv
[1.075s] -- Installing: /home/lunabotics/2025-tibalt-bot/install/micro_ros_msgs/share/ament_index/resource_index/packages/micro_ros_msgs
[1.076s] -- Installing: /home/lunabotics/2025-tibalt-bot/install/micro_ros_msgs/share/micro_ros_msgs/cmake/export_micro_ros_msgs__rosidl_generator_cExport.cmake
[1.076s] -- Installing: /home/lunabotics/2025-tibalt-bot/install/micro_ros_msgs/share/micro_ros_msgs/cmake/export_micro_ros_msgs__rosidl_generator_cExport-noconfig.cmake
[1.076s] -- Installing: /home/lunabotics/2025-tibalt-bot/install/micro_ros_msgs/share/micro_ros_msgs/cmake/export_micro_ros_msgs__rosidl_typesupport_fastrtps_cExport.cmake
[1.077s] -- Installing: /home/lunabotics/2025-tibalt-bot/install/micro_ros_msgs/share/micro_ros_msgs/cmake/export_micro_ros_msgs__rosidl_typesupport_fastrtps_cExport-noconfig.cmake
[1.077s] -- Installing: /home/lunabotics/2025-tibalt-bot/install/micro_ros_msgs/share/micro_ros_msgs/cmake/micro_ros_msgs__rosidl_typesupport_introspection_cExport.cmake
[1.077s] -- Installing: /home/lunabotics/2025-tibalt-bot/install/micro_ros_msgs/share/micro_ros_msgs/cmake/micro_ros_msgs__rosidl_typesupport_introspection_cExport-noconfig.cmake
[1.078s] -- Installing: /home/lunabotics/2025-tibalt-bot/install/micro_ros_msgs/share/micro_ros_msgs/cmake/micro_ros_msgs__rosidl_typesupport_cExport.cmake
[1.078s] -- Installing: /home/lunabotics/2025-tibalt-bot/install/micro_ros_msgs/share/micro_ros_msgs/cmake/micro_ros_msgs__rosidl_typesupport_cExport-noconfig.cmake
[1.078s] -- Installing: /home/lunabotics/2025-tibalt-bot/install/micro_ros_msgs/share/micro_ros_msgs/cmake/export_micro_ros_msgs__rosidl_generator_cppExport.cmake
[1.079s] -- Installing: /home/lunabotics/2025-tibalt-bot/install/micro_ros_msgs/share/micro_ros_msgs/cmake/export_micro_ros_msgs__rosidl_typesupport_fastrtps_cppExport.cmake
[1.079s] -- Installing: /home/lunabotics/2025-tibalt-bot/install/micro_ros_msgs/share/micro_ros_msgs/cmake/export_micro_ros_msgs__rosidl_typesupport_fastrtps_cppExport-noconfig.cmake
[1.079s] -- Installing: /home/lunabotics/2025-tibalt-bot/install/micro_ros_msgs/share/micro_ros_msgs/cmake/micro_ros_msgs__rosidl_typesupport_introspection_cppExport.cmake
[1.080s] -- Installing: /home/lunabotics/2025-tibalt-bot/install/micro_ros_msgs/share/micro_ros_msgs/cmake/micro_ros_msgs__rosidl_typesupport_introspection_cppExport-noconfig.cmake
[1.080s] -- Installing: /home/lunabotics/2025-tibalt-bot/install/micro_ros_msgs/share/micro_ros_msgs/cmake/micro_ros_msgs__rosidl_typesupport_cppExport.cmake
[1.080s] -- Installing: /home/lunabotics/2025-tibalt-bot/install/micro_ros_msgs/share/micro_ros_msgs/cmake/micro_ros_msgs__rosidl_typesupport_cppExport-noconfig.cmake
[1.081s] -- Installing: /home/lunabotics/2025-tibalt-bot/install/micro_ros_msgs/share/micro_ros_msgs/cmake/export_micro_ros_msgs__rosidl_generator_pyExport.cmake
[1.081s] -- Installing: /home/lunabotics/2025-tibalt-bot/install/micro_ros_msgs/share/micro_ros_msgs/cmake/export_micro_ros_msgs__rosidl_generator_pyExport-noconfig.cmake
[1.081s] -- Installing: /home/lunabotics/2025-tibalt-bot/install/micro_ros_msgs/share/micro_ros_msgs/cmake/rosidl_cmake-extras.cmake
[1.082s] -- Installing: /home/lunabotics/2025-tibalt-bot/install/micro_ros_msgs/share/micro_ros_msgs/cmake/ament_cmake_export_include_directories-extras.cmake
[1.082s] -- Installing: /home/lunabotics/2025-tibalt-bot/install/micro_ros_msgs/share/micro_ros_msgs/cmake/ament_cmake_export_libraries-extras.cmake
[1.082s] -- Installing: /home/lunabotics/2025-tibalt-bot/install/micro_ros_msgs/share/micro_ros_msgs/cmake/ament_cmake_export_targets-extras.cmake
[1.083s] -- Installing: /home/lunabotics/2025-tibalt-bot/install/micro_ros_msgs/share/micro_ros_msgs/cmake/rosidl_cmake_export_typesupport_targets-extras.cmake
[1.083s] -- Installing: /home/lunabotics/2025-tibalt-bot/install/micro_ros_msgs/share/micro_ros_msgs/cmake/ament_cmake_export_dependencies-extras.cmake
[1.083s] -- Installing: /home/lunabotics/2025-tibalt-bot/install/micro_ros_msgs/share/micro_ros_msgs/cmake/rosidl_cmake_export_typesupport_libraries-extras.cmake
[1.084s] -- Installing: /home/lunabotics/2025-tibalt-bot/install/micro_ros_msgs/share/micro_ros_msgs/cmake/micro_ros_msgsConfig.cmake
[1.084s] -- Installing: /home/lunabotics/2025-tibalt-bot/install/micro_ros_msgs/share/micro_ros_msgs/cmake/micro_ros_msgsConfig-version.cmake
[1.084s] -- Installing: /home/lunabotics/2025-tibalt-bot/install/micro_ros_msgs/share/micro_ros_msgs/package.xml
[1.094s] Invoked command in '/home/lunabotics/2025-tibalt-bot/build/micro_ros_msgs' returned '0': CMAKE_PREFIX_PATH=${CMAKE_PREFIX_PATH}:/home/lunabotics/2025-tibalt-bot/install/rover_control /usr/bin/cmake --install /home/lunabotics/2025-tibalt-bot/build/micro_ros_msgs
