gmake: Warning: File 'Makefile' has modification time 1747325706 s in the future
gmake[2]: Warning: File 'CMakeFiles/micro_ros_msgs__rosidl_generator_c.dir/flags.make' has modification time 1747325700 s in the future
gmake[2]: Warning: File 'CMakeFiles/micro_ros_msgs__cpp.dir/compiler_depend.make' has modification time 1747325700 s in the future
gmake[2]: Warning: File 'CMakeFiles/ament_cmake_python_copy_micro_ros_msgs.dir/compiler_depend.make' has modification time 1747325700 s in the future
gmake[2]: warning:  Clock skew detected.  Your build may be incomplete.
gmake[2]: warning:  Clock skew detected.  Your build may be incomplete.
gmake[2]: Warning: File 'CMakeFiles/ament_cmake_python_copy_micro_ros_msgs.dir/compiler_depend.make' has modification time 1747325700 s in the future
gmake[2]: warning:  Clock skew detected.  Your build may be incomplete.
gmake[2]: Warning: File 'CMakeFiles/micro_ros_msgs__cpp.dir/compiler_depend.make' has modification time 1747325700 s in the future
gmake[2]: warning:  Clock skew detected.  Your build may be incomplete.
gmake[2]: Warning: File 'CMakeFiles/micro_ros_msgs__rosidl_generator_c.dir/flags.make' has modification time 1747325700 s in the future
gmake[2]: warning:  Clock skew detected.  Your build may be incomplete.
gmake[2]: warning:  Clock skew detected.  Your build may be incomplete.
gmake[2]: Warning: File 'CMakeFiles/micro_ros_msgs__rosidl_typesupport_introspection_cpp.dir/flags.make' has modification time 1747325700 s in the future
gmake[2]: Warning: File 'CMakeFiles/micro_ros_msgs__rosidl_typesupport_cpp.dir/flags.make' has modification time 1747325700 s in the future
gmake[2]: Warning: File 'CMakeFiles/micro_ros_msgs__rosidl_typesupport_introspection_c.dir/flags.make' has modification time 1747325700 s in the future
gmake[2]: Warning: File 'CMakeFiles/micro_ros_msgs__rosidl_typesupport_fastrtps_cpp.dir/flags.make' has modification time 1747325700 s in the future
gmake[2]: Warning: File 'CMakeFiles/micro_ros_msgs__rosidl_typesupport_fastrtps_c.dir/flags.make' has modification time 1747325700 s in the future
gmake[2]: warning:  Clock skew detected.  Your build may be incomplete.
gmake[2]: Warning: File 'CMakeFiles/micro_ros_msgs__rosidl_typesupport_c.dir/flags.make' has modification time 1747325700 s in the future
gmake[2]: Warning: File 'CMakeFiles/micro_ros_msgs__rosidl_typesupport_introspection_c.dir/flags.make' has modification time 1747325700 s in the future
gmake[2]: warning:  Clock skew detected.  Your build may be incomplete.
gmake[2]: warning:  Clock skew detected.  Your build may be incomplete.
gmake[2]: warning:  Clock skew detected.  Your build may be incomplete.
gmake[2]: warning:  Clock skew detected.  Your build may be incomplete.
gmake[2]: Warning: File 'CMakeFiles/micro_ros_msgs__rosidl_typesupport_fastrtps_c.dir/flags.make' has modification time 1747325700 s in the future
gmake[2]: Warning: File 'CMakeFiles/micro_ros_msgs__rosidl_typesupport_fastrtps_cpp.dir/flags.make' has modification time 1747325700 s in the future
gmake[2]: Warning: File 'CMakeFiles/micro_ros_msgs__rosidl_typesupport_introspection_cpp.dir/flags.make' has modification time 1747325700 s in the future
gmake[2]: warning:  Clock skew detected.  Your build may be incomplete.
gmake[2]: warning:  Clock skew detected.  Your build may be incomplete.
gmake[2]: warning:  Clock skew detected.  Your build may be incomplete.
gmake[2]: warning:  Clock skew detected.  Your build may be incomplete.
gmake[2]: warning:  Clock skew detected.  Your build may be incomplete.
gmake[2]: Warning: File 'CMakeFiles/ament_cmake_python_build_micro_ros_msgs_egg.dir/compiler_depend.make' has modification time 1747325700 s in the future
gmake[2]: Warning: File 'CMakeFiles/micro_ros_msgs__rosidl_typesupport_cpp.dir/flags.make' has modification time 1747325700 s in the future
gmake[2]: Warning: File 'CMakeFiles/micro_ros_msgs__rosidl_typesupport_c.dir/flags.make' has modification time 1747325700 s in the future
gmake[2]: warning:  Clock skew detected.  Your build may be incomplete.
gmake[2]: warning:  Clock skew detected.  Your build may be incomplete.
gmake[2]: warning:  Clock skew detected.  Your build may be incomplete.
gmake[2]: Warning: File 'CMakeFiles/ament_cmake_python_build_micro_ros_msgs_egg.dir/compiler_depend.make' has modification time 1747325700 s in the future
gmake[2]: Warning: File 'CMakeFiles/micro_ros_msgs.dir/compiler_depend.make' has modification time 1747325700 s in the future
gmake[2]: warning:  Clock skew detected.  Your build may be incomplete.
gmake[2]: Warning: File 'CMakeFiles/micro_ros_msgs.dir/compiler_depend.make' has modification time 1747325700 s in the future
gmake[2]: warning:  Clock skew detected.  Your build may be incomplete.
gmake[2]: Warning: File 'micro_ros_msgs__py/CMakeFiles/micro_ros_msgs__py.dir/compiler_depend.make' has modification time 1747325700 s in the future
gmake[2]: warning:  Clock skew detected.  Your build may be incomplete.
gmake[2]: Warning: File 'micro_ros_msgs__py/CMakeFiles/micro_ros_msgs__py.dir/compiler_depend.make' has modification time 1747325700 s in the future
gmake[2]: warning:  Clock skew detected.  Your build may be incomplete.
gmake[2]: Warning: File 'CMakeFiles/micro_ros_msgs__rosidl_generator_py.dir/flags.make' has modification time 1747325700 s in the future
gmake[2]: warning:  Clock skew detected.  Your build may be incomplete.
gmake[2]: Warning: File 'CMakeFiles/micro_ros_msgs__rosidl_generator_py.dir/flags.make' has modification time 1747325700 s in the future
gmake[2]: warning:  Clock skew detected.  Your build may be incomplete.
gmake[2]: Warning: File 'CMakeFiles/micro_ros_msgs__rosidl_typesupport_introspection_c__pyext.dir/flags.make' has modification time 1747325700 s in the future
gmake[2]: Warning: File 'CMakeFiles/micro_ros_msgs__rosidl_typesupport_fastrtps_c__pyext.dir/flags.make' has modification time 1747325700 s in the future
gmake[2]: Warning: File 'CMakeFiles/micro_ros_msgs__rosidl_typesupport_c__pyext.dir/flags.make' has modification time 1747325700 s in the future
gmake[2]: warning:  Clock skew detected.  Your build may be incomplete.
gmake[2]: warning:  Clock skew detected.  Your build may be incomplete.
gmake[2]: Warning: File 'CMakeFiles/micro_ros_msgs__rosidl_typesupport_introspection_c__pyext.dir/flags.make' has modification time 1747325700 s in the future
gmake[2]: Warning: File 'CMakeFiles/micro_ros_msgs__rosidl_typesupport_c__pyext.dir/flags.make' has modification time 1747325700 s in the future
gmake[2]: warning:  Clock skew detected.  Your build may be incomplete.
gmake[2]: warning:  Clock skew detected.  Your build may be incomplete.
gmake[2]: warning:  Clock skew detected.  Your build may be incomplete.
gmake[2]: Warning: File 'CMakeFiles/micro_ros_msgs__rosidl_typesupport_fastrtps_c__pyext.dir/flags.make' has modification time 1747325700 s in the future
gmake[2]: warning:  Clock skew detected.  Your build may be incomplete.
gmake[2]: warning:  Clock skew detected.  Your build may be incomplete.
gmake: warning:  Clock skew detected.  Your build may be incomplete.
