running egg_info
writing ../../build/rover_control/rover_control.egg-info/PKG-INFO
writing dependency_links to ../../build/rover_control/rover_control.egg-info/dependency_links.txt
writing entry points to ../../build/rover_control/rover_control.egg-info/entry_points.txt
writing requirements to ../../build/rover_control/rover_control.egg-info/requires.txt
writing top-level names to ../../build/rover_control/rover_control.egg-info/top_level.txt
reading manifest file '../../build/rover_control/rover_control.egg-info/SOURCES.txt'
writing manifest file '../../build/rover_control/rover_control.egg-info/SOURCES.txt'
running build
running build_py
running install
running install_lib
creating /home/lunabotics/2025-tibalt-bot/install/rover_control/lib/python3.10/site-packages/mainControlCode
copying /home/lunabotics/2025-tibalt-bot/build/rover_control/build/lib/mainControlCode/gui.py -> /home/lunabotics/2025-tibalt-bot/install/rover_control/lib/python3.10/site-packages/mainControlCode
copying /home/lunabotics/2025-tibalt-bot/build/rover_control/build/lib/mainControlCode/joystick_pipeline.py -> /home/lunabotics/2025-tibalt-bot/install/rover_control/lib/python3.10/site-packages/mainControlCode
copying /home/lunabotics/2025-tibalt-bot/build/rover_control/build/lib/mainControlCode/tibalt_control.py -> /home/lunabotics/2025-tibalt-bot/install/rover_control/lib/python3.10/site-packages/mainControlCode
copying /home/lunabotics/2025-tibalt-bot/build/rover_control/build/lib/mainControlCode/__init__.py -> /home/lunabotics/2025-tibalt-bot/install/rover_control/lib/python3.10/site-packages/mainControlCode
byte-compiling /home/lunabotics/2025-tibalt-bot/install/rover_control/lib/python3.10/site-packages/mainControlCode/gui.py to gui.cpython-310.pyc
byte-compiling /home/lunabotics/2025-tibalt-bot/install/rover_control/lib/python3.10/site-packages/mainControlCode/joystick_pipeline.py to joystick_pipeline.cpython-310.pyc
byte-compiling /home/lunabotics/2025-tibalt-bot/install/rover_control/lib/python3.10/site-packages/mainControlCode/tibalt_control.py to tibalt_control.cpython-310.pyc
byte-compiling /home/lunabotics/2025-tibalt-bot/install/rover_control/lib/python3.10/site-packages/mainControlCode/__init__.py to __init__.cpython-310.pyc
running install_data
copying package.xml -> /home/lunabotics/2025-tibalt-bot/install/rover_control/share/rover_control
creating /home/lunabotics/2025-tibalt-bot/install/rover_control/share/rover_control/launch
copying launch/topics_launch.py -> /home/lunabotics/2025-tibalt-bot/install/rover_control/share/rover_control/launch
copying launch/joystick_launch.py -> /home/lunabotics/2025-tibalt-bot/install/rover_control/share/rover_control/launch
creating /home/lunabotics/2025-tibalt-bot/install/rover_control/share/rover_control/config
creating /home/lunabotics/2025-tibalt-bot/install/rover_control/share/rover_control/urdf
running install_egg_info
Copying ../../build/rover_control/rover_control.egg-info to /home/lunabotics/2025-tibalt-bot/install/rover_control/lib/python3.10/site-packages/rover_control-0.0.0-py3.10.egg-info
running install_scripts
Installing joystick_pipeline script to /home/lunabotics/2025-tibalt-bot/install/rover_control/lib/rover_control
Installing tibalt_control script to /home/lunabotics/2025-tibalt-bot/install/rover_control/lib/rover_control
writing list of installed files to '/home/lunabotics/2025-tibalt-bot/build/rover_control/install.log'
