[1.442s] Invoking command in '/home/lunabotics/2025-tibalt-bot/src/rover_control': PYTHONPATH=/home/lunabotics/2025-tibalt-bot/build/rover_control/prefix_override:/usr/lib/python3/dist-packages/colcon_core/task/python/colcon_distutils_commands:/home/lunabotics/2025-tibalt-bot/install/rover_control/lib/python3.10/site-packages:${PYTHONPATH} /usr/bin/python3 -W ignore:setup.py install is deprecated -W ignore:easy_install command is deprecated setup.py egg_info --egg-base ../../build/rover_control build --build-base /home/lunabotics/2025-tibalt-bot/build/rover_control/build install --record /home/lunabotics/2025-tibalt-bot/build/rover_control/install.log --single-version-externally-managed install_data
[1.908s] running egg_info
[1.909s] writing ../../build/rover_control/rover_control.egg-info/PKG-INFO
[1.911s] writing dependency_links to ../../build/rover_control/rover_control.egg-info/dependency_links.txt
[1.911s] writing entry points to ../../build/rover_control/rover_control.egg-info/entry_points.txt
[1.912s] writing requirements to ../../build/rover_control/rover_control.egg-info/requires.txt
[1.912s] writing top-level names to ../../build/rover_control/rover_control.egg-info/top_level.txt
[1.916s] reading manifest file '../../build/rover_control/rover_control.egg-info/SOURCES.txt'
[1.918s] writing manifest file '../../build/rover_control/rover_control.egg-info/SOURCES.txt'
[1.918s] running build
[1.918s] running build_py
[1.919s] running install
[1.920s] running install_lib
[1.922s] creating /home/lunabotics/2025-tibalt-bot/install/rover_control/lib/python3.10/site-packages/mainControlCode
[1.922s] copying /home/lunabotics/2025-tibalt-bot/build/rover_control/build/lib/mainControlCode/gui.py -> /home/lunabotics/2025-tibalt-bot/install/rover_control/lib/python3.10/site-packages/mainControlCode
[1.922s] copying /home/lunabotics/2025-tibalt-bot/build/rover_control/build/lib/mainControlCode/joystick_pipeline.py -> /home/lunabotics/2025-tibalt-bot/install/rover_control/lib/python3.10/site-packages/mainControlCode
[1.923s] copying /home/lunabotics/2025-tibalt-bot/build/rover_control/build/lib/mainControlCode/tibalt_control.py -> /home/lunabotics/2025-tibalt-bot/install/rover_control/lib/python3.10/site-packages/mainControlCode
[1.923s] copying /home/lunabotics/2025-tibalt-bot/build/rover_control/build/lib/mainControlCode/__init__.py -> /home/lunabotics/2025-tibalt-bot/install/rover_control/lib/python3.10/site-packages/mainControlCode
[1.925s] byte-compiling /home/lunabotics/2025-tibalt-bot/install/rover_control/lib/python3.10/site-packages/mainControlCode/gui.py to gui.cpython-310.pyc
[1.932s] byte-compiling /home/lunabotics/2025-tibalt-bot/install/rover_control/lib/python3.10/site-packages/mainControlCode/joystick_pipeline.py to joystick_pipeline.cpython-310.pyc
[1.933s] byte-compiling /home/lunabotics/2025-tibalt-bot/install/rover_control/lib/python3.10/site-packages/mainControlCode/tibalt_control.py to tibalt_control.cpython-310.pyc
[1.935s] byte-compiling /home/lunabotics/2025-tibalt-bot/install/rover_control/lib/python3.10/site-packages/mainControlCode/__init__.py to __init__.cpython-310.pyc
[1.936s] running install_data
[1.936s] copying package.xml -> /home/lunabotics/2025-tibalt-bot/install/rover_control/share/rover_control
[1.936s] creating /home/lunabotics/2025-tibalt-bot/install/rover_control/share/rover_control/launch
[1.936s] copying launch/topics_launch.py -> /home/lunabotics/2025-tibalt-bot/install/rover_control/share/rover_control/launch
[1.937s] copying launch/joystick_launch.py -> /home/lunabotics/2025-tibalt-bot/install/rover_control/share/rover_control/launch
[1.937s] creating /home/lunabotics/2025-tibalt-bot/install/rover_control/share/rover_control/config
[1.937s] creating /home/lunabotics/2025-tibalt-bot/install/rover_control/share/rover_control/urdf
[1.937s] running install_egg_info
[1.942s] Copying ../../build/rover_control/rover_control.egg-info to /home/lunabotics/2025-tibalt-bot/install/rover_control/lib/python3.10/site-packages/rover_control-0.0.0-py3.10.egg-info
[1.945s] running install_scripts
[1.995s] Installing joystick_pipeline script to /home/lunabotics/2025-tibalt-bot/install/rover_control/lib/rover_control
[1.995s] Installing tibalt_control script to /home/lunabotics/2025-tibalt-bot/install/rover_control/lib/rover_control
[1.996s] writing list of installed files to '/home/lunabotics/2025-tibalt-bot/build/rover_control/install.log'
[2.106s] Invoked command in '/home/lunabotics/2025-tibalt-bot/src/rover_control' returned '0': PYTHONPATH=/home/lunabotics/2025-tibalt-bot/build/rover_control/prefix_override:/usr/lib/python3/dist-packages/colcon_core/task/python/colcon_distutils_commands:/home/lunabotics/2025-tibalt-bot/install/rover_control/lib/python3.10/site-packages:${PYTHONPATH} /usr/bin/python3 -W ignore:setup.py install is deprecated -W ignore:easy_install command is deprecated setup.py egg_info --egg-base ../../build/rover_control build --build-base /home/lunabotics/2025-tibalt-bot/build/rover_control/build install --record /home/lunabotics/2025-tibalt-bot/build/rover_control/install.log --single-version-externally-managed install_data
